<?xml version="1.0" encoding="UTF-8"?>
<testsuite xmlns:xsi="http://www.w3.org/2001/XMLSchema-instance" xsi:noNamespaceSchemaLocation="https://maven.apache.org/surefire/maven-failsafe-plugin/xsd/failsafe-test-report-3.0.xsd" version="3.0" name="CucumberTestSuite" time="28.619" tests="40" errors="0" skipped="0" failures="0">
  <properties>
    <property name="sun.desktop" value="windows"/>
    <property name="awt.toolkit" value="sun.awt.windows.WToolkit"/>
    <property name="file.encoding.pkg" value="sun.io"/>
    <property name="java.specification.version" value="1.8"/>
    <property name="sun.cpu.isalist" value="amd64"/>
    <property name="sun.jnu.encoding" value="Cp1252"/>
    <property name="java.class.path" value="D:\PERKULIAHAN\SEMESTER 6\KAMPUS MERDEKA\PROYEK_ALTERRA\TestingAPIALTA\target\test-classes;D:\PERKULIAHAN\SEMESTER 6\KAMPUS MERDEKA\PROYEK_ALTERRA\TestingAPIALTA\target\TestingAPIALTA-1.0-SNAPSHOT.jar;C:\Users\ACER\.m2\repository\net\serenity-bdd\serenity-core\3.2.1\serenity-core-3.2.1.jar;C:\Users\ACER\.m2\repository\net\serenity-bdd\serenity-model\3.2.1\serenity-model-3.2.1.jar;C:\Users\ACER\.m2\repository\org\apache\commons\commons-text\1.9\commons-text-1.9.jar;C:\Users\ACER\.m2\repository\commons-net\commons-net\3.8.0\commons-net-3.8.0.jar;C:\Users\ACER\.m2\repository\com\google\guava\guava\31.1-jre\guava-31.1-jre.jar;C:\Users\ACER\.m2\repository\com\google\guava\failureaccess\1.0.1\failureaccess-1.0.1.jar;C:\Users\ACER\.m2\repository\com\google\guava\listenablefuture\9999.0-empty-to-avoid-conflict-with-guava\listenablefuture-9999.0-empty-to-avoid-conflict-with-guava.jar;C:\Users\ACER\.m2\repository\com\google\code\findbugs\jsr305\3.0.2\jsr305-3.0.2.jar;C:\Users\ACER\.m2\repository\org\checkerframework\checker-qual\3.12.0\checker-qual-3.12.0.jar;C:\Users\ACER\.m2\repository\com\google\errorprone\error_prone_annotations\2.11.0\error_prone_annotations-2.11.0.jar;C:\Users\ACER\.m2\repository\com\google\j2objc\j2objc-annotations\1.3\j2objc-annotations-1.3.jar;C:\Users\ACER\.m2\repository\com\google\inject\guice\5.1.0\guice-5.1.0.jar;C:\Users\ACER\.m2\repository\javax\inject\javax.inject\1\javax.inject-1.jar;C:\Users\ACER\.m2\repository\aopalliance\aopalliance\1.0\aopalliance-1.0.jar;C:\Users\ACER\.m2\repository\org\jsoup\jsoup\1.14.3\jsoup-1.14.3.jar;C:\Users\ACER\.m2\repository\com\thoughtworks\xstream\xstream\1.4.19\xstream-1.4.19.jar;C:\Users\ACER\.m2\repository\io\github\x-stream\mxparser\1.2.2\mxparser-1.2.2.jar;C:\Users\ACER\.m2\repository\xmlpull\xmlpull\1.1.3.1\xmlpull-1.1.3.1.jar;C:\Users\ACER\.m2\repository\io\cucumber\cucumber-java\7.2.3\cucumber-java-7.2.3.jar;C:\Users\ACER\.m2\repository\com\typesafe\config\1.4.2\config-1.4.2.jar;C:\Users\ACER\.m2\repository\org\imgscalr\imgscalr-lib\4.2\imgscalr-lib-4.2.jar;C:\Users\ACER\.m2\repository\org\awaitility\awaitility\4.2.0\awaitility-4.2.0.jar;C:\Users\ACER\.m2\repository\org\freemarker\freemarker\2.3.31\freemarker-2.3.31.jar;C:\Users\ACER\.m2\repository\io\github\classgraph\classgraph\4.8.138\classgraph-4.8.138.jar;C:\Users\ACER\.m2\repository\net\sourceforge\jexcelapi\jxl\2.6.12\jxl-2.6.12.jar;C:\Users\ACER\.m2\repository\net\bytebuddy\byte-buddy\1.12.8\byte-buddy-1.12.8.jar;C:\Users\ACER\.m2\repository\net\bytebuddy\byte-buddy-agent\1.12.8\byte-buddy-agent-1.12.8.jar;C:\Users\ACER\.m2\repository\org\objenesis\objenesis\3.1\objenesis-3.1.jar;C:\Users\ACER\.m2\repository\net\serenity-bdd\serenity-report-resources\3.2.1\serenity-report-resources-3.2.1.jar;C:\Users\ACER\.m2\repository\com\google\code\gson\gson\2.9.0\gson-2.9.0.jar;C:\Users\ACER\.m2\repository\com\fasterxml\jackson\core\jackson-core\2.13.2\jackson-core-2.13.2.jar;C:\Users\ACER\.m2\repository\com\fasterxml\jackson\core\jackson-databind\2.13.2\jackson-databind-2.13.2.jar;C:\Users\ACER\.m2\repository\com\fasterxml\jackson\core\jackson-annotations\2.13.2\jackson-annotations-2.13.2.jar;C:\Users\ACER\.m2\repository\commons-codec\commons-codec\1.15\commons-codec-1.15.jar;C:\Users\ACER\.m2\repository\commons-io\commons-io\2.11.0\commons-io-2.11.0.jar;C:\Users\ACER\.m2\repository\org\seleniumhq\selenium\selenium-java\4.1.2\selenium-java-4.1.2.jar;C:\Users\ACER\.m2\repository\org\seleniumhq\selenium\selenium-devtools-v85\4.1.2\selenium-devtools-v85-4.1.2.jar;C:\Users\ACER\.m2\repository\org\seleniumhq\selenium\selenium-devtools-v95\4.1.2\selenium-devtools-v95-4.1.2.jar;C:\Users\ACER\.m2\repository\org\seleniumhq\selenium\selenium-devtools-v96\4.1.2\selenium-devtools-v96-4.1.2.jar;C:\Users\ACER\.m2\repository\org\seleniumhq\selenium\selenium-devtools-v97\4.1.2\selenium-devtools-v97-4.1.2.jar;C:\Users\ACER\.m2\repository\org\seleniumhq\selenium\selenium-firefox-xpi-driver\4.1.2\selenium-firefox-xpi-driver-4.1.2.jar;C:\Users\ACER\.m2\repository\org\seleniumhq\selenium\selenium-opera-driver\4.1.2\selenium-opera-driver-4.1.2.jar;C:\Users\ACER\.m2\repository\org\seleniumhq\selenium\selenium-remote-driver\4.1.2\selenium-remote-driver-4.1.2.jar;C:\Users\ACER\.m2\repository\com\beust\jcommander\1.82\jcommander-1.82.jar;C:\Users\ACER\.m2\repository\io\netty\netty-buffer\4.1.73.Final\netty-buffer-4.1.73.Final.jar;C:\Users\ACER\.m2\repository\io\netty\netty-codec-http\4.1.73.Final\netty-codec-http-4.1.73.Final.jar;C:\Users\ACER\.m2\repository\io\netty\netty-codec\4.1.73.Final\netty-codec-4.1.73.Final.jar;C:\Users\ACER\.m2\repository\io\netty\netty-handler\4.1.73.Final\netty-handler-4.1.73.Final.jar;C:\Users\ACER\.m2\repository\io\netty\netty-tcnative-classes\2.0.46.Final\netty-tcnative-classes-2.0.46.Final.jar;C:\Users\ACER\.m2\repository\io\netty\netty-common\4.1.73.Final\netty-common-4.1.73.Final.jar;C:\Users\ACER\.m2\repository\io\netty\netty-transport-classes-epoll\4.1.73.Final\netty-transport-classes-epoll-4.1.73.Final.jar;C:\Users\ACER\.m2\repository\io\netty\netty-transport-classes-kqueue\4.1.73.Final\netty-transport-classes-kqueue-4.1.73.Final.jar;C:\Users\ACER\.m2\repository\io\netty\netty-transport-native-epoll\4.1.73.Final\netty-transport-native-epoll-4.1.73.Final.jar;C:\Users\ACER\.m2\repository\io\netty\netty-transport-native-kqueue\4.1.73.Final\netty-transport-native-kqueue-4.1.73.Final.jar;C:\Users\ACER\.m2\repository\io\netty\netty-transport-native-unix-common\4.1.73.Final\netty-transport-native-unix-common-4.1.73.Final.jar;C:\Users\ACER\.m2\repository\io\netty\netty-transport\4.1.73.Final\netty-transport-4.1.73.Final.jar;C:\Users\ACER\.m2\repository\io\netty\netty-resolver\4.1.73.Final\netty-resolver-4.1.73.Final.jar;C:\Users\ACER\.m2\repository\io\opentelemetry\opentelemetry-api\1.10.1\opentelemetry-api-1.10.1.jar;C:\Users\ACER\.m2\repository\io\opentelemetry\opentelemetry-context\1.10.1\opentelemetry-context-1.10.1.jar;C:\Users\ACER\.m2\repository\io\opentelemetry\opentelemetry-exporter-logging\1.10.1\opentelemetry-exporter-logging-1.10.1.jar;C:\Users\ACER\.m2\repository\io\opentelemetry\opentelemetry-sdk-metrics\1.10.1-alpha\opentelemetry-sdk-metrics-1.10.1-alpha.jar;C:\Users\ACER\.m2\repository\io\opentelemetry\opentelemetry-sdk-logs\1.10.1-alpha\opentelemetry-sdk-logs-1.10.1-alpha.jar;C:\Users\ACER\.m2\repository\io\opentelemetry\opentelemetry-sdk-common\1.10.1\opentelemetry-sdk-common-1.10.1.jar;C:\Users\ACER\.m2\repository\io\opentelemetry\opentelemetry-sdk-extension-autoconfigure-spi\1.10.1\opentelemetry-sdk-extension-autoconfigure-spi-1.10.1.jar;C:\Users\ACER\.m2\repository\io\opentelemetry\opentelemetry-sdk-extension-autoconfigure\1.10.1-alpha\opentelemetry-sdk-extension-autoconfigure-1.10.1-alpha.jar;C:\Users\ACER\.m2\repository\io\opentelemetry\opentelemetry-sdk-trace\1.10.1\opentelemetry-sdk-trace-1.10.1.jar;C:\Users\ACER\.m2\repository\io\opentelemetry\opentelemetry-sdk\1.10.1\opentelemetry-sdk-1.10.1.jar;C:\Users\ACER\.m2\repository\io\opentelemetry\opentelemetry-semconv\1.10.1-alpha\opentelemetry-semconv-1.10.1-alpha.jar;C:\Users\ACER\.m2\repository\io\ous\jtoml\2.0.0\jtoml-2.0.0.jar;C:\Users\ACER\.m2\repository\org\apache\commons\commons-exec\1.3\commons-exec-1.3.jar;C:\Users\ACER\.m2\repository\org\asynchttpclient\async-http-client\2.12.3\async-http-client-2.12.3.jar;C:\Users\ACER\.m2\repository\org\asynchttpclient\async-http-client-netty-utils\2.12.3\async-http-client-netty-utils-2.12.3.jar;C:\Users\ACER\.m2\repository\io\netty\netty-codec-socks\4.1.60.Final\netty-codec-socks-4.1.60.Final.jar;C:\Users\ACER\.m2\repository\io\netty\netty-handler-proxy\4.1.60.Final\netty-handler-proxy-4.1.60.Final.jar;C:\Users\ACER\.m2\repository\io\netty\netty-transport-native-epoll\4.1.60.Final\netty-transport-native-epoll-4.1.60.Final-linux-x86_64.jar;C:\Users\ACER\.m2\repository\io\netty\netty-transport-native-kqueue\4.1.60.Final\netty-transport-native-kqueue-4.1.60.Final-osx-x86_64.jar;C:\Users\ACER\.m2\repository\org\reactivestreams\reactive-streams\1.0.3\reactive-streams-1.0.3.jar;C:\Users\ACER\.m2\repository\com\typesafe\netty\netty-reactive-streams\2.0.4\netty-reactive-streams-2.0.4.jar;C:\Users\ACER\.m2\repository\org\seleniumhq\selenium\selenium-http\4.1.2\selenium-http-4.1.2.jar;C:\Users\ACER\.m2\repository\net\jodah\failsafe\2.4.4\failsafe-2.4.4.jar;C:\Users\ACER\.m2\repository\org\seleniumhq\selenium\selenium-safari-driver\4.1.2\selenium-safari-driver-4.1.2.jar;C:\Users\ACER\.m2\repository\org\seleniumhq\selenium\selenium-api\4.1.2\selenium-api-4.1.2.jar;C:\Users\ACER\.m2\repository\org\seleniumhq\selenium\selenium-support\4.1.2\selenium-support-4.1.2.jar;C:\Users\ACER\.m2\repository\com\google\auto\service\auto-service-annotations\1.0.1\auto-service-annotations-1.0.1.jar;C:\Users\ACER\.m2\repository\com\google\auto\service\auto-service\1.0.1\auto-service-1.0.1.jar;C:\Users\ACER\.m2\repository\com\google\auto\auto-common\1.2\auto-common-1.2.jar;C:\Users\ACER\.m2\repository\org\seleniumhq\selenium\selenium-json\4.1.2\selenium-json-4.1.2.jar;C:\Users\ACER\.m2\repository\org\seleniumhq\selenium\selenium-chrome-driver\4.1.2\selenium-chrome-driver-4.1.2.jar;C:\Users\ACER\.m2\repository\org\seleniumhq\selenium\selenium-chromium-driver\4.1.2\selenium-chromium-driver-4.1.2.jar;C:\Users\ACER\.m2\repository\org\seleniumhq\selenium\selenium-firefox-driver\4.1.2\selenium-firefox-driver-4.1.2.jar;C:\Users\ACER\.m2\repository\org\seleniumhq\selenium\selenium-edge-driver\4.1.2\selenium-edge-driver-4.1.2.jar;C:\Users\ACER\.m2\repository\org\seleniumhq\selenium\selenium-ie-driver\4.1.2\selenium-ie-driver-4.1.2.jar;C:\Users\ACER\.m2\repository\org\projectlombok\lombok\1.18.20\lombok-1.18.20.jar;C:\Users\ACER\.m2\repository\io\appium\java-client\8.0.0\java-client-8.0.0.jar;C:\Users\ACER\.m2\repository\commons-validator\commons-validator\1.7\commons-validator-1.7.jar;C:\Users\ACER\.m2\repository\commons-digester\commons-digester\2.1\commons-digester-2.1.jar;C:\Users\ACER\.m2\repository\org\aspectj\aspectjweaver\1.9.8\aspectjweaver-1.9.8.jar;C:\Users\ACER\.m2\repository\org\codehaus\groovy\groovy\3.0.10\groovy-3.0.10.jar;C:\Users\ACER\.m2\repository\net\sf\opencsv\opencsv\2.0\opencsv-2.0.jar;C:\Users\ACER\.m2\repository\commons-beanutils\commons-beanutils\1.9.4\commons-beanutils-1.9.4.jar;C:\Users\ACER\.m2\repository\org\apache\commons\commons-lang3\3.12.0\commons-lang3-3.12.0.jar;C:\Users\ACER\.m2\repository\commons-collections\commons-collections\3.2.2\commons-collections-3.2.2.jar;C:\Users\ACER\.m2\repository\org\fluentlenium\fluentlenium-core\0.10.2\fluentlenium-core-0.10.2.jar;C:\Users\ACER\.m2\repository\io\github\bonigarcia\webdrivermanager\5.1.0\webdrivermanager-5.1.0.jar;C:\Users\ACER\.m2\repository\com\github\docker-java\docker-java\3.2.13\docker-java-3.2.13.jar;C:\Users\ACER\.m2\repository\com\github\docker-java\docker-java-core\3.2.13\docker-java-core-3.2.13.jar;C:\Users\ACER\.m2\repository\com\github\docker-java\docker-java-api\3.2.13\docker-java-api-3.2.13.jar;C:\Users\ACER\.m2\repository\org\apache\commons\commons-compress\1.21\commons-compress-1.21.jar;C:\Users\ACER\.m2\repository\org\bouncycastle\bcpkix-jdk15on\1.64\bcpkix-jdk15on-1.64.jar;C:\Users\ACER\.m2\repository\org\bouncycastle\bcprov-jdk15on\1.64\bcprov-jdk15on-1.64.jar;C:\Users\ACER\.m2\repository\org\slf4j\jcl-over-slf4j\1.7.30\jcl-over-slf4j-1.7.30.jar;C:\Users\ACER\.m2\repository\com\github\docker-java\docker-java-transport-httpclient5\3.2.13\docker-java-transport-httpclient5-3.2.13.jar;C:\Users\ACER\.m2\repository\com\github\docker-java\docker-java-transport\3.2.13\docker-java-transport-3.2.13.jar;C:\Users\ACER\.m2\repository\org\apache\httpcomponents\client5\httpclient5\5.0.3\httpclient5-5.0.3.jar;C:\Users\ACER\.m2\repository\org\apache\httpcomponents\core5\httpcore5\5.0.2\httpcore5-5.0.2.jar;C:\Users\ACER\.m2\repository\net\java\dev\jna\jna\5.8.0\jna-5.8.0.jar;C:\Users\ACER\.m2\repository\org\brotli\dec\0.1.2\dec-0.1.2.jar;C:\Users\ACER\.m2\repository\com\jhlabs\filters\2.0.235\filters-2.0.235.jar;C:\Users\ACER\.m2\repository\com\paulhammant\ngwebdriver\1.1.6\ngwebdriver-1.1.6.jar;C:\Users\ACER\.m2\repository\joda-time\joda-time\2.8.2\joda-time-2.8.2.jar;C:\Users\ACER\.m2\repository\org\hamcrest\hamcrest\2.2\hamcrest-2.2.jar;C:\Users\ACER\.m2\repository\com\google\jimfs\jimfs\1.2\jimfs-1.2.jar;C:\Users\ACER\.m2\repository\org\mockito\mockito-core\3.3.3\mockito-core-3.3.3.jar;C:\Users\ACER\.m2\repository\javax\xml\bind\jaxb-api\2.3.1\jaxb-api-2.3.1.jar;C:\Users\ACER\.m2\repository\javax\activation\javax.activation-api\1.2.0\javax.activation-api-1.2.0.jar;C:\Users\ACER\.m2\repository\com\sun\xml\bind\jaxb-core\2.3.0.1\jaxb-core-2.3.0.1.jar;C:\Users\ACER\.m2\repository\com\sun\xml\bind\jaxb-impl\2.3.3\jaxb-impl-2.3.3.jar;C:\Users\ACER\.m2\repository\jakarta\xml\bind\jakarta.xml.bind-api\2.3.3\jakarta.xml.bind-api-2.3.3.jar;C:\Users\ACER\.m2\repository\com\sun\activation\jakarta.activation\1.2.2\jakarta.activation-1.2.2.jar;C:\Users\ACER\.m2\repository\javax\activation\activation\1.1.1\activation-1.1.1.jar;C:\Users\ACER\.m2\repository\net\serenity-bdd\serenity-cucumber\3.2.1\serenity-cucumber-3.2.1.jar;C:\Users\ACER\.m2\repository\io\cucumber\cucumber-core\7.2.3\cucumber-core-7.2.3.jar;C:\Users\ACER\.m2\repository\io\cucumber\cucumber-gherkin\7.2.3\cucumber-gherkin-7.2.3.jar;C:\Users\ACER\.m2\repository\io\cucumber\cucumber-gherkin-messages\7.2.3\cucumber-gherkin-messages-7.2.3.jar;C:\Users\ACER\.m2\repository\io\cucumber\messages\17.1.1\messages-17.1.1.jar;C:\Users\ACER\.m2\repository\io\cucumber\tag-expressions\4.1.0\tag-expressions-4.1.0.jar;C:\Users\ACER\.m2\repository\io\cucumber\cucumber-expressions\15.0.1\cucumber-expressions-15.0.1.jar;C:\Users\ACER\.m2\repository\io\cucumber\datatable\7.2.3\datatable-7.2.3.jar;C:\Users\ACER\.m2\repository\io\cucumber\cucumber-plugin\7.2.3\cucumber-plugin-7.2.3.jar;C:\Users\ACER\.m2\repository\io\cucumber\docstring\7.2.3\docstring-7.2.3.jar;C:\Users\ACER\.m2\repository\io\cucumber\html-formatter\17.0.0\html-formatter-17.0.0.jar;C:\Users\ACER\.m2\repository\io\cucumber\ci-environment\8.1.0\ci-environment-8.1.0.jar;C:\Users\ACER\.m2\repository\io\cucumber\cucumber-junit\7.2.3\cucumber-junit-7.2.3.jar;C:\Users\ACER\.m2\repository\org\apache\commons\commons-csv\1.5\commons-csv-1.5.jar;C:\Users\ACER\.m2\repository\net\serenity-bdd\serenity-screenplay\3.2.1\serenity-screenplay-3.2.1.jar;C:\Users\ACER\.m2\repository\net\serenity-bdd\serenity-screenplay-webdriver\3.2.1\serenity-screenplay-webdriver-3.2.1.jar;C:\Users\ACER\.m2\repository\net\serenity-bdd\serenity-ensure\3.2.1\serenity-ensure-3.2.1.jar;C:\Users\ACER\.m2\repository\net\serenity-bdd\serenity-junit\3.2.1\serenity-junit-3.2.1.jar;C:\Users\ACER\.m2\repository\org\jetbrains\kotlin\kotlin-stdlib\1.6.0\kotlin-stdlib-1.6.0.jar;C:\Users\ACER\.m2\repository\org\jetbrains\annotations\13.0\annotations-13.0.jar;C:\Users\ACER\.m2\repository\org\jetbrains\kotlin\kotlin-stdlib-common\1.6.0\kotlin-stdlib-common-1.6.0.jar;C:\Users\ACER\.m2\repository\org\junit\platform\junit-platform-launcher\1.8.1\junit-platform-launcher-1.8.1.jar;C:\Users\ACER\.m2\repository\org\junit\platform\junit-platform-engine\1.8.1\junit-platform-engine-1.8.1.jar;C:\Users\ACER\.m2\repository\org\junit\platform\junit-platform-commons\1.8.1\junit-platform-commons-1.8.1.jar;C:\Users\ACER\.m2\repository\org\apiguardian\apiguardian-api\1.1.2\apiguardian-api-1.1.2.jar;C:\Users\ACER\.m2\repository\org\junit\jupiter\junit-jupiter-engine\5.8.2\junit-jupiter-engine-5.8.2.jar;C:\Users\ACER\.m2\repository\org\junit\jupiter\junit-jupiter-api\5.8.2\junit-jupiter-api-5.8.2.jar;C:\Users\ACER\.m2\repository\org\junit\vintage\junit-vintage-engine\5.8.2\junit-vintage-engine-5.8.2.jar;C:\Users\ACER\.m2\repository\junit\junit\4.13.2\junit-4.13.2.jar;C:\Users\ACER\.m2\repository\org\hamcrest\hamcrest-core\1.3\hamcrest-core-1.3.jar;C:\Users\ACER\.m2\repository\ch\qos\logback\logback-classic\1.2.10\logback-classic-1.2.10.jar;C:\Users\ACER\.m2\repository\ch\qos\logback\logback-core\1.2.10\logback-core-1.2.10.jar;C:\Users\ACER\.m2\repository\org\slf4j\slf4j-api\1.7.32\slf4j-api-1.7.32.jar;C:\Users\ACER\.m2\repository\org\assertj\assertj-core\3.6.2\assertj-core-3.6.2.jar;C:\Users\ACER\.m2\repository\net\serenity-bdd\serenity-reports\3.2.1\serenity-reports-3.2.1.jar;C:\Users\ACER\.m2\repository\net\serenity-bdd\serenity-stats\3.2.1\serenity-stats-3.2.1.jar;C:\Users\ACER\.m2\repository\net\serenity-bdd\serenity-reports-configuration\3.2.1\serenity-reports-configuration-3.2.1.jar;C:\Users\ACER\.m2\repository\com\vladsch\flexmark\flexmark-all\0.34.30\flexmark-all-0.34.30.jar;C:\Users\ACER\.m2\repository\com\vladsch\flexmark\flexmark\0.34.30\flexmark-0.34.30.jar;C:\Users\ACER\.m2\repository\com\vladsch\flexmark\flexmark-ext-abbreviation\0.34.30\flexmark-ext-abbreviation-0.34.30.jar;C:\Users\ACER\.m2\repository\com\vladsch\flexmark\flexmark-ext-admonition\0.34.30\flexmark-ext-admonition-0.34.30.jar;C:\Users\ACER\.m2\repository\com\vladsch\flexmark\flexmark-ext-anchorlink\0.34.30\flexmark-ext-anchorlink-0.34.30.jar;C:\Users\ACER\.m2\repository\com\vladsch\flexmark\flexmark-ext-aside\0.34.30\flexmark-ext-aside-0.34.30.jar;C:\Users\ACER\.m2\repository\com\vladsch\flexmark\flexmark-ext-attributes\0.34.30\flexmark-ext-attributes-0.34.30.jar;C:\Users\ACER\.m2\repository\com\vladsch\flexmark\flexmark-ext-autolink\0.34.30\flexmark-ext-autolink-0.34.30.jar;C:\Users\ACER\.m2\repository\org\nibor\autolink\autolink\0.6.0\autolink-0.6.0.jar;C:\Users\ACER\.m2\repository\com\vladsch\flexmark\flexmark-ext-definition\0.34.30\flexmark-ext-definition-0.34.30.jar;C:\Users\ACER\.m2\repository\com\vladsch\flexmark\flexmark-ext-emoji\0.34.30\flexmark-ext-emoji-0.34.30.jar;C:\Users\ACER\.m2\repository\com\vladsch\flexmark\flexmark-ext-enumerated-reference\0.34.30\flexmark-ext-enumerated-reference-0.34.30.jar;C:\Users\ACER\.m2\repository\com\vladsch\flexmark\flexmark-ext-escaped-character\0.34.30\flexmark-ext-escaped-character-0.34.30.jar;C:\Users\ACER\.m2\repository\com\vladsch\flexmark\flexmark-ext-footnotes\0.34.30\flexmark-ext-footnotes-0.34.30.jar;C:\Users\ACER\.m2\repository\com\vladsch\flexmark\flexmark-ext-gfm-issues\0.34.30\flexmark-ext-gfm-issues-0.34.30.jar;C:\Users\ACER\.m2\repository\com\vladsch\flexmark\flexmark-ext-gfm-strikethrough\0.34.30\flexmark-ext-gfm-strikethrough-0.34.30.jar;C:\Users\ACER\.m2\repository\com\vladsch\flexmark\flexmark-ext-gfm-tables\0.34.30\flexmark-ext-gfm-tables-0.34.30.jar;C:\Users\ACER\.m2\repository\com\vladsch\flexmark\flexmark-ext-gfm-tasklist\0.34.30\flexmark-ext-gfm-tasklist-0.34.30.jar;C:\Users\ACER\.m2\repository\com\vladsch\flexmark\flexmark-ext-gfm-users\0.34.30\flexmark-ext-gfm-users-0.34.30.jar;C:\Users\ACER\.m2\repository\com\vladsch\flexmark\flexmark-ext-gitlab\0.34.30\flexmark-ext-gitlab-0.34.30.jar;C:\Users\ACER\.m2\repository\com\vladsch\flexmark\flexmark-ext-jekyll-front-matter\0.34.30\flexmark-ext-jekyll-front-matter-0.34.30.jar;C:\Users\ACER\.m2\repository\com\vladsch\flexmark\flexmark-ext-jekyll-tag\0.34.30\flexmark-ext-jekyll-tag-0.34.30.jar;C:\Users\ACER\.m2\repository\com\vladsch\flexmark\flexmark-ext-media-tags\0.34.30\flexmark-ext-media-tags-0.34.30.jar;C:\Users\ACER\.m2\repository\com\vladsch\flexmark\flexmark-test-util\0.34.30\flexmark-test-util-0.34.30.jar;C:\Users\ACER\.m2\repository\com\vladsch\flexmark\flexmark-ext-ins\0.34.30\flexmark-ext-ins-0.34.30.jar;C:\Users\ACER\.m2\repository\com\vladsch\flexmark\flexmark-ext-xwiki-macros\0.34.30\flexmark-ext-xwiki-macros-0.34.30.jar;C:\Users\ACER\.m2\repository\com\vladsch\flexmark\flexmark-ext-superscript\0.34.30\flexmark-ext-superscript-0.34.30.jar;C:\Users\ACER\.m2\repository\com\vladsch\flexmark\flexmark-ext-tables\0.34.30\flexmark-ext-tables-0.34.30.jar;C:\Users\ACER\.m2\repository\com\vladsch\flexmark\flexmark-ext-toc\0.34.30\flexmark-ext-toc-0.34.30.jar;C:\Users\ACER\.m2\repository\com\vladsch\flexmark\flexmark-ext-typographic\0.34.30\flexmark-ext-typographic-0.34.30.jar;C:\Users\ACER\.m2\repository\com\vladsch\flexmark\flexmark-ext-wikilink\0.34.30\flexmark-ext-wikilink-0.34.30.jar;C:\Users\ACER\.m2\repository\com\vladsch\flexmark\flexmark-ext-yaml-front-matter\0.34.30\flexmark-ext-yaml-front-matter-0.34.30.jar;C:\Users\ACER\.m2\repository\com\vladsch\flexmark\flexmark-ext-youtube-embedded\0.34.30\flexmark-ext-youtube-embedded-0.34.30.jar;C:\Users\ACER\.m2\repository\com\vladsch\flexmark\flexmark-formatter\0.34.30\flexmark-formatter-0.34.30.jar;C:\Users\ACER\.m2\repository\com\vladsch\flexmark\flexmark-html-parser\0.34.30\flexmark-html-parser-0.34.30.jar;C:\Users\ACER\.m2\repository\com\vladsch\flexmark\flexmark-jira-converter\0.34.30\flexmark-jira-converter-0.34.30.jar;C:\Users\ACER\.m2\repository\com\vladsch\flexmark\flexmark-pdf-converter\0.34.30\flexmark-pdf-converter-0.34.30.jar;C:\Users\ACER\.m2\repository\com\openhtmltopdf\openhtmltopdf-core\0.0.1-RC13\openhtmltopdf-core-0.0.1-RC13.jar;C:\Users\ACER\.m2\repository\com\openhtmltopdf\openhtmltopdf-pdfbox\0.0.1-RC13\openhtmltopdf-pdfbox-0.0.1-RC13.jar;C:\Users\ACER\.m2\repository\org\apache\pdfbox\pdfbox\2.0.8\pdfbox-2.0.8.jar;C:\Users\ACER\.m2\repository\org\apache\pdfbox\fontbox\2.0.8\fontbox-2.0.8.jar;C:\Users\ACER\.m2\repository\org\apache\pdfbox\xmpbox\2.0.8\xmpbox-2.0.8.jar;C:\Users\ACER\.m2\repository\de\rototor\pdfbox\graphics2d\0.12\graphics2d-0.12.jar;C:\Users\ACER\.m2\repository\com\openhtmltopdf\openhtmltopdf-rtl-support\0.0.1-RC13\openhtmltopdf-rtl-support-0.0.1-RC13.jar;C:\Users\ACER\.m2\repository\com\ibm\icu\icu4j\59.1\icu4j-59.1.jar;C:\Users\ACER\.m2\repository\com\openhtmltopdf\openhtmltopdf-jsoup-dom-converter\0.0.1-RC13\openhtmltopdf-jsoup-dom-converter-0.0.1-RC13.jar;C:\Users\ACER\.m2\repository\com\vladsch\flexmark\flexmark-profile-pegdown\0.34.30\flexmark-profile-pegdown-0.34.30.jar;C:\Users\ACER\.m2\repository\com\vladsch\flexmark\flexmark-util\0.34.30\flexmark-util-0.34.30.jar;C:\Users\ACER\.m2\repository\com\vladsch\flexmark\flexmark-youtrack-converter\0.34.30\flexmark-youtrack-converter-0.34.30.jar;C:\Users\ACER\.m2\repository\es\nitaur\markdown\txtmark\0.16\txtmark-0.16.jar;C:\Users\ACER\.m2\repository\net\serenity-bdd\serenity-rest-assured\3.2.1\serenity-rest-assured-3.2.1.jar;C:\Users\ACER\.m2\repository\org\apache\httpcomponents\httpclient\4.5.13\httpclient-4.5.13.jar;C:\Users\ACER\.m2\repository\org\apache\httpcomponents\httpcore\4.4.13\httpcore-4.4.13.jar;C:\Users\ACER\.m2\repository\commons-logging\commons-logging\1.2\commons-logging-1.2.jar;C:\Users\ACER\.m2\repository\io\rest-assured\rest-assured\4.5.1\rest-assured-4.5.1.jar;C:\Users\ACER\.m2\repository\org\apache\httpcomponents\httpmime\4.5.13\httpmime-4.5.13.jar;C:\Users\ACER\.m2\repository\org\ccil\cowan\tagsoup\tagsoup\1.2.1\tagsoup-1.2.1.jar;C:\Users\ACER\.m2\repository\io\rest-assured\json-path\4.5.1\json-path-4.5.1.jar;C:\Users\ACER\.m2\repository\io\rest-assured\rest-assured-common\4.5.1\rest-assured-common-4.5.1.jar;C:\Users\ACER\.m2\repository\io\rest-assured\xml-path\4.5.1\xml-path-4.5.1.jar;C:\Users\ACER\.m2\repository\org\codehaus\groovy\groovy-json\3.0.10\groovy-json-3.0.10.jar;C:\Users\ACER\.m2\repository\org\codehaus\groovy\groovy-xml\3.0.10\groovy-xml-3.0.10.jar;C:\Users\ACER\.m2\repository\org\opentest4j\opentest4j\1.2.0\opentest4j-1.2.0.jar;C:\Users\ACER\.m2\repository\org\apache\maven\plugins\maven-surefire-plugin\3.0.0-M5\maven-surefire-plugin-3.0.0-M5.jar;C:\Users\ACER\.m2\repository\org\apache\maven\surefire\maven-surefire-common\3.0.0-M5\maven-surefire-common-3.0.0-M5.jar;C:\Users\ACER\.m2\repository\org\apache\maven\surefire\surefire-api\3.0.0-M5\surefire-api-3.0.0-M5.jar;C:\Users\ACER\.m2\repository\org\apache\maven\surefire\surefire-logger-api\3.0.0-M5\surefire-logger-api-3.0.0-M5.jar;C:\Users\ACER\.m2\repository\org\apache\maven\surefire\surefire-extensions-api\3.0.0-M5\surefire-extensions-api-3.0.0-M5.jar;C:\Users\ACER\.m2\repository\org\apache\maven\surefire\surefire-booter\3.0.0-M5\surefire-booter-3.0.0-M5.jar;C:\Users\ACER\.m2\repository\org\apache\maven\surefire\surefire-extensions-spi\3.0.0-M5\surefire-extensions-spi-3.0.0-M5.jar;C:\Users\ACER\.m2\repository\org\apache\maven\maven-toolchain\3.0-alpha-2\maven-toolchain-3.0-alpha-2.jar;C:\Users\ACER\.m2\repository\org\apache\maven\shared\maven-artifact-transfer\0.11.0\maven-artifact-transfer-0.11.0.jar;C:\Users\ACER\.m2\repository\org\apache\maven\shared\maven-common-artifact-filters\3.0.1\maven-common-artifact-filters-3.0.1.jar;C:\Users\ACER\.m2\repository\org\apache\maven\maven-model\3.0\maven-model-3.0.jar;C:\Users\ACER\.m2\repository\org\apache\maven\maven-plugin-api\3.0\maven-plugin-api-3.0.jar;C:\Users\ACER\.m2\repository\org\sonatype\sisu\sisu-inject-plexus\1.4.2\sisu-inject-plexus-1.4.2.jar;C:\Users\ACER\.m2\repository\org\codehaus\plexus\plexus-classworlds\2.2.3\plexus-classworlds-2.2.3.jar;C:\Users\ACER\.m2\repository\org\sonatype\sisu\sisu-inject-bean\1.4.2\sisu-inject-bean-1.4.2.jar;C:\Users\ACER\.m2\repository\org\sonatype\sisu\sisu-guice\2.1.7\sisu-guice-2.1.7-noaop.jar;C:\Users\ACER\.m2\repository\org\apache\maven\shared\maven-shared-utils\3.1.0\maven-shared-utils-3.1.0.jar;C:\Users\ACER\.m2\repository\org\codehaus\plexus\plexus-java\1.0.5\plexus-java-1.0.5.jar;C:\Users\ACER\.m2\repository\org\ow2\asm\asm\7.2\asm-7.2.jar;C:\Users\ACER\.m2\repository\com\thoughtworks\qdox\qdox\2.0-M9\qdox-2.0-M9.jar;C:\Users\ACER\.m2\repository\org\apache\maven\surefire\surefire-shared-utils\3.0.0-M4\surefire-shared-utils-3.0.0-M4.jar;C:\Users\ACER\.m2\repository\org\apache\maven\plugins\maven-failsafe-plugin\3.0.0-M5\maven-failsafe-plugin-3.0.0-M5.jar;C:\Users\ACER\.m2\repository\com\googlecode\json-simple\json-simple\1.1.1\json-simple-1.1.1.jar;"/>
    <property name="java.vm.vendor" value="Oracle Corporation"/>
    <property name="sun.arch.data.model" value="64"/>
    <property name="user.variant" value=""/>
    <property name="java.vendor.url" value="http://java.oracle.com/"/>
    <property name="user.timezone" value="Asia/Bangkok"/>
    <property name="java.vm.specification.version" value="1.8"/>
    <property name="os.name" value="Windows 10"/>
    <property name="user.country" value="ID"/>
    <property name="sun.java.launcher" value="SUN_STANDARD"/>
    <property name="sun.boot.library.path" value="C:\Program Files\Java\jdk1.8.0_241\jre\bin"/>
    <property name="sun.java.command" value="C:\Users\ACER\AppData\Local\Temp\surefire8467010343796058008\surefirebooter7786880491921105373.jar C:\Users\ACER\AppData\Local\Temp\surefire8467010343796058008 2022-05-14T10-56-18_955-jvmRun1 surefire2334315601947331593tmp surefire_09207982837174046764tmp"/>
    <property name="surefire.test.class.path" value="D:\PERKULIAHAN\SEMESTER 6\KAMPUS MERDEKA\PROYEK_ALTERRA\TestingAPIALTA\target\test-classes;D:\PERKULIAHAN\SEMESTER 6\KAMPUS MERDEKA\PROYEK_ALTERRA\TestingAPIALTA\target\TestingAPIALTA-1.0-SNAPSHOT.jar;C:\Users\ACER\.m2\repository\net\serenity-bdd\serenity-core\3.2.1\serenity-core-3.2.1.jar;C:\Users\ACER\.m2\repository\net\serenity-bdd\serenity-model\3.2.1\serenity-model-3.2.1.jar;C:\Users\ACER\.m2\repository\org\apache\commons\commons-text\1.9\commons-text-1.9.jar;C:\Users\ACER\.m2\repository\commons-net\commons-net\3.8.0\commons-net-3.8.0.jar;C:\Users\ACER\.m2\repository\com\google\guava\guava\31.1-jre\guava-31.1-jre.jar;C:\Users\ACER\.m2\repository\com\google\guava\failureaccess\1.0.1\failureaccess-1.0.1.jar;C:\Users\ACER\.m2\repository\com\google\guava\listenablefuture\9999.0-empty-to-avoid-conflict-with-guava\listenablefuture-9999.0-empty-to-avoid-conflict-with-guava.jar;C:\Users\ACER\.m2\repository\com\google\code\findbugs\jsr305\3.0.2\jsr305-3.0.2.jar;C:\Users\ACER\.m2\repository\org\checkerframework\checker-qual\3.12.0\checker-qual-3.12.0.jar;C:\Users\ACER\.m2\repository\com\google\errorprone\error_prone_annotations\2.11.0\error_prone_annotations-2.11.0.jar;C:\Users\ACER\.m2\repository\com\google\j2objc\j2objc-annotations\1.3\j2objc-annotations-1.3.jar;C:\Users\ACER\.m2\repository\com\google\inject\guice\5.1.0\guice-5.1.0.jar;C:\Users\ACER\.m2\repository\javax\inject\javax.inject\1\javax.inject-1.jar;C:\Users\ACER\.m2\repository\aopalliance\aopalliance\1.0\aopalliance-1.0.jar;C:\Users\ACER\.m2\repository\org\jsoup\jsoup\1.14.3\jsoup-1.14.3.jar;C:\Users\ACER\.m2\repository\com\thoughtworks\xstream\xstream\1.4.19\xstream-1.4.19.jar;C:\Users\ACER\.m2\repository\io\github\x-stream\mxparser\1.2.2\mxparser-1.2.2.jar;C:\Users\ACER\.m2\repository\xmlpull\xmlpull\1.1.3.1\xmlpull-1.1.3.1.jar;C:\Users\ACER\.m2\repository\io\cucumber\cucumber-java\7.2.3\cucumber-java-7.2.3.jar;C:\Users\ACER\.m2\repository\com\typesafe\config\1.4.2\config-1.4.2.jar;C:\Users\ACER\.m2\repository\org\imgscalr\imgscalr-lib\4.2\imgscalr-lib-4.2.jar;C:\Users\ACER\.m2\repository\org\awaitility\awaitility\4.2.0\awaitility-4.2.0.jar;C:\Users\ACER\.m2\repository\org\freemarker\freemarker\2.3.31\freemarker-2.3.31.jar;C:\Users\ACER\.m2\repository\io\github\classgraph\classgraph\4.8.138\classgraph-4.8.138.jar;C:\Users\ACER\.m2\repository\net\sourceforge\jexcelapi\jxl\2.6.12\jxl-2.6.12.jar;C:\Users\ACER\.m2\repository\net\bytebuddy\byte-buddy\1.12.8\byte-buddy-1.12.8.jar;C:\Users\ACER\.m2\repository\net\bytebuddy\byte-buddy-agent\1.12.8\byte-buddy-agent-1.12.8.jar;C:\Users\ACER\.m2\repository\org\objenesis\objenesis\3.1\objenesis-3.1.jar;C:\Users\ACER\.m2\repository\net\serenity-bdd\serenity-report-resources\3.2.1\serenity-report-resources-3.2.1.jar;C:\Users\ACER\.m2\repository\com\google\code\gson\gson\2.9.0\gson-2.9.0.jar;C:\Users\ACER\.m2\repository\com\fasterxml\jackson\core\jackson-core\2.13.2\jackson-core-2.13.2.jar;C:\Users\ACER\.m2\repository\com\fasterxml\jackson\core\jackson-databind\2.13.2\jackson-databind-2.13.2.jar;C:\Users\ACER\.m2\repository\com\fasterxml\jackson\core\jackson-annotations\2.13.2\jackson-annotations-2.13.2.jar;C:\Users\ACER\.m2\repository\commons-codec\commons-codec\1.15\commons-codec-1.15.jar;C:\Users\ACER\.m2\repository\commons-io\commons-io\2.11.0\commons-io-2.11.0.jar;C:\Users\ACER\.m2\repository\org\seleniumhq\selenium\selenium-java\4.1.2\selenium-java-4.1.2.jar;C:\Users\ACER\.m2\repository\org\seleniumhq\selenium\selenium-devtools-v85\4.1.2\selenium-devtools-v85-4.1.2.jar;C:\Users\ACER\.m2\repository\org\seleniumhq\selenium\selenium-devtools-v95\4.1.2\selenium-devtools-v95-4.1.2.jar;C:\Users\ACER\.m2\repository\org\seleniumhq\selenium\selenium-devtools-v96\4.1.2\selenium-devtools-v96-4.1.2.jar;C:\Users\ACER\.m2\repository\org\seleniumhq\selenium\selenium-devtools-v97\4.1.2\selenium-devtools-v97-4.1.2.jar;C:\Users\ACER\.m2\repository\org\seleniumhq\selenium\selenium-firefox-xpi-driver\4.1.2\selenium-firefox-xpi-driver-4.1.2.jar;C:\Users\ACER\.m2\repository\org\seleniumhq\selenium\selenium-opera-driver\4.1.2\selenium-opera-driver-4.1.2.jar;C:\Users\ACER\.m2\repository\org\seleniumhq\selenium\selenium-remote-driver\4.1.2\selenium-remote-driver-4.1.2.jar;C:\Users\ACER\.m2\repository\com\beust\jcommander\1.82\jcommander-1.82.jar;C:\Users\ACER\.m2\repository\io\netty\netty-buffer\4.1.73.Final\netty-buffer-4.1.73.Final.jar;C:\Users\ACER\.m2\repository\io\netty\netty-codec-http\4.1.73.Final\netty-codec-http-4.1.73.Final.jar;C:\Users\ACER\.m2\repository\io\netty\netty-codec\4.1.73.Final\netty-codec-4.1.73.Final.jar;C:\Users\ACER\.m2\repository\io\netty\netty-handler\4.1.73.Final\netty-handler-4.1.73.Final.jar;C:\Users\ACER\.m2\repository\io\netty\netty-tcnative-classes\2.0.46.Final\netty-tcnative-classes-2.0.46.Final.jar;C:\Users\ACER\.m2\repository\io\netty\netty-common\4.1.73.Final\netty-common-4.1.73.Final.jar;C:\Users\ACER\.m2\repository\io\netty\netty-transport-classes-epoll\4.1.73.Final\netty-transport-classes-epoll-4.1.73.Final.jar;C:\Users\ACER\.m2\repository\io\netty\netty-transport-classes-kqueue\4.1.73.Final\netty-transport-classes-kqueue-4.1.73.Final.jar;C:\Users\ACER\.m2\repository\io\netty\netty-transport-native-epoll\4.1.73.Final\netty-transport-native-epoll-4.1.73.Final.jar;C:\Users\ACER\.m2\repository\io\netty\netty-transport-native-kqueue\4.1.73.Final\netty-transport-native-kqueue-4.1.73.Final.jar;C:\Users\ACER\.m2\repository\io\netty\netty-transport-native-unix-common\4.1.73.Final\netty-transport-native-unix-common-4.1.73.Final.jar;C:\Users\ACER\.m2\repository\io\netty\netty-transport\4.1.73.Final\netty-transport-4.1.73.Final.jar;C:\Users\ACER\.m2\repository\io\netty\netty-resolver\4.1.73.Final\netty-resolver-4.1.73.Final.jar;C:\Users\ACER\.m2\repository\io\opentelemetry\opentelemetry-api\1.10.1\opentelemetry-api-1.10.1.jar;C:\Users\ACER\.m2\repository\io\opentelemetry\opentelemetry-context\1.10.1\opentelemetry-context-1.10.1.jar;C:\Users\ACER\.m2\repository\io\opentelemetry\opentelemetry-exporter-logging\1.10.1\opentelemetry-exporter-logging-1.10.1.jar;C:\Users\ACER\.m2\repository\io\opentelemetry\opentelemetry-sdk-metrics\1.10.1-alpha\opentelemetry-sdk-metrics-1.10.1-alpha.jar;C:\Users\ACER\.m2\repository\io\opentelemetry\opentelemetry-sdk-logs\1.10.1-alpha\opentelemetry-sdk-logs-1.10.1-alpha.jar;C:\Users\ACER\.m2\repository\io\opentelemetry\opentelemetry-sdk-common\1.10.1\opentelemetry-sdk-common-1.10.1.jar;C:\Users\ACER\.m2\repository\io\opentelemetry\opentelemetry-sdk-extension-autoconfigure-spi\1.10.1\opentelemetry-sdk-extension-autoconfigure-spi-1.10.1.jar;C:\Users\ACER\.m2\repository\io\opentelemetry\opentelemetry-sdk-extension-autoconfigure\1.10.1-alpha\opentelemetry-sdk-extension-autoconfigure-1.10.1-alpha.jar;C:\Users\ACER\.m2\repository\io\opentelemetry\opentelemetry-sdk-trace\1.10.1\opentelemetry-sdk-trace-1.10.1.jar;C:\Users\ACER\.m2\repository\io\opentelemetry\opentelemetry-sdk\1.10.1\opentelemetry-sdk-1.10.1.jar;C:\Users\ACER\.m2\repository\io\opentelemetry\opentelemetry-semconv\1.10.1-alpha\opentelemetry-semconv-1.10.1-alpha.jar;C:\Users\ACER\.m2\repository\io\ous\jtoml\2.0.0\jtoml-2.0.0.jar;C:\Users\ACER\.m2\repository\org\apache\commons\commons-exec\1.3\commons-exec-1.3.jar;C:\Users\ACER\.m2\repository\org\asynchttpclient\async-http-client\2.12.3\async-http-client-2.12.3.jar;C:\Users\ACER\.m2\repository\org\asynchttpclient\async-http-client-netty-utils\2.12.3\async-http-client-netty-utils-2.12.3.jar;C:\Users\ACER\.m2\repository\io\netty\netty-codec-socks\4.1.60.Final\netty-codec-socks-4.1.60.Final.jar;C:\Users\ACER\.m2\repository\io\netty\netty-handler-proxy\4.1.60.Final\netty-handler-proxy-4.1.60.Final.jar;C:\Users\ACER\.m2\repository\io\netty\netty-transport-native-epoll\4.1.60.Final\netty-transport-native-epoll-4.1.60.Final-linux-x86_64.jar;C:\Users\ACER\.m2\repository\io\netty\netty-transport-native-kqueue\4.1.60.Final\netty-transport-native-kqueue-4.1.60.Final-osx-x86_64.jar;C:\Users\ACER\.m2\repository\org\reactivestreams\reactive-streams\1.0.3\reactive-streams-1.0.3.jar;C:\Users\ACER\.m2\repository\com\typesafe\netty\netty-reactive-streams\2.0.4\netty-reactive-streams-2.0.4.jar;C:\Users\ACER\.m2\repository\org\seleniumhq\selenium\selenium-http\4.1.2\selenium-http-4.1.2.jar;C:\Users\ACER\.m2\repository\net\jodah\failsafe\2.4.4\failsafe-2.4.4.jar;C:\Users\ACER\.m2\repository\org\seleniumhq\selenium\selenium-safari-driver\4.1.2\selenium-safari-driver-4.1.2.jar;C:\Users\ACER\.m2\repository\org\seleniumhq\selenium\selenium-api\4.1.2\selenium-api-4.1.2.jar;C:\Users\ACER\.m2\repository\org\seleniumhq\selenium\selenium-support\4.1.2\selenium-support-4.1.2.jar;C:\Users\ACER\.m2\repository\com\google\auto\service\auto-service-annotations\1.0.1\auto-service-annotations-1.0.1.jar;C:\Users\ACER\.m2\repository\com\google\auto\service\auto-service\1.0.1\auto-service-1.0.1.jar;C:\Users\ACER\.m2\repository\com\google\auto\auto-common\1.2\auto-common-1.2.jar;C:\Users\ACER\.m2\repository\org\seleniumhq\selenium\selenium-json\4.1.2\selenium-json-4.1.2.jar;C:\Users\ACER\.m2\repository\org\seleniumhq\selenium\selenium-chrome-driver\4.1.2\selenium-chrome-driver-4.1.2.jar;C:\Users\ACER\.m2\repository\org\seleniumhq\selenium\selenium-chromium-driver\4.1.2\selenium-chromium-driver-4.1.2.jar;C:\Users\ACER\.m2\repository\org\seleniumhq\selenium\selenium-firefox-driver\4.1.2\selenium-firefox-driver-4.1.2.jar;C:\Users\ACER\.m2\repository\org\seleniumhq\selenium\selenium-edge-driver\4.1.2\selenium-edge-driver-4.1.2.jar;C:\Users\ACER\.m2\repository\org\seleniumhq\selenium\selenium-ie-driver\4.1.2\selenium-ie-driver-4.1.2.jar;C:\Users\ACER\.m2\repository\org\projectlombok\lombok\1.18.20\lombok-1.18.20.jar;C:\Users\ACER\.m2\repository\io\appium\java-client\8.0.0\java-client-8.0.0.jar;C:\Users\ACER\.m2\repository\commons-validator\commons-validator\1.7\commons-validator-1.7.jar;C:\Users\ACER\.m2\repository\commons-digester\commons-digester\2.1\commons-digester-2.1.jar;C:\Users\ACER\.m2\repository\org\aspectj\aspectjweaver\1.9.8\aspectjweaver-1.9.8.jar;C:\Users\ACER\.m2\repository\org\codehaus\groovy\groovy\3.0.10\groovy-3.0.10.jar;C:\Users\ACER\.m2\repository\net\sf\opencsv\opencsv\2.0\opencsv-2.0.jar;C:\Users\ACER\.m2\repository\commons-beanutils\commons-beanutils\1.9.4\commons-beanutils-1.9.4.jar;C:\Users\ACER\.m2\repository\org\apache\commons\commons-lang3\3.12.0\commons-lang3-3.12.0.jar;C:\Users\ACER\.m2\repository\commons-collections\commons-collections\3.2.2\commons-collections-3.2.2.jar;C:\Users\ACER\.m2\repository\org\fluentlenium\fluentlenium-core\0.10.2\fluentlenium-core-0.10.2.jar;C:\Users\ACER\.m2\repository\io\github\bonigarcia\webdrivermanager\5.1.0\webdrivermanager-5.1.0.jar;C:\Users\ACER\.m2\repository\com\github\docker-java\docker-java\3.2.13\docker-java-3.2.13.jar;C:\Users\ACER\.m2\repository\com\github\docker-java\docker-java-core\3.2.13\docker-java-core-3.2.13.jar;C:\Users\ACER\.m2\repository\com\github\docker-java\docker-java-api\3.2.13\docker-java-api-3.2.13.jar;C:\Users\ACER\.m2\repository\org\apache\commons\commons-compress\1.21\commons-compress-1.21.jar;C:\Users\ACER\.m2\repository\org\bouncycastle\bcpkix-jdk15on\1.64\bcpkix-jdk15on-1.64.jar;C:\Users\ACER\.m2\repository\org\bouncycastle\bcprov-jdk15on\1.64\bcprov-jdk15on-1.64.jar;C:\Users\ACER\.m2\repository\org\slf4j\jcl-over-slf4j\1.7.30\jcl-over-slf4j-1.7.30.jar;C:\Users\ACER\.m2\repository\com\github\docker-java\docker-java-transport-httpclient5\3.2.13\docker-java-transport-httpclient5-3.2.13.jar;C:\Users\ACER\.m2\repository\com\github\docker-java\docker-java-transport\3.2.13\docker-java-transport-3.2.13.jar;C:\Users\ACER\.m2\repository\org\apache\httpcomponents\client5\httpclient5\5.0.3\httpclient5-5.0.3.jar;C:\Users\ACER\.m2\repository\org\apache\httpcomponents\core5\httpcore5\5.0.2\httpcore5-5.0.2.jar;C:\Users\ACER\.m2\repository\net\java\dev\jna\jna\5.8.0\jna-5.8.0.jar;C:\Users\ACER\.m2\repository\org\brotli\dec\0.1.2\dec-0.1.2.jar;C:\Users\ACER\.m2\repository\com\jhlabs\filters\2.0.235\filters-2.0.235.jar;C:\Users\ACER\.m2\repository\com\paulhammant\ngwebdriver\1.1.6\ngwebdriver-1.1.6.jar;C:\Users\ACER\.m2\repository\joda-time\joda-time\2.8.2\joda-time-2.8.2.jar;C:\Users\ACER\.m2\repository\org\hamcrest\hamcrest\2.2\hamcrest-2.2.jar;C:\Users\ACER\.m2\repository\com\google\jimfs\jimfs\1.2\jimfs-1.2.jar;C:\Users\ACER\.m2\repository\org\mockito\mockito-core\3.3.3\mockito-core-3.3.3.jar;C:\Users\ACER\.m2\repository\javax\xml\bind\jaxb-api\2.3.1\jaxb-api-2.3.1.jar;C:\Users\ACER\.m2\repository\javax\activation\javax.activation-api\1.2.0\javax.activation-api-1.2.0.jar;C:\Users\ACER\.m2\repository\com\sun\xml\bind\jaxb-core\2.3.0.1\jaxb-core-2.3.0.1.jar;C:\Users\ACER\.m2\repository\com\sun\xml\bind\jaxb-impl\2.3.3\jaxb-impl-2.3.3.jar;C:\Users\ACER\.m2\repository\jakarta\xml\bind\jakarta.xml.bind-api\2.3.3\jakarta.xml.bind-api-2.3.3.jar;C:\Users\ACER\.m2\repository\com\sun\activation\jakarta.activation\1.2.2\jakarta.activation-1.2.2.jar;C:\Users\ACER\.m2\repository\javax\activation\activation\1.1.1\activation-1.1.1.jar;C:\Users\ACER\.m2\repository\net\serenity-bdd\serenity-cucumber\3.2.1\serenity-cucumber-3.2.1.jar;C:\Users\ACER\.m2\repository\io\cucumber\cucumber-core\7.2.3\cucumber-core-7.2.3.jar;C:\Users\ACER\.m2\repository\io\cucumber\cucumber-gherkin\7.2.3\cucumber-gherkin-7.2.3.jar;C:\Users\ACER\.m2\repository\io\cucumber\cucumber-gherkin-messages\7.2.3\cucumber-gherkin-messages-7.2.3.jar;C:\Users\ACER\.m2\repository\io\cucumber\messages\17.1.1\messages-17.1.1.jar;C:\Users\ACER\.m2\repository\io\cucumber\tag-expressions\4.1.0\tag-expressions-4.1.0.jar;C:\Users\ACER\.m2\repository\io\cucumber\cucumber-expressions\15.0.1\cucumber-expressions-15.0.1.jar;C:\Users\ACER\.m2\repository\io\cucumber\datatable\7.2.3\datatable-7.2.3.jar;C:\Users\ACER\.m2\repository\io\cucumber\cucumber-plugin\7.2.3\cucumber-plugin-7.2.3.jar;C:\Users\ACER\.m2\repository\io\cucumber\docstring\7.2.3\docstring-7.2.3.jar;C:\Users\ACER\.m2\repository\io\cucumber\html-formatter\17.0.0\html-formatter-17.0.0.jar;C:\Users\ACER\.m2\repository\io\cucumber\ci-environment\8.1.0\ci-environment-8.1.0.jar;C:\Users\ACER\.m2\repository\io\cucumber\cucumber-junit\7.2.3\cucumber-junit-7.2.3.jar;C:\Users\ACER\.m2\repository\org\apache\commons\commons-csv\1.5\commons-csv-1.5.jar;C:\Users\ACER\.m2\repository\net\serenity-bdd\serenity-screenplay\3.2.1\serenity-screenplay-3.2.1.jar;C:\Users\ACER\.m2\repository\net\serenity-bdd\serenity-screenplay-webdriver\3.2.1\serenity-screenplay-webdriver-3.2.1.jar;C:\Users\ACER\.m2\repository\net\serenity-bdd\serenity-ensure\3.2.1\serenity-ensure-3.2.1.jar;C:\Users\ACER\.m2\repository\net\serenity-bdd\serenity-junit\3.2.1\serenity-junit-3.2.1.jar;C:\Users\ACER\.m2\repository\org\jetbrains\kotlin\kotlin-stdlib\1.6.0\kotlin-stdlib-1.6.0.jar;C:\Users\ACER\.m2\repository\org\jetbrains\annotations\13.0\annotations-13.0.jar;C:\Users\ACER\.m2\repository\org\jetbrains\kotlin\kotlin-stdlib-common\1.6.0\kotlin-stdlib-common-1.6.0.jar;C:\Users\ACER\.m2\repository\org\junit\platform\junit-platform-launcher\1.8.1\junit-platform-launcher-1.8.1.jar;C:\Users\ACER\.m2\repository\org\junit\platform\junit-platform-engine\1.8.1\junit-platform-engine-1.8.1.jar;C:\Users\ACER\.m2\repository\org\junit\platform\junit-platform-commons\1.8.1\junit-platform-commons-1.8.1.jar;C:\Users\ACER\.m2\repository\org\apiguardian\apiguardian-api\1.1.2\apiguardian-api-1.1.2.jar;C:\Users\ACER\.m2\repository\org\junit\jupiter\junit-jupiter-engine\5.8.2\junit-jupiter-engine-5.8.2.jar;C:\Users\ACER\.m2\repository\org\junit\jupiter\junit-jupiter-api\5.8.2\junit-jupiter-api-5.8.2.jar;C:\Users\ACER\.m2\repository\org\junit\vintage\junit-vintage-engine\5.8.2\junit-vintage-engine-5.8.2.jar;C:\Users\ACER\.m2\repository\junit\junit\4.13.2\junit-4.13.2.jar;C:\Users\ACER\.m2\repository\org\hamcrest\hamcrest-core\1.3\hamcrest-core-1.3.jar;C:\Users\ACER\.m2\repository\ch\qos\logback\logback-classic\1.2.10\logback-classic-1.2.10.jar;C:\Users\ACER\.m2\repository\ch\qos\logback\logback-core\1.2.10\logback-core-1.2.10.jar;C:\Users\ACER\.m2\repository\org\slf4j\slf4j-api\1.7.32\slf4j-api-1.7.32.jar;C:\Users\ACER\.m2\repository\org\assertj\assertj-core\3.6.2\assertj-core-3.6.2.jar;C:\Users\ACER\.m2\repository\net\serenity-bdd\serenity-reports\3.2.1\serenity-reports-3.2.1.jar;C:\Users\ACER\.m2\repository\net\serenity-bdd\serenity-stats\3.2.1\serenity-stats-3.2.1.jar;C:\Users\ACER\.m2\repository\net\serenity-bdd\serenity-reports-configuration\3.2.1\serenity-reports-configuration-3.2.1.jar;C:\Users\ACER\.m2\repository\com\vladsch\flexmark\flexmark-all\0.34.30\flexmark-all-0.34.30.jar;C:\Users\ACER\.m2\repository\com\vladsch\flexmark\flexmark\0.34.30\flexmark-0.34.30.jar;C:\Users\ACER\.m2\repository\com\vladsch\flexmark\flexmark-ext-abbreviation\0.34.30\flexmark-ext-abbreviation-0.34.30.jar;C:\Users\ACER\.m2\repository\com\vladsch\flexmark\flexmark-ext-admonition\0.34.30\flexmark-ext-admonition-0.34.30.jar;C:\Users\ACER\.m2\repository\com\vladsch\flexmark\flexmark-ext-anchorlink\0.34.30\flexmark-ext-anchorlink-0.34.30.jar;C:\Users\ACER\.m2\repository\com\vladsch\flexmark\flexmark-ext-aside\0.34.30\flexmark-ext-aside-0.34.30.jar;C:\Users\ACER\.m2\repository\com\vladsch\flexmark\flexmark-ext-attributes\0.34.30\flexmark-ext-attributes-0.34.30.jar;C:\Users\ACER\.m2\repository\com\vladsch\flexmark\flexmark-ext-autolink\0.34.30\flexmark-ext-autolink-0.34.30.jar;C:\Users\ACER\.m2\repository\org\nibor\autolink\autolink\0.6.0\autolink-0.6.0.jar;C:\Users\ACER\.m2\repository\com\vladsch\flexmark\flexmark-ext-definition\0.34.30\flexmark-ext-definition-0.34.30.jar;C:\Users\ACER\.m2\repository\com\vladsch\flexmark\flexmark-ext-emoji\0.34.30\flexmark-ext-emoji-0.34.30.jar;C:\Users\ACER\.m2\repository\com\vladsch\flexmark\flexmark-ext-enumerated-reference\0.34.30\flexmark-ext-enumerated-reference-0.34.30.jar;C:\Users\ACER\.m2\repository\com\vladsch\flexmark\flexmark-ext-escaped-character\0.34.30\flexmark-ext-escaped-character-0.34.30.jar;C:\Users\ACER\.m2\repository\com\vladsch\flexmark\flexmark-ext-footnotes\0.34.30\flexmark-ext-footnotes-0.34.30.jar;C:\Users\ACER\.m2\repository\com\vladsch\flexmark\flexmark-ext-gfm-issues\0.34.30\flexmark-ext-gfm-issues-0.34.30.jar;C:\Users\ACER\.m2\repository\com\vladsch\flexmark\flexmark-ext-gfm-strikethrough\0.34.30\flexmark-ext-gfm-strikethrough-0.34.30.jar;C:\Users\ACER\.m2\repository\com\vladsch\flexmark\flexmark-ext-gfm-tables\0.34.30\flexmark-ext-gfm-tables-0.34.30.jar;C:\Users\ACER\.m2\repository\com\vladsch\flexmark\flexmark-ext-gfm-tasklist\0.34.30\flexmark-ext-gfm-tasklist-0.34.30.jar;C:\Users\ACER\.m2\repository\com\vladsch\flexmark\flexmark-ext-gfm-users\0.34.30\flexmark-ext-gfm-users-0.34.30.jar;C:\Users\ACER\.m2\repository\com\vladsch\flexmark\flexmark-ext-gitlab\0.34.30\flexmark-ext-gitlab-0.34.30.jar;C:\Users\ACER\.m2\repository\com\vladsch\flexmark\flexmark-ext-jekyll-front-matter\0.34.30\flexmark-ext-jekyll-front-matter-0.34.30.jar;C:\Users\ACER\.m2\repository\com\vladsch\flexmark\flexmark-ext-jekyll-tag\0.34.30\flexmark-ext-jekyll-tag-0.34.30.jar;C:\Users\ACER\.m2\repository\com\vladsch\flexmark\flexmark-ext-media-tags\0.34.30\flexmark-ext-media-tags-0.34.30.jar;C:\Users\ACER\.m2\repository\com\vladsch\flexmark\flexmark-test-util\0.34.30\flexmark-test-util-0.34.30.jar;C:\Users\ACER\.m2\repository\com\vladsch\flexmark\flexmark-ext-ins\0.34.30\flexmark-ext-ins-0.34.30.jar;C:\Users\ACER\.m2\repository\com\vladsch\flexmark\flexmark-ext-xwiki-macros\0.34.30\flexmark-ext-xwiki-macros-0.34.30.jar;C:\Users\ACER\.m2\repository\com\vladsch\flexmark\flexmark-ext-superscript\0.34.30\flexmark-ext-superscript-0.34.30.jar;C:\Users\ACER\.m2\repository\com\vladsch\flexmark\flexmark-ext-tables\0.34.30\flexmark-ext-tables-0.34.30.jar;C:\Users\ACER\.m2\repository\com\vladsch\flexmark\flexmark-ext-toc\0.34.30\flexmark-ext-toc-0.34.30.jar;C:\Users\ACER\.m2\repository\com\vladsch\flexmark\flexmark-ext-typographic\0.34.30\flexmark-ext-typographic-0.34.30.jar;C:\Users\ACER\.m2\repository\com\vladsch\flexmark\flexmark-ext-wikilink\0.34.30\flexmark-ext-wikilink-0.34.30.jar;C:\Users\ACER\.m2\repository\com\vladsch\flexmark\flexmark-ext-yaml-front-matter\0.34.30\flexmark-ext-yaml-front-matter-0.34.30.jar;C:\Users\ACER\.m2\repository\com\vladsch\flexmark\flexmark-ext-youtube-embedded\0.34.30\flexmark-ext-youtube-embedded-0.34.30.jar;C:\Users\ACER\.m2\repository\com\vladsch\flexmark\flexmark-formatter\0.34.30\flexmark-formatter-0.34.30.jar;C:\Users\ACER\.m2\repository\com\vladsch\flexmark\flexmark-html-parser\0.34.30\flexmark-html-parser-0.34.30.jar;C:\Users\ACER\.m2\repository\com\vladsch\flexmark\flexmark-jira-converter\0.34.30\flexmark-jira-converter-0.34.30.jar;C:\Users\ACER\.m2\repository\com\vladsch\flexmark\flexmark-pdf-converter\0.34.30\flexmark-pdf-converter-0.34.30.jar;C:\Users\ACER\.m2\repository\com\openhtmltopdf\openhtmltopdf-core\0.0.1-RC13\openhtmltopdf-core-0.0.1-RC13.jar;C:\Users\ACER\.m2\repository\com\openhtmltopdf\openhtmltopdf-pdfbox\0.0.1-RC13\openhtmltopdf-pdfbox-0.0.1-RC13.jar;C:\Users\ACER\.m2\repository\org\apache\pdfbox\pdfbox\2.0.8\pdfbox-2.0.8.jar;C:\Users\ACER\.m2\repository\org\apache\pdfbox\fontbox\2.0.8\fontbox-2.0.8.jar;C:\Users\ACER\.m2\repository\org\apache\pdfbox\xmpbox\2.0.8\xmpbox-2.0.8.jar;C:\Users\ACER\.m2\repository\de\rototor\pdfbox\graphics2d\0.12\graphics2d-0.12.jar;C:\Users\ACER\.m2\repository\com\openhtmltopdf\openhtmltopdf-rtl-support\0.0.1-RC13\openhtmltopdf-rtl-support-0.0.1-RC13.jar;C:\Users\ACER\.m2\repository\com\ibm\icu\icu4j\59.1\icu4j-59.1.jar;C:\Users\ACER\.m2\repository\com\openhtmltopdf\openhtmltopdf-jsoup-dom-converter\0.0.1-RC13\openhtmltopdf-jsoup-dom-converter-0.0.1-RC13.jar;C:\Users\ACER\.m2\repository\com\vladsch\flexmark\flexmark-profile-pegdown\0.34.30\flexmark-profile-pegdown-0.34.30.jar;C:\Users\ACER\.m2\repository\com\vladsch\flexmark\flexmark-util\0.34.30\flexmark-util-0.34.30.jar;C:\Users\ACER\.m2\repository\com\vladsch\flexmark\flexmark-youtrack-converter\0.34.30\flexmark-youtrack-converter-0.34.30.jar;C:\Users\ACER\.m2\repository\es\nitaur\markdown\txtmark\0.16\txtmark-0.16.jar;C:\Users\ACER\.m2\repository\net\serenity-bdd\serenity-rest-assured\3.2.1\serenity-rest-assured-3.2.1.jar;C:\Users\ACER\.m2\repository\org\apache\httpcomponents\httpclient\4.5.13\httpclient-4.5.13.jar;C:\Users\ACER\.m2\repository\org\apache\httpcomponents\httpcore\4.4.13\httpcore-4.4.13.jar;C:\Users\ACER\.m2\repository\commons-logging\commons-logging\1.2\commons-logging-1.2.jar;C:\Users\ACER\.m2\repository\io\rest-assured\rest-assured\4.5.1\rest-assured-4.5.1.jar;C:\Users\ACER\.m2\repository\org\apache\httpcomponents\httpmime\4.5.13\httpmime-4.5.13.jar;C:\Users\ACER\.m2\repository\org\ccil\cowan\tagsoup\tagsoup\1.2.1\tagsoup-1.2.1.jar;C:\Users\ACER\.m2\repository\io\rest-assured\json-path\4.5.1\json-path-4.5.1.jar;C:\Users\ACER\.m2\repository\io\rest-assured\rest-assured-common\4.5.1\rest-assured-common-4.5.1.jar;C:\Users\ACER\.m2\repository\io\rest-assured\xml-path\4.5.1\xml-path-4.5.1.jar;C:\Users\ACER\.m2\repository\org\codehaus\groovy\groovy-json\3.0.10\groovy-json-3.0.10.jar;C:\Users\ACER\.m2\repository\org\codehaus\groovy\groovy-xml\3.0.10\groovy-xml-3.0.10.jar;C:\Users\ACER\.m2\repository\org\opentest4j\opentest4j\1.2.0\opentest4j-1.2.0.jar;C:\Users\ACER\.m2\repository\org\apache\maven\plugins\maven-surefire-plugin\3.0.0-M5\maven-surefire-plugin-3.0.0-M5.jar;C:\Users\ACER\.m2\repository\org\apache\maven\surefire\maven-surefire-common\3.0.0-M5\maven-surefire-common-3.0.0-M5.jar;C:\Users\ACER\.m2\repository\org\apache\maven\surefire\surefire-api\3.0.0-M5\surefire-api-3.0.0-M5.jar;C:\Users\ACER\.m2\repository\org\apache\maven\surefire\surefire-logger-api\3.0.0-M5\surefire-logger-api-3.0.0-M5.jar;C:\Users\ACER\.m2\repository\org\apache\maven\surefire\surefire-extensions-api\3.0.0-M5\surefire-extensions-api-3.0.0-M5.jar;C:\Users\ACER\.m2\repository\org\apache\maven\surefire\surefire-booter\3.0.0-M5\surefire-booter-3.0.0-M5.jar;C:\Users\ACER\.m2\repository\org\apache\maven\surefire\surefire-extensions-spi\3.0.0-M5\surefire-extensions-spi-3.0.0-M5.jar;C:\Users\ACER\.m2\repository\org\apache\maven\maven-toolchain\3.0-alpha-2\maven-toolchain-3.0-alpha-2.jar;C:\Users\ACER\.m2\repository\org\apache\maven\shared\maven-artifact-transfer\0.11.0\maven-artifact-transfer-0.11.0.jar;C:\Users\ACER\.m2\repository\org\apache\maven\shared\maven-common-artifact-filters\3.0.1\maven-common-artifact-filters-3.0.1.jar;C:\Users\ACER\.m2\repository\org\apache\maven\maven-model\3.0\maven-model-3.0.jar;C:\Users\ACER\.m2\repository\org\apache\maven\maven-plugin-api\3.0\maven-plugin-api-3.0.jar;C:\Users\ACER\.m2\repository\org\sonatype\sisu\sisu-inject-plexus\1.4.2\sisu-inject-plexus-1.4.2.jar;C:\Users\ACER\.m2\repository\org\codehaus\plexus\plexus-classworlds\2.2.3\plexus-classworlds-2.2.3.jar;C:\Users\ACER\.m2\repository\org\sonatype\sisu\sisu-inject-bean\1.4.2\sisu-inject-bean-1.4.2.jar;C:\Users\ACER\.m2\repository\org\sonatype\sisu\sisu-guice\2.1.7\sisu-guice-2.1.7-noaop.jar;C:\Users\ACER\.m2\repository\org\apache\maven\shared\maven-shared-utils\3.1.0\maven-shared-utils-3.1.0.jar;C:\Users\ACER\.m2\repository\org\codehaus\plexus\plexus-java\1.0.5\plexus-java-1.0.5.jar;C:\Users\ACER\.m2\repository\org\ow2\asm\asm\7.2\asm-7.2.jar;C:\Users\ACER\.m2\repository\com\thoughtworks\qdox\qdox\2.0-M9\qdox-2.0-M9.jar;C:\Users\ACER\.m2\repository\org\apache\maven\surefire\surefire-shared-utils\3.0.0-M4\surefire-shared-utils-3.0.0-M4.jar;C:\Users\ACER\.m2\repository\org\apache\maven\plugins\maven-failsafe-plugin\3.0.0-M5\maven-failsafe-plugin-3.0.0-M5.jar;C:\Users\ACER\.m2\repository\com\googlecode\json-simple\json-simple\1.1.1\json-simple-1.1.1.jar;"/>
    <property name="sun.cpu.endian" value="little"/>
    <property name="user.home" value="C:\Users\ACER"/>
    <property name="user.language" value="en"/>
    <property name="java.specification.vendor" value="Oracle Corporation"/>
    <property name="java.home" value="C:\Program Files\Java\jdk1.8.0_241\jre"/>
    <property name="basedir" value="D:\PERKULIAHAN\SEMESTER 6\KAMPUS MERDEKA\PROYEK_ALTERRA\TestingAPIALTA"/>
    <property name="file.separator" value="\"/>
    <property name="line.separator" value="&#10;"/>
    <property name="java.vm.specification.vendor" value="Oracle Corporation"/>
    <property name="java.specification.name" value="Java Platform API Specification"/>
    <property name="java.awt.graphicsenv" value="sun.awt.Win32GraphicsEnvironment"/>
    <property name="surefire.real.class.path" value="C:\Users\ACER\AppData\Local\Temp\surefire8467010343796058008\surefirebooter7786880491921105373.jar"/>
    <property name="sun.boot.class.path" value="C:\Program Files\Java\jdk1.8.0_241\jre\lib\resources.jar;C:\Program Files\Java\jdk1.8.0_241\jre\lib\rt.jar;C:\Program Files\Java\jdk1.8.0_241\jre\lib\sunrsasign.jar;C:\Program Files\Java\jdk1.8.0_241\jre\lib\jsse.jar;C:\Program Files\Java\jdk1.8.0_241\jre\lib\jce.jar;C:\Program Files\Java\jdk1.8.0_241\jre\lib\charsets.jar;C:\Program Files\Java\jdk1.8.0_241\jre\lib\jfr.jar;C:\Program Files\Java\jdk1.8.0_241\jre\classes"/>
    <property name="user.script" value=""/>
    <property name="sun.management.compiler" value="HotSpot 64-Bit Tiered Compilers"/>
    <property name="java.runtime.version" value="1.8.0_241-b07"/>
    <property name="user.name" value="ACER"/>
    <property name="path.separator" value=";"/>
    <property name="os.version" value="10.0"/>
    <property name="java.endorsed.dirs" value="C:\Program Files\Java\jdk1.8.0_241\jre\lib\endorsed"/>
    <property name="java.runtime.name" value="Java(TM) SE Runtime Environment"/>
    <property name="file.encoding" value="Cp1252"/>
    <property name="java.vm.name" value="Java HotSpot(TM) 64-Bit Server VM"/>
    <property name="localRepository" value="C:\Users\ACER\.m2\repository"/>
    <property name="java.vendor.url.bug" value="http://bugreport.sun.com/bugreport/"/>
    <property name="java.io.tmpdir" value="C:\Users\ACER\AppData\Local\Temp\"/>
    <property name="java.version" value="1.8.0_241"/>
    <property name="user.dir" value="D:\PERKULIAHAN\SEMESTER 6\KAMPUS MERDEKA\PROYEK_ALTERRA\TestingAPIALTA"/>
    <property name="os.arch" value="amd64"/>
    <property name="java.vm.specification.name" value="Java Virtual Machine Specification"/>
    <property name="java.awt.printerjob" value="sun.awt.windows.WPrinterJob"/>
    <property name="sun.os.patch.level" value=""/>
    <property name="java.library.path" value="C:\Program Files\Java\jdk1.8.0_241\jre\bin;C:\WINDOWS\Sun\Java\bin;C:\WINDOWS\system32;C:\WINDOWS;C:\Program Files\Microsoft MPI\Bin\;C:\Program Files (x86)\Common Files\Oracle\Java\javapath;C:\Program Files (x86)\Intel\Intel(R) Management Engine Components\iCLS\;C:\Program Files\Intel\Intel(R) Management Engine Components\iCLS\;C:\Windows\system32;C:\Windows;C:\Windows\System32\Wbem;C:\Windows\System32\WindowsPowerShell\v1.0\;C:\Windows\System32\OpenSSH\;C:\Program Files (x86)\Intel\Intel(R) Management Engine Components\DAL;C:\Program Files\Intel\Intel(R) Management Engine Components\DAL;C:\Program Files (x86)\Intel\Intel(R) Management Engine Components\IPT;C:\Program Files\Intel\Intel(R) Management Engine Components\IPT;C:\Program Files (x86)\NVIDIA Corporation\PhysX\Common;C:\Users\ACER\Downloads\MinGW\bin;C:\WINDOWS\system32;C:\WINDOWS;C:\WINDOWS\System32\Wbem;C:\WINDOWS\System32\WindowsPowerShell\v1.0\;C:\WINDOWS\System32\OpenSSH\;C:\Program Files\Microsoft SQL Server\120\DTS\Binn\;C:\Program Files\Microsoft SQL Server\Client SDK\ODBC\110\Tools\Binn\;C:\Program Files (x86)\Microsoft SQL Server\120\Tools\Binn\;C:\Program Files\Microsoft SQL Server\120\Tools\Binn\;C:\Program Files (x86)\Microsoft SQL Server\120\Tools\Binn\ManagementStudio\;C:\Program Files (x86)\Microsoft SQL Server\120\DTS\Binn\;C:\Program Files\dotnet\;C:\Program Files (x86)\dotnet\;C:\Program Files\Microsoft SQL Server\130\Tools\Binn\;C:\Program Files\Microsoft SQL Server\Client SDK\ODBC\170\Tools\Binn\;C:\Program Files\Downloads\MinGW\bin;C:\Program Files\chromedriver_win32;C:\Program Files\Git\cmd;C:\xampp\php;C:\ProgramData\ComposerSetup\bin;C:\ProgramData\chocolatey\bin;C:\Program Files\nodejs\;C:\Program Files\Go\bin;C:\Program Files\Java\jdk1.8.0_241\bin;C:\Program Files\apache-maven-3.8.5\bin;C:\Users\ACER\AppData\Local\Android\Sdk;C:\Users\ACER\AppData\Local\Microsoft\WindowsApps;C:\Users\ACER\AppData\Local\Programs\Microsoft VS Code\bin;C:\Users\ACER\.dotnet\tools;C:\Users\ACER\AppData\Roaming\Composer\vendor\bin;C:\Users\ACER\AppData\Roaming\npm;C:\Users\ACER\go\bin;C:\Program Files\JetBrains\IntelliJ IDEA Community Edition 2021.3.3\bin;;;."/>
    <property name="java.vm.info" value="mixed mode"/>
    <property name="java.vendor" value="Oracle Corporation"/>
    <property name="java.vm.version" value="25.241-b07"/>
    <property name="java.ext.dirs" value="C:\Program Files\Java\jdk1.8.0_241\jre\lib\ext;C:\WINDOWS\Sun\Java\lib\ext"/>
    <property name="sun.io.unicode.encoding" value="UnicodeLittle"/>
    <property name="java.class.version" value="52.0"/>
  </properties>
  <testcase name="Get Product&apos;s Comment In AltaShop" classname="Get Product&apos;s Comments" time="3.596">
    <system-out><![CDATA[10:56:21.271 [main] INFO io.cucumber.core.plugin.SerenityReporter - Running feature from file:///D:/PERKULIAHAN/SEMESTER%206/KAMPUS%20MERDEKA/PROYEK_ALTERRA/TestingAPIALTA/src/test/resources/api/Comment.feature
10:56:21.282 [main] WARN io.cucumber.core.plugin.SerenityReporter - Feature from file:///D:/PERKULIAHAN/SEMESTER%206/KAMPUS%20MERDEKA/PROYEK_ALTERRA/TestingAPIALTA/src/test/resources/api/Comment.feature is not under the 'features' directory. Requirements report will not be correctly generated!
10:56:21.494 [main] INFO  - 

-------------------------------------------------------------------------------------
     _______. _______ .______       _______ .__   __.  __  .___________.____    ____ 
    /       ||   ____||   _  \     |   ____||  \ |  | |  | |           |\   \  /   / 
   |   (----`|  |__   |  |_)  |    |  |__   |   \|  | |  | `---|  |----` \   \/   /  
    \   \    |   __|  |      /     |   __|  |  . `  | |  |     |  |       \_    _/   
.----)   |   |  |____ |  |\  \----.|  |____ |  |\   | |  |     |  |         |  |     
|_______/    |_______|| _| `._____||_______||__| \__| |__|     |__|         |__|    
                                                                                     
 News and tutorials at http://www.serenity-bdd.info                                  
 Documentation at https://wakaleo.gitbooks.io/the-serenity-book/content/             
 Join the Serenity Community on Gitter: https://gitter.im/serenity-bdd/serenity-core 
 Serenity BDD Support and Training at http://serenity-bdd.info/#/trainingandsupport  
-------------------------------------------------------------------------------------

10:56:21.496 [main] DEBUG net.thucydides.core.steps.StepEventBus - Test suite started for story net.thucydides.core.model.Story@fe4f270e
10:56:21.499 [main] INFO  - Test Suite Started: Get Product's Comments
10:56:21.516 [main] INFO io.cucumber.core.plugin.SerenityReporter - Running feature from file:///D:/PERKULIAHAN/SEMESTER%206/KAMPUS%20MERDEKA/PROYEK_ALTERRA/TestingAPIALTA/src/test/resources/api/CreateCategory.feature
10:56:21.516 [main] WARN io.cucumber.core.plugin.SerenityReporter - Feature from file:///D:/PERKULIAHAN/SEMESTER%206/KAMPUS%20MERDEKA/PROYEK_ALTERRA/TestingAPIALTA/src/test/resources/api/CreateCategory.feature is not under the 'features' directory. Requirements report will not be correctly generated!
10:56:21.523 [main] DEBUG net.thucydides.core.steps.StepEventBus - Test suite started for story net.thucydides.core.model.Story@32dbd578
10:56:21.527 [main] INFO  - Test Suite Started: Post
10:56:21.527 [main] INFO io.cucumber.core.plugin.SerenityReporter - Running feature from file:///D:/PERKULIAHAN/SEMESTER%206/KAMPUS%20MERDEKA/PROYEK_ALTERRA/TestingAPIALTA/src/test/resources/api/CreateComment.feature
10:56:21.527 [main] WARN io.cucumber.core.plugin.SerenityReporter - Feature from file:///D:/PERKULIAHAN/SEMESTER%206/KAMPUS%20MERDEKA/PROYEK_ALTERRA/TestingAPIALTA/src/test/resources/api/CreateComment.feature is not under the 'features' directory. Requirements report will not be correctly generated!
10:56:21.532 [main] DEBUG net.thucydides.core.steps.StepEventBus - Test suite started for story net.thucydides.core.model.Story@cd226998
10:56:21.532 [main] INFO  - Test Suite Started: Create Product's Comments
10:56:21.532 [main] INFO io.cucumber.core.plugin.SerenityReporter - Running feature from file:///D:/PERKULIAHAN/SEMESTER%206/KAMPUS%20MERDEKA/PROYEK_ALTERRA/TestingAPIALTA/src/test/resources/api/CreateProduct.feature
10:56:21.533 [main] WARN io.cucumber.core.plugin.SerenityReporter - Feature from file:///D:/PERKULIAHAN/SEMESTER%206/KAMPUS%20MERDEKA/PROYEK_ALTERRA/TestingAPIALTA/src/test/resources/api/CreateProduct.feature is not under the 'features' directory. Requirements report will not be correctly generated!
10:56:21.536 [main] DEBUG net.thucydides.core.steps.StepEventBus - Test suite started for story net.thucydides.core.model.Story@d2af2e23
10:56:21.537 [main] INFO  - Test Suite Started: Post Product
10:56:21.537 [main] INFO io.cucumber.core.plugin.SerenityReporter - Running feature from file:///D:/PERKULIAHAN/SEMESTER%206/KAMPUS%20MERDEKA/PROYEK_ALTERRA/TestingAPIALTA/src/test/resources/api/CreateRatings.feature
10:56:21.537 [main] WARN io.cucumber.core.plugin.SerenityReporter - Feature from file:///D:/PERKULIAHAN/SEMESTER%206/KAMPUS%20MERDEKA/PROYEK_ALTERRA/TestingAPIALTA/src/test/resources/api/CreateRatings.feature is not under the 'features' directory. Requirements report will not be correctly generated!
10:56:21.540 [main] DEBUG net.thucydides.core.steps.StepEventBus - Test suite started for story net.thucydides.core.model.Story@d5976803
10:56:21.541 [main] INFO  - Test Suite Started: Post Ratings
10:56:21.541 [main] INFO io.cucumber.core.plugin.SerenityReporter - Running feature from file:///D:/PERKULIAHAN/SEMESTER%206/KAMPUS%20MERDEKA/PROYEK_ALTERRA/TestingAPIALTA/src/test/resources/api/CreateTransaction.feature
10:56:21.541 [main] WARN io.cucumber.core.plugin.SerenityReporter - Feature from file:///D:/PERKULIAHAN/SEMESTER%206/KAMPUS%20MERDEKA/PROYEK_ALTERRA/TestingAPIALTA/src/test/resources/api/CreateTransaction.feature is not under the 'features' directory. Requirements report will not be correctly generated!
10:56:21.544 [main] DEBUG net.thucydides.core.steps.StepEventBus - Test suite started for story net.thucydides.core.model.Story@b07c64a7
10:56:21.548 [main] INFO  - Test Suite Started: Create Transaction
10:56:21.548 [main] INFO io.cucumber.core.plugin.SerenityReporter - Running feature from file:///D:/PERKULIAHAN/SEMESTER%206/KAMPUS%20MERDEKA/PROYEK_ALTERRA/TestingAPIALTA/src/test/resources/api/GetCategory.feature
10:56:21.548 [main] WARN io.cucumber.core.plugin.SerenityReporter - Feature from file:///D:/PERKULIAHAN/SEMESTER%206/KAMPUS%20MERDEKA/PROYEK_ALTERRA/TestingAPIALTA/src/test/resources/api/GetCategory.feature is not under the 'features' directory. Requirements report will not be correctly generated!
10:56:21.554 [main] DEBUG net.thucydides.core.steps.StepEventBus - Test suite started for story net.thucydides.core.model.Story@5402efb3
10:56:21.555 [main] INFO  - Test Suite Started: Get Categories
10:56:21.555 [main] INFO io.cucumber.core.plugin.SerenityReporter - Running feature from file:///D:/PERKULIAHAN/SEMESTER%206/KAMPUS%20MERDEKA/PROYEK_ALTERRA/TestingAPIALTA/src/test/resources/api/GetProduct.feature
10:56:21.555 [main] WARN io.cucumber.core.plugin.SerenityReporter - Feature from file:///D:/PERKULIAHAN/SEMESTER%206/KAMPUS%20MERDEKA/PROYEK_ALTERRA/TestingAPIALTA/src/test/resources/api/GetProduct.feature is not under the 'features' directory. Requirements report will not be correctly generated!
10:56:21.558 [main] DEBUG net.thucydides.core.steps.StepEventBus - Test suite started for story net.thucydides.core.model.Story@abd1521c
10:56:21.558 [main] INFO  - Test Suite Started: Get Products
10:56:21.558 [main] INFO io.cucumber.core.plugin.SerenityReporter - Running feature from file:///D:/PERKULIAHAN/SEMESTER%206/KAMPUS%20MERDEKA/PROYEK_ALTERRA/TestingAPIALTA/src/test/resources/api/GetTransaction.feature
10:56:21.558 [main] WARN io.cucumber.core.plugin.SerenityReporter - Feature from file:///D:/PERKULIAHAN/SEMESTER%206/KAMPUS%20MERDEKA/PROYEK_ALTERRA/TestingAPIALTA/src/test/resources/api/GetTransaction.feature is not under the 'features' directory. Requirements report will not be correctly generated!
10:56:21.561 [main] DEBUG net.thucydides.core.steps.StepEventBus - Test suite started for story net.thucydides.core.model.Story@d95beecb
10:56:21.561 [main] INFO  - Test Suite Started: Get All Transaction
10:56:21.561 [main] INFO io.cucumber.core.plugin.SerenityReporter - Running feature from file:///D:/PERKULIAHAN/SEMESTER%206/KAMPUS%20MERDEKA/PROYEK_ALTERRA/TestingAPIALTA/src/test/resources/api/Login.feature
10:56:21.561 [main] WARN io.cucumber.core.plugin.SerenityReporter - Feature from file:///D:/PERKULIAHAN/SEMESTER%206/KAMPUS%20MERDEKA/PROYEK_ALTERRA/TestingAPIALTA/src/test/resources/api/Login.feature is not under the 'features' directory. Requirements report will not be correctly generated!
10:56:21.564 [main] DEBUG net.thucydides.core.steps.StepEventBus - Test suite started for story net.thucydides.core.model.Story@5d422f72
10:56:21.564 [main] INFO  - Test Suite Started: Login
10:56:21.564 [main] INFO io.cucumber.core.plugin.SerenityReporter - Running feature from file:///D:/PERKULIAHAN/SEMESTER%206/KAMPUS%20MERDEKA/PROYEK_ALTERRA/TestingAPIALTA/src/test/resources/api/Rating.feature
10:56:21.564 [main] WARN io.cucumber.core.plugin.SerenityReporter - Feature from file:///D:/PERKULIAHAN/SEMESTER%206/KAMPUS%20MERDEKA/PROYEK_ALTERRA/TestingAPIALTA/src/test/resources/api/Rating.feature is not under the 'features' directory. Requirements report will not be correctly generated!
10:56:21.567 [main] DEBUG net.thucydides.core.steps.StepEventBus - Test suite started for story net.thucydides.core.model.Story@10c4c97c
10:56:21.567 [main] INFO  - Test Suite Started: Get Ratings
10:56:21.567 [main] INFO io.cucumber.core.plugin.SerenityReporter - Running feature from file:///D:/PERKULIAHAN/SEMESTER%206/KAMPUS%20MERDEKA/PROYEK_ALTERRA/TestingAPIALTA/src/test/resources/api/Register.feature
10:56:21.567 [main] WARN io.cucumber.core.plugin.SerenityReporter - Feature from file:///D:/PERKULIAHAN/SEMESTER%206/KAMPUS%20MERDEKA/PROYEK_ALTERRA/TestingAPIALTA/src/test/resources/api/Register.feature is not under the 'features' directory. Requirements report will not be correctly generated!
10:56:21.570 [main] DEBUG net.thucydides.core.steps.StepEventBus - Test suite started for story net.thucydides.core.model.Story@88bd7fde
10:56:21.571 [main] INFO  - Test Suite Started: Register
10:56:21.571 [main] INFO io.cucumber.core.plugin.SerenityReporter - Running feature from file:///D:/PERKULIAHAN/SEMESTER%206/KAMPUS%20MERDEKA/PROYEK_ALTERRA/TestingAPIALTA/src/test/resources/api/Comment.feature
10:56:21.571 [main] WARN io.cucumber.core.plugin.SerenityReporter - Feature from file:///D:/PERKULIAHAN/SEMESTER%206/KAMPUS%20MERDEKA/PROYEK_ALTERRA/TestingAPIALTA/src/test/resources/api/Comment.feature is not under the 'features' directory. Requirements report will not be correctly generated!
10:56:21.573 [main] DEBUG net.thucydides.core.steps.StepEventBus - Test suite started for story net.thucydides.core.model.Story@fe4f270e
10:56:21.573 [main] INFO  - Test Suite Started: Get Product's Comments

@get-product-comments
Scenario: Get Product's Comment In AltaShop     &amp#27;[90m# src/test/resources/api/Comment.feature:3&amp#27;[0m
10:56:21.683 [main] INFO io.cucumber.core.plugin.SerenityReporter - Running feature from file:///D:/PERKULIAHAN/SEMESTER%206/KAMPUS%20MERDEKA/PROYEK_ALTERRA/TestingAPIALTA/src/test/resources/api/Comment.feature
10:56:21.683 [main] WARN io.cucumber.core.plugin.SerenityReporter - Feature from file:///D:/PERKULIAHAN/SEMESTER%206/KAMPUS%20MERDEKA/PROYEK_ALTERRA/TestingAPIALTA/src/test/resources/api/Comment.feature is not under the 'features' directory. Requirements report will not be correctly generated!
10:56:21.791 [main] INFO  - 
  _____   ___   ___   _____     ___   _____     _     ___   _____   ___   ___  
 |_   _| | __| / __| |_   _|   / __| |_   _|   /_\   | _ \ |_   _| | __| |   \ 
   | |   | _|  \__ \   | |     \__ \   | |    / _ \  |   /   | |   | _|  | |) |
   |_|   |___| |___/   |_|     |___/   |_|   /_/ \_\ |_|_\   |_|   |___| |___/ 

Get Product's Comment In AltaShop(get-product-s-comments;get-product-s-comment-in-altashop)
--------------------------------------------------------------------------------
10:56:22.153 [main] DEBUG net.thucydides.core.steps.StepInterceptor - STARTING STEP: GetCommentStep.setGetAPIComment - I set GET api endpoints for get comment
10:56:22.161 [main] DEBUG net.thucydides.core.steps.StepInterceptor - STEP DONE: I set GET api endpoints for get comment
  &amp#27;[32mGiven &amp#27;[0m&amp#27;[32mI set GET api endpoints for get comment&amp#27;[0m &amp#27;[90m# starter.stepdefinitions.GetCommentStep.setGetAPIComment()&amp#27;[0m
10:56:22.176 [main] DEBUG net.thucydides.core.steps.StepInterceptor - STARTING STEP: GetCommentStep.getHTTPRequest - I send GET HTTP Request for get comment
10:56:23.511 [main] DEBUG net.thucydides.core.steps.StepInterceptor - STARTING STEP: Comment.getHTTPRequestforComment - I set GET api endpoints for get comment
10:56:23.511 [main] DEBUG net.thucydides.core.steps.StepInterceptor - STEP DONE: I set GET api endpoints for get comment
10:56:24.621 [main] DEBUG org.apache.http.impl.conn.BasicClientConnectionManager - Get connection for route {s}->https://be-qa.alta.id:443
10:56:24.643 [main] DEBUG org.apache.http.impl.conn.DefaultClientConnectionOperator - Connecting to be-qa.alta.id:443
10:56:24.944 [main] DEBUG org.apache.http.client.protocol.RequestAddCookies - CookieSpec selected: ignoreCookies
10:56:24.946 [main] DEBUG org.apache.http.client.protocol.RequestAuthCache - Auth cache not set in the context
10:56:24.946 [main] DEBUG org.apache.http.client.protocol.RequestTargetAuthentication - Target auth state: UNCHALLENGED
10:56:24.946 [main] DEBUG org.apache.http.client.protocol.RequestProxyAuthentication - Proxy auth state: UNCHALLENGED
10:56:24.947 [main] DEBUG org.apache.http.impl.client.DefaultHttpClient - Attempt 1 to execute request
10:56:24.947 [main] DEBUG org.apache.http.impl.conn.DefaultClientConnection - Sending request: GET /api/products/1/comments HTTP/1.1
10:56:24.947 [main] DEBUG org.apache.http.wire -  >> "GET /api/products/1/comments HTTP/1.1[\r][\n]"
10:56:24.948 [main] DEBUG org.apache.http.wire -  >> "Accept: */*[\r][\n]"
10:56:24.948 [main] DEBUG org.apache.http.wire -  >> "Host: be-qa.alta.id[\r][\n]"
10:56:24.948 [main] DEBUG org.apache.http.wire -  >> "Connection: Keep-Alive[\r][\n]"
10:56:24.948 [main] DEBUG org.apache.http.wire -  >> "User-Agent: Apache-HttpClient/4.5.13 (Java/1.8.0_241)[\r][\n]"
10:56:24.948 [main] DEBUG org.apache.http.wire -  >> "Accept-Encoding: gzip,deflate[\r][\n]"
10:56:24.948 [main] DEBUG org.apache.http.wire -  >> "[\r][\n]"
10:56:24.948 [main] DEBUG org.apache.http.headers - >> GET /api/products/1/comments HTTP/1.1
10:56:24.948 [main] DEBUG org.apache.http.headers - >> Accept: */*
10:56:24.948 [main] DEBUG org.apache.http.headers - >> Host: be-qa.alta.id
10:56:24.948 [main] DEBUG org.apache.http.headers - >> Connection: Keep-Alive
10:56:24.948 [main] DEBUG org.apache.http.headers - >> User-Agent: Apache-HttpClient/4.5.13 (Java/1.8.0_241)
10:56:24.948 [main] DEBUG org.apache.http.headers - >> Accept-Encoding: gzip,deflate
10:56:24.991 [main] DEBUG org.apache.http.wire -  << "HTTP/1.1 200 OK[\r][\n]"
10:56:24.992 [main] DEBUG org.apache.http.wire -  << "Server: nginx/1.14.2[\r][\n]"
10:56:24.992 [main] DEBUG org.apache.http.wire -  << "Date: Sat, 14 May 2022 03:56:24 GMT[\r][\n]"
10:56:24.992 [main] DEBUG org.apache.http.wire -  << "Content-Type: application/json[\r][\n]"
10:56:24.992 [main] DEBUG org.apache.http.wire -  << "Transfer-Encoding: chunked[\r][\n]"
10:56:24.992 [main] DEBUG org.apache.http.wire -  << "Connection: keep-alive[\r][\n]"
10:56:24.992 [main] DEBUG org.apache.http.wire -  << "[\r][\n]"
10:56:24.993 [main] DEBUG org.apache.http.impl.conn.DefaultClientConnection - Receiving response: HTTP/1.1 200 OK
10:56:24.993 [main] DEBUG org.apache.http.headers - << HTTP/1.1 200 OK
10:56:24.993 [main] DEBUG org.apache.http.headers - << Server: nginx/1.14.2
10:56:24.993 [main] DEBUG org.apache.http.headers - << Date: Sat, 14 May 2022 03:56:24 GMT
10:56:24.993 [main] DEBUG org.apache.http.headers - << Content-Type: application/json
10:56:24.993 [main] DEBUG org.apache.http.headers - << Transfer-Encoding: chunked
10:56:24.993 [main] DEBUG org.apache.http.headers - << Connection: keep-alive
10:56:24.999 [main] DEBUG org.apache.http.impl.client.DefaultHttpClient - Connection can be kept alive indefinitely
10:56:25.017 [main] DEBUG io.restassured.internal.RequestSpecificationImpl$RestAssuredHttpBuilder - Parsing response as: application/json
10:56:25.017 [main] DEBUG io.restassured.internal.RequestSpecificationImpl$RestAssuredHttpBuilder - Parsed data to instance of: class org.apache.http.conn.EofSensorInputStream
10:56:25.056 [main] DEBUG org.apache.http.wire -  << "fa8[\r][\n]"
10:56:25.057 [main] DEBUG org.apache.http.wire -  << "{"data":[{"ID":2,"Content":"Sangat bagus, produk berfungsi dengan baik","User":null,"Product":null,"Comment":null},{"ID":30,"Content":"mantap nih","User":null,"Product":null,"Comment":null},{"ID":34,"Content":"mantap nih","User":null,"Product":null,"Comment":null},{"ID":35,"Content":"mantap gan","User":null,"Product":null,"Comment":null},{"ID":36,"Content":"mantap nih","User":null,"Product":null,"Comment":null},{"ID":38,"Content":"mantap nih","User":null,"Product":null,"Comment":null},{"ID":39,"Content":"mantap nih","User":null,"Product":null,"Comment":null},{"ID":51,"Content":"mantap gan","User":null,"Product":null,"Comment":null},{"ID":54,"Content":"mantap gan","User":null,"Product":null,"Comment":null},{"ID":55,"Content":"mantap gan","User":null,"Product":null,"Comment":null},{"ID":56,"Content":"mantap gan","User":null,"Product":null,"Comment":null},{"ID":69,"Content":"Sangat bagus, produk berfungsi dengan baik","User":null,"Product":null,"Comment":null},{"ID":70,"Content":"Sangat bagus, produk berfungsi dengan baik","User":null,"Product":null,"Comment":null},{"ID":71,"Content":"Sangat bagus, produk berfungsi dengan baik","User":null,"Product":null,"Comment":null},{"ID":72,"Content":"Sangat bagus, produk berfungsi dengan baik","User":null,"Product":null,"Comment":null},{"ID":74,"Content":"Sangat bagus, produk berfungsi dengan baik","User":null,"Product":null,"Comment":null},{"ID":76,"Content":"Sangat bagus, produk berfungsi dengan baik","User":null,"Product":null,"Comment":null},{"ID":77,"Content":"Sangat bagus, produk berfungsi dengan baik","User":null,"Product":null,"Comment":null},{"ID":78,"Content":"Sangat bagus, produk berfungsi dengan baik","User":null,"Product":null,"Comment":null},{"ID":79,"Content":"Sangat bagus, produk berfungsi dengan baik","User":null,"Product":null,"Comment":null},{"ID":80,"Content":"Sangat bagus, produk berfungsi dengan baik","User":null,"Product":null,"Comment":null},{"ID":81,"Content":"Sangat bagus, produk berfungsi dengan baik","User":null,"Product":null,"Comment":null},{"ID":82,"Content":"Sangat bagus, produk berfungsi dengan baik","User":null,"Product":null,"Comment":null},{"ID":106,"Content":"mantap nih","User":null,"Product":null,"Comment":null},{"ID":107,"Content":"mantap nih","User":null,"Product":null,"Comment":null},{"ID":109,"Content":"mantap nih","User":null,"Product":null,"Comment":null},{"ID":111,"Content":"mantap nih","User":null,"Product":null,"Comment":null},{"ID":112,"Content":"mantap nih","User":null,"Product":null,"Comment":null},{"ID":113,"Content":"mantap nih","User":null,"Product":null,"Comment":null},{"ID":115,"Content":"mantap nih","User":null,"Product":null,"Comment":null},{"ID":198,"Content":"mantap nihchchch","User":null,"Product":null,"Comment":null},{"ID":199,"Content":"oke mantap","User":null,"Product":null,"Comment":null},{"ID":211,"Content":"mantap nih","User":null,"Product":null,"Comment":null},{"ID":212,"Content":"jelek nih","User":null,"Product":null,"Comment":null},{"ID":213,"Content":"jelek nih","User":null,"Product":null,"Comment":null},{"ID":225,"Content":"mantap gan","User":null,"Product":null,"Comment":null},{"ID":311,"Content":"mantap gan","User":null,"Product":null,"Comment":null},{"ID":353,"Content":"g mantap nih","User":null,"Product":null,"Comment":null},{"ID":411,"Content":"mantap nih","User":null,"Product":null,"Comment":null},{"ID":460,"Content":"Sangat bagus, produk berfungsi dengan baik","User":null,"Product":null,"Comment":null},{"ID":461,"Content":"Sangat bagus, produk berfungsi dengan baik","User":null,"Product":null,"Comment":null},{"ID":462,"Content":"Sangat bagus, produk berfungsi dengan baik","User":null,"Product":null,"Comment":null},{"ID":463,"Content":"Sangat bagus, produk berfungsi dengan baik","User":null,"Product":null,"Comment":null},{"ID":464,"Content":"Sangat bagus, produk berfungsi dengan baik","User":null,"Product":null,"Comment":null},{"ID":465,"Content":"Sangat bagus, produk berfungsi dengan baik","User":null,"Product":null,"Comm"
10:56:25.057 [main] DEBUG org.apache.http.wire -  << "[\r][\n]"
10:56:25.058 [main] DEBUG org.apache.http.wire -  << "361[\r][\n]"
10:56:25.058 [main] DEBUG org.apache.http.wire -  << "ent":null},{"ID":466,"Content":"Sangat bagus, produk berfungsi dengan baik","User":null,"Product":null,"Comment":null},{"ID":467,"Content":"Sangat bagus, produk berfungsi dengan baik","User":null,"Product":null,"Comment":null},{"ID":480,"Content":"mantap gan","User":null,"Product":null,"Comment":null},{"ID":481,"Content":"mantap gan","User":null,"Product":null,"Comment":null},{"ID":485,"Content":"mantap gan","User":null,"Product":null,"Comment":null},{"ID":486,"Content":"mantap gan","User":null,"Product":null,"Comment":null},{"ID":487,"Content":"mantap gan","User":null,"Product":null,"Comment":null},{"ID":539,"Content":"keren sih","User":null,"Product":null,"Comment":null},{"ID":545,"Content":"mantap nihh","User":null,"Product":null,"Comment":null},{"ID":550,"Content":"mantap cuyy, nggak sia sia beli disini","User":null,"Product":null,"Comment":null}]}[\n]"
10:56:25.058 [main] DEBUG org.apache.http.wire -  << "[\r][\n]"
10:56:25.058 [main] DEBUG org.apache.http.wire -  << "0[\r][\n]"
10:56:25.058 [main] DEBUG org.apache.http.wire -  << "[\r][\n]"
10:56:25.058 [main] DEBUG org.apache.http.impl.conn.BasicClientConnectionManager - Releasing connection org.apache.http.impl.conn.ManagedClientConnectionImpl@16134476
10:56:25.058 [main] DEBUG org.apache.http.impl.conn.BasicClientConnectionManager - Connection can be kept alive indefinitely
10:56:25.099 [main] DEBUG net.thucydides.core.steps.StepInterceptor - STEP DONE: I send GET HTTP Request for get comment
  &amp#27;[32mWhen &amp#27;[0m&amp#27;[32mI send GET HTTP Request for get comment&amp#27;[0m  &amp#27;[90m# starter.stepdefinitions.GetCommentStep.getHTTPRequest()&amp#27;[0m
10:56:25.125 [main] DEBUG net.thucydides.core.steps.StepInterceptor - STARTING STEP: GetSteps.getValidHTTP - I receive valid HTTP response code 200
10:56:25.158 [main] DEBUG net.thucydides.core.steps.StepInterceptor - STEP DONE: I receive valid HTTP response code 200
  &amp#27;[32mThen &amp#27;[0m&amp#27;[32mI receive valid HTTP response code 200&amp#27;[0m   &amp#27;[90m# starter.stepdefinitions.GetSteps.getValidHTTP()&amp#27;[0m
10:56:25.165 [main] INFO  - 
  _____   ___   ___   _____     ___     _     ___   ___   ___   ___  
 |_   _| | __| / __| |_   _|   | _ \   /_\   / __| / __| | __| |   \ 
   | |   | _|  \__ \   | |     |  _/  / _ \  \__ \ \__ \ | _|  | |) |
   |_|   |___| |___/   |_|     |_|   /_/ \_\ |___/ |___/ |___| |___/ 

Get Product's Comment In AltaShop
----------------------------------------------------------------------
]]></system-out>
  </testcase>
  <testcase name="Get Wrong Product&apos;s Comment In AltaShop" classname="Get Product&apos;s Comments" time="0.382">
    <system-out><![CDATA[
@get-wrong-product-comments
Scenario: Get Wrong Product's Comment In AltaShop     &amp#27;[90m# src/test/resources/api/Comment.feature:10&amp#27;[0m
10:56:25.196 [main] INFO io.cucumber.core.plugin.SerenityReporter - Running feature from file:///D:/PERKULIAHAN/SEMESTER%206/KAMPUS%20MERDEKA/PROYEK_ALTERRA/TestingAPIALTA/src/test/resources/api/Comment.feature
10:56:25.196 [main] WARN io.cucumber.core.plugin.SerenityReporter - Feature from file:///D:/PERKULIAHAN/SEMESTER%206/KAMPUS%20MERDEKA/PROYEK_ALTERRA/TestingAPIALTA/src/test/resources/api/Comment.feature is not under the 'features' directory. Requirements report will not be correctly generated!
10:56:25.200 [main] INFO  - 
  _____   ___   ___   _____     ___   _____     _     ___   _____   ___   ___  
 |_   _| | __| / __| |_   _|   / __| |_   _|   /_\   | _ \ |_   _| | __| |   \ 
   | |   | _|  \__ \   | |     \__ \   | |    / _ \  |   /   | |   | _|  | |) |
   |_|   |___| |___/   |_|     |___/   |_|   /_/ \_\ |_|_\   |_|   |___| |___/ 

Get Wrong Product's Comment In AltaShop(get-product-s-comments;get-wrong-product-s-comment-in-altashop)
--------------------------------------------------------------------------------
10:56:25.235 [main] DEBUG net.thucydides.core.steps.StepInterceptor - STARTING STEP: GetCommentStep.setWrongGetAPIComment - I set wrong GET api endpoints for get comment
10:56:25.236 [main] DEBUG net.thucydides.core.steps.StepInterceptor - STEP DONE: I set wrong GET api endpoints for get comment
  &amp#27;[32mGiven &amp#27;[0m&amp#27;[32mI set wrong GET api endpoints for get comment&amp#27;[0m &amp#27;[90m# starter.stepdefinitions.GetCommentStep.setWrongGetAPIComment()&amp#27;[0m
10:56:25.250 [main] DEBUG net.thucydides.core.steps.StepInterceptor - STARTING STEP: GetCommentStep.getWrongHTTPRequestforComment - I send wrong GET HTTP Request for get comment
10:56:25.253 [main] DEBUG net.thucydides.core.steps.StepInterceptor - STARTING STEP: Comment.getWrongHTTPRequestforComment - I set wrong GET api endpoints for get comment
10:56:25.253 [main] DEBUG net.thucydides.core.steps.StepInterceptor - STEP DONE: I set wrong GET api endpoints for get comment
10:56:25.282 [main] DEBUG org.apache.http.impl.conn.BasicClientConnectionManager - Get connection for route {s}->https://be-qa.alta.id:443
10:56:25.282 [main] DEBUG org.apache.http.impl.conn.DefaultClientConnectionOperator - Connecting to be-qa.alta.id:443
10:56:25.481 [main] DEBUG org.apache.http.client.protocol.RequestAddCookies - CookieSpec selected: ignoreCookies
10:56:25.481 [main] DEBUG org.apache.http.client.protocol.RequestAuthCache - Auth cache not set in the context
10:56:25.482 [main] DEBUG org.apache.http.client.protocol.RequestTargetAuthentication - Target auth state: UNCHALLENGED
10:56:25.482 [main] DEBUG org.apache.http.client.protocol.RequestProxyAuthentication - Proxy auth state: UNCHALLENGED
10:56:25.482 [main] DEBUG org.apache.http.impl.client.DefaultHttpClient - Attempt 1 to execute request
10:56:25.482 [main] DEBUG org.apache.http.impl.conn.DefaultClientConnection - Sending request: GET /api/productscomments/403 HTTP/1.1
10:56:25.482 [main] DEBUG org.apache.http.wire -  >> "GET /api/productscomments/403 HTTP/1.1[\r][\n]"
10:56:25.482 [main] DEBUG org.apache.http.wire -  >> "Accept: */*[\r][\n]"
10:56:25.482 [main] DEBUG org.apache.http.wire -  >> "Host: be-qa.alta.id[\r][\n]"
10:56:25.482 [main] DEBUG org.apache.http.wire -  >> "Connection: Keep-Alive[\r][\n]"
10:56:25.482 [main] DEBUG org.apache.http.wire -  >> "User-Agent: Apache-HttpClient/4.5.13 (Java/1.8.0_241)[\r][\n]"
10:56:25.482 [main] DEBUG org.apache.http.wire -  >> "Accept-Encoding: gzip,deflate[\r][\n]"
10:56:25.482 [main] DEBUG org.apache.http.wire -  >> "[\r][\n]"
10:56:25.482 [main] DEBUG org.apache.http.headers - >> GET /api/productscomments/403 HTTP/1.1
10:56:25.482 [main] DEBUG org.apache.http.headers - >> Accept: */*
10:56:25.482 [main] DEBUG org.apache.http.headers - >> Host: be-qa.alta.id
10:56:25.482 [main] DEBUG org.apache.http.headers - >> Connection: Keep-Alive
10:56:25.482 [main] DEBUG org.apache.http.headers - >> User-Agent: Apache-HttpClient/4.5.13 (Java/1.8.0_241)
10:56:25.482 [main] DEBUG org.apache.http.headers - >> Accept-Encoding: gzip,deflate
10:56:25.520 [main] DEBUG org.apache.http.wire -  << "HTTP/1.1 404 Not Found[\r][\n]"
10:56:25.520 [main] DEBUG org.apache.http.wire -  << "Server: nginx/1.14.2[\r][\n]"
10:56:25.520 [main] DEBUG org.apache.http.wire -  << "Date: Sat, 14 May 2022 03:56:24 GMT[\r][\n]"
10:56:25.520 [main] DEBUG org.apache.http.wire -  << "Content-Type: text/plain; charset=utf-8[\r][\n]"
10:56:25.520 [main] DEBUG org.apache.http.wire -  << "Content-Length: 10[\r][\n]"
10:56:25.520 [main] DEBUG org.apache.http.wire -  << "Connection: keep-alive[\r][\n]"
10:56:25.520 [main] DEBUG org.apache.http.wire -  << "[\r][\n]"
10:56:25.520 [main] DEBUG org.apache.http.impl.conn.DefaultClientConnection - Receiving response: HTTP/1.1 404 Not Found
10:56:25.520 [main] DEBUG org.apache.http.headers - << HTTP/1.1 404 Not Found
10:56:25.520 [main] DEBUG org.apache.http.headers - << Server: nginx/1.14.2
10:56:25.520 [main] DEBUG org.apache.http.headers - << Date: Sat, 14 May 2022 03:56:24 GMT
10:56:25.520 [main] DEBUG org.apache.http.headers - << Content-Type: text/plain; charset=utf-8
10:56:25.520 [main] DEBUG org.apache.http.headers - << Content-Length: 10
10:56:25.520 [main] DEBUG org.apache.http.headers - << Connection: keep-alive
10:56:25.520 [main] DEBUG org.apache.http.impl.client.DefaultHttpClient - Connection can be kept alive indefinitely
10:56:25.521 [main] DEBUG io.restassured.internal.RequestSpecificationImpl$RestAssuredHttpBuilder - Parsing response as: text/plain; charset=utf-8
10:56:25.521 [main] DEBUG io.restassured.internal.RequestSpecificationImpl$RestAssuredHttpBuilder - Parsed data to instance of: class org.apache.http.conn.EofSensorInputStream
10:56:25.529 [main] DEBUG org.apache.http.wire -  << "not found[\n]"
10:56:25.529 [main] DEBUG org.apache.http.impl.conn.BasicClientConnectionManager - Releasing connection org.apache.http.impl.conn.ManagedClientConnectionImpl@4e375bba
10:56:25.529 [main] DEBUG org.apache.http.impl.conn.BasicClientConnectionManager - Connection can be kept alive indefinitely
10:56:25.529 [main] DEBUG net.thucydides.core.steps.StepInterceptor - STEP DONE: I send wrong GET HTTP Request for get comment
  &amp#27;[32mWhen &amp#27;[0m&amp#27;[32mI send wrong GET HTTP Request for get comment&amp#27;[0m  &amp#27;[90m# starter.stepdefinitions.GetCommentStep.getWrongHTTPRequestforComment()&amp#27;[0m
10:56:25.550 [main] DEBUG net.thucydides.core.steps.StepInterceptor - STARTING STEP: GetSteps.validHTTPResponse - I receive valid HTTP response code 404
10:56:25.551 [main] DEBUG net.thucydides.core.steps.StepInterceptor - STEP DONE: I receive valid HTTP response code 404
  &amp#27;[32mAnd &amp#27;[0m&amp#27;[32mI receive valid HTTP response code 404&amp#27;[0m          &amp#27;[90m# starter.stepdefinitions.GetSteps.validHTTPResponse()&amp#27;[0m
10:56:25.553 [main] INFO  - 
  _____   ___   ___   _____     ___     _     ___   ___   ___   ___  
 |_   _| | __| / __| |_   _|   | _ \   /_\   / __| / __| | __| |   \ 
   | |   | _|  \__ \   | |     |  _/  / _ \  \__ \ \__ \ | _|  | |) |
   |_|   |___| |___/   |_|     |_|   /_/ \_\ |___/ |___/ |___| |___/ 

Get Wrong Product's Comment In AltaShop
----------------------------------------------------------------------
]]></system-out>
  </testcase>
  <testcase name="Successful Create Category" classname="Post" time="0.932">
    <system-out><![CDATA[10:56:25.556 [main] INFO io.cucumber.core.plugin.SerenityReporter - Running feature from file:///D:/PERKULIAHAN/SEMESTER%206/KAMPUS%20MERDEKA/PROYEK_ALTERRA/TestingAPIALTA/src/test/resources/api/CreateCategory.feature
10:56:25.556 [main] WARN io.cucumber.core.plugin.SerenityReporter - Feature from file:///D:/PERKULIAHAN/SEMESTER%206/KAMPUS%20MERDEKA/PROYEK_ALTERRA/TestingAPIALTA/src/test/resources/api/CreateCategory.feature is not under the 'features' directory. Requirements report will not be correctly generated!
10:56:25.559 [main] DEBUG net.thucydides.core.steps.StepEventBus - Test suite started for story net.thucydides.core.model.Story@32dbd578
10:56:25.560 [main] INFO  - Test Suite Started: Post

@create-success-category
Scenario: Successful Create Category         &amp#27;[90m# src/test/resources/api/CreateCategory.feature:3&amp#27;[0m
10:56:25.575 [main] INFO io.cucumber.core.plugin.SerenityReporter - Running feature from file:///D:/PERKULIAHAN/SEMESTER%206/KAMPUS%20MERDEKA/PROYEK_ALTERRA/TestingAPIALTA/src/test/resources/api/CreateCategory.feature
10:56:25.575 [main] WARN io.cucumber.core.plugin.SerenityReporter - Feature from file:///D:/PERKULIAHAN/SEMESTER%206/KAMPUS%20MERDEKA/PROYEK_ALTERRA/TestingAPIALTA/src/test/resources/api/CreateCategory.feature is not under the 'features' directory. Requirements report will not be correctly generated!
10:56:25.577 [main] INFO  - 
  _____   ___   ___   _____     ___   _____     _     ___   _____   ___   ___  
 |_   _| | __| / __| |_   _|   / __| |_   _|   /_\   | _ \ |_   _| | __| |   \ 
   | |   | _|  \__ \   | |     \__ \   | |    / _ \  |   /   | |   | _|  | |) |
   |_|   |___| |___/   |_|     |___/   |_|   /_/ \_\ |_|_\   |_|   |___| |___/ 

Successful Create Category(post;successful-create-category)
--------------------------------------------------------------------------------
10:56:25.593 [main] DEBUG net.thucydides.core.steps.StepInterceptor - STARTING STEP: CreateSteps.setPostApi - I set POST api endpoints
10:56:25.593 [main] DEBUG net.thucydides.core.steps.StepInterceptor - STEP DONE: I set POST api endpoints
  &amp#27;[32mGiven &amp#27;[0m&amp#27;[32mI set POST api endpoints&amp#27;[0m             &amp#27;[90m# starter.stepdefinitions.CreateSteps.setPostApi()&amp#27;[0m
10:56:25.596 [main] DEBUG net.thucydides.core.steps.StepInterceptor - STARTING STEP: CreateSteps.sendPostHttp - I create new category
10:56:25.609 [main] DEBUG net.thucydides.core.steps.StepInterceptor - STARTING STEP: Create.sendPostHttp - I set POST api endpoints
10:56:25.609 [main] DEBUG net.thucydides.core.steps.StepInterceptor - STEP DONE: I set POST api endpoints
10:56:25.653 [main] DEBUG org.apache.http.impl.conn.BasicClientConnectionManager - Get connection for route {s}->https://be-qa.alta.id:443
10:56:25.654 [main] DEBUG org.apache.http.impl.conn.DefaultClientConnectionOperator - Connecting to be-qa.alta.id:443
10:56:25.929 [main] DEBUG org.apache.http.client.protocol.RequestAddCookies - CookieSpec selected: ignoreCookies
10:56:25.929 [main] DEBUG org.apache.http.client.protocol.RequestAuthCache - Auth cache not set in the context
10:56:25.929 [main] DEBUG org.apache.http.client.protocol.RequestTargetAuthentication - Target auth state: UNCHALLENGED
10:56:25.929 [main] DEBUG org.apache.http.client.protocol.RequestProxyAuthentication - Proxy auth state: UNCHALLENGED
10:56:25.929 [main] DEBUG org.apache.http.impl.client.DefaultHttpClient - Attempt 1 to execute request
10:56:25.929 [main] DEBUG org.apache.http.impl.conn.DefaultClientConnection - Sending request: POST /api/categories HTTP/1.1
10:56:25.929 [main] DEBUG org.apache.http.wire -  >> "POST /api/categories HTTP/1.1[\r][\n]"
10:56:25.929 [main] DEBUG org.apache.http.wire -  >> "Accept: */*[\r][\n]"
10:56:25.930 [main] DEBUG org.apache.http.wire -  >> "Content-Type: application/json[\r][\n]"
10:56:25.930 [main] DEBUG org.apache.http.wire -  >> "Content-Length: 20[\r][\n]"
10:56:25.930 [main] DEBUG org.apache.http.wire -  >> "Host: be-qa.alta.id[\r][\n]"
10:56:25.930 [main] DEBUG org.apache.http.wire -  >> "Connection: Keep-Alive[\r][\n]"
10:56:25.930 [main] DEBUG org.apache.http.wire -  >> "User-Agent: Apache-HttpClient/4.5.13 (Java/1.8.0_241)[\r][\n]"
10:56:25.930 [main] DEBUG org.apache.http.wire -  >> "Accept-Encoding: gzip,deflate[\r][\n]"
10:56:25.930 [main] DEBUG org.apache.http.wire -  >> "[\r][\n]"
10:56:25.930 [main] DEBUG org.apache.http.headers - >> POST /api/categories HTTP/1.1
10:56:25.930 [main] DEBUG org.apache.http.headers - >> Accept: */*
10:56:25.930 [main] DEBUG org.apache.http.headers - >> Content-Type: application/json
10:56:25.930 [main] DEBUG org.apache.http.headers - >> Content-Length: 20
10:56:25.930 [main] DEBUG org.apache.http.headers - >> Host: be-qa.alta.id
10:56:25.930 [main] DEBUG org.apache.http.headers - >> Connection: Keep-Alive
10:56:25.930 [main] DEBUG org.apache.http.headers - >> User-Agent: Apache-HttpClient/4.5.13 (Java/1.8.0_241)
10:56:25.930 [main] DEBUG org.apache.http.headers - >> Accept-Encoding: gzip,deflate
10:56:25.930 [main] DEBUG org.apache.http.wire -  >> "{"name":"kesehatan"}"
10:56:25.971 [main] DEBUG org.apache.http.wire -  << "HTTP/1.1 200 OK[\r][\n]"
10:56:25.972 [main] DEBUG org.apache.http.wire -  << "Server: nginx/1.14.2[\r][\n]"
10:56:25.972 [main] DEBUG org.apache.http.wire -  << "Date: Sat, 14 May 2022 03:56:25 GMT[\r][\n]"
10:56:25.972 [main] DEBUG org.apache.http.wire -  << "Content-Type: application/json[\r][\n]"
10:56:25.972 [main] DEBUG org.apache.http.wire -  << "Content-Length: 57[\r][\n]"
10:56:25.972 [main] DEBUG org.apache.http.wire -  << "Connection: keep-alive[\r][\n]"
10:56:25.972 [main] DEBUG org.apache.http.wire -  << "[\r][\n]"
10:56:25.972 [main] DEBUG org.apache.http.impl.conn.DefaultClientConnection - Receiving response: HTTP/1.1 200 OK
10:56:25.972 [main] DEBUG org.apache.http.headers - << HTTP/1.1 200 OK
10:56:25.972 [main] DEBUG org.apache.http.headers - << Server: nginx/1.14.2
10:56:25.972 [main] DEBUG org.apache.http.headers - << Date: Sat, 14 May 2022 03:56:25 GMT
10:56:25.972 [main] DEBUG org.apache.http.headers - << Content-Type: application/json
10:56:25.972 [main] DEBUG org.apache.http.headers - << Content-Length: 57
10:56:25.972 [main] DEBUG org.apache.http.headers - << Connection: keep-alive
10:56:25.972 [main] DEBUG org.apache.http.impl.client.DefaultHttpClient - Connection can be kept alive indefinitely
10:56:25.972 [main] DEBUG io.restassured.internal.RequestSpecificationImpl$RestAssuredHttpBuilder - Parsing response as: application/json
10:56:25.972 [main] DEBUG io.restassured.internal.RequestSpecificationImpl$RestAssuredHttpBuilder - Parsed data to instance of: class org.apache.http.conn.EofSensorInputStream
10:56:25.974 [main] DEBUG org.apache.http.wire -  << "{"data":{"ID":1637,"Name":"kesehatan","Description":""}}[\n]"
10:56:25.974 [main] DEBUG org.apache.http.impl.conn.BasicClientConnectionManager - Releasing connection org.apache.http.impl.conn.ManagedClientConnectionImpl@421d54b3
10:56:25.974 [main] DEBUG org.apache.http.impl.conn.BasicClientConnectionManager - Connection can be kept alive indefinitely
10:56:25.974 [main] DEBUG net.thucydides.core.steps.StepInterceptor - STEP DONE: I create new category
  &amp#27;[32mWhen &amp#27;[0m&amp#27;[32mI create new category&amp#27;[0m                 &amp#27;[90m# starter.stepdefinitions.CreateSteps.sendPostHttp()&amp#27;[0m
10:56:25.979 [main] DEBUG net.thucydides.core.steps.StepInterceptor - STARTING STEP: GetSteps.getValidHTTP - I receive valid HTTP response code 200
10:56:25.979 [main] DEBUG net.thucydides.core.steps.StepInterceptor - STEP DONE: I receive valid HTTP response code 200
  &amp#27;[32mAnd &amp#27;[0m&amp#27;[32mI receive valid HTTP response code 200&amp#27;[0m &amp#27;[90m# starter.stepdefinitions.GetSteps.getValidHTTP()&amp#27;[0m
10:56:25.982 [main] DEBUG net.thucydides.core.steps.StepInterceptor - STARTING STEP: CreateSteps.receiveValidDataForCreateCategory - I receive valid data for new category
10:56:26.492 [main] DEBUG net.thucydides.core.steps.StepInterceptor - STEP DONE: I receive valid data for new category
  &amp#27;[32mThen &amp#27;[0m&amp#27;[32mI receive valid data for new category&amp#27;[0m &amp#27;[90m# starter.stepdefinitions.CreateSteps.receiveValidDataForCreateCategory()&amp#27;[0m
10:56:26.494 [main] INFO  - 
  _____   ___   ___   _____     ___     _     ___   ___   ___   ___  
 |_   _| | __| / __| |_   _|   | _ \   /_\   / __| / __| | __| |   \ 
   | |   | _|  \__ \   | |     |  _/  / _ \  \__ \ \__ \ | _|  | |) |
   |_|   |___| |___/   |_|     |_|   /_/ \_\ |___/ |___/ |___| |___/ 

Successful Create Category
----------------------------------------------------------------------
]]></system-out>
  </testcase>
  <testcase name="Failed Create Category With Combine String and character" classname="Post" time="0.404">
    <system-out><![CDATA[
@create-failed-category
Scenario: Failed Create Category With Combine String and character &amp#27;[90m# src/test/resources/api/CreateCategory.feature:12&amp#27;[0m
10:56:26.508 [main] INFO io.cucumber.core.plugin.SerenityReporter - Running feature from file:///D:/PERKULIAHAN/SEMESTER%206/KAMPUS%20MERDEKA/PROYEK_ALTERRA/TestingAPIALTA/src/test/resources/api/CreateCategory.feature
10:56:26.508 [main] WARN io.cucumber.core.plugin.SerenityReporter - Feature from file:///D:/PERKULIAHAN/SEMESTER%206/KAMPUS%20MERDEKA/PROYEK_ALTERRA/TestingAPIALTA/src/test/resources/api/CreateCategory.feature is not under the 'features' directory. Requirements report will not be correctly generated!
10:56:26.510 [main] INFO  - 
  _____   ___   ___   _____     ___   _____     _     ___   _____   ___   ___  
 |_   _| | __| / __| |_   _|   / __| |_   _|   /_\   | _ \ |_   _| | __| |   \ 
   | |   | _|  \__ \   | |     \__ \   | |    / _ \  |   /   | |   | _|  | |) |
   |_|   |___| |___/   |_|     |___/   |_|   /_/ \_\ |_|_\   |_|   |___| |___/ 

Failed Create Category With Combine String and character(post;failed-create-category-with-combine-string-and-character)
--------------------------------------------------------------------------------
10:56:26.521 [main] DEBUG net.thucydides.core.steps.StepInterceptor - STARTING STEP: CreateSteps.setPostApi - I set POST api endpoints
10:56:26.522 [main] DEBUG net.thucydides.core.steps.StepInterceptor - STEP DONE: I set POST api endpoints
  &amp#27;[32mGiven &amp#27;[0m&amp#27;[32mI set POST api endpoints&amp#27;[0m                                   &amp#27;[90m# starter.stepdefinitions.CreateSteps.setPostApi()&amp#27;[0m
10:56:26.526 [main] DEBUG net.thucydides.core.steps.StepInterceptor - STARTING STEP: CreateSteps.createNewCategoryWithCombine - I Create New Category with combine String and character
10:56:26.528 [main] DEBUG net.thucydides.core.steps.StepInterceptor - STARTING STEP: Create.sendPostHttpCombineStringInt - I set POST api endpoints
10:56:26.528 [main] DEBUG net.thucydides.core.steps.StepInterceptor - STEP DONE: I set POST api endpoints
10:56:26.541 [main] DEBUG org.apache.http.impl.conn.BasicClientConnectionManager - Get connection for route {s}->https://be-qa.alta.id:443
10:56:26.541 [main] DEBUG org.apache.http.impl.conn.DefaultClientConnectionOperator - Connecting to be-qa.alta.id:443
10:56:26.849 [main] DEBUG org.apache.http.client.protocol.RequestAddCookies - CookieSpec selected: ignoreCookies
10:56:26.849 [main] DEBUG org.apache.http.client.protocol.RequestAuthCache - Auth cache not set in the context
10:56:26.849 [main] DEBUG org.apache.http.client.protocol.RequestTargetAuthentication - Target auth state: UNCHALLENGED
10:56:26.849 [main] DEBUG org.apache.http.client.protocol.RequestProxyAuthentication - Proxy auth state: UNCHALLENGED
10:56:26.849 [main] DEBUG org.apache.http.impl.client.DefaultHttpClient - Attempt 1 to execute request
10:56:26.849 [main] DEBUG org.apache.http.impl.conn.DefaultClientConnection - Sending request: POST /api/categories HTTP/1.1
10:56:26.850 [main] DEBUG org.apache.http.wire -  >> "POST /api/categories HTTP/1.1[\r][\n]"
10:56:26.850 [main] DEBUG org.apache.http.wire -  >> "Accept: */*[\r][\n]"
10:56:26.850 [main] DEBUG org.apache.http.wire -  >> "Content-Type: application/json[\r][\n]"
10:56:26.850 [main] DEBUG org.apache.http.wire -  >> "Content-Length: 18[\r][\n]"
10:56:26.850 [main] DEBUG org.apache.http.wire -  >> "Host: be-qa.alta.id[\r][\n]"
10:56:26.850 [main] DEBUG org.apache.http.wire -  >> "Connection: Keep-Alive[\r][\n]"
10:56:26.850 [main] DEBUG org.apache.http.wire -  >> "User-Agent: Apache-HttpClient/4.5.13 (Java/1.8.0_241)[\r][\n]"
10:56:26.850 [main] DEBUG org.apache.http.wire -  >> "Accept-Encoding: gzip,deflate[\r][\n]"
10:56:26.850 [main] DEBUG org.apache.http.wire -  >> "[\r][\n]"
10:56:26.850 [main] DEBUG org.apache.http.headers - >> POST /api/categories HTTP/1.1
10:56:26.850 [main] DEBUG org.apache.http.headers - >> Accept: */*
10:56:26.850 [main] DEBUG org.apache.http.headers - >> Content-Type: application/json
10:56:26.850 [main] DEBUG org.apache.http.headers - >> Content-Length: 18
10:56:26.850 [main] DEBUG org.apache.http.headers - >> Host: be-qa.alta.id
10:56:26.850 [main] DEBUG org.apache.http.headers - >> Connection: Keep-Alive
10:56:26.850 [main] DEBUG org.apache.http.headers - >> User-Agent: Apache-HttpClient/4.5.13 (Java/1.8.0_241)
10:56:26.850 [main] DEBUG org.apache.http.headers - >> Accept-Encoding: gzip,deflate
10:56:26.850 [main] DEBUG org.apache.http.wire -  >> "{"name":"12@@@@@"}"
10:56:26.891 [main] DEBUG org.apache.http.wire -  << "HTTP/1.1 200 OK[\r][\n]"
10:56:26.891 [main] DEBUG org.apache.http.wire -  << "Server: nginx/1.14.2[\r][\n]"
10:56:26.891 [main] DEBUG org.apache.http.wire -  << "Date: Sat, 14 May 2022 03:56:26 GMT[\r][\n]"
10:56:26.891 [main] DEBUG org.apache.http.wire -  << "Content-Type: application/json[\r][\n]"
10:56:26.891 [main] DEBUG org.apache.http.wire -  << "Content-Length: 55[\r][\n]"
10:56:26.891 [main] DEBUG org.apache.http.wire -  << "Connection: keep-alive[\r][\n]"
10:56:26.891 [main] DEBUG org.apache.http.wire -  << "[\r][\n]"
10:56:26.891 [main] DEBUG org.apache.http.impl.conn.DefaultClientConnection - Receiving response: HTTP/1.1 200 OK
10:56:26.891 [main] DEBUG org.apache.http.headers - << HTTP/1.1 200 OK
10:56:26.891 [main] DEBUG org.apache.http.headers - << Server: nginx/1.14.2
10:56:26.891 [main] DEBUG org.apache.http.headers - << Date: Sat, 14 May 2022 03:56:26 GMT
10:56:26.891 [main] DEBUG org.apache.http.headers - << Content-Type: application/json
10:56:26.891 [main] DEBUG org.apache.http.headers - << Content-Length: 55
10:56:26.891 [main] DEBUG org.apache.http.headers - << Connection: keep-alive
10:56:26.891 [main] DEBUG org.apache.http.impl.client.DefaultHttpClient - Connection can be kept alive indefinitely
10:56:26.891 [main] DEBUG io.restassured.internal.RequestSpecificationImpl$RestAssuredHttpBuilder - Parsing response as: application/json
10:56:26.891 [main] DEBUG io.restassured.internal.RequestSpecificationImpl$RestAssuredHttpBuilder - Parsed data to instance of: class org.apache.http.conn.EofSensorInputStream
10:56:26.892 [main] DEBUG org.apache.http.wire -  << "{"data":{"ID":1638,"Name":"12@@@@@","Description":""}}[\n]"
10:56:26.893 [main] DEBUG org.apache.http.impl.conn.BasicClientConnectionManager - Releasing connection org.apache.http.impl.conn.ManagedClientConnectionImpl@783b3aa0
10:56:26.893 [main] DEBUG org.apache.http.impl.conn.BasicClientConnectionManager - Connection can be kept alive indefinitely
10:56:26.893 [main] DEBUG net.thucydides.core.steps.StepInterceptor - STEP DONE: I Create New Category with combine String and character
  &amp#27;[32mWhen &amp#27;[0m&amp#27;[32mI Create New Category with combine String and character&amp#27;[0m     &amp#27;[90m# starter.stepdefinitions.CreateSteps.createNewCategoryWithCombine()&amp#27;[0m
10:56:26.897 [main] DEBUG net.thucydides.core.steps.StepInterceptor - STARTING STEP: GetSteps.getValidHTTP - I receive valid HTTP response code 200
10:56:26.897 [main] DEBUG net.thucydides.core.steps.StepInterceptor - STEP DONE: I receive valid HTTP response code 200
  &amp#27;[32mAnd &amp#27;[0m&amp#27;[32mI receive valid HTTP response code 200&amp#27;[0m                       &amp#27;[90m# starter.stepdefinitions.GetSteps.getValidHTTP()&amp#27;[0m
10:56:26.899 [main] INFO  - 
  _____   ___   ___   _____     ___     _     ___   ___   ___   ___  
 |_   _| | __| / __| |_   _|   | _ \   /_\   / __| / __| | __| |   \ 
   | |   | _|  \__ \   | |     |  _/  / _ \  \__ \ \__ \ | _|  | |) |
   |_|   |___| |___/   |_|     |_|   /_/ \_\ |___/ |___/ |___| |___/ 

Failed Create Category With Combine String and character
----------------------------------------------------------------------
]]></system-out>
  </testcase>
  <testcase name="Failed Create Category With Combine Int" classname="Post" time="0.298">
    <system-out><![CDATA[
@create-failed-category
Scenario: Failed Create Category With Combine Int &amp#27;[90m# src/test/resources/api/CreateCategory.feature:19&amp#27;[0m
10:56:26.910 [main] INFO io.cucumber.core.plugin.SerenityReporter - Running feature from file:///D:/PERKULIAHAN/SEMESTER%206/KAMPUS%20MERDEKA/PROYEK_ALTERRA/TestingAPIALTA/src/test/resources/api/CreateCategory.feature
10:56:26.910 [main] WARN io.cucumber.core.plugin.SerenityReporter - Feature from file:///D:/PERKULIAHAN/SEMESTER%206/KAMPUS%20MERDEKA/PROYEK_ALTERRA/TestingAPIALTA/src/test/resources/api/CreateCategory.feature is not under the 'features' directory. Requirements report will not be correctly generated!
10:56:26.913 [main] INFO  - 
  _____   ___   ___   _____     ___   _____     _     ___   _____   ___   ___  
 |_   _| | __| / __| |_   _|   / __| |_   _|   /_\   | _ \ |_   _| | __| |   \ 
   | |   | _|  \__ \   | |     \__ \   | |    / _ \  |   /   | |   | _|  | |) |
   |_|   |___| |___/   |_|     |___/   |_|   /_/ \_\ |_|_\   |_|   |___| |___/ 

Failed Create Category With Combine Int(post;failed-create-category-with-combine-int)
--------------------------------------------------------------------------------
10:56:26.923 [main] DEBUG net.thucydides.core.steps.StepInterceptor - STARTING STEP: CreateSteps.setPostApi - I set POST api endpoints
10:56:26.923 [main] DEBUG net.thucydides.core.steps.StepInterceptor - STEP DONE: I set POST api endpoints
  &amp#27;[32mGiven &amp#27;[0m&amp#27;[32mI set POST api endpoints&amp#27;[0m                  &amp#27;[90m# starter.stepdefinitions.CreateSteps.setPostApi()&amp#27;[0m
10:56:26.925 [main] DEBUG net.thucydides.core.steps.StepInterceptor - STARTING STEP: CreateSteps.createNewwithint - I create New Category with int
10:56:26.926 [main] DEBUG net.thucydides.core.steps.StepInterceptor - STARTING STEP: Create.sendPostHttpInt - I set POST api endpoints
10:56:26.926 [main] DEBUG net.thucydides.core.steps.StepInterceptor - STEP DONE: I set POST api endpoints
10:56:26.936 [main] DEBUG org.apache.http.impl.conn.BasicClientConnectionManager - Get connection for route {s}->https://be-qa.alta.id:443
10:56:26.936 [main] DEBUG org.apache.http.impl.conn.DefaultClientConnectionOperator - Connecting to be-qa.alta.id:443
10:56:27.131 [main] DEBUG org.apache.http.client.protocol.RequestAddCookies - CookieSpec selected: ignoreCookies
10:56:27.131 [main] DEBUG org.apache.http.client.protocol.RequestAuthCache - Auth cache not set in the context
10:56:27.131 [main] DEBUG org.apache.http.client.protocol.RequestTargetAuthentication - Target auth state: UNCHALLENGED
10:56:27.131 [main] DEBUG org.apache.http.client.protocol.RequestProxyAuthentication - Proxy auth state: UNCHALLENGED
10:56:27.132 [main] DEBUG org.apache.http.impl.client.DefaultHttpClient - Attempt 1 to execute request
10:56:27.132 [main] DEBUG org.apache.http.impl.conn.DefaultClientConnection - Sending request: POST /api/categories HTTP/1.1
10:56:27.132 [main] DEBUG org.apache.http.wire -  >> "POST /api/categories HTTP/1.1[\r][\n]"
10:56:27.132 [main] DEBUG org.apache.http.wire -  >> "Accept: */*[\r][\n]"
10:56:27.132 [main] DEBUG org.apache.http.wire -  >> "Content-Type: application/json[\r][\n]"
10:56:27.132 [main] DEBUG org.apache.http.wire -  >> "Content-Length: 14[\r][\n]"
10:56:27.132 [main] DEBUG org.apache.http.wire -  >> "Host: be-qa.alta.id[\r][\n]"
10:56:27.132 [main] DEBUG org.apache.http.wire -  >> "Connection: Keep-Alive[\r][\n]"
10:56:27.132 [main] DEBUG org.apache.http.wire -  >> "User-Agent: Apache-HttpClient/4.5.13 (Java/1.8.0_241)[\r][\n]"
10:56:27.132 [main] DEBUG org.apache.http.wire -  >> "Accept-Encoding: gzip,deflate[\r][\n]"
10:56:27.132 [main] DEBUG org.apache.http.wire -  >> "[\r][\n]"
10:56:27.132 [main] DEBUG org.apache.http.headers - >> POST /api/categories HTTP/1.1
10:56:27.132 [main] DEBUG org.apache.http.headers - >> Accept: */*
10:56:27.132 [main] DEBUG org.apache.http.headers - >> Content-Type: application/json
10:56:27.132 [main] DEBUG org.apache.http.headers - >> Content-Length: 14
10:56:27.132 [main] DEBUG org.apache.http.headers - >> Host: be-qa.alta.id
10:56:27.132 [main] DEBUG org.apache.http.headers - >> Connection: Keep-Alive
10:56:27.132 [main] DEBUG org.apache.http.headers - >> User-Agent: Apache-HttpClient/4.5.13 (Java/1.8.0_241)
10:56:27.132 [main] DEBUG org.apache.http.headers - >> Accept-Encoding: gzip,deflate
10:56:27.132 [main] DEBUG org.apache.http.wire -  >> "{"name":12121}"
10:56:27.191 [main] DEBUG org.apache.http.wire -  << "HTTP/1.1 400 Bad Request[\r][\n]"
10:56:27.191 [main] DEBUG org.apache.http.wire -  << "Server: nginx/1.14.2[\r][\n]"
10:56:27.191 [main] DEBUG org.apache.http.wire -  << "Date: Sat, 14 May 2022 03:56:26 GMT[\r][\n]"
10:56:27.191 [main] DEBUG org.apache.http.wire -  << "Content-Type: application/json[\r][\n]"
10:56:27.191 [main] DEBUG org.apache.http.wire -  << "Content-Length: 98[\r][\n]"
10:56:27.191 [main] DEBUG org.apache.http.wire -  << "Connection: keep-alive[\r][\n]"
10:56:27.191 [main] DEBUG org.apache.http.wire -  << "[\r][\n]"
10:56:27.191 [main] DEBUG org.apache.http.impl.conn.DefaultClientConnection - Receiving response: HTTP/1.1 400 Bad Request
10:56:27.191 [main] DEBUG org.apache.http.headers - << HTTP/1.1 400 Bad Request
10:56:27.191 [main] DEBUG org.apache.http.headers - << Server: nginx/1.14.2
10:56:27.191 [main] DEBUG org.apache.http.headers - << Date: Sat, 14 May 2022 03:56:26 GMT
10:56:27.191 [main] DEBUG org.apache.http.headers - << Content-Type: application/json
10:56:27.191 [main] DEBUG org.apache.http.headers - << Content-Length: 98
10:56:27.191 [main] DEBUG org.apache.http.headers - << Connection: keep-alive
10:56:27.191 [main] DEBUG org.apache.http.impl.client.DefaultHttpClient - Connection can be kept alive indefinitely
10:56:27.192 [main] DEBUG io.restassured.internal.RequestSpecificationImpl$RestAssuredHttpBuilder - Parsing response as: application/json
10:56:27.192 [main] DEBUG io.restassured.internal.RequestSpecificationImpl$RestAssuredHttpBuilder - Parsed data to instance of: class org.apache.http.conn.EofSensorInputStream
10:56:27.193 [main] DEBUG org.apache.http.wire -  << "{"error":"json: cannot unmarshal number into Go struct field CategoryCreate.name of type string"}[\n]"
10:56:27.193 [main] DEBUG org.apache.http.impl.conn.BasicClientConnectionManager - Releasing connection org.apache.http.impl.conn.ManagedClientConnectionImpl@5c234920
10:56:27.193 [main] DEBUG org.apache.http.impl.conn.BasicClientConnectionManager - Connection can be kept alive indefinitely
10:56:27.193 [main] DEBUG net.thucydides.core.steps.StepInterceptor - STEP DONE: I create New Category with int
  &amp#27;[32mWhen &amp#27;[0m&amp#27;[32mI create New Category with int&amp#27;[0m             &amp#27;[90m# starter.stepdefinitions.CreateSteps.createNewwithint()&amp#27;[0m
10:56:27.195 [main] DEBUG net.thucydides.core.steps.StepInterceptor - STARTING STEP: CreateSteps.receiveValidData400 - I receive valid HTTP response code 400
10:56:27.196 [main] DEBUG net.thucydides.core.steps.StepInterceptor - STEP DONE: I receive valid HTTP response code 400
  &amp#27;[32mAnd &amp#27;[0m&amp#27;[32mI receive valid HTTP response code 400&amp#27;[0m      &amp#27;[90m# starter.stepdefinitions.CreateSteps.receiveValidData400()&amp#27;[0m
10:56:27.197 [main] INFO  - 
  _____   ___   ___   _____     ___     _     ___   ___   ___   ___  
 |_   _| | __| / __| |_   _|   | _ \   /_\   / __| / __| | __| |   \ 
   | |   | _|  \__ \   | |     |  _/  / _ \  \__ \ \__ \ | _|  | |) |
   |_|   |___| |___/   |_|     |_|   /_/ \_\ |___/ |___/ |___| |___/ 

Failed Create Category With Combine Int
----------------------------------------------------------------------
]]></system-out>
  </testcase>
  <testcase name="Failed Create Category With Combine int and character" classname="Post" time="0.635">
    <system-out><![CDATA[
@create-failed-category
Scenario: Failed Create Category With Combine int and character &amp#27;[90m# src/test/resources/api/CreateCategory.feature:26&amp#27;[0m
10:56:27.211 [main] INFO io.cucumber.core.plugin.SerenityReporter - Running feature from file:///D:/PERKULIAHAN/SEMESTER%206/KAMPUS%20MERDEKA/PROYEK_ALTERRA/TestingAPIALTA/src/test/resources/api/CreateCategory.feature
10:56:27.211 [main] WARN io.cucumber.core.plugin.SerenityReporter - Feature from file:///D:/PERKULIAHAN/SEMESTER%206/KAMPUS%20MERDEKA/PROYEK_ALTERRA/TestingAPIALTA/src/test/resources/api/CreateCategory.feature is not under the 'features' directory. Requirements report will not be correctly generated!
10:56:27.215 [main] INFO  - 
  _____   ___   ___   _____     ___   _____     _     ___   _____   ___   ___  
 |_   _| | __| / __| |_   _|   / __| |_   _|   /_\   | _ \ |_   _| | __| |   \ 
   | |   | _|  \__ \   | |     \__ \   | |    / _ \  |   /   | |   | _|  | |) |
   |_|   |___| |___/   |_|     |___/   |_|   /_/ \_\ |_|_\   |_|   |___| |___/ 

Failed Create Category With Combine int and character(post;failed-create-category-with-combine-int-and-character)
--------------------------------------------------------------------------------
10:56:27.224 [main] DEBUG net.thucydides.core.steps.StepInterceptor - STARTING STEP: CreateSteps.setPostApi - I set POST api endpoints
10:56:27.225 [main] DEBUG net.thucydides.core.steps.StepInterceptor - STEP DONE: I set POST api endpoints
  &amp#27;[32mGiven &amp#27;[0m&amp#27;[32mI set POST api endpoints&amp#27;[0m                                &amp#27;[90m# starter.stepdefinitions.CreateSteps.setPostApi()&amp#27;[0m
10:56:27.227 [main] DEBUG net.thucydides.core.steps.StepInterceptor - STARTING STEP: CreateSteps.createNewWithIntCharacter - I create New Category with combine int and character
10:56:27.228 [main] DEBUG net.thucydides.core.steps.StepInterceptor - STARTING STEP: Create.sendPostHttpCombine - I set POST api endpoints
10:56:27.228 [main] DEBUG net.thucydides.core.steps.StepInterceptor - STEP DONE: I set POST api endpoints
10:56:27.245 [main] DEBUG org.apache.http.impl.conn.BasicClientConnectionManager - Get connection for route {s}->https://be-qa.alta.id:443
10:56:27.245 [main] DEBUG org.apache.http.impl.conn.DefaultClientConnectionOperator - Connecting to be-qa.alta.id:443
10:56:27.784 [main] DEBUG org.apache.http.client.protocol.RequestAddCookies - CookieSpec selected: ignoreCookies
10:56:27.784 [main] DEBUG org.apache.http.client.protocol.RequestAuthCache - Auth cache not set in the context
10:56:27.784 [main] DEBUG org.apache.http.client.protocol.RequestTargetAuthentication - Target auth state: UNCHALLENGED
10:56:27.784 [main] DEBUG org.apache.http.client.protocol.RequestProxyAuthentication - Proxy auth state: UNCHALLENGED
10:56:27.784 [main] DEBUG org.apache.http.impl.client.DefaultHttpClient - Attempt 1 to execute request
10:56:27.784 [main] DEBUG org.apache.http.impl.conn.DefaultClientConnection - Sending request: POST /api/categories HTTP/1.1
10:56:27.784 [main] DEBUG org.apache.http.wire -  >> "POST /api/categories HTTP/1.1[\r][\n]"
10:56:27.784 [main] DEBUG org.apache.http.wire -  >> "Accept: */*[\r][\n]"
10:56:27.784 [main] DEBUG org.apache.http.wire -  >> "Content-Type: application/json[\r][\n]"
10:56:27.784 [main] DEBUG org.apache.http.wire -  >> "Content-Length: 16[\r][\n]"
10:56:27.784 [main] DEBUG org.apache.http.wire -  >> "Host: be-qa.alta.id[\r][\n]"
10:56:27.784 [main] DEBUG org.apache.http.wire -  >> "Connection: Keep-Alive[\r][\n]"
10:56:27.784 [main] DEBUG org.apache.http.wire -  >> "User-Agent: Apache-HttpClient/4.5.13 (Java/1.8.0_241)[\r][\n]"
10:56:27.784 [main] DEBUG org.apache.http.wire -  >> "Accept-Encoding: gzip,deflate[\r][\n]"
10:56:27.784 [main] DEBUG org.apache.http.wire -  >> "[\r][\n]"
10:56:27.784 [main] DEBUG org.apache.http.headers - >> POST /api/categories HTTP/1.1
10:56:27.784 [main] DEBUG org.apache.http.headers - >> Accept: */*
10:56:27.784 [main] DEBUG org.apache.http.headers - >> Content-Type: application/json
10:56:27.784 [main] DEBUG org.apache.http.headers - >> Content-Length: 16
10:56:27.784 [main] DEBUG org.apache.http.headers - >> Host: be-qa.alta.id
10:56:27.784 [main] DEBUG org.apache.http.headers - >> Connection: Keep-Alive
10:56:27.784 [main] DEBUG org.apache.http.headers - >> User-Agent: Apache-HttpClient/4.5.13 (Java/1.8.0_241)
10:56:27.784 [main] DEBUG org.apache.http.headers - >> Accept-Encoding: gzip,deflate
10:56:27.784 [main] DEBUG org.apache.http.wire -  >> "{"name":"12__@"}"
10:56:27.824 [main] DEBUG org.apache.http.wire -  << "HTTP/1.1 200 OK[\r][\n]"
10:56:27.824 [main] DEBUG org.apache.http.wire -  << "Server: nginx/1.14.2[\r][\n]"
10:56:27.824 [main] DEBUG org.apache.http.wire -  << "Date: Sat, 14 May 2022 03:56:27 GMT[\r][\n]"
10:56:27.824 [main] DEBUG org.apache.http.wire -  << "Content-Type: application/json[\r][\n]"
10:56:27.824 [main] DEBUG org.apache.http.wire -  << "Content-Length: 53[\r][\n]"
10:56:27.824 [main] DEBUG org.apache.http.wire -  << "Connection: keep-alive[\r][\n]"
10:56:27.824 [main] DEBUG org.apache.http.wire -  << "[\r][\n]"
10:56:27.824 [main] DEBUG org.apache.http.impl.conn.DefaultClientConnection - Receiving response: HTTP/1.1 200 OK
10:56:27.824 [main] DEBUG org.apache.http.headers - << HTTP/1.1 200 OK
10:56:27.824 [main] DEBUG org.apache.http.headers - << Server: nginx/1.14.2
10:56:27.824 [main] DEBUG org.apache.http.headers - << Date: Sat, 14 May 2022 03:56:27 GMT
10:56:27.824 [main] DEBUG org.apache.http.headers - << Content-Type: application/json
10:56:27.824 [main] DEBUG org.apache.http.headers - << Content-Length: 53
10:56:27.824 [main] DEBUG org.apache.http.headers - << Connection: keep-alive
10:56:27.824 [main] DEBUG org.apache.http.impl.client.DefaultHttpClient - Connection can be kept alive indefinitely
10:56:27.825 [main] DEBUG io.restassured.internal.RequestSpecificationImpl$RestAssuredHttpBuilder - Parsing response as: application/json
10:56:27.825 [main] DEBUG io.restassured.internal.RequestSpecificationImpl$RestAssuredHttpBuilder - Parsed data to instance of: class org.apache.http.conn.EofSensorInputStream
10:56:27.826 [main] DEBUG org.apache.http.wire -  << "{"data":{"ID":1639,"Name":"12__@","Description":""}}[\n]"
10:56:27.826 [main] DEBUG org.apache.http.impl.conn.BasicClientConnectionManager - Releasing connection org.apache.http.impl.conn.ManagedClientConnectionImpl@3d0d120b
10:56:27.826 [main] DEBUG org.apache.http.impl.conn.BasicClientConnectionManager - Connection can be kept alive indefinitely
10:56:27.826 [main] DEBUG net.thucydides.core.steps.StepInterceptor - STEP DONE: I create New Category with combine int and character
  &amp#27;[32mWhen &amp#27;[0m&amp#27;[32mI create New Category with combine int and character&amp#27;[0m     &amp#27;[90m# starter.stepdefinitions.CreateSteps.createNewWithIntCharacter()&amp#27;[0m
10:56:27.831 [main] DEBUG net.thucydides.core.steps.StepInterceptor - STARTING STEP: GetSteps.getValidHTTP - I receive valid HTTP response code 200
10:56:27.831 [main] DEBUG net.thucydides.core.steps.StepInterceptor - STEP DONE: I receive valid HTTP response code 200
  &amp#27;[32mAnd &amp#27;[0m&amp#27;[32mI receive valid HTTP response code 200&amp#27;[0m                    &amp#27;[90m# starter.stepdefinitions.GetSteps.getValidHTTP()&amp#27;[0m
10:56:27.833 [main] INFO  - 
  _____   ___   ___   _____     ___     _     ___   ___   ___   ___  
 |_   _| | __| / __| |_   _|   | _ \   /_\   / __| / __| | __| |   \ 
   | |   | _|  \__ \   | |     |  _/  / _ \  \__ \ \__ \ | _|  | |) |
   |_|   |___| |___/   |_|     |_|   /_/ \_\ |___/ |___/ |___| |___/ 

Failed Create Category With Combine int and character
----------------------------------------------------------------------
]]></system-out>
  </testcase>
  <testcase name="Failed Create Category With Combine Character and Int" classname="Post" time="0.426">
    <system-out><![CDATA[
@create-failed-category
Scenario: Failed Create Category With Combine Character and Int &amp#27;[90m# src/test/resources/api/CreateCategory.feature:33&amp#27;[0m
10:56:27.852 [main] INFO io.cucumber.core.plugin.SerenityReporter - Running feature from file:///D:/PERKULIAHAN/SEMESTER%206/KAMPUS%20MERDEKA/PROYEK_ALTERRA/TestingAPIALTA/src/test/resources/api/CreateCategory.feature
10:56:27.852 [main] WARN io.cucumber.core.plugin.SerenityReporter - Feature from file:///D:/PERKULIAHAN/SEMESTER%206/KAMPUS%20MERDEKA/PROYEK_ALTERRA/TestingAPIALTA/src/test/resources/api/CreateCategory.feature is not under the 'features' directory. Requirements report will not be correctly generated!
10:56:27.856 [main] INFO  - 
  _____   ___   ___   _____     ___   _____     _     ___   _____   ___   ___  
 |_   _| | __| / __| |_   _|   / __| |_   _|   /_\   | _ \ |_   _| | __| |   \ 
   | |   | _|  \__ \   | |     \__ \   | |    / _ \  |   /   | |   | _|  | |) |
   |_|   |___| |___/   |_|     |___/   |_|   /_/ \_\ |_|_\   |_|   |___| |___/ 

Failed Create Category With Combine Character and Int(post;failed-create-category-with-combine-character-and-int)
--------------------------------------------------------------------------------
10:56:27.863 [main] DEBUG net.thucydides.core.steps.StepInterceptor - STARTING STEP: CreateSteps.setPostApi - I set POST api endpoints
10:56:27.864 [main] DEBUG net.thucydides.core.steps.StepInterceptor - STEP DONE: I set POST api endpoints
  &amp#27;[32mGiven &amp#27;[0m&amp#27;[32mI set POST api endpoints&amp#27;[0m                                &amp#27;[90m# starter.stepdefinitions.CreateSteps.setPostApi()&amp#27;[0m
10:56:27.865 [main] DEBUG net.thucydides.core.steps.StepInterceptor - STARTING STEP: CreateSteps.twoCategoryInOneResponse - I create Two New Category In One Response
10:56:27.866 [main] DEBUG net.thucydides.core.steps.StepInterceptor - STARTING STEP: Create.twoCategoryInOneResponse - I set POST api endpoints
10:56:27.866 [main] DEBUG net.thucydides.core.steps.StepInterceptor - STEP DONE: I set POST api endpoints
10:56:27.876 [main] DEBUG org.apache.http.impl.conn.BasicClientConnectionManager - Get connection for route {s}->https://be-qa.alta.id:443
10:56:27.876 [main] DEBUG org.apache.http.impl.conn.DefaultClientConnectionOperator - Connecting to be-qa.alta.id:443
10:56:28.212 [main] DEBUG org.apache.http.client.protocol.RequestAddCookies - CookieSpec selected: ignoreCookies
10:56:28.212 [main] DEBUG org.apache.http.client.protocol.RequestAuthCache - Auth cache not set in the context
10:56:28.212 [main] DEBUG org.apache.http.client.protocol.RequestTargetAuthentication - Target auth state: UNCHALLENGED
10:56:28.212 [main] DEBUG org.apache.http.client.protocol.RequestProxyAuthentication - Proxy auth state: UNCHALLENGED
10:56:28.212 [main] DEBUG org.apache.http.impl.client.DefaultHttpClient - Attempt 1 to execute request
10:56:28.212 [main] DEBUG org.apache.http.impl.conn.DefaultClientConnection - Sending request: POST /api/categories HTTP/1.1
10:56:28.212 [main] DEBUG org.apache.http.wire -  >> "POST /api/categories HTTP/1.1[\r][\n]"
10:56:28.212 [main] DEBUG org.apache.http.wire -  >> "Accept: */*[\r][\n]"
10:56:28.212 [main] DEBUG org.apache.http.wire -  >> "Content-Type: application/json[\r][\n]"
10:56:28.212 [main] DEBUG org.apache.http.wire -  >> "Content-Length: 18[\r][\n]"
10:56:28.212 [main] DEBUG org.apache.http.wire -  >> "Host: be-qa.alta.id[\r][\n]"
10:56:28.212 [main] DEBUG org.apache.http.wire -  >> "Connection: Keep-Alive[\r][\n]"
10:56:28.212 [main] DEBUG org.apache.http.wire -  >> "User-Agent: Apache-HttpClient/4.5.13 (Java/1.8.0_241)[\r][\n]"
10:56:28.213 [main] DEBUG org.apache.http.wire -  >> "Accept-Encoding: gzip,deflate[\r][\n]"
10:56:28.213 [main] DEBUG org.apache.http.wire -  >> "[\r][\n]"
10:56:28.213 [main] DEBUG org.apache.http.headers - >> POST /api/categories HTTP/1.1
10:56:28.213 [main] DEBUG org.apache.http.headers - >> Accept: */*
10:56:28.213 [main] DEBUG org.apache.http.headers - >> Content-Type: application/json
10:56:28.213 [main] DEBUG org.apache.http.headers - >> Content-Length: 18
10:56:28.213 [main] DEBUG org.apache.http.headers - >> Host: be-qa.alta.id
10:56:28.213 [main] DEBUG org.apache.http.headers - >> Connection: Keep-Alive
10:56:28.213 [main] DEBUG org.apache.http.headers - >> User-Agent: Apache-HttpClient/4.5.13 (Java/1.8.0_241)
10:56:28.213 [main] DEBUG org.apache.http.headers - >> Accept-Encoding: gzip,deflate
10:56:28.213 [main] DEBUG org.apache.http.wire -  >> "{"name":"Minuman"}"
10:56:28.252 [main] DEBUG org.apache.http.wire -  << "HTTP/1.1 200 OK[\r][\n]"
10:56:28.252 [main] DEBUG org.apache.http.wire -  << "Server: nginx/1.14.2[\r][\n]"
10:56:28.252 [main] DEBUG org.apache.http.wire -  << "Date: Sat, 14 May 2022 03:56:27 GMT[\r][\n]"
10:56:28.252 [main] DEBUG org.apache.http.wire -  << "Content-Type: application/json[\r][\n]"
10:56:28.252 [main] DEBUG org.apache.http.wire -  << "Content-Length: 55[\r][\n]"
10:56:28.252 [main] DEBUG org.apache.http.wire -  << "Connection: keep-alive[\r][\n]"
10:56:28.252 [main] DEBUG org.apache.http.wire -  << "[\r][\n]"
10:56:28.252 [main] DEBUG org.apache.http.impl.conn.DefaultClientConnection - Receiving response: HTTP/1.1 200 OK
10:56:28.252 [main] DEBUG org.apache.http.headers - << HTTP/1.1 200 OK
10:56:28.252 [main] DEBUG org.apache.http.headers - << Server: nginx/1.14.2
10:56:28.252 [main] DEBUG org.apache.http.headers - << Date: Sat, 14 May 2022 03:56:27 GMT
10:56:28.252 [main] DEBUG org.apache.http.headers - << Content-Type: application/json
10:56:28.252 [main] DEBUG org.apache.http.headers - << Content-Length: 55
10:56:28.252 [main] DEBUG org.apache.http.headers - << Connection: keep-alive
10:56:28.252 [main] DEBUG org.apache.http.impl.client.DefaultHttpClient - Connection can be kept alive indefinitely
10:56:28.252 [main] DEBUG io.restassured.internal.RequestSpecificationImpl$RestAssuredHttpBuilder - Parsing response as: application/json
10:56:28.252 [main] DEBUG io.restassured.internal.RequestSpecificationImpl$RestAssuredHttpBuilder - Parsed data to instance of: class org.apache.http.conn.EofSensorInputStream
10:56:28.253 [main] DEBUG org.apache.http.wire -  << "{"data":{"ID":1640,"Name":"Minuman","Description":""}}[\n]"
10:56:28.253 [main] DEBUG org.apache.http.impl.conn.BasicClientConnectionManager - Releasing connection org.apache.http.impl.conn.ManagedClientConnectionImpl@13ca16bf
10:56:28.253 [main] DEBUG org.apache.http.impl.conn.BasicClientConnectionManager - Connection can be kept alive indefinitely
10:56:28.253 [main] DEBUG net.thucydides.core.steps.StepInterceptor - STEP DONE: I create Two New Category In One Response
  &amp#27;[32mWhen &amp#27;[0m&amp#27;[32mI create Two New Category In One Response&amp#27;[0m                &amp#27;[90m# starter.stepdefinitions.CreateSteps.twoCategoryInOneResponse()&amp#27;[0m
10:56:28.257 [main] DEBUG net.thucydides.core.steps.StepInterceptor - STARTING STEP: GetSteps.getValidHTTP - I receive valid HTTP response code 200
10:56:28.257 [main] DEBUG net.thucydides.core.steps.StepInterceptor - STEP DONE: I receive valid HTTP response code 200
  &amp#27;[32mAnd &amp#27;[0m&amp#27;[32mI receive valid HTTP response code 200&amp#27;[0m                    &amp#27;[90m# starter.stepdefinitions.GetSteps.getValidHTTP()&amp#27;[0m
10:56:28.258 [main] INFO  - 
  _____   ___   ___   _____     ___     _     ___   ___   ___   ___  
 |_   _| | __| / __| |_   _|   | _ \   /_\   / __| / __| | __| |   \ 
   | |   | _|  \__ \   | |     |  _/  / _ \  \__ \ \__ \ | _|  | |) |
   |_|   |___| |___/   |_|     |_|   /_/ \_\ |___/ |___/ |___| |___/ 

Failed Create Category With Combine Character and Int
----------------------------------------------------------------------
]]></system-out>
  </testcase>
  <testcase name="Failed Create Category Without Body" classname="Post" time="0.273">
    <system-out><![CDATA[
@create-failed-category
Scenario: Failed Create Category Without Body &amp#27;[90m# src/test/resources/api/CreateCategory.feature:40&amp#27;[0m
10:56:28.264 [main] INFO io.cucumber.core.plugin.SerenityReporter - Running feature from file:///D:/PERKULIAHAN/SEMESTER%206/KAMPUS%20MERDEKA/PROYEK_ALTERRA/TestingAPIALTA/src/test/resources/api/CreateCategory.feature
10:56:28.264 [main] WARN io.cucumber.core.plugin.SerenityReporter - Feature from file:///D:/PERKULIAHAN/SEMESTER%206/KAMPUS%20MERDEKA/PROYEK_ALTERRA/TestingAPIALTA/src/test/resources/api/CreateCategory.feature is not under the 'features' directory. Requirements report will not be correctly generated!
10:56:28.265 [main] INFO  - 
  _____   ___   ___   _____     ___   _____     _     ___   _____   ___   ___  
 |_   _| | __| / __| |_   _|   / __| |_   _|   /_\   | _ \ |_   _| | __| |   \ 
   | |   | _|  \__ \   | |     \__ \   | |    / _ \  |   /   | |   | _|  | |) |
   |_|   |___| |___/   |_|     |___/   |_|   /_/ \_\ |_|_\   |_|   |___| |___/ 

Failed Create Category Without Body(post;failed-create-category-without-body)
--------------------------------------------------------------------------------
10:56:28.271 [main] DEBUG net.thucydides.core.steps.StepInterceptor - STARTING STEP: CreateSteps.setPostApi - I set POST api endpoints
10:56:28.272 [main] DEBUG net.thucydides.core.steps.StepInterceptor - STEP DONE: I set POST api endpoints
  &amp#27;[32mGiven &amp#27;[0m&amp#27;[32mI set POST api endpoints&amp#27;[0m              &amp#27;[90m# starter.stepdefinitions.CreateSteps.setPostApi()&amp#27;[0m
10:56:28.274 [main] DEBUG net.thucydides.core.steps.StepInterceptor - STARTING STEP: CreateSteps.createNewCategoryWithoutBody - I create New Category without body
10:56:28.275 [main] DEBUG net.thucydides.core.steps.StepInterceptor - STARTING STEP: Create.createNewCategoryWithoutBody - I set POST api endpoints
10:56:28.275 [main] DEBUG net.thucydides.core.steps.StepInterceptor - STEP DONE: I set POST api endpoints
10:56:28.285 [main] DEBUG org.apache.http.impl.conn.BasicClientConnectionManager - Get connection for route {s}->https://be-qa.alta.id:443
10:56:28.285 [main] DEBUG org.apache.http.impl.conn.DefaultClientConnectionOperator - Connecting to be-qa.alta.id:443
10:56:28.485 [main] DEBUG org.apache.http.client.protocol.RequestAddCookies - CookieSpec selected: ignoreCookies
10:56:28.485 [main] DEBUG org.apache.http.client.protocol.RequestAuthCache - Auth cache not set in the context
10:56:28.485 [main] DEBUG org.apache.http.client.protocol.RequestTargetAuthentication - Target auth state: UNCHALLENGED
10:56:28.485 [main] DEBUG org.apache.http.client.protocol.RequestProxyAuthentication - Proxy auth state: UNCHALLENGED
10:56:28.485 [main] DEBUG org.apache.http.impl.client.DefaultHttpClient - Attempt 1 to execute request
10:56:28.485 [main] DEBUG org.apache.http.impl.conn.DefaultClientConnection - Sending request: POST /api/categories HTTP/1.1
10:56:28.485 [main] DEBUG org.apache.http.wire -  >> "POST /api/categories HTTP/1.1[\r][\n]"
10:56:28.485 [main] DEBUG org.apache.http.wire -  >> "Accept: */*[\r][\n]"
10:56:28.485 [main] DEBUG org.apache.http.wire -  >> "Content-Type: application/json[\r][\n]"
10:56:28.485 [main] DEBUG org.apache.http.wire -  >> "Content-Length: 11[\r][\n]"
10:56:28.485 [main] DEBUG org.apache.http.wire -  >> "Host: be-qa.alta.id[\r][\n]"
10:56:28.485 [main] DEBUG org.apache.http.wire -  >> "Connection: Keep-Alive[\r][\n]"
10:56:28.485 [main] DEBUG org.apache.http.wire -  >> "User-Agent: Apache-HttpClient/4.5.13 (Java/1.8.0_241)[\r][\n]"
10:56:28.485 [main] DEBUG org.apache.http.wire -  >> "Accept-Encoding: gzip,deflate[\r][\n]"
10:56:28.485 [main] DEBUG org.apache.http.wire -  >> "[\r][\n]"
10:56:28.485 [main] DEBUG org.apache.http.headers - >> POST /api/categories HTTP/1.1
10:56:28.485 [main] DEBUG org.apache.http.headers - >> Accept: */*
10:56:28.485 [main] DEBUG org.apache.http.headers - >> Content-Type: application/json
10:56:28.485 [main] DEBUG org.apache.http.headers - >> Content-Length: 11
10:56:28.485 [main] DEBUG org.apache.http.headers - >> Host: be-qa.alta.id
10:56:28.485 [main] DEBUG org.apache.http.headers - >> Connection: Keep-Alive
10:56:28.485 [main] DEBUG org.apache.http.headers - >> User-Agent: Apache-HttpClient/4.5.13 (Java/1.8.0_241)
10:56:28.485 [main] DEBUG org.apache.http.headers - >> Accept-Encoding: gzip,deflate
10:56:28.485 [main] DEBUG org.apache.http.wire -  >> "{"name":""}"
10:56:28.525 [main] DEBUG org.apache.http.wire -  << "HTTP/1.1 500 Internal Server Error[\r][\n]"
10:56:28.525 [main] DEBUG org.apache.http.wire -  << "Server: nginx/1.14.2[\r][\n]"
10:56:28.525 [main] DEBUG org.apache.http.wire -  << "Date: Sat, 14 May 2022 03:56:27 GMT[\r][\n]"
10:56:28.525 [main] DEBUG org.apache.http.wire -  << "Content-Type: application/json[\r][\n]"
10:56:28.526 [main] DEBUG org.apache.http.wire -  << "Content-Length: 124[\r][\n]"
10:56:28.526 [main] DEBUG org.apache.http.wire -  << "Connection: keep-alive[\r][\n]"
10:56:28.526 [main] DEBUG org.apache.http.wire -  << "[\r][\n]"
10:56:28.526 [main] DEBUG org.apache.http.impl.conn.DefaultClientConnection - Receiving response: HTTP/1.1 500 Internal Server Error
10:56:28.526 [main] DEBUG org.apache.http.headers - << HTTP/1.1 500 Internal Server Error
10:56:28.526 [main] DEBUG org.apache.http.headers - << Server: nginx/1.14.2
10:56:28.526 [main] DEBUG org.apache.http.headers - << Date: Sat, 14 May 2022 03:56:27 GMT
10:56:28.526 [main] DEBUG org.apache.http.headers - << Content-Type: application/json
10:56:28.526 [main] DEBUG org.apache.http.headers - << Content-Length: 124
10:56:28.526 [main] DEBUG org.apache.http.headers - << Connection: keep-alive
10:56:28.526 [main] DEBUG org.apache.http.impl.client.DefaultHttpClient - Connection can be kept alive indefinitely
10:56:28.526 [main] DEBUG io.restassured.internal.RequestSpecificationImpl$RestAssuredHttpBuilder - Parsing response as: application/json
10:56:28.526 [main] DEBUG io.restassured.internal.RequestSpecificationImpl$RestAssuredHttpBuilder - Parsed data to instance of: class org.apache.http.conn.EofSensorInputStream
10:56:28.528 [main] DEBUG org.apache.http.wire -  << "{"error":"ERROR: new row for relation \"categories\" violates check constraint \"categories_name_check\" (SQLSTATE 23514)"}[\n]"
10:56:28.528 [main] DEBUG org.apache.http.impl.conn.BasicClientConnectionManager - Releasing connection org.apache.http.impl.conn.ManagedClientConnectionImpl@60928a61
10:56:28.528 [main] DEBUG org.apache.http.impl.conn.BasicClientConnectionManager - Connection can be kept alive indefinitely
10:56:28.528 [main] DEBUG net.thucydides.core.steps.StepInterceptor - STEP DONE: I create New Category without body
  &amp#27;[32mWhen &amp#27;[0m&amp#27;[32mI create New Category without body&amp#27;[0m     &amp#27;[90m# starter.stepdefinitions.CreateSteps.createNewCategoryWithoutBody()&amp#27;[0m
10:56:28.530 [main] DEBUG net.thucydides.core.steps.StepInterceptor - STARTING STEP: CreateSteps.getInvalidHTTPCategory500 - I receive valid HTTP response code 500
10:56:28.531 [main] DEBUG net.thucydides.core.steps.StepInterceptor - STEP DONE: I receive valid HTTP response code 500
  &amp#27;[32mAnd &amp#27;[0m&amp#27;[32mI receive valid HTTP response code 500&amp#27;[0m  &amp#27;[90m# starter.stepdefinitions.CreateSteps.getInvalidHTTPCategory500()&amp#27;[0m
10:56:28.532 [main] INFO  - 
  _____   ___   ___   _____     ___     _     ___   ___   ___   ___  
 |_   _| | __| / __| |_   _|   | _ \   /_\   / __| / __| | __| |   \ 
   | |   | _|  \__ \   | |     |  _/  / _ \  \__ \ \__ \ | _|  | |) |
   |_|   |___| |___/   |_|     |_|   /_/ \_\ |___/ |___/ |___| |___/ 

Failed Create Category Without Body
----------------------------------------------------------------------
]]></system-out>
  </testcase>
  <testcase name="Create Product&apos;s Comment In AltaShop" classname="Create Product&apos;s Comments" time="0.335">
    <system-out><![CDATA[10:56:28.533 [main] INFO io.cucumber.core.plugin.SerenityReporter - Running feature from file:///D:/PERKULIAHAN/SEMESTER%206/KAMPUS%20MERDEKA/PROYEK_ALTERRA/TestingAPIALTA/src/test/resources/api/CreateComment.feature
10:56:28.533 [main] WARN io.cucumber.core.plugin.SerenityReporter - Feature from file:///D:/PERKULIAHAN/SEMESTER%206/KAMPUS%20MERDEKA/PROYEK_ALTERRA/TestingAPIALTA/src/test/resources/api/CreateComment.feature is not under the 'features' directory. Requirements report will not be correctly generated!
10:56:28.534 [main] DEBUG net.thucydides.core.steps.StepEventBus - Test suite started for story net.thucydides.core.model.Story@cd226998
10:56:28.534 [main] INFO  - Test Suite Started: Create Product's Comments

@create-product-comments
Scenario: Create Product's Comment In AltaShop      &amp#27;[90m# src/test/resources/api/CreateComment.feature:3&amp#27;[0m
10:56:28.544 [main] INFO io.cucumber.core.plugin.SerenityReporter - Running feature from file:///D:/PERKULIAHAN/SEMESTER%206/KAMPUS%20MERDEKA/PROYEK_ALTERRA/TestingAPIALTA/src/test/resources/api/CreateComment.feature
10:56:28.544 [main] WARN io.cucumber.core.plugin.SerenityReporter - Feature from file:///D:/PERKULIAHAN/SEMESTER%206/KAMPUS%20MERDEKA/PROYEK_ALTERRA/TestingAPIALTA/src/test/resources/api/CreateComment.feature is not under the 'features' directory. Requirements report will not be correctly generated!
10:56:28.545 [main] INFO  - 
  _____   ___   ___   _____     ___   _____     _     ___   _____   ___   ___  
 |_   _| | __| / __| |_   _|   / __| |_   _|   /_\   | _ \ |_   _| | __| |   \ 
   | |   | _|  \__ \   | |     \__ \   | |    / _ \  |   /   | |   | _|  | |) |
   |_|   |___| |___/   |_|     |___/   |_|   /_/ \_\ |_|_\   |_|   |___| |___/ 

Create Product's Comment In AltaShop(create-product-s-comments;create-product-s-comment-in-altashop)
--------------------------------------------------------------------------------
10:56:28.558 [main] DEBUG net.thucydides.core.steps.StepInterceptor - STARTING STEP: CreateCommentStep.setPostApiForComment - I set POST api endpoints for create comment
10:56:28.558 [main] DEBUG net.thucydides.core.steps.StepInterceptor - STEP DONE: I set POST api endpoints for create comment
  &amp#27;[32mGiven &amp#27;[0m&amp#27;[32mI set POST api endpoints for create comment&amp#27;[0m &amp#27;[90m# starter.stepdefinitions.CreateCommentStep.setPostApiForComment()&amp#27;[0m
10:56:28.560 [main] DEBUG net.thucydides.core.steps.StepInterceptor - STARTING STEP: CreateCommentStep.sendPostHttpReqForComment - I send POST HTTP Request for create comment
10:56:28.561 [main] DEBUG net.thucydides.core.steps.StepInterceptor - STARTING STEP: CreateComment.sendPostHttpReqForComment - I set POST api endpoints for create comment
10:56:28.561 [main] DEBUG net.thucydides.core.steps.StepInterceptor - STEP DONE: I set POST api endpoints for create comment
10:56:28.571 [main] DEBUG org.apache.http.impl.conn.BasicClientConnectionManager - Get connection for route {s}->https://be-qa.alta.id:443
10:56:28.573 [main] DEBUG org.apache.http.impl.conn.DefaultClientConnectionOperator - Connecting to be-qa.alta.id:443
10:56:28.820 [main] DEBUG org.apache.http.client.protocol.RequestAddCookies - CookieSpec selected: ignoreCookies
10:56:28.820 [main] DEBUG org.apache.http.client.protocol.RequestAuthCache - Auth cache not set in the context
10:56:28.820 [main] DEBUG org.apache.http.client.protocol.RequestProxyAuthentication - Proxy auth state: UNCHALLENGED
10:56:28.820 [main] DEBUG org.apache.http.impl.client.DefaultHttpClient - Attempt 1 to execute request
10:56:28.820 [main] DEBUG org.apache.http.impl.conn.DefaultClientConnection - Sending request: POST /api/products/2/comments HTTP/1.1
10:56:28.820 [main] DEBUG org.apache.http.wire -  >> "POST /api/products/2/comments HTTP/1.1[\r][\n]"
10:56:28.820 [main] DEBUG org.apache.http.wire -  >> "Authorization: Bearer eyJhbGciOiJIUzI1NiIsInR5cCI6IkpXVCJ9.eyJGdWxsbmFtZSI6IkFsZXggVW5kZXIiLCJFbWFpbCI6ImFuaXRhbGFzbWFyaWFAZ21haWwuY29tIn0.hBBhAuPzWCW9alS5kZSou2p-O1TtPz0W1CmGlUwXz_4[\r][\n]"
10:56:28.820 [main] DEBUG org.apache.http.wire -  >> "Accept: */*[\r][\n]"
10:56:28.820 [main] DEBUG org.apache.http.wire -  >> "Content-Type: text/plain; charset=ISO-8859-1[\r][\n]"
10:56:28.820 [main] DEBUG org.apache.http.wire -  >> "Content-Length: 26[\r][\n]"
10:56:28.820 [main] DEBUG org.apache.http.wire -  >> "Host: be-qa.alta.id[\r][\n]"
10:56:28.820 [main] DEBUG org.apache.http.wire -  >> "Connection: Keep-Alive[\r][\n]"
10:56:28.820 [main] DEBUG org.apache.http.wire -  >> "User-Agent: Apache-HttpClient/4.5.13 (Java/1.8.0_241)[\r][\n]"
10:56:28.820 [main] DEBUG org.apache.http.wire -  >> "Accept-Encoding: gzip,deflate[\r][\n]"
10:56:28.820 [main] DEBUG org.apache.http.wire -  >> "[\r][\n]"
10:56:28.820 [main] DEBUG org.apache.http.headers - >> POST /api/products/2/comments HTTP/1.1
10:56:28.820 [main] DEBUG org.apache.http.headers - >> Authorization: Bearer eyJhbGciOiJIUzI1NiIsInR5cCI6IkpXVCJ9.eyJGdWxsbmFtZSI6IkFsZXggVW5kZXIiLCJFbWFpbCI6ImFuaXRhbGFzbWFyaWFAZ21haWwuY29tIn0.hBBhAuPzWCW9alS5kZSou2p-O1TtPz0W1CmGlUwXz_4
10:56:28.820 [main] DEBUG org.apache.http.headers - >> Accept: */*
10:56:28.820 [main] DEBUG org.apache.http.headers - >> Content-Type: text/plain; charset=ISO-8859-1
10:56:28.820 [main] DEBUG org.apache.http.headers - >> Content-Length: 26
10:56:28.820 [main] DEBUG org.apache.http.headers - >> Host: be-qa.alta.id
10:56:28.820 [main] DEBUG org.apache.http.headers - >> Connection: Keep-Alive
10:56:28.820 [main] DEBUG org.apache.http.headers - >> User-Agent: Apache-HttpClient/4.5.13 (Java/1.8.0_241)
10:56:28.820 [main] DEBUG org.apache.http.headers - >> Accept-Encoding: gzip,deflate
10:56:28.821 [main] DEBUG org.apache.http.wire -  >> "{"content":"mantap dong!"}"
10:56:28.862 [main] DEBUG org.apache.http.wire -  << "HTTP/1.1 200 OK[\r][\n]"
10:56:28.862 [main] DEBUG org.apache.http.wire -  << "Server: nginx/1.14.2[\r][\n]"
10:56:28.862 [main] DEBUG org.apache.http.wire -  << "Date: Sat, 14 May 2022 03:56:28 GMT[\r][\n]"
10:56:28.862 [main] DEBUG org.apache.http.wire -  << "Content-Type: application/json[\r][\n]"
10:56:28.862 [main] DEBUG org.apache.http.wire -  << "Content-Length: 87[\r][\n]"
10:56:28.862 [main] DEBUG org.apache.http.wire -  << "Connection: keep-alive[\r][\n]"
10:56:28.862 [main] DEBUG org.apache.http.wire -  << "[\r][\n]"
10:56:28.862 [main] DEBUG org.apache.http.impl.conn.DefaultClientConnection - Receiving response: HTTP/1.1 200 OK
10:56:28.862 [main] DEBUG org.apache.http.headers - << HTTP/1.1 200 OK
10:56:28.862 [main] DEBUG org.apache.http.headers - << Server: nginx/1.14.2
10:56:28.862 [main] DEBUG org.apache.http.headers - << Date: Sat, 14 May 2022 03:56:28 GMT
10:56:28.862 [main] DEBUG org.apache.http.headers - << Content-Type: application/json
10:56:28.862 [main] DEBUG org.apache.http.headers - << Content-Length: 87
10:56:28.862 [main] DEBUG org.apache.http.headers - << Connection: keep-alive
10:56:28.862 [main] DEBUG org.apache.http.impl.client.DefaultHttpClient - Connection can be kept alive indefinitely
10:56:28.862 [main] DEBUG io.restassured.internal.RequestSpecificationImpl$RestAssuredHttpBuilder - Parsing response as: application/json
10:56:28.863 [main] DEBUG io.restassured.internal.RequestSpecificationImpl$RestAssuredHttpBuilder - Parsed data to instance of: class org.apache.http.conn.EofSensorInputStream
10:56:28.863 [main] DEBUG org.apache.http.wire -  << "{"data":{"ID":627,"Content":"mantap dong!","User":null,"Product":null,"Comment":null}}[\n]"
10:56:28.863 [main] DEBUG org.apache.http.impl.conn.BasicClientConnectionManager - Releasing connection org.apache.http.impl.conn.ManagedClientConnectionImpl@42107318
10:56:28.863 [main] DEBUG org.apache.http.impl.conn.BasicClientConnectionManager - Connection can be kept alive indefinitely
10:56:28.864 [main] DEBUG net.thucydides.core.steps.StepInterceptor - STEP DONE: I send POST HTTP Request for create comment
  &amp#27;[32mWhen &amp#27;[0m&amp#27;[32mI send POST HTTP Request for create comment&amp#27;[0m  &amp#27;[90m# starter.stepdefinitions.CreateCommentStep.sendPostHttpReqForComment()&amp#27;[0m
10:56:28.868 [main] DEBUG net.thucydides.core.steps.StepInterceptor - STARTING STEP: GetSteps.getValidHTTP - I receive valid HTTP response code 200
10:56:28.868 [main] DEBUG net.thucydides.core.steps.StepInterceptor - STEP DONE: I receive valid HTTP response code 200
  &amp#27;[32mThen &amp#27;[0m&amp#27;[32mI receive valid HTTP response code 200&amp#27;[0m       &amp#27;[90m# starter.stepdefinitions.GetSteps.getValidHTTP()&amp#27;[0m
10:56:28.870 [main] INFO  - 
  _____   ___   ___   _____     ___     _     ___   ___   ___   ___  
 |_   _| | __| / __| |_   _|   | _ \   /_\   / __| / __| | __| |   \ 
   | |   | _|  \__ \   | |     |  _/  / _ \  \__ \ \__ \ | _|  | |) |
   |_|   |___| |___/   |_|     |_|   /_/ \_\ |___/ |___/ |___| |___/ 

Create Product's Comment In AltaShop
----------------------------------------------------------------------
]]></system-out>
  </testcase>
  <testcase name="Failed to createProduct&apos;s Comment In AltaShop" classname="Create Product&apos;s Comments" time="0.537">
    <system-out><![CDATA[
@create-wrong-product-comments
Scenario: Failed to createProduct's Comment In AltaShop  &amp#27;[90m# src/test/resources/api/CreateComment.feature:9&amp#27;[0m
10:56:28.876 [main] INFO io.cucumber.core.plugin.SerenityReporter - Running feature from file:///D:/PERKULIAHAN/SEMESTER%206/KAMPUS%20MERDEKA/PROYEK_ALTERRA/TestingAPIALTA/src/test/resources/api/CreateComment.feature
10:56:28.876 [main] WARN io.cucumber.core.plugin.SerenityReporter - Feature from file:///D:/PERKULIAHAN/SEMESTER%206/KAMPUS%20MERDEKA/PROYEK_ALTERRA/TestingAPIALTA/src/test/resources/api/CreateComment.feature is not under the 'features' directory. Requirements report will not be correctly generated!
10:56:28.878 [main] INFO  - 
  _____   ___   ___   _____     ___   _____     _     ___   _____   ___   ___  
 |_   _| | __| / __| |_   _|   / __| |_   _|   /_\   | _ \ |_   _| | __| |   \ 
   | |   | _|  \__ \   | |     \__ \   | |    / _ \  |   /   | |   | _|  | |) |
   |_|   |___| |___/   |_|     |___/   |_|   /_/ \_\ |_|_\   |_|   |___| |___/ 

Failed to createProduct's Comment In AltaShop(create-product-s-comments;failed-to-createproduct-s-comment-in-altashop)
--------------------------------------------------------------------------------
10:56:28.888 [main] DEBUG net.thucydides.core.steps.StepInterceptor - STARTING STEP: CreateCommentStep.setPostApiForComment - I set POST api endpoints for create comment
10:56:28.888 [main] DEBUG net.thucydides.core.steps.StepInterceptor - STEP DONE: I set POST api endpoints for create comment
  &amp#27;[32mGiven &amp#27;[0m&amp#27;[32mI set POST api endpoints for create comment&amp#27;[0m      &amp#27;[90m# starter.stepdefinitions.CreateCommentStep.setPostApiForComment()&amp#27;[0m
10:56:28.893 [main] DEBUG net.thucydides.core.steps.StepInterceptor - STARTING STEP: CreateCommentStep.sendWrongPOSTHttpReqForComment - I send Wrong POST HTTP Request for create comment
10:56:28.894 [main] DEBUG net.thucydides.core.steps.StepInterceptor - STARTING STEP: CreateComment.sendWrongPOSTHttpReqForComment - I set POST api endpoints for create comment
10:56:28.894 [main] DEBUG net.thucydides.core.steps.StepInterceptor - STEP DONE: I set POST api endpoints for create comment
10:56:28.902 [main] DEBUG org.apache.http.impl.conn.BasicClientConnectionManager - Get connection for route {s}->https://be-qa.alta.id:443
10:56:28.902 [main] DEBUG org.apache.http.impl.conn.DefaultClientConnectionOperator - Connecting to be-qa.alta.id:443
10:56:29.361 [main] DEBUG org.apache.http.client.protocol.RequestAddCookies - CookieSpec selected: ignoreCookies
10:56:29.361 [main] DEBUG org.apache.http.client.protocol.RequestAuthCache - Auth cache not set in the context
10:56:29.361 [main] DEBUG org.apache.http.client.protocol.RequestProxyAuthentication - Proxy auth state: UNCHALLENGED
10:56:29.361 [main] DEBUG org.apache.http.impl.client.DefaultHttpClient - Attempt 1 to execute request
10:56:29.361 [main] DEBUG org.apache.http.impl.conn.DefaultClientConnection - Sending request: POST /api/products/2/comments HTTP/1.1
10:56:29.361 [main] DEBUG org.apache.http.wire -  >> "POST /api/products/2/comments HTTP/1.1[\r][\n]"
10:56:29.361 [main] DEBUG org.apache.http.wire -  >> "Authorization: Bearer eyJhbGciOiJIUzI1NiIsInR5cCI6IkpXVCJ9.eyJGdWxsbmFtZSI6IkFsZXggVW5kZXIiLCJFbWFpbCI6ImFuaXRhbGFzbWFyaWFAZ21haWwuY29tIn0.hBBhAuPzWCW9alS5kZSou2p-O1TtPz0W1CmGlUwXz_4[\r][\n]"
10:56:29.361 [main] DEBUG org.apache.http.wire -  >> "Accept: */*[\r][\n]"
10:56:29.361 [main] DEBUG org.apache.http.wire -  >> "Content-Type: text/plain; charset=ISO-8859-1[\r][\n]"
10:56:29.361 [main] DEBUG org.apache.http.wire -  >> "Content-Length: 13[\r][\n]"
10:56:29.361 [main] DEBUG org.apache.http.wire -  >> "Host: be-qa.alta.id[\r][\n]"
10:56:29.361 [main] DEBUG org.apache.http.wire -  >> "Connection: Keep-Alive[\r][\n]"
10:56:29.361 [main] DEBUG org.apache.http.wire -  >> "User-Agent: Apache-HttpClient/4.5.13 (Java/1.8.0_241)[\r][\n]"
10:56:29.361 [main] DEBUG org.apache.http.wire -  >> "Accept-Encoding: gzip,deflate[\r][\n]"
10:56:29.361 [main] DEBUG org.apache.http.wire -  >> "[\r][\n]"
10:56:29.361 [main] DEBUG org.apache.http.headers - >> POST /api/products/2/comments HTTP/1.1
10:56:29.361 [main] DEBUG org.apache.http.headers - >> Authorization: Bearer eyJhbGciOiJIUzI1NiIsInR5cCI6IkpXVCJ9.eyJGdWxsbmFtZSI6IkFsZXggVW5kZXIiLCJFbWFpbCI6ImFuaXRhbGFzbWFyaWFAZ21haWwuY29tIn0.hBBhAuPzWCW9alS5kZSou2p-O1TtPz0W1CmGlUwXz_4
10:56:29.361 [main] DEBUG org.apache.http.headers - >> Accept: */*
10:56:29.362 [main] DEBUG org.apache.http.headers - >> Content-Type: text/plain; charset=ISO-8859-1
10:56:29.362 [main] DEBUG org.apache.http.headers - >> Content-Length: 13
10:56:29.362 [main] DEBUG org.apache.http.headers - >> Host: be-qa.alta.id
10:56:29.362 [main] DEBUG org.apache.http.headers - >> Connection: Keep-Alive
10:56:29.362 [main] DEBUG org.apache.http.headers - >> User-Agent: Apache-HttpClient/4.5.13 (Java/1.8.0_241)
10:56:29.362 [main] DEBUG org.apache.http.headers - >> Accept-Encoding: gzip,deflate
10:56:29.362 [main] DEBUG org.apache.http.wire -  >> "{"content":1}"
10:56:29.400 [main] DEBUG org.apache.http.wire -  << "HTTP/1.1 500 Internal Server Error[\r][\n]"
10:56:29.400 [main] DEBUG org.apache.http.wire -  << "Server: nginx/1.14.2[\r][\n]"
10:56:29.400 [main] DEBUG org.apache.http.wire -  << "Date: Sat, 14 May 2022 03:56:28 GMT[\r][\n]"
10:56:29.400 [main] DEBUG org.apache.http.wire -  << "Content-Type: application/json[\r][\n]"
10:56:29.400 [main] DEBUG org.apache.http.wire -  << "Content-Length: 123[\r][\n]"
10:56:29.400 [main] DEBUG org.apache.http.wire -  << "Connection: keep-alive[\r][\n]"
10:56:29.401 [main] DEBUG org.apache.http.wire -  << "[\r][\n]"
10:56:29.401 [main] DEBUG org.apache.http.impl.conn.DefaultClientConnection - Receiving response: HTTP/1.1 500 Internal Server Error
10:56:29.401 [main] DEBUG org.apache.http.headers - << HTTP/1.1 500 Internal Server Error
10:56:29.401 [main] DEBUG org.apache.http.headers - << Server: nginx/1.14.2
10:56:29.401 [main] DEBUG org.apache.http.headers - << Date: Sat, 14 May 2022 03:56:28 GMT
10:56:29.401 [main] DEBUG org.apache.http.headers - << Content-Type: application/json
10:56:29.401 [main] DEBUG org.apache.http.headers - << Content-Length: 123
10:56:29.401 [main] DEBUG org.apache.http.headers - << Connection: keep-alive
10:56:29.401 [main] DEBUG org.apache.http.impl.client.DefaultHttpClient - Connection can be kept alive indefinitely
10:56:29.401 [main] DEBUG io.restassured.internal.RequestSpecificationImpl$RestAssuredHttpBuilder - Parsing response as: application/json
10:56:29.401 [main] DEBUG io.restassured.internal.RequestSpecificationImpl$RestAssuredHttpBuilder - Parsed data to instance of: class org.apache.http.conn.EofSensorInputStream
10:56:29.402 [main] DEBUG org.apache.http.wire -  << "{"error":"ERROR: new row for relation \"comments\" violates check constraint \"comments_content_check\" (SQLSTATE 23514)"}[\n]"
10:56:29.402 [main] DEBUG org.apache.http.impl.conn.BasicClientConnectionManager - Releasing connection org.apache.http.impl.conn.ManagedClientConnectionImpl@20a1b3ae
10:56:29.402 [main] DEBUG org.apache.http.impl.conn.BasicClientConnectionManager - Connection can be kept alive indefinitely
10:56:29.402 [main] DEBUG net.thucydides.core.steps.StepInterceptor - STEP DONE: I send Wrong POST HTTP Request for create comment
  &amp#27;[32mWhen &amp#27;[0m&amp#27;[32mI send Wrong POST HTTP Request for create comment&amp#27;[0m &amp#27;[90m# starter.stepdefinitions.CreateCommentStep.sendWrongPOSTHttpReqForComment()&amp#27;[0m
10:56:29.406 [main] DEBUG net.thucydides.core.steps.StepInterceptor - STARTING STEP: CreateSteps.getInvalidHTTPCategory500 - I receive valid HTTP response code 500
10:56:29.406 [main] DEBUG net.thucydides.core.steps.StepInterceptor - STEP DONE: I receive valid HTTP response code 500
  &amp#27;[32mThen &amp#27;[0m&amp#27;[32mI receive valid HTTP response code 500&amp#27;[0m            &amp#27;[90m# starter.stepdefinitions.CreateSteps.getInvalidHTTPCategory500()&amp#27;[0m
10:56:29.407 [main] INFO  - 
  _____   ___   ___   _____     ___     _     ___   ___   ___   ___  
 |_   _| | __| / __| |_   _|   | _ \   /_\   / __| / __| | __| |   \ 
   | |   | _|  \__ \   | |     |  _/  / _ \  \__ \ \__ \ | _|  | |) |
   |_|   |___| |___/   |_|     |_|   /_/ \_\ |___/ |___/ |___| |___/ 

Failed to createProduct's Comment In AltaShop
----------------------------------------------------------------------
]]></system-out>
  </testcase>
  <testcase name="Successful Create Product" classname="Post Product" time="0.352">
    <system-out><![CDATA[10:56:29.408 [main] INFO io.cucumber.core.plugin.SerenityReporter - Running feature from file:///D:/PERKULIAHAN/SEMESTER%206/KAMPUS%20MERDEKA/PROYEK_ALTERRA/TestingAPIALTA/src/test/resources/api/CreateProduct.feature
10:56:29.408 [main] WARN io.cucumber.core.plugin.SerenityReporter - Feature from file:///D:/PERKULIAHAN/SEMESTER%206/KAMPUS%20MERDEKA/PROYEK_ALTERRA/TestingAPIALTA/src/test/resources/api/CreateProduct.feature is not under the 'features' directory. Requirements report will not be correctly generated!
10:56:29.409 [main] DEBUG net.thucydides.core.steps.StepEventBus - Test suite started for story net.thucydides.core.model.Story@d2af2e23
10:56:29.410 [main] INFO  - Test Suite Started: Post Product

@create-success-product
Scenario: Successful Create Product          &amp#27;[90m# src/test/resources/api/CreateProduct.feature:3&amp#27;[0m
10:56:29.417 [main] INFO io.cucumber.core.plugin.SerenityReporter - Running feature from file:///D:/PERKULIAHAN/SEMESTER%206/KAMPUS%20MERDEKA/PROYEK_ALTERRA/TestingAPIALTA/src/test/resources/api/CreateProduct.feature
10:56:29.417 [main] WARN io.cucumber.core.plugin.SerenityReporter - Feature from file:///D:/PERKULIAHAN/SEMESTER%206/KAMPUS%20MERDEKA/PROYEK_ALTERRA/TestingAPIALTA/src/test/resources/api/CreateProduct.feature is not under the 'features' directory. Requirements report will not be correctly generated!
10:56:29.418 [main] INFO  - 
  _____   ___   ___   _____     ___   _____     _     ___   _____   ___   ___  
 |_   _| | __| / __| |_   _|   / __| |_   _|   /_\   | _ \ |_   _| | __| |   \ 
   | |   | _|  \__ \   | |     \__ \   | |    / _ \  |   /   | |   | _|  | |) |
   |_|   |___| |___/   |_|     |___/   |_|   /_/ \_\ |_|_\   |_|   |___| |___/ 

Successful Create Product(post-product;successful-create-product)
--------------------------------------------------------------------------------
10:56:29.428 [main] DEBUG net.thucydides.core.steps.StepInterceptor - STARTING STEP: CreateProductStep.setPostAPIEnpoints - I set POST api endpoints for product
10:56:29.428 [main] DEBUG net.thucydides.core.steps.StepInterceptor - STEP DONE: I set POST api endpoints for product
  &amp#27;[32mGiven &amp#27;[0m&amp#27;[32mI set POST api endpoints for product&amp#27;[0m &amp#27;[90m# starter.stepdefinitions.CreateProductStep.setPostAPIEnpoints()&amp#27;[0m
10:56:29.431 [main] DEBUG net.thucydides.core.steps.StepInterceptor - STARTING STEP: CreateProductStep.setCreateProduct - I create new product
10:56:29.434 [main] DEBUG net.thucydides.core.steps.StepInterceptor - STARTING STEP: CreateProduct.sendPostHttpProduct - I set POST api endpoints for product
10:56:29.434 [main] DEBUG net.thucydides.core.steps.StepInterceptor - STEP DONE: I set POST api endpoints for product
10:56:29.444 [main] DEBUG org.apache.http.impl.conn.BasicClientConnectionManager - Get connection for route {s}->https://be-qa.alta.id:443
10:56:29.444 [main] DEBUG org.apache.http.impl.conn.DefaultClientConnectionOperator - Connecting to be-qa.alta.id:443
10:56:29.690 [main] DEBUG org.apache.http.client.protocol.RequestAddCookies - CookieSpec selected: ignoreCookies
10:56:29.690 [main] DEBUG org.apache.http.client.protocol.RequestAuthCache - Auth cache not set in the context
10:56:29.690 [main] DEBUG org.apache.http.client.protocol.RequestTargetAuthentication - Target auth state: UNCHALLENGED
10:56:29.690 [main] DEBUG org.apache.http.client.protocol.RequestProxyAuthentication - Proxy auth state: UNCHALLENGED
10:56:29.690 [main] DEBUG org.apache.http.impl.client.DefaultHttpClient - Attempt 1 to execute request
10:56:29.690 [main] DEBUG org.apache.http.impl.conn.DefaultClientConnection - Sending request: POST /api/products HTTP/1.1
10:56:29.690 [main] DEBUG org.apache.http.wire -  >> "POST /api/products HTTP/1.1[\r][\n]"
10:56:29.690 [main] DEBUG org.apache.http.wire -  >> "Accept: */*[\r][\n]"
10:56:29.690 [main] DEBUG org.apache.http.wire -  >> "Content-Type: application/json[\r][\n]"
10:56:29.690 [main] DEBUG org.apache.http.wire -  >> "Content-Length: 65[\r][\n]"
10:56:29.690 [main] DEBUG org.apache.http.wire -  >> "Host: be-qa.alta.id[\r][\n]"
10:56:29.690 [main] DEBUG org.apache.http.wire -  >> "Connection: Keep-Alive[\r][\n]"
10:56:29.690 [main] DEBUG org.apache.http.wire -  >> "User-Agent: Apache-HttpClient/4.5.13 (Java/1.8.0_241)[\r][\n]"
10:56:29.690 [main] DEBUG org.apache.http.wire -  >> "Accept-Encoding: gzip,deflate[\r][\n]"
10:56:29.690 [main] DEBUG org.apache.http.wire -  >> "[\r][\n]"
10:56:29.690 [main] DEBUG org.apache.http.headers - >> POST /api/products HTTP/1.1
10:56:29.690 [main] DEBUG org.apache.http.headers - >> Accept: */*
10:56:29.691 [main] DEBUG org.apache.http.headers - >> Content-Type: application/json
10:56:29.691 [main] DEBUG org.apache.http.headers - >> Content-Length: 65
10:56:29.691 [main] DEBUG org.apache.http.headers - >> Host: be-qa.alta.id
10:56:29.691 [main] DEBUG org.apache.http.headers - >> Connection: Keep-Alive
10:56:29.691 [main] DEBUG org.apache.http.headers - >> User-Agent: Apache-HttpClient/4.5.13 (Java/1.8.0_241)
10:56:29.691 [main] DEBUG org.apache.http.headers - >> Accept-Encoding: gzip,deflate
10:56:29.691 [main] DEBUG org.apache.http.wire -  >> "{"price":240000,"name":"Tensi Darah Elektrik","categories":[3,6]}"
10:56:29.732 [main] DEBUG org.apache.http.wire -  << "HTTP/1.1 200 OK[\r][\n]"
10:56:29.732 [main] DEBUG org.apache.http.wire -  << "Server: nginx/1.14.2[\r][\n]"
10:56:29.732 [main] DEBUG org.apache.http.wire -  << "Date: Sat, 14 May 2022 03:56:29 GMT[\r][\n]"
10:56:29.733 [main] DEBUG org.apache.http.wire -  << "Content-Type: application/json[\r][\n]"
10:56:29.733 [main] DEBUG org.apache.http.wire -  << "Content-Length: 195[\r][\n]"
10:56:29.733 [main] DEBUG org.apache.http.wire -  << "Connection: keep-alive[\r][\n]"
10:56:29.733 [main] DEBUG org.apache.http.wire -  << "[\r][\n]"
10:56:29.733 [main] DEBUG org.apache.http.impl.conn.DefaultClientConnection - Receiving response: HTTP/1.1 200 OK
10:56:29.733 [main] DEBUG org.apache.http.headers - << HTTP/1.1 200 OK
10:56:29.733 [main] DEBUG org.apache.http.headers - << Server: nginx/1.14.2
10:56:29.733 [main] DEBUG org.apache.http.headers - << Date: Sat, 14 May 2022 03:56:29 GMT
10:56:29.733 [main] DEBUG org.apache.http.headers - << Content-Type: application/json
10:56:29.733 [main] DEBUG org.apache.http.headers - << Content-Length: 195
10:56:29.733 [main] DEBUG org.apache.http.headers - << Connection: keep-alive
10:56:29.733 [main] DEBUG org.apache.http.impl.client.DefaultHttpClient - Connection can be kept alive indefinitely
10:56:29.733 [main] DEBUG io.restassured.internal.RequestSpecificationImpl$RestAssuredHttpBuilder - Parsing response as: application/json
10:56:29.733 [main] DEBUG io.restassured.internal.RequestSpecificationImpl$RestAssuredHttpBuilder - Parsed data to instance of: class org.apache.http.conn.EofSensorInputStream
10:56:29.734 [main] DEBUG org.apache.http.wire -  << "{"data":{"ID":1506,"Name":"Tensi Darah Elektrik","Description":"","Price":240000,"Ratings":0,"Categories":[{"ID":3,"Name":"alat","Description":""},{"ID":6,"Name":"kesehatan","Description":""}]}}[\n]"
10:56:29.734 [main] DEBUG org.apache.http.impl.conn.BasicClientConnectionManager - Releasing connection org.apache.http.impl.conn.ManagedClientConnectionImpl@12365bd8
10:56:29.734 [main] DEBUG org.apache.http.impl.conn.BasicClientConnectionManager - Connection can be kept alive indefinitely
10:56:29.735 [main] DEBUG net.thucydides.core.steps.StepInterceptor - STEP DONE: I create new product
  &amp#27;[32mWhen &amp#27;[0m&amp#27;[32mI create new product&amp#27;[0m                  &amp#27;[90m# starter.stepdefinitions.CreateProductStep.setCreateProduct()&amp#27;[0m
10:56:29.740 [main] DEBUG net.thucydides.core.steps.StepInterceptor - STARTING STEP: GetSteps.getValidHTTP - I receive valid HTTP response code 200
10:56:29.741 [main] DEBUG net.thucydides.core.steps.StepInterceptor - STEP DONE: I receive valid HTTP response code 200
  &amp#27;[32mAnd &amp#27;[0m&amp#27;[32mI receive valid HTTP response code 200&amp#27;[0m &amp#27;[90m# starter.stepdefinitions.GetSteps.getValidHTTP()&amp#27;[0m
10:56:29.743 [main] DEBUG net.thucydides.core.steps.StepInterceptor - STARTING STEP: CreateProductStep.receiveValidDataProduct - I receive valid data for new product
10:56:29.760 [main] DEBUG net.thucydides.core.steps.StepInterceptor - STEP DONE: I receive valid data for new product
  &amp#27;[32mThen &amp#27;[0m&amp#27;[32mI receive valid data for new product&amp#27;[0m  &amp#27;[90m# starter.stepdefinitions.CreateProductStep.receiveValidDataProduct()&amp#27;[0m
10:56:29.761 [main] INFO  - 
  _____   ___   ___   _____     ___     _     ___   ___   ___   ___  
 |_   _| | __| / __| |_   _|   | _ \   /_\   / __| / __| | __| |   \ 
   | |   | _|  \__ \   | |     |  _/  / _ \  \__ \ \__ \ | _|  | |) |
   |_|   |___| |___/   |_|     |_|   /_/ \_\ |___/ |___/ |___| |___/ 

Successful Create Product
----------------------------------------------------------------------
]]></system-out>
  </testcase>
  <testcase name="Failed to Create Product" classname="Post Product" time="0.262">
    <system-out><![CDATA[
@create-invalid-product
Scenario: Failed to Create Product           &amp#27;[90m# src/test/resources/api/CreateProduct.feature:10&amp#27;[0m
10:56:29.768 [main] INFO io.cucumber.core.plugin.SerenityReporter - Running feature from file:///D:/PERKULIAHAN/SEMESTER%206/KAMPUS%20MERDEKA/PROYEK_ALTERRA/TestingAPIALTA/src/test/resources/api/CreateProduct.feature
10:56:29.768 [main] WARN io.cucumber.core.plugin.SerenityReporter - Feature from file:///D:/PERKULIAHAN/SEMESTER%206/KAMPUS%20MERDEKA/PROYEK_ALTERRA/TestingAPIALTA/src/test/resources/api/CreateProduct.feature is not under the 'features' directory. Requirements report will not be correctly generated!
10:56:29.769 [main] INFO  - 
  _____   ___   ___   _____     ___   _____     _     ___   _____   ___   ___  
 |_   _| | __| / __| |_   _|   / __| |_   _|   /_\   | _ \ |_   _| | __| |   \ 
   | |   | _|  \__ \   | |     \__ \   | |    / _ \  |   /   | |   | _|  | |) |
   |_|   |___| |___/   |_|     |___/   |_|   /_/ \_\ |_|_\   |_|   |___| |___/ 

Failed to Create Product(post-product;failed-to-create-product)
--------------------------------------------------------------------------------
10:56:29.775 [main] DEBUG net.thucydides.core.steps.StepInterceptor - STARTING STEP: CreateProductStep.setPostAPIEnpoints - I set POST api endpoints for product
10:56:29.776 [main] DEBUG net.thucydides.core.steps.StepInterceptor - STEP DONE: I set POST api endpoints for product
  &amp#27;[32mGiven &amp#27;[0m&amp#27;[32mI set POST api endpoints for product&amp#27;[0m &amp#27;[90m# starter.stepdefinitions.CreateProductStep.setPostAPIEnpoints()&amp#27;[0m
10:56:29.778 [main] DEBUG net.thucydides.core.steps.StepInterceptor - STARTING STEP: CreateProductStep.sendPostHttpInvalidProduct - I create invalid product
10:56:29.779 [main] DEBUG net.thucydides.core.steps.StepInterceptor - STARTING STEP: CreateProduct.sendPostHttpInvalidProduct - I set POST api endpoints for product
10:56:29.779 [main] DEBUG net.thucydides.core.steps.StepInterceptor - STEP DONE: I set POST api endpoints for product
10:56:29.787 [main] DEBUG org.apache.http.impl.conn.BasicClientConnectionManager - Get connection for route {s}->https://be-qa.alta.id:443
10:56:29.787 [main] DEBUG org.apache.http.impl.conn.DefaultClientConnectionOperator - Connecting to be-qa.alta.id:443
10:56:29.979 [main] DEBUG org.apache.http.client.protocol.RequestAddCookies - CookieSpec selected: ignoreCookies
10:56:29.980 [main] DEBUG org.apache.http.client.protocol.RequestAuthCache - Auth cache not set in the context
10:56:29.980 [main] DEBUG org.apache.http.client.protocol.RequestTargetAuthentication - Target auth state: UNCHALLENGED
10:56:29.980 [main] DEBUG org.apache.http.client.protocol.RequestProxyAuthentication - Proxy auth state: UNCHALLENGED
10:56:29.980 [main] DEBUG org.apache.http.impl.client.DefaultHttpClient - Attempt 1 to execute request
10:56:29.980 [main] DEBUG org.apache.http.impl.conn.DefaultClientConnection - Sending request: POST /api/products HTTP/1.1
10:56:29.980 [main] DEBUG org.apache.http.wire -  >> "POST /api/products HTTP/1.1[\r][\n]"
10:56:29.980 [main] DEBUG org.apache.http.wire -  >> "Accept: */*[\r][\n]"
10:56:29.980 [main] DEBUG org.apache.http.wire -  >> "Content-Type: application/json[\r][\n]"
10:56:29.980 [main] DEBUG org.apache.http.wire -  >> "Content-Length: 46[\r][\n]"
10:56:29.980 [main] DEBUG org.apache.http.wire -  >> "Host: be-qa.alta.id[\r][\n]"
10:56:29.980 [main] DEBUG org.apache.http.wire -  >> "Connection: Keep-Alive[\r][\n]"
10:56:29.980 [main] DEBUG org.apache.http.wire -  >> "User-Agent: Apache-HttpClient/4.5.13 (Java/1.8.0_241)[\r][\n]"
10:56:29.980 [main] DEBUG org.apache.http.wire -  >> "Accept-Encoding: gzip,deflate[\r][\n]"
10:56:29.980 [main] DEBUG org.apache.http.wire -  >> "[\r][\n]"
10:56:29.980 [main] DEBUG org.apache.http.headers - >> POST /api/products HTTP/1.1
10:56:29.980 [main] DEBUG org.apache.http.headers - >> Accept: */*
10:56:29.980 [main] DEBUG org.apache.http.headers - >> Content-Type: application/json
10:56:29.980 [main] DEBUG org.apache.http.headers - >> Content-Length: 46
10:56:29.980 [main] DEBUG org.apache.http.headers - >> Host: be-qa.alta.id
10:56:29.980 [main] DEBUG org.apache.http.headers - >> Connection: Keep-Alive
10:56:29.980 [main] DEBUG org.apache.http.headers - >> User-Agent: Apache-HttpClient/4.5.13 (Java/1.8.0_241)
10:56:29.980 [main] DEBUG org.apache.http.headers - >> Accept-Encoding: gzip,deflate
10:56:29.980 [main] DEBUG org.apache.http.wire -  >> "{"price":240000,"name":353,"categories":[3,6]}"
10:56:30.015 [main] DEBUG org.apache.http.wire -  << "HTTP/1.1 400 Bad Request[\r][\n]"
10:56:30.015 [main] DEBUG org.apache.http.wire -  << "Server: nginx/1.14.2[\r][\n]"
10:56:30.015 [main] DEBUG org.apache.http.wire -  << "Date: Sat, 14 May 2022 03:56:29 GMT[\r][\n]"
10:56:30.015 [main] DEBUG org.apache.http.wire -  << "Content-Type: application/json[\r][\n]"
10:56:30.015 [main] DEBUG org.apache.http.wire -  << "Content-Length: 97[\r][\n]"
10:56:30.015 [main] DEBUG org.apache.http.wire -  << "Connection: keep-alive[\r][\n]"
10:56:30.015 [main] DEBUG org.apache.http.wire -  << "[\r][\n]"
10:56:30.015 [main] DEBUG org.apache.http.impl.conn.DefaultClientConnection - Receiving response: HTTP/1.1 400 Bad Request
10:56:30.015 [main] DEBUG org.apache.http.headers - << HTTP/1.1 400 Bad Request
10:56:30.015 [main] DEBUG org.apache.http.headers - << Server: nginx/1.14.2
10:56:30.015 [main] DEBUG org.apache.http.headers - << Date: Sat, 14 May 2022 03:56:29 GMT
10:56:30.015 [main] DEBUG org.apache.http.headers - << Content-Type: application/json
10:56:30.015 [main] DEBUG org.apache.http.headers - << Content-Length: 97
10:56:30.015 [main] DEBUG org.apache.http.headers - << Connection: keep-alive
10:56:30.015 [main] DEBUG org.apache.http.impl.client.DefaultHttpClient - Connection can be kept alive indefinitely
10:56:30.015 [main] DEBUG io.restassured.internal.RequestSpecificationImpl$RestAssuredHttpBuilder - Parsing response as: application/json
10:56:30.015 [main] DEBUG io.restassured.internal.RequestSpecificationImpl$RestAssuredHttpBuilder - Parsed data to instance of: class org.apache.http.conn.EofSensorInputStream
10:56:30.016 [main] DEBUG org.apache.http.wire -  << "{"error":"json: cannot unmarshal number into Go struct field ProductCreate.name of type string"}[\n]"
10:56:30.016 [main] DEBUG org.apache.http.impl.conn.BasicClientConnectionManager - Releasing connection org.apache.http.impl.conn.ManagedClientConnectionImpl@60a01cb
10:56:30.017 [main] DEBUG org.apache.http.impl.conn.BasicClientConnectionManager - Connection can be kept alive indefinitely
10:56:30.017 [main] DEBUG net.thucydides.core.steps.StepInterceptor - STEP DONE: I create invalid product
  &amp#27;[32mWhen &amp#27;[0m&amp#27;[32mI create invalid product&amp#27;[0m              &amp#27;[90m# starter.stepdefinitions.CreateProductStep.sendPostHttpInvalidProduct()&amp#27;[0m
10:56:30.022 [main] DEBUG net.thucydides.core.steps.StepInterceptor - STARTING STEP: CreateSteps.receiveValidData400 - I receive valid HTTP response code 400
10:56:30.022 [main] DEBUG net.thucydides.core.steps.StepInterceptor - STEP DONE: I receive valid HTTP response code 400
  &amp#27;[32mAnd &amp#27;[0m&amp#27;[32mI receive valid HTTP response code 400&amp#27;[0m &amp#27;[90m# starter.stepdefinitions.CreateSteps.receiveValidData400()&amp#27;[0m
10:56:30.023 [main] INFO  - 
  _____   ___   ___   _____     ___     _     ___   ___   ___   ___  
 |_   _| | __| / __| |_   _|   | _ \   /_\   / __| / __| | __| |   \ 
   | |   | _|  \__ \   | |     |  _/  / _ \  \__ \ \__ \ | _|  | |) |
   |_|   |___| |___/   |_|     |_|   /_/ \_\ |___/ |___/ |___| |___/ 

Failed to Create Product
----------------------------------------------------------------------
]]></system-out>
  </testcase>
  <testcase name="Successful Create Rating for Product" classname="Post Ratings" time="0.812">
    <system-out><![CDATA[10:56:30.024 [main] INFO io.cucumber.core.plugin.SerenityReporter - Running feature from file:///D:/PERKULIAHAN/SEMESTER%206/KAMPUS%20MERDEKA/PROYEK_ALTERRA/TestingAPIALTA/src/test/resources/api/CreateRatings.feature
10:56:30.024 [main] WARN io.cucumber.core.plugin.SerenityReporter - Feature from file:///D:/PERKULIAHAN/SEMESTER%206/KAMPUS%20MERDEKA/PROYEK_ALTERRA/TestingAPIALTA/src/test/resources/api/CreateRatings.feature is not under the 'features' directory. Requirements report will not be correctly generated!
10:56:30.026 [main] DEBUG net.thucydides.core.steps.StepEventBus - Test suite started for story net.thucydides.core.model.Story@d5976803
10:56:30.026 [main] INFO  - Test Suite Started: Post Ratings

@create-success-rating
Scenario: Successful Create Rating for Product      &amp#27;[90m# src/test/resources/api/CreateRatings.feature:3&amp#27;[0m
10:56:30.035 [main] INFO io.cucumber.core.plugin.SerenityReporter - Running feature from file:///D:/PERKULIAHAN/SEMESTER%206/KAMPUS%20MERDEKA/PROYEK_ALTERRA/TestingAPIALTA/src/test/resources/api/CreateRatings.feature
10:56:30.035 [main] WARN io.cucumber.core.plugin.SerenityReporter - Feature from file:///D:/PERKULIAHAN/SEMESTER%206/KAMPUS%20MERDEKA/PROYEK_ALTERRA/TestingAPIALTA/src/test/resources/api/CreateRatings.feature is not under the 'features' directory. Requirements report will not be correctly generated!
10:56:30.037 [main] INFO  - 
  _____   ___   ___   _____     ___   _____     _     ___   _____   ___   ___  
 |_   _| | __| / __| |_   _|   / __| |_   _|   /_\   | _ \ |_   _| | __| |   \ 
   | |   | _|  \__ \   | |     \__ \   | |    / _ \  |   /   | |   | _|  | |) |
   |_|   |___| |___/   |_|     |___/   |_|   /_/ \_\ |_|_\   |_|   |___| |___/ 

Successful Create Rating for Product(post-ratings;successful-create-rating-for-product)
--------------------------------------------------------------------------------
10:56:30.051 [main] DEBUG net.thucydides.core.steps.StepInterceptor - STARTING STEP: CreateRatingStep.setPostAPIRatingsProduct - I create new rating for product
10:56:30.053 [main] DEBUG net.thucydides.core.steps.StepInterceptor - STARTING STEP: CreateRatings.sendPostHttpRatings - I set POST api endpoints for rating product
10:56:30.053 [main] DEBUG net.thucydides.core.steps.StepInterceptor - STEP DONE: I set POST api endpoints for rating product
10:56:30.063 [main] DEBUG org.apache.http.impl.conn.BasicClientConnectionManager - Get connection for route {s}->https://be-qa.alta.id:443
10:56:30.063 [main] DEBUG org.apache.http.impl.conn.DefaultClientConnectionOperator - Connecting to be-qa.alta.id:443
10:56:30.261 [main] DEBUG org.apache.http.client.protocol.RequestAddCookies - CookieSpec selected: ignoreCookies
10:56:30.261 [main] DEBUG org.apache.http.client.protocol.RequestAuthCache - Auth cache not set in the context
10:56:30.261 [main] DEBUG org.apache.http.client.protocol.RequestTargetAuthentication - Target auth state: UNCHALLENGED
10:56:30.261 [main] DEBUG org.apache.http.client.protocol.RequestProxyAuthentication - Proxy auth state: UNCHALLENGED
10:56:30.261 [main] DEBUG org.apache.http.impl.client.DefaultHttpClient - Attempt 1 to execute request
10:56:30.261 [main] DEBUG org.apache.http.impl.conn.DefaultClientConnection - Sending request: POST /api/products/407/ratings HTTP/1.1
10:56:30.261 [main] DEBUG org.apache.http.wire -  >> "POST /api/products/407/ratings HTTP/1.1[\r][\n]"
10:56:30.261 [main] DEBUG org.apache.http.wire -  >> "Accept: */*[\r][\n]"
10:56:30.261 [main] DEBUG org.apache.http.wire -  >> "Content-Type: application/json[\r][\n]"
10:56:30.261 [main] DEBUG org.apache.http.wire -  >> "Content-Length: 11[\r][\n]"
10:56:30.261 [main] DEBUG org.apache.http.wire -  >> "Host: be-qa.alta.id[\r][\n]"
10:56:30.261 [main] DEBUG org.apache.http.wire -  >> "Connection: Keep-Alive[\r][\n]"
10:56:30.261 [main] DEBUG org.apache.http.wire -  >> "User-Agent: Apache-HttpClient/4.5.13 (Java/1.8.0_241)[\r][\n]"
10:56:30.261 [main] DEBUG org.apache.http.wire -  >> "Accept-Encoding: gzip,deflate[\r][\n]"
10:56:30.261 [main] DEBUG org.apache.http.wire -  >> "[\r][\n]"
10:56:30.261 [main] DEBUG org.apache.http.headers - >> POST /api/products/407/ratings HTTP/1.1
10:56:30.261 [main] DEBUG org.apache.http.headers - >> Accept: */*
10:56:30.261 [main] DEBUG org.apache.http.headers - >> Content-Type: application/json
10:56:30.261 [main] DEBUG org.apache.http.headers - >> Content-Length: 11
10:56:30.261 [main] DEBUG org.apache.http.headers - >> Host: be-qa.alta.id
10:56:30.261 [main] DEBUG org.apache.http.headers - >> Connection: Keep-Alive
10:56:30.261 [main] DEBUG org.apache.http.headers - >> User-Agent: Apache-HttpClient/4.5.13 (Java/1.8.0_241)
10:56:30.261 [main] DEBUG org.apache.http.headers - >> Accept-Encoding: gzip,deflate
10:56:30.261 [main] DEBUG org.apache.http.wire -  >> "{"count":3}"
10:56:30.568 [main] DEBUG org.apache.http.wire -  << "HTTP/1.1 401 Unauthorized[\r][\n]"
10:56:30.568 [main] DEBUG org.apache.http.wire -  << "Server: nginx/1.14.2[\r][\n]"
10:56:30.568 [main] DEBUG org.apache.http.wire -  << "Date: Sat, 14 May 2022 03:56:29 GMT[\r][\n]"
10:56:30.568 [main] DEBUG org.apache.http.wire -  << "Content-Type: application/json[\r][\n]"
10:56:30.568 [main] DEBUG org.apache.http.wire -  << "Content-Length: 25[\r][\n]"
10:56:30.568 [main] DEBUG org.apache.http.wire -  << "Connection: keep-alive[\r][\n]"
10:56:30.568 [main] DEBUG org.apache.http.wire -  << "[\r][\n]"
10:56:30.568 [main] DEBUG org.apache.http.impl.conn.DefaultClientConnection - Receiving response: HTTP/1.1 401 Unauthorized
10:56:30.568 [main] DEBUG org.apache.http.headers - << HTTP/1.1 401 Unauthorized
10:56:30.568 [main] DEBUG org.apache.http.headers - << Server: nginx/1.14.2
10:56:30.568 [main] DEBUG org.apache.http.headers - << Date: Sat, 14 May 2022 03:56:29 GMT
10:56:30.568 [main] DEBUG org.apache.http.headers - << Content-Type: application/json
10:56:30.568 [main] DEBUG org.apache.http.headers - << Content-Length: 25
10:56:30.568 [main] DEBUG org.apache.http.headers - << Connection: keep-alive
10:56:30.569 [main] DEBUG org.apache.http.impl.client.DefaultHttpClient - Connection can be kept alive indefinitely
10:56:30.569 [main] DEBUG org.apache.http.impl.client.DefaultHttpClient - Authentication required
10:56:30.569 [main] DEBUG org.apache.http.impl.client.DefaultHttpClient - be-qa.alta.id:443 requested authentication
10:56:30.569 [main] DEBUG org.apache.http.impl.client.DefaultHttpClient - Response contains no authentication challenges
10:56:30.569 [main] DEBUG io.restassured.internal.RequestSpecificationImpl$RestAssuredHttpBuilder - Parsing response as: application/json
10:56:30.569 [main] DEBUG io.restassured.internal.RequestSpecificationImpl$RestAssuredHttpBuilder - Parsed data to instance of: class org.apache.http.conn.EofSensorInputStream
10:56:30.571 [main] DEBUG org.apache.http.wire -  << "{"error":"unauthorized"}[\n]"
10:56:30.571 [main] DEBUG org.apache.http.impl.conn.BasicClientConnectionManager - Releasing connection org.apache.http.impl.conn.ManagedClientConnectionImpl@4656fcc5
10:56:30.571 [main] DEBUG org.apache.http.impl.conn.BasicClientConnectionManager - Connection can be kept alive indefinitely
10:56:30.572 [main] DEBUG net.thucydides.core.steps.StepInterceptor - STEP DONE: I create new rating for product
  &amp#27;[32mGiven &amp#27;[0m&amp#27;[32mI set POST api endpoints for rating product&amp#27;[0m &amp#27;[90m# starter.stepdefinitions.CreateRatingStep.setPostAPIRatingsProduct()&amp#27;[0m
10:56:30.576 [main] DEBUG net.thucydides.core.steps.StepInterceptor - STARTING STEP: CreateRatingStep.bearertoken - I set the bearer token
10:56:30.577 [main] DEBUG net.thucydides.core.steps.StepInterceptor - STARTING STEP: CreateRatings.setBearer - I set POST api endpoints for rating product
10:56:30.577 [main] DEBUG net.thucydides.core.steps.StepInterceptor - STEP DONE: I set POST api endpoints for rating product
10:56:30.583 [main] DEBUG org.apache.http.impl.conn.BasicClientConnectionManager - Get connection for route {s}->https://be-qa.alta.id:443
10:56:30.584 [main] DEBUG org.apache.http.impl.conn.DefaultClientConnectionOperator - Connecting to be-qa.alta.id:443
10:56:30.778 [main] DEBUG org.apache.http.client.protocol.RequestAddCookies - CookieSpec selected: ignoreCookies
10:56:30.778 [main] DEBUG org.apache.http.client.protocol.RequestAuthCache - Auth cache not set in the context
10:56:30.778 [main] DEBUG org.apache.http.client.protocol.RequestProxyAuthentication - Proxy auth state: UNCHALLENGED
10:56:30.778 [main] DEBUG org.apache.http.impl.client.DefaultHttpClient - Attempt 1 to execute request
10:56:30.778 [main] DEBUG org.apache.http.impl.conn.DefaultClientConnection - Sending request: GET /api/products/407/ratings HTTP/1.1
10:56:30.778 [main] DEBUG org.apache.http.wire -  >> "GET /api/products/407/ratings HTTP/1.1[\r][\n]"
10:56:30.778 [main] DEBUG org.apache.http.wire -  >> "Authorization: Bearer eyJhbGciOiJIUzI1NiIsInR5cCI6IkpXVCJ9.eyJGdWxsbmFtZSI6IkFsZXggVW5kZXIiLCJFbWFpbCI6ImFuaXRhbGFzbWFyaWFAZ21haWwuY29tIn0.hBBhAuPzWCW9alS5kZSou2p-O1TtPz0W1CmGlUwXz_4[\r][\n]"
10:56:30.779 [main] DEBUG org.apache.http.wire -  >> "Accept: */*[\r][\n]"
10:56:30.779 [main] DEBUG org.apache.http.wire -  >> "Host: be-qa.alta.id[\r][\n]"
10:56:30.779 [main] DEBUG org.apache.http.wire -  >> "Connection: Keep-Alive[\r][\n]"
10:56:30.779 [main] DEBUG org.apache.http.wire -  >> "User-Agent: Apache-HttpClient/4.5.13 (Java/1.8.0_241)[\r][\n]"
10:56:30.779 [main] DEBUG org.apache.http.wire -  >> "Accept-Encoding: gzip,deflate[\r][\n]"
10:56:30.779 [main] DEBUG org.apache.http.wire -  >> "[\r][\n]"
10:56:30.779 [main] DEBUG org.apache.http.headers - >> GET /api/products/407/ratings HTTP/1.1
10:56:30.779 [main] DEBUG org.apache.http.headers - >> Authorization: Bearer eyJhbGciOiJIUzI1NiIsInR5cCI6IkpXVCJ9.eyJGdWxsbmFtZSI6IkFsZXggVW5kZXIiLCJFbWFpbCI6ImFuaXRhbGFzbWFyaWFAZ21haWwuY29tIn0.hBBhAuPzWCW9alS5kZSou2p-O1TtPz0W1CmGlUwXz_4
10:56:30.779 [main] DEBUG org.apache.http.headers - >> Accept: */*
10:56:30.779 [main] DEBUG org.apache.http.headers - >> Host: be-qa.alta.id
10:56:30.779 [main] DEBUG org.apache.http.headers - >> Connection: Keep-Alive
10:56:30.779 [main] DEBUG org.apache.http.headers - >> User-Agent: Apache-HttpClient/4.5.13 (Java/1.8.0_241)
10:56:30.779 [main] DEBUG org.apache.http.headers - >> Accept-Encoding: gzip,deflate
10:56:30.822 [main] DEBUG org.apache.http.wire -  << "HTTP/1.1 200 OK[\r][\n]"
10:56:30.822 [main] DEBUG org.apache.http.wire -  << "Server: nginx/1.14.2[\r][\n]"
10:56:30.822 [main] DEBUG org.apache.http.wire -  << "Date: Sat, 14 May 2022 03:56:30 GMT[\r][\n]"
10:56:30.822 [main] DEBUG org.apache.http.wire -  << "Content-Type: application/json[\r][\n]"
10:56:30.822 [main] DEBUG org.apache.http.wire -  << "Content-Length: 11[\r][\n]"
10:56:30.822 [main] DEBUG org.apache.http.wire -  << "Connection: keep-alive[\r][\n]"
10:56:30.822 [main] DEBUG org.apache.http.wire -  << "[\r][\n]"
10:56:30.822 [main] DEBUG org.apache.http.impl.conn.DefaultClientConnection - Receiving response: HTTP/1.1 200 OK
10:56:30.822 [main] DEBUG org.apache.http.headers - << HTTP/1.1 200 OK
10:56:30.822 [main] DEBUG org.apache.http.headers - << Server: nginx/1.14.2
10:56:30.822 [main] DEBUG org.apache.http.headers - << Date: Sat, 14 May 2022 03:56:30 GMT
10:56:30.822 [main] DEBUG org.apache.http.headers - << Content-Type: application/json
10:56:30.822 [main] DEBUG org.apache.http.headers - << Content-Length: 11
10:56:30.822 [main] DEBUG org.apache.http.headers - << Connection: keep-alive
10:56:30.823 [main] DEBUG org.apache.http.impl.client.DefaultHttpClient - Connection can be kept alive indefinitely
10:56:30.823 [main] DEBUG io.restassured.internal.RequestSpecificationImpl$RestAssuredHttpBuilder - Parsing response as: application/json
10:56:30.823 [main] DEBUG io.restassured.internal.RequestSpecificationImpl$RestAssuredHttpBuilder - Parsed data to instance of: class org.apache.http.conn.EofSensorInputStream
10:56:30.824 [main] DEBUG org.apache.http.wire -  << "{"data":2}[\n]"
10:56:30.824 [main] DEBUG org.apache.http.impl.conn.BasicClientConnectionManager - Releasing connection org.apache.http.impl.conn.ManagedClientConnectionImpl@16c5b50a
10:56:30.824 [main] DEBUG org.apache.http.impl.conn.BasicClientConnectionManager - Connection can be kept alive indefinitely
10:56:30.825 [main] DEBUG net.thucydides.core.steps.StepInterceptor - STEP DONE: I set the bearer token
  &amp#27;[32mWhen &amp#27;[0m&amp#27;[32mI set the bearer token&amp#27;[0m                       &amp#27;[90m# starter.stepdefinitions.CreateRatingStep.bearertoken()&amp#27;[0m
10:56:30.828 [main] DEBUG net.thucydides.core.steps.StepInterceptor - STARTING STEP: CreateRatingStep.setCreateProduct - I set POST api endpoints for rating product
10:56:30.828 [main] DEBUG net.thucydides.core.steps.StepInterceptor - STEP DONE: I set POST api endpoints for rating product
  &amp#27;[32mAnd &amp#27;[0m&amp#27;[32mI create new rating for product&amp#27;[0m               &amp#27;[90m# starter.stepdefinitions.CreateRatingStep.setCreateProduct()&amp#27;[0m
10:56:30.836 [main] DEBUG net.thucydides.core.steps.StepInterceptor - STARTING STEP: GetSteps.getValidHTTP - I receive valid HTTP response code 200
10:56:30.836 [main] DEBUG net.thucydides.core.steps.StepInterceptor - STEP DONE: I receive valid HTTP response code 200
  &amp#27;[32mThen &amp#27;[0m&amp#27;[32mI receive valid HTTP response code 200&amp#27;[0m       &amp#27;[90m# starter.stepdefinitions.GetSteps.getValidHTTP()&amp#27;[0m
10:56:30.838 [main] INFO  - 
  _____   ___   ___   _____     ___     _     ___   ___   ___   ___  
 |_   _| | __| / __| |_   _|   | _ \   /_\   / __| / __| | __| |   \ 
   | |   | _|  \__ \   | |     |  _/  / _ \  \__ \ \__ \ | _|  | |) |
   |_|   |___| |___/   |_|     |_|   /_/ \_\ |___/ |___/ |___| |___/ 

Successful Create Rating for Product
----------------------------------------------------------------------
]]></system-out>
  </testcase>
  <testcase name="Failed to Create Rating for Product" classname="Post Ratings" time="0.611">
    <system-out><![CDATA[
@failed-rating
Scenario: Failed to Create Rating for Product       &amp#27;[90m# src/test/resources/api/CreateRatings.feature:10&amp#27;[0m
10:56:30.847 [main] INFO io.cucumber.core.plugin.SerenityReporter - Running feature from file:///D:/PERKULIAHAN/SEMESTER%206/KAMPUS%20MERDEKA/PROYEK_ALTERRA/TestingAPIALTA/src/test/resources/api/CreateRatings.feature
10:56:30.847 [main] WARN io.cucumber.core.plugin.SerenityReporter - Feature from file:///D:/PERKULIAHAN/SEMESTER%206/KAMPUS%20MERDEKA/PROYEK_ALTERRA/TestingAPIALTA/src/test/resources/api/CreateRatings.feature is not under the 'features' directory. Requirements report will not be correctly generated!
10:56:30.848 [main] INFO  - 
  _____   ___   ___   _____     ___   _____     _     ___   _____   ___   ___  
 |_   _| | __| / __| |_   _|   / __| |_   _|   /_\   | _ \ |_   _| | __| |   \ 
   | |   | _|  \__ \   | |     \__ \   | |    / _ \  |   /   | |   | _|  | |) |
   |_|   |___| |___/   |_|     |___/   |_|   /_/ \_\ |_|_\   |_|   |___| |___/ 

Failed to Create Rating for Product(post-ratings;failed-to-create-rating-for-product)
--------------------------------------------------------------------------------
10:56:30.858 [main] DEBUG net.thucydides.core.steps.StepInterceptor - STARTING STEP: CreateRatingStep.setPostAPIRatingsProduct - I create new rating for product
10:56:30.861 [main] DEBUG net.thucydides.core.steps.StepInterceptor - STARTING STEP: CreateRatings.sendPostHttpRatings - I set POST api endpoints for rating product
10:56:30.861 [main] DEBUG net.thucydides.core.steps.StepInterceptor - STEP DONE: I set POST api endpoints for rating product
10:56:30.872 [main] DEBUG org.apache.http.impl.conn.BasicClientConnectionManager - Get connection for route {s}->https://be-qa.alta.id:443
10:56:30.872 [main] DEBUG org.apache.http.impl.conn.DefaultClientConnectionOperator - Connecting to be-qa.alta.id:443
10:56:31.086 [main] DEBUG org.apache.http.client.protocol.RequestAddCookies - CookieSpec selected: ignoreCookies
10:56:31.086 [main] DEBUG org.apache.http.client.protocol.RequestAuthCache - Auth cache not set in the context
10:56:31.086 [main] DEBUG org.apache.http.client.protocol.RequestTargetAuthentication - Target auth state: UNCHALLENGED
10:56:31.086 [main] DEBUG org.apache.http.client.protocol.RequestProxyAuthentication - Proxy auth state: UNCHALLENGED
10:56:31.086 [main] DEBUG org.apache.http.impl.client.DefaultHttpClient - Attempt 1 to execute request
10:56:31.086 [main] DEBUG org.apache.http.impl.conn.DefaultClientConnection - Sending request: POST /api/products/407/ratings HTTP/1.1
10:56:31.086 [main] DEBUG org.apache.http.wire -  >> "POST /api/products/407/ratings HTTP/1.1[\r][\n]"
10:56:31.086 [main] DEBUG org.apache.http.wire -  >> "Accept: */*[\r][\n]"
10:56:31.086 [main] DEBUG org.apache.http.wire -  >> "Content-Type: application/json[\r][\n]"
10:56:31.086 [main] DEBUG org.apache.http.wire -  >> "Content-Length: 11[\r][\n]"
10:56:31.086 [main] DEBUG org.apache.http.wire -  >> "Host: be-qa.alta.id[\r][\n]"
10:56:31.086 [main] DEBUG org.apache.http.wire -  >> "Connection: Keep-Alive[\r][\n]"
10:56:31.086 [main] DEBUG org.apache.http.wire -  >> "User-Agent: Apache-HttpClient/4.5.13 (Java/1.8.0_241)[\r][\n]"
10:56:31.086 [main] DEBUG org.apache.http.wire -  >> "Accept-Encoding: gzip,deflate[\r][\n]"
10:56:31.086 [main] DEBUG org.apache.http.wire -  >> "[\r][\n]"
10:56:31.086 [main] DEBUG org.apache.http.headers - >> POST /api/products/407/ratings HTTP/1.1
10:56:31.086 [main] DEBUG org.apache.http.headers - >> Accept: */*
10:56:31.086 [main] DEBUG org.apache.http.headers - >> Content-Type: application/json
10:56:31.086 [main] DEBUG org.apache.http.headers - >> Content-Length: 11
10:56:31.086 [main] DEBUG org.apache.http.headers - >> Host: be-qa.alta.id
10:56:31.086 [main] DEBUG org.apache.http.headers - >> Connection: Keep-Alive
10:56:31.086 [main] DEBUG org.apache.http.headers - >> User-Agent: Apache-HttpClient/4.5.13 (Java/1.8.0_241)
10:56:31.087 [main] DEBUG org.apache.http.headers - >> Accept-Encoding: gzip,deflate
10:56:31.087 [main] DEBUG org.apache.http.wire -  >> "{"count":3}"
10:56:31.122 [main] DEBUG org.apache.http.wire -  << "HTTP/1.1 401 Unauthorized[\r][\n]"
10:56:31.123 [main] DEBUG org.apache.http.wire -  << "Server: nginx/1.14.2[\r][\n]"
10:56:31.123 [main] DEBUG org.apache.http.wire -  << "Date: Sat, 14 May 2022 03:56:30 GMT[\r][\n]"
10:56:31.123 [main] DEBUG org.apache.http.wire -  << "Content-Type: application/json[\r][\n]"
10:56:31.123 [main] DEBUG org.apache.http.wire -  << "Content-Length: 25[\r][\n]"
10:56:31.123 [main] DEBUG org.apache.http.wire -  << "Connection: keep-alive[\r][\n]"
10:56:31.123 [main] DEBUG org.apache.http.wire -  << "[\r][\n]"
10:56:31.123 [main] DEBUG org.apache.http.impl.conn.DefaultClientConnection - Receiving response: HTTP/1.1 401 Unauthorized
10:56:31.123 [main] DEBUG org.apache.http.headers - << HTTP/1.1 401 Unauthorized
10:56:31.123 [main] DEBUG org.apache.http.headers - << Server: nginx/1.14.2
10:56:31.123 [main] DEBUG org.apache.http.headers - << Date: Sat, 14 May 2022 03:56:30 GMT
10:56:31.123 [main] DEBUG org.apache.http.headers - << Content-Type: application/json
10:56:31.123 [main] DEBUG org.apache.http.headers - << Content-Length: 25
10:56:31.123 [main] DEBUG org.apache.http.headers - << Connection: keep-alive
10:56:31.123 [main] DEBUG org.apache.http.impl.client.DefaultHttpClient - Connection can be kept alive indefinitely
10:56:31.123 [main] DEBUG org.apache.http.impl.client.DefaultHttpClient - Authentication required
10:56:31.123 [main] DEBUG org.apache.http.impl.client.DefaultHttpClient - be-qa.alta.id:443 requested authentication
10:56:31.123 [main] DEBUG org.apache.http.impl.client.DefaultHttpClient - Response contains no authentication challenges
10:56:31.123 [main] DEBUG io.restassured.internal.RequestSpecificationImpl$RestAssuredHttpBuilder - Parsing response as: application/json
10:56:31.123 [main] DEBUG io.restassured.internal.RequestSpecificationImpl$RestAssuredHttpBuilder - Parsed data to instance of: class org.apache.http.conn.EofSensorInputStream
10:56:31.124 [main] DEBUG org.apache.http.wire -  << "{"error":"unauthorized"}[\n]"
10:56:31.125 [main] DEBUG org.apache.http.impl.conn.BasicClientConnectionManager - Releasing connection org.apache.http.impl.conn.ManagedClientConnectionImpl@2d913116
10:56:31.125 [main] DEBUG org.apache.http.impl.conn.BasicClientConnectionManager - Connection can be kept alive indefinitely
10:56:31.125 [main] DEBUG net.thucydides.core.steps.StepInterceptor - STEP DONE: I create new rating for product
  &amp#27;[32mGiven &amp#27;[0m&amp#27;[32mI set POST api endpoints for rating product&amp#27;[0m &amp#27;[90m# starter.stepdefinitions.CreateRatingStep.setPostAPIRatingsProduct()&amp#27;[0m
10:56:31.129 [main] DEBUG net.thucydides.core.steps.StepInterceptor - STARTING STEP: CreateRatingStep.setWrongBearer - I set the wrong bearer token
10:56:31.132 [main] DEBUG net.thucydides.core.steps.StepInterceptor - STARTING STEP: CreateRatings.setWrongBearer - I set POST api endpoints for rating product
10:56:31.132 [main] DEBUG net.thucydides.core.steps.StepInterceptor - STEP DONE: I set POST api endpoints for rating product
10:56:31.157 [Finalizer] DEBUG org.apache.http.impl.conn.DefaultClientConnection - Connection 0.0.0.0:52020<->34.101.186.183:443 closed
10:56:31.159 [Finalizer] DEBUG org.apache.http.impl.conn.DefaultClientConnection - Connection 0.0.0.0:52021<->34.101.186.183:443 closed
10:56:31.161 [Finalizer] DEBUG org.apache.http.impl.conn.DefaultClientConnection - Connection 0.0.0.0:52023<->34.101.186.183:443 closed
10:56:31.163 [Finalizer] DEBUG org.apache.http.impl.conn.DefaultClientConnection - Connection 0.0.0.0:52024<->34.101.186.183:443 closed
10:56:31.164 [Finalizer] DEBUG org.apache.http.impl.conn.DefaultClientConnection - Connection 0.0.0.0:52017<->34.101.186.183:443 closed
10:56:31.166 [Finalizer] DEBUG org.apache.http.impl.conn.DefaultClientConnection - Connection 0.0.0.0:52018<->34.101.186.183:443 closed
10:56:31.166 [Finalizer] DEBUG org.apache.http.impl.conn.DefaultClientConnection - Connection 0.0.0.0:52019<->34.101.186.183:443 closed
10:56:31.167 [Finalizer] DEBUG org.apache.http.impl.conn.DefaultClientConnection - Connection 0.0.0.0:52013<->34.101.186.183:443 closed
10:56:31.168 [Finalizer] DEBUG org.apache.http.impl.conn.DefaultClientConnection - Connection 0.0.0.0:52014<->34.101.186.183:443 closed
10:56:31.170 [Finalizer] DEBUG org.apache.http.impl.conn.DefaultClientConnection - Connection 0.0.0.0:52015<->34.101.186.183:443 closed
10:56:31.172 [Finalizer] DEBUG org.apache.http.impl.conn.DefaultClientConnection - Connection 0.0.0.0:52016<->34.101.186.183:443 closed
10:56:31.174 [Finalizer] DEBUG org.apache.http.impl.conn.DefaultClientConnection - Connection 0.0.0.0:52012<->34.101.186.183:443 closed
10:56:31.176 [Finalizer] DEBUG org.apache.http.impl.conn.DefaultClientConnection - Connection 0.0.0.0:52010<->34.101.186.183:443 closed
10:56:31.177 [Finalizer] DEBUG org.apache.http.impl.conn.DefaultClientConnection - Connection 0.0.0.0:52011<->34.101.186.183:443 closed
10:56:31.178 [main] DEBUG org.apache.http.impl.conn.BasicClientConnectionManager - Get connection for route {s}->https://be-qa.alta.id:443
10:56:31.178 [main] DEBUG org.apache.http.impl.conn.DefaultClientConnectionOperator - Connecting to be-qa.alta.id:443
10:56:31.382 [main] DEBUG org.apache.http.client.protocol.RequestAddCookies - CookieSpec selected: ignoreCookies
10:56:31.382 [main] DEBUG org.apache.http.client.protocol.RequestAuthCache - Auth cache not set in the context
10:56:31.383 [main] DEBUG org.apache.http.client.protocol.RequestProxyAuthentication - Proxy auth state: UNCHALLENGED
10:56:31.383 [main] DEBUG org.apache.http.impl.client.DefaultHttpClient - Attempt 1 to execute request
10:56:31.383 [main] DEBUG org.apache.http.impl.conn.DefaultClientConnection - Sending request: GET /api/products/407/ratings HTTP/1.1
10:56:31.383 [main] DEBUG org.apache.http.wire -  >> "GET /api/products/407/ratings HTTP/1.1[\r][\n]"
10:56:31.383 [main] DEBUG org.apache.http.wire -  >> "Authorization: z_4[\r][\n]"
10:56:31.383 [main] DEBUG org.apache.http.wire -  >> "Accept: */*[\r][\n]"
10:56:31.383 [main] DEBUG org.apache.http.wire -  >> "Host: be-qa.alta.id[\r][\n]"
10:56:31.383 [main] DEBUG org.apache.http.wire -  >> "Connection: Keep-Alive[\r][\n]"
10:56:31.383 [main] DEBUG org.apache.http.wire -  >> "User-Agent: Apache-HttpClient/4.5.13 (Java/1.8.0_241)[\r][\n]"
10:56:31.383 [main] DEBUG org.apache.http.wire -  >> "Accept-Encoding: gzip,deflate[\r][\n]"
10:56:31.383 [main] DEBUG org.apache.http.wire -  >> "[\r][\n]"
10:56:31.383 [main] DEBUG org.apache.http.headers - >> GET /api/products/407/ratings HTTP/1.1
10:56:31.383 [main] DEBUG org.apache.http.headers - >> Authorization: z_4
10:56:31.383 [main] DEBUG org.apache.http.headers - >> Accept: */*
10:56:31.383 [main] DEBUG org.apache.http.headers - >> Host: be-qa.alta.id
10:56:31.383 [main] DEBUG org.apache.http.headers - >> Connection: Keep-Alive
10:56:31.383 [main] DEBUG org.apache.http.headers - >> User-Agent: Apache-HttpClient/4.5.13 (Java/1.8.0_241)
10:56:31.383 [main] DEBUG org.apache.http.headers - >> Accept-Encoding: gzip,deflate
10:56:31.423 [main] DEBUG org.apache.http.wire -  << "HTTP/1.1 200 OK[\r][\n]"
10:56:31.423 [main] DEBUG org.apache.http.wire -  << "Server: nginx/1.14.2[\r][\n]"
10:56:31.423 [main] DEBUG org.apache.http.wire -  << "Date: Sat, 14 May 2022 03:56:30 GMT[\r][\n]"
10:56:31.423 [main] DEBUG org.apache.http.wire -  << "Content-Type: application/json[\r][\n]"
10:56:31.423 [main] DEBUG org.apache.http.wire -  << "Content-Length: 11[\r][\n]"
10:56:31.423 [main] DEBUG org.apache.http.wire -  << "Connection: keep-alive[\r][\n]"
10:56:31.423 [main] DEBUG org.apache.http.wire -  << "[\r][\n]"
10:56:31.423 [main] DEBUG org.apache.http.impl.conn.DefaultClientConnection - Receiving response: HTTP/1.1 200 OK
10:56:31.423 [main] DEBUG org.apache.http.headers - << HTTP/1.1 200 OK
10:56:31.423 [main] DEBUG org.apache.http.headers - << Server: nginx/1.14.2
10:56:31.423 [main] DEBUG org.apache.http.headers - << Date: Sat, 14 May 2022 03:56:30 GMT
10:56:31.423 [main] DEBUG org.apache.http.headers - << Content-Type: application/json
10:56:31.423 [main] DEBUG org.apache.http.headers - << Content-Length: 11
10:56:31.423 [main] DEBUG org.apache.http.headers - << Connection: keep-alive
10:56:31.423 [main] DEBUG org.apache.http.impl.client.DefaultHttpClient - Connection can be kept alive indefinitely
10:56:31.425 [main] DEBUG io.restassured.internal.RequestSpecificationImpl$RestAssuredHttpBuilder - Parsing response as: application/json
10:56:31.425 [main] DEBUG io.restassured.internal.RequestSpecificationImpl$RestAssuredHttpBuilder - Parsed data to instance of: class org.apache.http.conn.EofSensorInputStream
10:56:31.428 [main] DEBUG org.apache.http.wire -  << "{"data":2}[\n]"
10:56:31.428 [main] DEBUG org.apache.http.impl.conn.BasicClientConnectionManager - Releasing connection org.apache.http.impl.conn.ManagedClientConnectionImpl@1410d645
10:56:31.428 [main] DEBUG org.apache.http.impl.conn.BasicClientConnectionManager - Connection can be kept alive indefinitely
10:56:31.428 [main] DEBUG net.thucydides.core.steps.StepInterceptor - STEP DONE: I set the wrong bearer token
  &amp#27;[32mWhen &amp#27;[0m&amp#27;[32mI set the wrong bearer token&amp#27;[0m                 &amp#27;[90m# starter.stepdefinitions.CreateRatingStep.setWrongBearer()&amp#27;[0m
10:56:31.433 [main] DEBUG net.thucydides.core.steps.StepInterceptor - STARTING STEP: CreateRatingStep.setCreateProduct - I set POST api endpoints for rating product
10:56:31.433 [main] DEBUG net.thucydides.core.steps.StepInterceptor - STEP DONE: I set POST api endpoints for rating product
  &amp#27;[32mAnd &amp#27;[0m&amp#27;[32mI create new rating for product&amp#27;[0m               &amp#27;[90m# starter.stepdefinitions.CreateRatingStep.setCreateProduct()&amp#27;[0m
10:56:31.445 [main] DEBUG net.thucydides.core.steps.StepInterceptor - STARTING STEP: GetSteps.getValidHTTP - I receive valid HTTP response code 200
10:56:31.447 [main] DEBUG net.thucydides.core.steps.StepInterceptor - STEP DONE: I receive valid HTTP response code 200
  &amp#27;[32mThen &amp#27;[0m&amp#27;[32mI receive valid HTTP response code 200&amp#27;[0m       &amp#27;[90m# starter.stepdefinitions.GetSteps.getValidHTTP()&amp#27;[0m
10:56:31.448 [main] INFO  - 
  _____   ___   ___   _____     ___     _     ___   ___   ___   ___  
 |_   _| | __| / __| |_   _|   | _ \   /_\   / __| / __| | __| |   \ 
   | |   | _|  \__ \   | |     |  _/  / _ \  \__ \ \__ \ | _|  | |) |
   |_|   |___| |___/   |_|     |_|   /_/ \_\ |___/ |___/ |___| |___/ 

Failed to Create Rating for Product
----------------------------------------------------------------------
]]></system-out>
  </testcase>
  <testcase name="Create Transaction In AltaShop" classname="Create Transaction" time="1.1">
    <system-out><![CDATA[10:56:31.450 [main] INFO io.cucumber.core.plugin.SerenityReporter - Running feature from file:///D:/PERKULIAHAN/SEMESTER%206/KAMPUS%20MERDEKA/PROYEK_ALTERRA/TestingAPIALTA/src/test/resources/api/CreateTransaction.feature
10:56:31.450 [main] WARN io.cucumber.core.plugin.SerenityReporter - Feature from file:///D:/PERKULIAHAN/SEMESTER%206/KAMPUS%20MERDEKA/PROYEK_ALTERRA/TestingAPIALTA/src/test/resources/api/CreateTransaction.feature is not under the 'features' directory. Requirements report will not be correctly generated!
10:56:31.457 [main] DEBUG net.thucydides.core.steps.StepEventBus - Test suite started for story net.thucydides.core.model.Story@b07c64a7
10:56:31.460 [main] INFO  - Test Suite Started: Create Transaction

@create-transaction
Scenario: Create Transaction In AltaShop                &amp#27;[90m# src/test/resources/api/CreateTransaction.feature:3&amp#27;[0m
10:56:31.477 [main] INFO io.cucumber.core.plugin.SerenityReporter - Running feature from file:///D:/PERKULIAHAN/SEMESTER%206/KAMPUS%20MERDEKA/PROYEK_ALTERRA/TestingAPIALTA/src/test/resources/api/CreateTransaction.feature
10:56:31.477 [main] WARN io.cucumber.core.plugin.SerenityReporter - Feature from file:///D:/PERKULIAHAN/SEMESTER%206/KAMPUS%20MERDEKA/PROYEK_ALTERRA/TestingAPIALTA/src/test/resources/api/CreateTransaction.feature is not under the 'features' directory. Requirements report will not be correctly generated!
10:56:31.484 [main] INFO  - 
  _____   ___   ___   _____     ___   _____     _     ___   _____   ___   ___  
 |_   _| | __| / __| |_   _|   / __| |_   _|   /_\   | _ \ |_   _| | __| |   \ 
   | |   | _|  \__ \   | |     \__ \   | |    / _ \  |   /   | |   | _|  | |) |
   |_|   |___| |___/   |_|     |___/   |_|   /_/ \_\ |_|_\   |_|   |___| |___/ 

Create Transaction In AltaShop(create-transaction;create-transaction-in-altashop)
--------------------------------------------------------------------------------
10:56:31.501 [main] DEBUG net.thucydides.core.steps.StepInterceptor - STARTING STEP: CreateTransactionSteps.setPOSTAPI - I set POST api endpoints for create transaction
10:56:31.501 [main] DEBUG net.thucydides.core.steps.StepInterceptor - STEP DONE: I set POST api endpoints for create transaction
  &amp#27;[32mGiven &amp#27;[0m&amp#27;[32mI set POST api endpoints for create transaction&amp#27;[0m &amp#27;[90m# starter.stepdefinitions.CreateTransactionSteps.setPOSTAPI()&amp#27;[0m
10:56:31.514 [main] DEBUG net.thucydides.core.steps.StepInterceptor - STARTING STEP: CreateTransactionSteps.sendPOSTHTTPTransaction - I send POST HTTP Request for create transaction
10:56:32.302 [main] DEBUG net.thucydides.core.steps.StepInterceptor - STARTING STEP: CreateTransaction.sendPostCreateTransaction - I set POST api endpoints for create transaction
10:56:32.303 [main] DEBUG net.thucydides.core.steps.StepInterceptor - STEP DONE: I set POST api endpoints for create transaction
10:56:32.322 [main] DEBUG org.apache.http.impl.conn.BasicClientConnectionManager - Get connection for route {s}->https://be-qa.alta.id:443
10:56:32.322 [main] DEBUG org.apache.http.impl.conn.DefaultClientConnectionOperator - Connecting to be-qa.alta.id:443
10:56:32.504 [main] DEBUG org.apache.http.client.protocol.RequestAddCookies - CookieSpec selected: ignoreCookies
10:56:32.504 [main] DEBUG org.apache.http.client.protocol.RequestAuthCache - Auth cache not set in the context
10:56:32.504 [main] DEBUG org.apache.http.client.protocol.RequestProxyAuthentication - Proxy auth state: UNCHALLENGED
10:56:32.504 [main] DEBUG org.apache.http.impl.client.DefaultHttpClient - Attempt 1 to execute request
10:56:32.504 [main] DEBUG org.apache.http.impl.conn.DefaultClientConnection - Sending request: POST /api/orders HTTP/1.1
10:56:32.504 [main] DEBUG org.apache.http.wire -  >> "POST /api/orders HTTP/1.1[\r][\n]"
10:56:32.504 [main] DEBUG org.apache.http.wire -  >> "Authorization: Bearer eyJhbGciOiJIUzI1NiIsInR5cCI6IkpXVCJ9.eyJGdWxsbmFtZSI6IkVsZnJpZGEgVGFtcHVib2xvbiIsIkVtYWlsIjoiZWxmMTIzQGVtYWlsLmNvbSJ9.26p_Tq9YA1ySy8UuTGPKwVJpt61uXpugluMOChFqOoo[\r][\n]"
10:56:32.504 [main] DEBUG org.apache.http.wire -  >> "Accept: */*[\r][\n]"
10:56:32.504 [main] DEBUG org.apache.http.wire -  >> "Content-Type: text/plain; charset=ISO-8859-1[\r][\n]"
10:56:32.504 [main] DEBUG org.apache.http.wire -  >> "Content-Length: 34[\r][\n]"
10:56:32.504 [main] DEBUG org.apache.http.wire -  >> "Host: be-qa.alta.id[\r][\n]"
10:56:32.504 [main] DEBUG org.apache.http.wire -  >> "Connection: Keep-Alive[\r][\n]"
10:56:32.504 [main] DEBUG org.apache.http.wire -  >> "User-Agent: Apache-HttpClient/4.5.13 (Java/1.8.0_241)[\r][\n]"
10:56:32.504 [main] DEBUG org.apache.http.wire -  >> "Accept-Encoding: gzip,deflate[\r][\n]"
10:56:32.504 [main] DEBUG org.apache.http.wire -  >> "[\r][\n]"
10:56:32.504 [main] DEBUG org.apache.http.headers - >> POST /api/orders HTTP/1.1
10:56:32.504 [main] DEBUG org.apache.http.headers - >> Authorization: Bearer eyJhbGciOiJIUzI1NiIsInR5cCI6IkpXVCJ9.eyJGdWxsbmFtZSI6IkVsZnJpZGEgVGFtcHVib2xvbiIsIkVtYWlsIjoiZWxmMTIzQGVtYWlsLmNvbSJ9.26p_Tq9YA1ySy8UuTGPKwVJpt61uXpugluMOChFqOoo
10:56:32.504 [main] DEBUG org.apache.http.headers - >> Accept: */*
10:56:32.504 [main] DEBUG org.apache.http.headers - >> Content-Type: text/plain; charset=ISO-8859-1
10:56:32.504 [main] DEBUG org.apache.http.headers - >> Content-Length: 34
10:56:32.504 [main] DEBUG org.apache.http.headers - >> Host: be-qa.alta.id
10:56:32.504 [main] DEBUG org.apache.http.headers - >> Connection: Keep-Alive
10:56:32.504 [main] DEBUG org.apache.http.headers - >> User-Agent: Apache-HttpClient/4.5.13 (Java/1.8.0_241)
10:56:32.504 [main] DEBUG org.apache.http.headers - >> Accept-Encoding: gzip,deflate
10:56:32.504 [main] DEBUG org.apache.http.wire -  >> "[{"quantity":200,"product_id":10}]"
10:56:32.546 [main] DEBUG org.apache.http.wire -  << "HTTP/1.1 200 OK[\r][\n]"
10:56:32.546 [main] DEBUG org.apache.http.wire -  << "Server: nginx/1.14.2[\r][\n]"
10:56:32.546 [main] DEBUG org.apache.http.wire -  << "Date: Sat, 14 May 2022 03:56:31 GMT[\r][\n]"
10:56:32.546 [main] DEBUG org.apache.http.wire -  << "Content-Type: application/json[\r][\n]"
10:56:32.546 [main] DEBUG org.apache.http.wire -  << "Content-Length: 157[\r][\n]"
10:56:32.546 [main] DEBUG org.apache.http.wire -  << "Connection: keep-alive[\r][\n]"
10:56:32.546 [main] DEBUG org.apache.http.wire -  << "[\r][\n]"
10:56:32.546 [main] DEBUG org.apache.http.impl.conn.DefaultClientConnection - Receiving response: HTTP/1.1 200 OK
10:56:32.546 [main] DEBUG org.apache.http.headers - << HTTP/1.1 200 OK
10:56:32.546 [main] DEBUG org.apache.http.headers - << Server: nginx/1.14.2
10:56:32.546 [main] DEBUG org.apache.http.headers - << Date: Sat, 14 May 2022 03:56:31 GMT
10:56:32.546 [main] DEBUG org.apache.http.headers - << Content-Type: application/json
10:56:32.546 [main] DEBUG org.apache.http.headers - << Content-Length: 157
10:56:32.546 [main] DEBUG org.apache.http.headers - << Connection: keep-alive
10:56:32.546 [main] DEBUG org.apache.http.impl.client.DefaultHttpClient - Connection can be kept alive indefinitely
10:56:32.546 [main] DEBUG io.restassured.internal.RequestSpecificationImpl$RestAssuredHttpBuilder - Parsing response as: application/json
10:56:32.546 [main] DEBUG io.restassured.internal.RequestSpecificationImpl$RestAssuredHttpBuilder - Parsed data to instance of: class org.apache.http.conn.EofSensorInputStream
10:56:32.548 [main] DEBUG org.apache.http.wire -  << "{"data":[{"ID":2015,"User":{"ID":1158,"Fullname":"Elfrida Tampubolon","Email":"elf123@email.com","Password":"Akucantik88@"},"Product":null,"Quantity":200}]}[\n]"
10:56:32.548 [main] DEBUG org.apache.http.impl.conn.BasicClientConnectionManager - Releasing connection org.apache.http.impl.conn.ManagedClientConnectionImpl@7079f8f0
10:56:32.548 [main] DEBUG org.apache.http.impl.conn.BasicClientConnectionManager - Connection can be kept alive indefinitely
10:56:32.548 [main] DEBUG net.thucydides.core.steps.StepInterceptor - STEP DONE: I send POST HTTP Request for create transaction
  &amp#27;[32mWhen &amp#27;[0m&amp#27;[32mI send POST HTTP Request for create transaction&amp#27;[0m  &amp#27;[90m# starter.stepdefinitions.CreateTransactionSteps.sendPOSTHTTPTransaction()&amp#27;[0m
10:56:32.559 [main] DEBUG net.thucydides.core.steps.StepInterceptor - STARTING STEP: GetSteps.getValidHTTP - I receive valid HTTP response code 200
10:56:32.560 [main] DEBUG net.thucydides.core.steps.StepInterceptor - STEP DONE: I receive valid HTTP response code 200
  &amp#27;[32mThen &amp#27;[0m&amp#27;[32mI receive valid HTTP response code 200&amp#27;[0m           &amp#27;[90m# starter.stepdefinitions.GetSteps.getValidHTTP()&amp#27;[0m
10:56:32.562 [main] INFO  - 
  _____   ___   ___   _____     ___     _     ___   ___   ___   ___  
 |_   _| | __| / __| |_   _|   | _ \   /_\   / __| / __| | __| |   \ 
   | |   | _|  \__ \   | |     |  _/  / _ \  \__ \ \__ \ | _|  | |) |
   |_|   |___| |___/   |_|     |_|   /_/ \_\ |___/ |___/ |___| |___/ 

Create Transaction In AltaShop
----------------------------------------------------------------------
]]></system-out>
  </testcase>
  <testcase name="Create Wrong Transaction In AltaShop" classname="Create Transaction" time="0.354">
    <system-out><![CDATA[
@create-wrong-transaction
Scenario: Create Wrong Transaction In AltaShop               &amp#27;[90m# src/test/resources/api/CreateTransaction.feature:10&amp#27;[0m
10:56:32.574 [main] INFO io.cucumber.core.plugin.SerenityReporter - Running feature from file:///D:/PERKULIAHAN/SEMESTER%206/KAMPUS%20MERDEKA/PROYEK_ALTERRA/TestingAPIALTA/src/test/resources/api/CreateTransaction.feature
10:56:32.574 [main] WARN io.cucumber.core.plugin.SerenityReporter - Feature from file:///D:/PERKULIAHAN/SEMESTER%206/KAMPUS%20MERDEKA/PROYEK_ALTERRA/TestingAPIALTA/src/test/resources/api/CreateTransaction.feature is not under the 'features' directory. Requirements report will not be correctly generated!
10:56:32.577 [main] INFO  - 
  _____   ___   ___   _____     ___   _____     _     ___   _____   ___   ___  
 |_   _| | __| / __| |_   _|   / __| |_   _|   /_\   | _ \ |_   _| | __| |   \ 
   | |   | _|  \__ \   | |     \__ \   | |    / _ \  |   /   | |   | _|  | |) |
   |_|   |___| |___/   |_|     |___/   |_|   /_/ \_\ |_|_\   |_|   |___| |___/ 

Create Wrong Transaction In AltaShop(create-transaction;create-wrong-transaction-in-altashop)
--------------------------------------------------------------------------------
10:56:32.587 [main] DEBUG net.thucydides.core.steps.StepInterceptor - STARTING STEP: CreateTransactionSteps.setPOSTAPI - I set POST api endpoints for create transaction
10:56:32.587 [main] DEBUG net.thucydides.core.steps.StepInterceptor - STEP DONE: I set POST api endpoints for create transaction
  &amp#27;[32mGiven &amp#27;[0m&amp#27;[32mI set POST api endpoints for create transaction&amp#27;[0m      &amp#27;[90m# starter.stepdefinitions.CreateTransactionSteps.setPOSTAPI()&amp#27;[0m
10:56:32.590 [main] DEBUG net.thucydides.core.steps.StepInterceptor - STARTING STEP: CreateTransactionSteps.sendWrongPostCreateTransaction - I send Wrong POST HTTP Request for create transaction
10:56:32.596 [main] DEBUG net.thucydides.core.steps.StepInterceptor - STARTING STEP: CreateTransaction.sendWrongPostCreateTransaction - I set POST api endpoints for create transaction
10:56:32.596 [main] DEBUG net.thucydides.core.steps.StepInterceptor - STEP DONE: I set POST api endpoints for create transaction
10:56:32.607 [main] DEBUG org.apache.http.impl.conn.BasicClientConnectionManager - Get connection for route {s}->https://be-qa.alta.id:443
10:56:32.607 [main] DEBUG org.apache.http.impl.conn.DefaultClientConnectionOperator - Connecting to be-qa.alta.id:443
10:56:32.855 [main] DEBUG org.apache.http.client.protocol.RequestAddCookies - CookieSpec selected: ignoreCookies
10:56:32.856 [main] DEBUG org.apache.http.client.protocol.RequestAuthCache - Auth cache not set in the context
10:56:32.856 [main] DEBUG org.apache.http.client.protocol.RequestProxyAuthentication - Proxy auth state: UNCHALLENGED
10:56:32.856 [main] DEBUG org.apache.http.impl.client.DefaultHttpClient - Attempt 1 to execute request
10:56:32.856 [main] DEBUG org.apache.http.impl.conn.DefaultClientConnection - Sending request: POST /api/orders HTTP/1.1
10:56:32.856 [main] DEBUG org.apache.http.wire -  >> "POST /api/orders HTTP/1.1[\r][\n]"
10:56:32.856 [main] DEBUG org.apache.http.wire -  >> "Authorization: Bearer tZSI6IkVsZnJpZGEgVGFtcHVib2xvbiIsIkVtYWlsIjoiZWxmMTIzQGVtYWlsLmNvbSJ9.26p_Tq9YA1ySy8UuTGPKwVJpt61uXpugluMOChFqOoo[\r][\n]"
10:56:32.856 [main] DEBUG org.apache.http.wire -  >> "Accept: */*[\r][\n]"
10:56:32.856 [main] DEBUG org.apache.http.wire -  >> "Content-Type: text/plain; charset=ISO-8859-1[\r][\n]"
10:56:32.856 [main] DEBUG org.apache.http.wire -  >> "Content-Length: 33[\r][\n]"
10:56:32.856 [main] DEBUG org.apache.http.wire -  >> "Host: be-qa.alta.id[\r][\n]"
10:56:32.856 [main] DEBUG org.apache.http.wire -  >> "Connection: Keep-Alive[\r][\n]"
10:56:32.856 [main] DEBUG org.apache.http.wire -  >> "User-Agent: Apache-HttpClient/4.5.13 (Java/1.8.0_241)[\r][\n]"
10:56:32.856 [main] DEBUG org.apache.http.wire -  >> "Accept-Encoding: gzip,deflate[\r][\n]"
10:56:32.856 [main] DEBUG org.apache.http.wire -  >> "[\r][\n]"
10:56:32.856 [main] DEBUG org.apache.http.headers - >> POST /api/orders HTTP/1.1
10:56:32.856 [main] DEBUG org.apache.http.headers - >> Authorization: Bearer tZSI6IkVsZnJpZGEgVGFtcHVib2xvbiIsIkVtYWlsIjoiZWxmMTIzQGVtYWlsLmNvbSJ9.26p_Tq9YA1ySy8UuTGPKwVJpt61uXpugluMOChFqOoo
10:56:32.856 [main] DEBUG org.apache.http.headers - >> Accept: */*
10:56:32.856 [main] DEBUG org.apache.http.headers - >> Content-Type: text/plain; charset=ISO-8859-1
10:56:32.856 [main] DEBUG org.apache.http.headers - >> Content-Length: 33
10:56:32.856 [main] DEBUG org.apache.http.headers - >> Host: be-qa.alta.id
10:56:32.856 [main] DEBUG org.apache.http.headers - >> Connection: Keep-Alive
10:56:32.856 [main] DEBUG org.apache.http.headers - >> User-Agent: Apache-HttpClient/4.5.13 (Java/1.8.0_241)
10:56:32.856 [main] DEBUG org.apache.http.headers - >> Accept-Encoding: gzip,deflate
10:56:32.856 [main] DEBUG org.apache.http.wire -  >> "[{"quantity":20,"product_id":12}]"
10:56:32.892 [main] DEBUG org.apache.http.wire -  << "HTTP/1.1 401 Unauthorized[\r][\n]"
10:56:32.892 [main] DEBUG org.apache.http.wire -  << "Server: nginx/1.14.2[\r][\n]"
10:56:32.892 [main] DEBUG org.apache.http.wire -  << "Date: Sat, 14 May 2022 03:56:32 GMT[\r][\n]"
10:56:32.892 [main] DEBUG org.apache.http.wire -  << "Content-Type: application/json[\r][\n]"
10:56:32.892 [main] DEBUG org.apache.http.wire -  << "Content-Length: 57[\r][\n]"
10:56:32.892 [main] DEBUG org.apache.http.wire -  << "Connection: keep-alive[\r][\n]"
10:56:32.892 [main] DEBUG org.apache.http.wire -  << "[\r][\n]"
10:56:32.892 [main] DEBUG org.apache.http.impl.conn.DefaultClientConnection - Receiving response: HTTP/1.1 401 Unauthorized
10:56:32.892 [main] DEBUG org.apache.http.headers - << HTTP/1.1 401 Unauthorized
10:56:32.892 [main] DEBUG org.apache.http.headers - << Server: nginx/1.14.2
10:56:32.892 [main] DEBUG org.apache.http.headers - << Date: Sat, 14 May 2022 03:56:32 GMT
10:56:32.892 [main] DEBUG org.apache.http.headers - << Content-Type: application/json
10:56:32.892 [main] DEBUG org.apache.http.headers - << Content-Length: 57
10:56:32.892 [main] DEBUG org.apache.http.headers - << Connection: keep-alive
10:56:32.893 [main] DEBUG org.apache.http.impl.client.DefaultHttpClient - Connection can be kept alive indefinitely
10:56:32.893 [main] DEBUG org.apache.http.impl.client.DefaultHttpClient - Authentication required
10:56:32.893 [main] DEBUG org.apache.http.impl.client.DefaultHttpClient - be-qa.alta.id:443 requested authentication
10:56:32.893 [main] DEBUG org.apache.http.impl.client.DefaultHttpClient - Response contains no authentication challenges
10:56:32.893 [main] DEBUG io.restassured.internal.RequestSpecificationImpl$RestAssuredHttpBuilder - Parsing response as: application/json
10:56:32.893 [main] DEBUG io.restassured.internal.RequestSpecificationImpl$RestAssuredHttpBuilder - Parsed data to instance of: class org.apache.http.conn.EofSensorInputStream
10:56:32.895 [main] DEBUG org.apache.http.wire -  << "{"error":"token contains an invalid number of segments"}[\n]"
10:56:32.895 [main] DEBUG org.apache.http.impl.conn.BasicClientConnectionManager - Releasing connection org.apache.http.impl.conn.ManagedClientConnectionImpl@aee05f4
10:56:32.895 [main] DEBUG org.apache.http.impl.conn.BasicClientConnectionManager - Connection can be kept alive indefinitely
10:56:32.896 [main] DEBUG net.thucydides.core.steps.StepInterceptor - STEP DONE: I send Wrong POST HTTP Request for create transaction
  &amp#27;[32mWhen &amp#27;[0m&amp#27;[32mI send Wrong POST HTTP Request for create transaction&amp#27;[0m &amp#27;[90m# starter.stepdefinitions.CreateTransactionSteps.sendWrongPostCreateTransaction()&amp#27;[0m
10:56:32.912 [main] DEBUG net.thucydides.core.steps.StepInterceptor - STARTING STEP: GetTransactions.getInvalidHTTPCategory401 - I receive valid HTTP response code 401
10:56:32.914 [main] DEBUG net.thucydides.core.steps.StepInterceptor - STEP DONE: I receive valid HTTP response code 401
  &amp#27;[32mThen &amp#27;[0m&amp#27;[32mI receive valid HTTP response code 401&amp#27;[0m                &amp#27;[90m# starter.stepdefinitions.GetTransactions.getInvalidHTTPCategory401()&amp#27;[0m
10:56:32.917 [main] INFO  - 
  _____   ___   ___   _____     ___     _     ___   ___   ___   ___  
 |_   _| | __| / __| |_   _|   | _ \   /_\   / __| / __| | __| |   \ 
   | |   | _|  \__ \   | |     |  _/  / _ \  \__ \ \__ \ | _|  | |) |
   |_|   |___| |___/   |_|     |_|   /_/ \_\ |___/ |___/ |___| |___/ 

Create Wrong Transaction In AltaShop
----------------------------------------------------------------------
]]></system-out>
  </testcase>
  <testcase name="Get All Categories" classname="Get Categories" time="0.451">
    <system-out><![CDATA[10:56:32.919 [main] INFO io.cucumber.core.plugin.SerenityReporter - Running feature from file:///D:/PERKULIAHAN/SEMESTER%206/KAMPUS%20MERDEKA/PROYEK_ALTERRA/TestingAPIALTA/src/test/resources/api/GetCategory.feature
10:56:32.919 [main] WARN io.cucumber.core.plugin.SerenityReporter - Feature from file:///D:/PERKULIAHAN/SEMESTER%206/KAMPUS%20MERDEKA/PROYEK_ALTERRA/TestingAPIALTA/src/test/resources/api/GetCategory.feature is not under the 'features' directory. Requirements report will not be correctly generated!
10:56:32.924 [main] DEBUG net.thucydides.core.steps.StepEventBus - Test suite started for story net.thucydides.core.model.Story@5402efb3
10:56:32.924 [main] INFO  - Test Suite Started: Get Categories

@get-all-categories
Scenario: Get All Categories                  &amp#27;[90m# src/test/resources/api/GetCategory.feature:4&amp#27;[0m
10:56:32.935 [main] INFO io.cucumber.core.plugin.SerenityReporter - Running feature from file:///D:/PERKULIAHAN/SEMESTER%206/KAMPUS%20MERDEKA/PROYEK_ALTERRA/TestingAPIALTA/src/test/resources/api/GetCategory.feature
10:56:32.936 [main] WARN io.cucumber.core.plugin.SerenityReporter - Feature from file:///D:/PERKULIAHAN/SEMESTER%206/KAMPUS%20MERDEKA/PROYEK_ALTERRA/TestingAPIALTA/src/test/resources/api/GetCategory.feature is not under the 'features' directory. Requirements report will not be correctly generated!
10:56:32.940 [main] INFO  - 
  _____   ___   ___   _____     ___   _____     _     ___   _____   ___   ___  
 |_   _| | __| / __| |_   _|   / __| |_   _|   /_\   | _ \ |_   _| | __| |   \ 
   | |   | _|  \__ \   | |     \__ \   | |    / _ \  |   /   | |   | _|  | |) |
   |_|   |___| |___/   |_|     |___/   |_|   /_/ \_\ |_|_\   |_|   |___| |___/ 

Get All Categories(get-categories;get-all-categories)
--------------------------------------------------------------------------------
10:56:32.951 [main] DEBUG net.thucydides.core.steps.StepInterceptor - STARTING STEP: GetSteps.setGetApi - I set GET api endpoints
10:56:32.952 [main] DEBUG net.thucydides.core.steps.StepInterceptor - STEP DONE: I set GET api endpoints
  &amp#27;[32mGiven &amp#27;[0m&amp#27;[32mI set GET api endpoints&amp#27;[0m               &amp#27;[90m# starter.stepdefinitions.GetSteps.setGetApi()&amp#27;[0m
10:56:32.958 [main] DEBUG net.thucydides.core.steps.StepInterceptor - STARTING STEP: GetSteps.getHttpRequest - I send GET HTTP Request
10:56:32.960 [main] DEBUG net.thucydides.core.steps.StepInterceptor - STARTING STEP: Get.getHttpRequest - I set GET api endpoints
10:56:32.960 [main] DEBUG net.thucydides.core.steps.StepInterceptor - STEP DONE: I set GET api endpoints
10:56:32.973 [main] DEBUG org.apache.http.impl.conn.BasicClientConnectionManager - Get connection for route {s}->https://be-qa.alta.id:443
10:56:32.973 [main] DEBUG org.apache.http.impl.conn.DefaultClientConnectionOperator - Connecting to be-qa.alta.id:443
10:56:33.195 [main] DEBUG org.apache.http.client.protocol.RequestAddCookies - CookieSpec selected: ignoreCookies
10:56:33.195 [main] DEBUG org.apache.http.client.protocol.RequestAuthCache - Auth cache not set in the context
10:56:33.195 [main] DEBUG org.apache.http.client.protocol.RequestTargetAuthentication - Target auth state: UNCHALLENGED
10:56:33.195 [main] DEBUG org.apache.http.client.protocol.RequestProxyAuthentication - Proxy auth state: UNCHALLENGED
10:56:33.195 [main] DEBUG org.apache.http.impl.client.DefaultHttpClient - Attempt 1 to execute request
10:56:33.195 [main] DEBUG org.apache.http.impl.conn.DefaultClientConnection - Sending request: GET /api/categories HTTP/1.1
10:56:33.195 [main] DEBUG org.apache.http.wire -  >> "GET /api/categories HTTP/1.1[\r][\n]"
10:56:33.195 [main] DEBUG org.apache.http.wire -  >> "Accept: */*[\r][\n]"
10:56:33.195 [main] DEBUG org.apache.http.wire -  >> "Host: be-qa.alta.id[\r][\n]"
10:56:33.195 [main] DEBUG org.apache.http.wire -  >> "Connection: Keep-Alive[\r][\n]"
10:56:33.195 [main] DEBUG org.apache.http.wire -  >> "User-Agent: Apache-HttpClient/4.5.13 (Java/1.8.0_241)[\r][\n]"
10:56:33.195 [main] DEBUG org.apache.http.wire -  >> "Accept-Encoding: gzip,deflate[\r][\n]"
10:56:33.195 [main] DEBUG org.apache.http.wire -  >> "[\r][\n]"
10:56:33.195 [main] DEBUG org.apache.http.headers - >> GET /api/categories HTTP/1.1
10:56:33.195 [main] DEBUG org.apache.http.headers - >> Accept: */*
10:56:33.195 [main] DEBUG org.apache.http.headers - >> Host: be-qa.alta.id
10:56:33.195 [main] DEBUG org.apache.http.headers - >> Connection: Keep-Alive
10:56:33.195 [main] DEBUG org.apache.http.headers - >> User-Agent: Apache-HttpClient/4.5.13 (Java/1.8.0_241)
10:56:33.195 [main] DEBUG org.apache.http.headers - >> Accept-Encoding: gzip,deflate
10:56:33.289 [main] DEBUG org.apache.http.wire -  << "HTTP/1.1 200 OK[\r][\n]"
10:56:33.289 [main] DEBUG org.apache.http.wire -  << "Server: nginx/1.14.2[\r][\n]"
10:56:33.289 [main] DEBUG org.apache.http.wire -  << "Date: Sat, 14 May 2022 03:56:32 GMT[\r][\n]"
10:56:33.289 [main] DEBUG org.apache.http.wire -  << "Content-Type: application/json[\r][\n]"
10:56:33.289 [main] DEBUG org.apache.http.wire -  << "Transfer-Encoding: chunked[\r][\n]"
10:56:33.289 [main] DEBUG org.apache.http.wire -  << "Connection: keep-alive[\r][\n]"
10:56:33.289 [main] DEBUG org.apache.http.wire -  << "[\r][\n]"
10:56:33.289 [main] DEBUG org.apache.http.impl.conn.DefaultClientConnection - Receiving response: HTTP/1.1 200 OK
10:56:33.289 [main] DEBUG org.apache.http.headers - << HTTP/1.1 200 OK
10:56:33.289 [main] DEBUG org.apache.http.headers - << Server: nginx/1.14.2
10:56:33.289 [main] DEBUG org.apache.http.headers - << Date: Sat, 14 May 2022 03:56:32 GMT
10:56:33.289 [main] DEBUG org.apache.http.headers - << Content-Type: application/json
10:56:33.289 [main] DEBUG org.apache.http.headers - << Transfer-Encoding: chunked
10:56:33.289 [main] DEBUG org.apache.http.headers - << Connection: keep-alive
10:56:33.290 [main] DEBUG org.apache.http.impl.client.DefaultHttpClient - Connection can be kept alive indefinitely
10:56:33.290 [main] DEBUG io.restassured.internal.RequestSpecificationImpl$RestAssuredHttpBuilder - Parsing response as: application/json
10:56:33.290 [main] DEBUG io.restassured.internal.RequestSpecificationImpl$RestAssuredHttpBuilder - Parsed data to instance of: class org.apache.http.conn.EofSensorInputStream
10:56:33.292 [main] DEBUG org.apache.http.wire -  << "1fa8[\r][\n]"
10:56:33.292 [main] DEBUG org.apache.http.wire -  << "{"data":[{"ID":1,"Name":"kesehatan","Description":""},{"ID":2,"Name":"kesehatan","Description":""},{"ID":3,"Name":"alat","Description":""},{"ID":4,"Name":"alat","Description":"sangat bagus"},{"ID":6,"Name":"kesehatan","Description":""},{"ID":9,"Name":"Tensi Darah Elektrik","Description":""},{"ID":10,"Name":"kesehatan","Description":""},{"ID":11,"Name":"kesehatan","Description":""},{"ID":12,"Name":"kesehatan jantung","Description":"gg"},{"ID":13,"Name":"kesehatan","Description":""},{"ID":14,"Name":"kesehatan","Description":""},{"ID":15,"Name":"kesehatan jantung","Description":"gg"},{"ID":16,"Name":"kesehatan","Description":""},{"ID":17,"Name":"kesehatan jantung","Description":"123451535"},{"ID":18,"Name":"kesehatan","Description":""},{"ID":19,"Name":"kesehatan","Description":""},{"ID":20,"Name":"kesehatan","Description":""},{"ID":21,"Name":"kesehatan","Description":""},{"ID":22,"Name":"kesehatan","Description":""},{"ID":23,"Name":"kesehatan","Description":""},{"ID":24,"Name":"kesehatan","Description":""},{"ID":25,"Name":"kesehatan","Description":""},{"ID":26,"Name":"kesehatan","Description":""},{"ID":27,"Name":"kesehatan","Description":""},{"ID":28,"Name":"kesehatan","Description":""},{"ID":29,"Name":"kesehatan","Description":""},{"ID":30,"Name":"kesehatan","Description":""},{"ID":31,"Name":"kesehatan","Description":""},{"ID":32,"Name":"kesehatan","Description":""},{"ID":33,"Name":"kesehatan","Description":""},{"ID":34,"Name":"kesehatan","Description":""},{"ID":35,"Name":"kesehatan","Description":""},{"ID":36,"Name":"kesehatan","Description":""},{"ID":37,"Name":"kesehatan","Description":""},{"ID":38,"Name":"kesehatan","Description":""},{"ID":39,"Name":"kesehatan","Description":""},{"ID":40,"Name":"kesehatan","Description":""},{"ID":41,"Name":"kesehatan","Description":""},{"ID":42,"Name":"kesehatan","Description":""},{"ID":43,"Name":"kesehatan","Description":""},{"ID":44,"Name":"kesehatan","Description":""},{"ID":45,"Name":"kesehatan","Description":""},{"ID":46,"Name":"Animal","Description":""},{"ID":47,"Name":"kesehatan","Description":""},{"ID":48,"Name":"kesehatan","Description":""},{"ID":49,"Name":"kesehatan","Description":""},{"ID":50,"Name":"kesehatan","Description":""},{"ID":51,"Name":"sehat","Description":""},{"ID":53,"Name":" ","Description":""},{"ID":58,"Name":"kesehatan","Description":""},{"ID":59,"Name":"kesehatan","Description":""},{"ID":60,"Name":"Animal","Description":""},{"ID":61,"Name":"Pakaian","Description":""},{"ID":62,"Name":"Pakaian","Description":""},{"ID":65,"Name":"kesehatan","Description":""},{"ID":66,"Name":"kesehatan","Description":""},{"ID":67,"Name":"kesehatan","Description":""},{"ID":68,"Name":"kesehatan","Description":""},{"ID":69,"Name":"kesehatan","Description":""},{"ID":70,"Name":"kesehatan","Description":""},{"ID":71,"Name":"kesehatan","Description":""},{"ID":72,"Name":"Pakaian","Description":""},{"ID":73,"Name":"Pakaian","Description":""},{"ID":74,"Name":"kesehatan","Description":""},{"ID":75,"Name":"kesehatan","Description":""},{"ID":76,"Name":"kesehatan","Description":""},{"ID":77,"Name":"kesehatan","Description":""},{"ID":78,"Name":"kesehatan","Description":""},{"ID":79,"Name":"kesehatan","Description":""},{"ID":80,"Name":"kesehatan","Description":""},{"ID":81,"Name":"Aksesoris","Description":""},{"ID":82,"Name":"kesehatan","Description":""},{"ID":83,"Name":"kesehatan","Description":""},{"ID":84,"Name":"kesehatan","Description":""},{"ID":85,"Name":"kesehatan","Description":""},{"ID":87,"Name":"kesehatan","Description":""},{"ID":88,"Name":"kesehatan","Description":""},{"ID":90,"Name":"kesehatan","Description":""},{"ID":91,"Name":"kesehatan","Description":""},{"ID":92,"Name":"kesehatan","Description":""},{"ID":93,"Name":"kesehatan","Description":""},{"ID":94,"Name":"kesehatan","Description":""},{"ID":95,"Name":"kesehatan","Description":""},{"ID":96,"Name":"kesehatan","Description":""},{"ID":97,"Name":"kesehatan","Description":""},{"ID":98,"Name":"Aksesoris","Description":""},{"ID":99,"Name":"Aksesoris","Description":""},{"ID":100,"Name":"kesehatan","Description":""},{"ID":101,"Name":"kesehatan","Description":""},{"ID":102,"Name":"kesehatan","Description":""},{"ID":103,"Name":"kesehatan","Description":""},{"ID":104,"Name":"kesehatan","Description":""},{"ID":105,"Name":"kesehatan","Description":""},{"ID":106,"Name":"kesehatan","Description":""},{"ID":107,"Name":"kesehatan","Description":""},{"ID":108,"Name":"kesehatan","Description":""},{"ID":109,"Name":"Toko Buah","Description":""},{"ID":111,"Name":"kesehatan","Description":""},{"ID":112,"Name":"kesehatan","Description":""},{"ID":113,"Name":"kesehatan","Description":""},{"ID":114,"Name":"Coba","Description":""},{"ID":115,"Name":"kesehatan","Description":""},{"ID":116,"Name":"kesehatan","Description":""},{"ID":117,"Name":"Toko Buah","Description":""},{"ID":118,"Name":"Toko Buah","Description":""},{"ID":119,"Name":"kesehatan","Description":""},{"ID":120,"Name":"kesehatan","Description":""},{"ID":121,"Name":"kesehatan jantung","Description":""},{"ID":124,"Name":"kesehatan jantung","Description":"123451535"},{"ID":126,"Name":"kesehatan","Description":""},{"ID":127,"Name":"kesehatan","Description":""},{"ID":128,"Name":"kesehatan","Description":""},{"ID":129,"Name":"kesehatan","Description":""},{"ID":130,"Name":"kesehatan","Description":""},{"ID":131,"Name":"kesehatan","Description":""},{"ID":132,"Name":"kesehatan","Description":""},{"ID":133,"Name":"kesehatan","Description":""},{"ID":134,"Name":"kesehatan","Description":""},{"ID":135,"Name":"kesehatan","Description":""},{"ID":136,"Name":"kesehatan","Description":""},{"ID":137,"Name":"kesehatan","Description":""},{"ID":138,"Name":"kesehatan","Description":""},{"ID":139,"Name":"kesehatan","Description":""},{"ID":140,"Name":"kesehatan","Description":""},{"ID":141,"Name":"kesehatan","Description":""},{"ID":142,"Name":"kesehatan","Description":""},{"ID":143,"Name":"kesehatan","Description":""},{"ID":144,"Name":"kesehatan","Description":""},{"ID":145,"Name":"kesehatan","Description":""},{"ID":146,"Name":"kesehatan","Description":""},{"ID":147,"Name":"kesehatan","Description":""},{"ID":148,"Name":"kesehatan","Description":"bagus"},{"ID":149,"Name":"kesehatan","Description":"bagus"},{"ID":150,"Name":"kesehatan","Description":"bagus"},{"ID":151,"Name":"kesehatan","Description":"bagus"},{"ID":154,"Name":"124","Description":"sangat bagus"},{"ID":155,"Name":"@","Description":"sangat bagus"},{"ID":157,"Name":"kesehatan","Description":""},{"ID":158,"Name":"kesehatan","Description":""},{"ID":160,"Name":"kesehatan","Description":""},{"ID":152,"Name":"kesehatan","Description":"sangat bagus"},{"ID":153,"Name":"kesehatan","Description":"sangat bagus"},{"ID":159,"Name":"alat","Description":""},{"ID":163,"Name":"xixixi","Description":""},{"ID":164,"Name":"kesehatan","Description":""},{"ID":165,"Name":"kesehatan","Description":""},{"ID":166,"Name":"kesehatan","Description":""},{"ID":167,"Name":"kesehatan","Description":""},{"ID":168,"Name":"kesehatan","Description":""},{"ID":169,"Name":"Covid-19","Description":""},{"ID":170,"Name":"kesehatan","Description":""},{"ID":171,"Name":"kesehatan","Description":""},{"ID":172,"Name":"kesehatan","Description":""},{"ID":173,"Name":"kesehatan","Description":""},{"ID":174,"Name":"kesehatan","Description":""},{"ID":175,"Name":"kesehatan","Description":""},{"ID":176,"Name":"kesehatan","Description":""},{"ID":177,"Name":"kesehatan","Description":""},{"ID":178,"Name":"kesehatan","Description":""},{"ID":179,"Name":"kesehatan","Description":""},{"ID":180,"Name":"kesehatan","Description":""},{"ID":181,"Name":"kesehatan","Description":""},{"ID":182,"Name":"kesehatan","Description":""},{"ID":183,"Name":"kesehatan","Description":""},{"ID":184,"Name":"kesehatan","Description":""},{"ID":185,"Name":"kesehatan","Description":""},{"ID":186,"Name":"kesehatan","Description":""},{"ID":187,"Name":"Toko Buah","Description":""},{"ID":188,"Name":"Toko Buah","Description":""},{"ID":189,"Name":"Toko Buah","Description":""},{"ID":190,"Name":"Toko Buah","
10:56:33.292 [main] DEBUG org.apache.http.wire -  << ""Description":""},{"ID":191,"Name":"kesehatan","Description":""},{"ID":192,"Name"
10:56:33.293 [main] DEBUG org.apache.http.wire -  << "[\r][\n]"
10:56:33.293 [main] DEBUG org.apache.http.wire -  << "2000[\r][\n]"
10:56:33.293 [main] DEBUG org.apache.http.wire -  << "":"alat","Description":""},{"ID":193,"Name":"kesehatan","Description":""},{"ID":194,"Name":"11","Description":""},{"ID":195,"Name":"69","Description":""},{"ID":196,"Name":"alat","Description":"sangat bagus"},{"ID":197,"Name":"alat","Description":"sangat bagus"},{"ID":198,"Name":"@@","Description":"sangat bagus"},{"ID":200,"Name":"abcdefghijklmnopqrstuvwxyzABCDefGHIJKLMANOP","Description":"sangat bagus"},{"ID":201,"Name":"abcdefghijklmnopqrstuvwxyzABCDefGHIJKLMANOPADSFSFASCFSACFASFFDAFSDF","Description":"sangat bagus"},{"ID":202,"Name":"kesehatan","Description":""},{"ID":203,"Name":"kesehatan jantung","Description":""},{"ID":204,"Name":"kesehatan","Description":""},{"ID":205,"Name":"kesehatan","Description":""},{"ID":206,"Name":"kesehatan","Description":""},{"ID":207,"Name":"kesehatan","Description":""},{"ID":208,"Name":"kecantikan","Description":""},{"ID":209,"Name":"Animal","Description":""},{"ID":210,"Name":"Meta","Description":""},{"ID":211,"Name":"K2","Description":""},{"ID":213,"Name":"Teleskop","Description":""},{"ID":214,"Name":"Gajah","Description":""},{"ID":215,"Name":"Gajah","Description":""},{"ID":216,"Name":"keseaatan","Description":""},{"ID":217,"Name":"gajah","Description":""},{"ID":218,"Name":"cow","Description":""},{"ID":219,"Name":"34","Description":""},{"ID":220,"Name":"kesehatan","Description":""},{"ID":224,"Name":"Animal","Description":""},{"ID":225,"Name":"Ini","Description":""},{"ID":226,"Name":"Toko Buah Elektrik","Description":""},{"ID":227,"Name":"kesehatan","Description":""},{"ID":228,"Name":"kesehatan","Description":""},{"ID":229,"Name":"kesehatan","Description":""},{"ID":230,"Name":"kesehatan","Description":""},{"ID":231,"Name":"kesehatan","Description":""},{"ID":232,"Name":"kesehatan","Description":""},{"ID":233,"Name":"kesehatan","Description":""},{"ID":234,"Name":"kesehatan","Description":""},{"ID":235,"Name":"kesehatan","Description":""},{"ID":236,"Name":"kesehatan","Description":""},{"ID":237,"Name":"kesehatan","Description":""},{"ID":238,"Name":"kesehatan","Description":""},{"ID":239,"Name":"kesehatan","Description":""},{"ID":240,"Name":"kesehatan","Description":""},{"ID":241,"Name":"kesehatan","Description":""},{"ID":242,"Name":"kesehatan","Description":""},{"ID":243,"Name":"kesehatan","Description":""},{"ID":244,"Name":"kesehatan","Description":""},{"ID":245,"Name":"kesehatan","Description":""},{"ID":246,"Name":"kesehatan","Description":""},{"ID":247,"Name":"kesehatan","Description":""},{"ID":248,"Name":"kesehatan","Description":""},{"ID":249,"Name":"kesehatan","Description":""},{"ID":250,"Name":"kesehatan","Description":""},{"ID":251,"Name":"kesehatan","Description":""},{"ID":252,"Name":"kesehatan","Description":""},{"ID":253,"Name":"kesehatan","Description":""},{"ID":254,"Name":"kesehatan","Description":""},{"ID":255,"Name":"kesehatan","Description":""},{"ID":256,"Name":"kesehatan","Description":""},{"ID":257,"Name":"kesehatan","Description":""},{"ID":258,"Name":"kesehatan","Description":""},{"ID":259,"Name":"kesehatan","Description":""},{"ID":260,"Name":"kesehatan","Description":""},{"ID":261,"Name":"kesehatan","Description":""},{"ID":262,"Name":"kesehatan","Description":""},{"ID":263,"Name":"kesehatan","Description":""},{"ID":264,"Name":"kesehatan","Description":""},{"ID":265,"Name":"kesehatan","Description":""},{"ID":266,"Name":"kesehatan","Description":""},{"ID":267,"Name":"kesehatan","Description":""},{"ID":269,"Name":"kesehatan","Description":""},{"ID":270,"Name":"kesehatan","Description":""},{"ID":271,"Name":"kesehatan","Description":""},{"ID":272,"Name":"kesehatan","Description":""},{"ID":273,"Name":"kesehatan","Description":""},{"ID":274,"Name":"kesehatan","Description":""},{"ID":275,"Name":"kesehatan","Description":""},{"ID":276,"Name":"kesehatan","Description":""},{"ID":277,"Name":"kesehatan","Description":""},{"ID":278,"Name":"kesehatan","Description":""},{"ID":279,"Name":"kesehatan","Description":""},{"ID":280,"Name":"kesehatan","Description":""},{"ID":281,"Name":"kesehatan","Description":""},{"ID":282,"Name":"kesehatan","Description":""},{"ID":283,"Name":"kesehatan","Description":""},{"ID":284,"Name":"kesehatan","Description":""},{"ID":285,"Name":"kesehatan","Description":""},{"ID":286,"Name":"kesehatan","Description":""},{"ID":287,"Name":"kesehatan","Description":""},{"ID":288,"Name":"kesehatan","Description":""},{"ID":289,"Name":"kesehatan","Description":""},{"ID":290,"Name":"kesehatan","Description":""},{"ID":291,"Name":"kesehatan","Description":""},{"ID":292,"Name":"kesehatan","Description":""},{"ID":293,"Name":"kesehatan","Description":""},{"ID":294,"Name":"kesehatan","Description":""},{"ID":295,"Name":"kesehatan","Description":""},{"ID":296,"Name":"kesehatan","Description":""},{"ID":297,"Name":"kesehatan","Description":""},{"ID":298,"Name":"kesehatan","Description":""},{"ID":299,"Name":"kesehatan","Description":""},{"ID":302,"Name":"kesehatan","Description":""},{"ID":304,"Name":"kesehatan","Description":""},{"ID":300,"Name":"kesehatan","Description":""},{"ID":301,"Name":"kesehatan","Description":""},{"ID":303,"Name":"kesehatan","Description":""},{"ID":305,"Name":"kesehatan","Description":""},{"ID":306,"Name":"kesehatan","Description":""},{"ID":307,"Name":"Ini","Description":""},{"ID":308,"Name":"kesehatan","Description":""},{"ID":309,"Name":"kesehatan","Description":""},{"ID":310,"Name":"kesehatan","Description":""},{"ID":311,"Name":"Aksesoris","Description":""},{"ID":312,"Name":"kesehatan","Description":""},{"ID":313,"Name":"kesehatan","Description":"health"},{"ID":316,"Name":" ","Description":""},{"ID":318,"Name":"kesehatan","Description":""},{"ID":319,"Name":"kesehatan","Description":""},{"ID":320,"Name":"kesehatan","Description":""},{"ID":321,"Name":"kesehatan","Description":""},{"ID":326,"Name":"kesehatan","Description":""},{"ID":328,"Name":"kesehatan","Description":""},{"ID":329,"Name":"Makanan","Description":""},{"ID":330,"Name":"Kopi","Description":""},{"ID":331,"Name":"Kopi","Description":""},{"ID":332,"Name":"12__@","Description":""},{"ID":333,"Name":"12__@","Description":""},{"ID":334,"Name":"12__@","Description":""},{"ID":335,"Name":"12__@","Description":""},{"ID":336,"Name":"Sport","Description":""},{"ID":337,"Name":"kesehatan","Description":""},{"ID":338,"Name":"health","Description":""},{"ID":340,"Name":"Sport","Description":""},{"ID":341,"Name":"Sport","Description":""},{"ID":342,"Name":"2341","Description":""},{"ID":343,"Name":"Sport","Description":""},{"ID":344,"Name":"kesehatan","Description":""},{"ID":345,"Name":"kesehatan","Description":""},{"ID":346,"Name":"kesehatan","Description":""},{"ID":347,"Name":"kesehatan","Description":""},{"ID":348,"Name":"kesehatan","Description":""},{"ID":349,"Name":"kesehatan","Description":""},{"ID":351,"Name":"kesehatan","Description":""},{"ID":353,"Name":"kesehatan","Description":""},{"ID":355,"Name":"kesehatan","Description":""},{"ID":357,"Name":"trex","Description":""},{"ID":358,"Name":"kesehatan","Description":""},{"ID":360,"Name":"kesehatan","Description":""},{"ID":362,"Name":"kesehatan","Description":""},{"ID":364,"Name":"kesehatan","Description":""},{"ID":366,"Name":"kesehatan","Description":""},{"ID":368,"Name":"kesehatan","Description":""},{"ID":370,"Name":"health","Description":""},{"ID":371,"Name":"health","Description":""},{"ID":372,"Name":"health","Description":""},{"ID":383,"Name":"12__@","Description":""},{"ID":384,"Name":"kesehatan","Description":""},{"ID":386,"Name":"kesehatan","Description":""},{"ID":387,"Name":"kesehatan","Description":""},{"ID":388,"Name":"kesehatan","Description":""},{"ID":389,"Name":"kesehatan","Description":""},{"ID":390,"Name":"kesehatan","Description":""},{"ID":391,"Name":"health","Description":""},{"ID":393,"Name":"Sport","Description":""},{"ID":394,"Name":"Sport","Description":""},{"ID":395,"Name":"Sport","Description":""},{"ID":396,"Name":"Dress wanita","Description":""},{"ID":397,"Name":"Sport","Description":""},{"ID":398,"Name":"Sport","Description":""},{"ID":399,"Name":"Sport","Description":""},{"ID":400,"Name":"Sport","Description":""},{"ID":401,"Name":"Sport","Description":""},{"ID":402,"Nam"
10:56:33.295 [main] DEBUG org.apache.http.wire -  << "e":"Sport","Description":""},{"ID":403,"Name":"Sport","Description":""},{"ID":404,"Name""
10:56:33.295 [main] DEBUG org.apache.http.wire -  << "[\r][\n]"
10:56:33.295 [main] DEBUG org.apache.http.wire -  << "2000[\r][\n]"
10:56:33.295 [main] DEBUG org.apache.http.wire -  << ":"Sport","Description":""},{"ID":405,"Name":"Sport","Description":""},{"ID":406,"Name":"Sport","Description":""},{"ID":407,"Name":"Sport","Description":""},{"ID":408,"Name":"Sport","Description":""},{"ID":409,"Name":"Sport","Description":""},{"ID":410,"Name":"Sport","Description":""},{"ID":411,"Name":"Sport","Description":""},{"ID":412,"Name":"kesehatan","Description":""},{"ID":413,"Name":"kesehatan","Description":""},{"ID":414,"Name":"12__@","Description":""},{"ID":415,"Name":"kesehatan","Description":""},{"ID":416,"Name":"12__@","Description":""},{"ID":417,"Name":"kesehatan","Description":""},{"ID":418,"Name":"12__@","Description":""},{"ID":419,"Name":"Batik wanita","Description":""},{"ID":420,"Name":"Dress Batik","Description":""},{"ID":421,"Name":"Dress Batik","Description":""},{"ID":422,"Name":"Dress Batik Wanita","Description":""},{"ID":423,"Name":"Dress Batik Wanita","Description":""},{"ID":424,"Name":"Dress Batik Wanita","Description":""},{"ID":425,"Name":"Alat Pancing","Description":""},{"ID":426,"Name":"Alat Pancing lagi","Description":""},{"ID":427,"Name":"Alat Pancing Mania","Description":""},{"ID":428,"Name":"kesehatan","Description":""},{"ID":429,"Name":"kesehatan","Description":""},{"ID":430,"Name":"kesehatan","Description":""},{"ID":431,"Name":"kesehatan","Description":""},{"ID":432,"Name":"kesehatan","Description":""},{"ID":433,"Name":"pempek","Description":""},{"ID":434,"Name":"kesehatan","Description":""},{"ID":435,"Name":"565656567","Description":""},{"ID":437,"Name":"kesehatan","Description":""},{"ID":438,"Name":"kesehatan","Description":""},{"ID":439,"Name":"kesehatan","Description":""},{"ID":440,"Name":"Animal","Description":""},{"ID":441,"Name":"pempek","Description":""},{"ID":443,"Name":"123","Description":""},{"ID":445,"Name":"xixixi","Description":""},{"ID":446,"Name":"xixixi","Description":""},{"ID":447,"Name":"xixixi","Description":""},{"ID":448,"Name":"xixixi","Description":""},{"ID":449,"Name":"kesehatan","Description":""},{"ID":450,"Name":"kesehatan","Description":""},{"ID":451,"Name":"keselamatan","Description":""},{"ID":452,"Name":"keselamatan kerja","Description":""},{"ID":453,"Name":"keselamatan kerja","Description":"gunakan masker"},{"ID":455,"Name":"Alat Pancing Mania","Description":""},{"ID":456,"Name":"kehidupan","Description":""},{"ID":457,"Name":"@","Description":""},{"ID":458,"Name":"@kesehatan","Description":""},{"ID":459,"Name":"kesehatan3","Description":""},{"ID":460,"Name":"#123","Description":""},{"ID":461,"Name":"kesehatan3##","Description":""},{"ID":462,"Name":"KESELAMATAN 12","Description":""},{"ID":463,"Name":"KESELAMATAN 12","Description":"memkai masker"},{"ID":464,"Name":"##KESELAMATAN 12","Description":"memkai masker"},{"ID":465,"Name":"Pakaian","Description":""},{"ID":466,"Name":"kesehatan1234","Description":""},{"ID":467,"Name":"kesehatan","Description":""},{"ID":468,"Name":"kesehatan","Description":""},{"ID":469,"Name":"Pakaian","Description":""},{"ID":470,"Name":"kesehatan","Description":""},{"ID":471,"Name":"kesehatan","Description":""},{"ID":473,"Name":"Aksesoris","Description":""},{"ID":472,"Name":"kesehatan","Description":""},{"ID":474,"Name":"Toko Elektrik Pak Amir","Description":""},{"ID":475,"Name":"Toko Elektrik Pak Amir","Description":""},{"ID":476,"Name":"kesehatan","Description":""},{"ID":477,"Name":"kesehatan","Description":""},{"ID":478,"Name":"kesehatan","Description":""},{"ID":479,"Name":"kesehatan","Description":""},{"ID":480,"Name":"kesehatan","Description":""},{"ID":483,"Name":"kesehatan","Description":""},{"ID":484,"Name":"kesehatan","Description":""},{"ID":485,"Name":"kesehatan","Description":"haha"},{"ID":486,"Name":"kesehatan","Description":"haha"},{"ID":487,"Name":"coba","Description":"haha"},{"ID":488,"Name":"coba","Description":"haha"},{"ID":490,"Name":"coba","Description":""},{"ID":491,"Name":"coba","Description":"haha"},{"ID":492,"Name":"coba","Description":""},{"ID":493,"Name":"coba","Description":"ini desc"},{"ID":494,"Name":"coba","Description":"ini desc"},{"ID":495,"Name":"coba","Description":"ini desc"},{"ID":496,"Name":"Sport","Description":""},{"ID":497,"Name":"kesehatan","Description":""},{"ID":500,"Name":"kesehatan jangka panjang","Description":""},{"ID":501,"Name":"sda","Description":""},{"ID":503,"Name":"coba","Description":"ini desc"},{"ID":504,"Name":"coba","Description":""},{"ID":506,"Name":"coba","Description":"ini desc"},{"ID":507,"Name":"coba","Description":""},{"ID":509,"Name":"coba","Description":"ini desc"},{"ID":510,"Name":"coba","Description":""},{"ID":511,"Name":"kesehatan","Description":""},{"ID":512,"Name":"Aksesoris","Description":""},{"ID":513,"Name":"kesehatan","Description":""},{"ID":516,"Name":"Kategori Bersama","Description":""},{"ID":517,"Name":"Kategori Bersama","Description":""},{"ID":518,"Name":"Kategori Bersama","Description":""},{"ID":519,"Name":"Kategori Bersama","Description":""},{"ID":520,"Name":"Kategori Bersama","Description":""},{"ID":521,"Name":"kesehatan","Description":""},{"ID":524,"Name":"Kategori Bersama","Description":""},{"ID":525,"Name":"Kategori Bersama","Description":""},{"ID":526,"Name":"Kategori Bersama","Description":""},{"ID":527,"Name":"Kategori Bersama","Description":""},{"ID":528,"Name":"Kategori Bersama","Description":""},{"ID":529,"Name":"Kategori Bersama","Description":""},{"ID":530,"Name":"Kategori Bersama","Description":""},{"ID":531,"Name":"Kategori Bersama","Description":""},{"ID":532,"Name":"Kategori Bersama","Description":""},{"ID":533,"Name":"Kategori Bersama","Description":""},{"ID":534,"Name":"Kategori Bersama","Description":""},{"ID":535,"Name":"Kategori Bersama","Description":""},{"ID":536,"Name":"Kategori Bersama","Description":""},{"ID":537,"Name":"Kategori Bersama","Description":""},{"ID":538,"Name":"Kategori Bersama","Description":""},{"ID":539,"Name":"Kategori Bersama","Description":""},{"ID":540,"Name":"Kategori Bersama","Description":""},{"ID":541,"Name":"Kategori Bersama","Description":""},{"ID":542,"Name":"Kategori Bersama","Description":""},{"ID":543,"Name":"Kategori Bersama","Description":""},{"ID":544,"Name":"Kategori Bersama","Description":"kategori kebersamaan"},{"ID":545,"Name":"Kategori Bersama","Description":"kategori kebersamaan"},{"ID":546,"Name":"Kategori Bersama","Description":"kategori kebersamaan"},{"ID":547,"Name":"Kategori Bersama","Description":"kategori kebersamaan"},{"ID":548,"Name":"alat","Description":""},{"ID":549,"Name":"Aksesoris","Description":""},{"ID":550,"Name":"Aksesoris","Description":""},{"ID":551,"Name":"Toko Buah","Description":""},{"ID":552,"Name":"Toko Buah","Description":""},{"ID":553,"Name":"Toko Buah","Description":""},{"ID":554,"Name":"Toko Buah","Description":""},{"ID":556,"Name":"Gak Tau Bingung","Description":""},{"ID":559,"Name":"Gak Tau Bingung","Description":""},{"ID":561,"Name":"Alat Pancing Mania","Description":""},{"ID":562,"Name":"kesehatan","Description":""},{"ID":563,"Name":"alat olahraga","Description":""},{"ID":565,"Name":"fashion","Description":""},{"ID":566,"Name":"kesehatan","Description":""},{"ID":567,"Name":"kesehatan","Description":""},{"ID":568,"Name":"kesehatan","Description":""},{"ID":569,"Name":"Elektronik","Description":""},{"ID":570,"Name":"Elektronik","Description":""},{"ID":571,"Name":"Kategori Bersama","Description":"kategori kebersamaan"},{"ID":572,"Name":"Kategori Bersama","Description":"kategori kebersamaan"},{"ID":574,"Name":" ","Description":""},{"ID":576,"Name":"aas1231","Description":""},{"ID":577,"Name":"000","Description":""},{"ID":580,"Name":"a","Description":""},{"ID":581,"Name":"Toko Elektrik Pak Amir","Description":""},{"ID":582,"Name":"kesehatan","Description":""},{"ID":583,"Name":"kesehatan","Description":""},{"ID":584,"Name":"kesehatan","Description":""},{"ID":585,"Name":"kesehatan","Description":""},{"ID":586,"Name":"kesehatan","Description":""},{"ID":587,"Name":"kesehatan","Description":""},{"ID":588,"Name":"kesehatan","Description":""},{"ID":589,"Name":"kesehatan","Description":""},{"ID":590,"Name":"kesehatan","Description":""},{"ID":591,"Name":"kesehatan","Description":""},{"ID":592,"Name":"
10:56:33.295 [main] DEBUG org.apache.http.wire -  << ""kesehatan","Description":""},{"ID":593,"Name":"kesehatan","Description":""},{"ID":594,"Name":"k"
10:56:33.295 [main] DEBUG org.apache.http.wire -  << "[\r][\n]"
10:56:33.295 [main] DEBUG org.apache.http.wire -  << "1000[\r][\n]"
10:56:33.295 [main] DEBUG org.apache.http.wire -  << "esehatan","Description":""},{"ID":595,"Name":"kesehatan","Description":""},{"ID":596,"Name":"kesehatan","Description":""},{"ID":597,"Name":"kesehatan","Description":""},{"ID":598,"Name":"kesehatan","Description":""},{"ID":599,"Name":"kesehatan","Description":""},{"ID":600,"Name":"kesehatan","Description":""},{"ID":601,"Name":"kesehatan","Description":""},{"ID":602,"Name":"kesehatan","Description":""},{"ID":603,"Name":"kesehatan","Description":""},{"ID":604,"Name":"kesehatan","Description":""},{"ID":605,"Name":"kesehatan","Description":""},{"ID":606,"Name":"kesehatan","Description":""},{"ID":608,"Name":"kesehatan","Description":""},{"ID":609,"Name":"kesehatan","Description":""},{"ID":610,"Name":"kesehatan","Description":""},{"ID":611,"Name":"kesehatan","Description":""},{"ID":612,"Name":"kesehatan","Description":""},{"ID":613,"Name":"kesehatan","Description":""},{"ID":614,"Name":"kesehatan","Description":""},{"ID":615,"Name":"kesehatan","Description":""},{"ID":618,"Name":"kesehatan","Description":""},{"ID":619,"Name":"kesehatan","Description":""},{"ID":620,"Name":"kesehatan","Description":""},{"ID":621,"Name":"kesehatan","Description":""},{"ID":622,"Name":"kesehatan","Description":""},{"ID":623,"Name":"kesehatan","Description":""},{"ID":624,"Name":"kesehatan1","Description":""},{"ID":626,"Name":"kesehatan1","Description":""},{"ID":628,"Name":"kesehat@n","Description":""},{"ID":631,"Name":"kesehatan","Description":""},{"ID":633,"Name":"kesehatan","Description":""},{"ID":635,"Name":"kesehatan","Description":""},{"ID":636,"Name":"kesehatan","Description":""},{"ID":649,"Name":"kesehatan","Description":""},{"ID":650,"Name":"kesehatan","Description":""},{"ID":651,"Name":"kesehatan","Description":""},{"ID":652,"Name":"kesehatan","Description":""},{"ID":653,"Name":"kesehatan","Description":""},{"ID":654,"Name":"kesehatan","Description":""},{"ID":656,"Name":"kesehatan","Description":""},{"ID":657,"Name":"kesehatan","Description":""},{"ID":659,"Name":"kesehatan","Description":""},{"ID":665,"Name":"Kategori Bersama","Description":"kategori kebersamaan"},{"ID":667,"Name":"Kategori Bersama","Description":"kategori kebersamaan"},{"ID":668,"Name":"Kategori Bersama","Description":"kategori kebersamaan"},{"ID":669,"Name":"Kategori Bersama","Description":"kategori kebersamaan"},{"ID":625,"Name":"kesehatan1","Description":""},{"ID":627,"Name":"kesehat@n","Description":""},{"ID":630,"Name":"kesehatan","Description":""},{"ID":632,"Name":"kesehatan","Description":""},{"ID":634,"Name":"kesehatan","Description":""},{"ID":637,"Name":"kesehatan","Description":""},{"ID":638,"Name":"kesehatan","Description":""},{"ID":639,"Name":"kesehatan","Description":""},{"ID":640,"Name":"kesehatan","Description":""},{"ID":643,"Name":"kesehatan","Description":""},{"ID":644,"Name":"kesehatan","Description":""},{"ID":645,"Name":"kesehatan","Description":""},{"ID":647,"Name":"kesehatan","Description":""},{"ID":648,"Name":"kesehatan","Description":""},{"ID":655,"Name":"kesehatan","Description":""},{"ID":681,"Name":"kesehatan","Description":""},{"ID":683,"Name":"kesehatan","Description":""},{"ID":685,"Name":"kesehatan","Description":""},{"ID":687,"Name":"kesehatan","Description":""},{"ID":689,"Name":"kesehatan","Description":""},{"ID":691,"Name":"kesehatan","Description":""},{"ID":693,"Name":"kesehatan","Description":""},{"ID":695,"Name":"kesehatan","Description":""},{"ID":697,"Name":"kesehatan","Description":""},{"ID":699,"Name":"kesehatan","Description":""},{"ID":701,"Name":"Makanan","Description":""},{"ID":702,"Name":"Makanan","Description":"Bakso"},{"ID":703,"Name":"Makanan","Description":"Bakso"},{"ID":704,"Name":"Makanan","Description":"Bakso"},{"ID":705,"Name":"Makanan","Description":"Bakso"},{"ID":706,"Name":"Makanan","Description":"Bakso"},{"ID":707,"Name":"kesehatan","Description":""},{"ID":708,"Name":"kesehatan","Description":""},{"ID":709,"Name":"kesehatan","Description":""},{"ID":710,"Name":"kesehatan","Description":""},{"ID":711,"Name":"kesehatan","Description":""},{"ID":712,"Name":"kesehatan","Description":""},{"ID":713,"Name":"kesehatan","Description":"
10:56:33.296 [main] DEBUG org.apache.http.wire -  << "[\r][\n]"
10:56:33.296 [main] DEBUG org.apache.http.wire -  << "2000[\r][\n]"
10:56:33.296 [main] DEBUG org.apache.http.wire -  << """},{"ID":714,"Name":"a","Description":""},{"ID":715,"Name":"Pakaian Pria","Description":""},{"ID":716,"Name":"fashion","Description":""},{"ID":718,"Name":"Pakaian Pria","Description":""},{"ID":723,"Name":"kesehatan","Description":""},{"ID":724,"Name":"kesehatan","Description":""},{"ID":725,"Name":"kesehatan","Description":""},{"ID":726,"Name":"health","Description":""},{"ID":728,"Name":"health","Description":""},{"ID":730,"Name":"Makanan","Description":"Bakso"},{"ID":731,"Name":"health","Description":""},{"ID":733,"Name":"Makanan","Description":"Bakso"},{"ID":734,"Name":"Makanan","Description":"Bakso"},{"ID":735,"Name":"Makanan","Description":"Bakso"},{"ID":736,"Name":"health","Description":""},{"ID":738,"Name":"health","Description":""},{"ID":740,"Name":"health","Description":""},{"ID":742,"Name":"health","Description":""},{"ID":744,"Name":"kesehatan","Description":""},{"ID":746,"Name":"health","Description":""},{"ID":748,"Name":"health","Description":""},{"ID":750,"Name":"health","Description":""},{"ID":752,"Name":"health","Description":""},{"ID":754,"Name":"health","Description":""},{"ID":756,"Name":"gadget","Description":""},{"ID":757,"Name":"gadget","Description":""},{"ID":758,"Name":"gadget","Description":""},{"ID":759,"Name":"gadget","Description":""},{"ID":760,"Name":"gadget","Description":""},{"ID":762,"Name":"gadget","Description":""},{"ID":764,"Name":"gadget","Description":""},{"ID":766,"Name":"gadget","Description":""},{"ID":768,"Name":"gadget","Description":""},{"ID":770,"Name":"gadget","Description":""},{"ID":773,"Name":"gadget","Description":""},{"ID":775,"Name":"gadget","Description":""},{"ID":777,"Name":"Makanan","Description":"Bakso"},{"ID":778,"Name":"Makanan","Description":"Bakso"},{"ID":779,"Name":"kesehatan","Description":""},{"ID":780,"Name":"Makanan","Description":"Bakso"},{"ID":781,"Name":"Fashion","Description":""},{"ID":782,"Name":"Makanan","Description":"Bakso"},{"ID":783,"Name":"Makanan","Description":"Bakso"},{"ID":784,"Name":"Makanan","Description":"Bakso"},{"ID":785,"Name":"Makanan","Description":"Bakso"},{"ID":786,"Name":"Makanan","Description":"Bakso"},{"ID":787,"Name":"Makanan","Description":"Bakso"},{"ID":788,"Name":"Makanan","Description":"Bakso"},{"ID":789,"Name":"Makanan","Description":"Bakso"},{"ID":790,"Name":"Makanan","Description":"Bakso"},{"ID":791,"Name":"Makanan","Description":"Bakso"},{"ID":792,"Name":"kesehatan","Description":""},{"ID":794,"Name":"kesehatan","Description":""},{"ID":796,"Name":"Makanan","Description":"Bakso"},{"ID":797,"Name":"kesehatan","Description":""},{"ID":799,"Name":"kesehatan123","Description":""},{"ID":800,"Name":"Makanan","Description":"Bakso"},{"ID":801,"Name":"kesehatan","Description":""},{"ID":803,"Name":"1234a@@@4141682","Description":""},{"ID":804,"Name":"kesehatan","Description":""},{"ID":806,"Name":"123","Description":""},{"ID":807,"Name":"123","Description":""},{"ID":808,"Name":"@123","Description":""},{"ID":809,"Name":"--1241","Description":""},{"ID":810,"Name":"123","Description":""},{"ID":811,"Name":"@123","Description":""},{"ID":812,"Name":"--1241","Description":""},{"ID":813,"Name":"kesehatan@##","Description":""},{"ID":814,"Name":"Pakaian Pria","Description":""},{"ID":817,"Name":"kesehatan","Description":""},{"ID":819,"Name":"kesehat","Description":""},{"ID":824,"Name":"Kategori Bersama","Description":""},{"ID":825,"Name":"Kategori Bersama","Description":""},{"ID":826,"Name":"Kategori Bersama","Description":""},{"ID":827,"Name":"kesehatan","Description":""},{"ID":828,"Name":"kesehatan","Description":""},{"ID":831,"Name":"Kategori Bersama","Description":""},{"ID":832,"Name":"Kategori Bersama","Description":""},{"ID":833,"Name":"Kategori Bersama","Description":""},{"ID":834,"Name":"Kategori Bersama","Description":""},{"ID":835,"Name":"Kategori Bersama","Description":""},{"ID":836,"Name":"Kategori Bersama","Description":""},{"ID":837,"Name":"Kategori Bersama","Description":""},{"ID":838,"Name":"Kategori Bersama","Description":""
10:56:33.329 [main] DEBUG org.apache.http.wire -  << ""},{"ID":839,"Name":"Kategori Bersama","Description":""},{"ID":840,"Name":"Kategori Bersama","Description":""},{"ID":841,"Name":"kesehatan","Description":""},{"ID":843,"Name":"kesehatan","Description":""},{"ID":844,"Name":"12__@","Description":""},{"ID":845,"Name":"kesehatan","Description":""},{"ID":846,"Name":"kesehatan","Description":""},{"ID":847,"Name":"123","Description":""},{"ID":848,"Name":"@123","Description":""},{"ID":850,"Name":"kesehatan@##","Description":""},{"ID":851,"Name":"123","Description":""},{"ID":853,"Name":"--1241","Description":""},{"ID":855,"Name":"kesehatan","Description":""},{"ID":857,"Name":"bajuku","Description":""},{"ID":858,"Name":"bajuku","Description":""},{"ID":860,"Name":"bajuku","Description":""},{"ID":862,"Name":"bajuku","Description":""},{"ID":864,"Name":"bajuku","Description":""},{"ID":866,"Name":"bajuku","Description":""},{"ID":867,"Name":"bajuku","Description":""},{"ID":869,"Name":"bajuku","Description":""},{"ID":870,"Name":"bajuku","Description":""},{"ID":874,"Name":"kesehatan jantung","Description":""},{"ID":875,"Name":"Test","Description":""},{"ID":878,"Name":"kesehatan","Description":""},{"ID":879,"Name":"kesehatan","Description":""},{"ID":880,"Name":"Makanan","Description":"Bakso"},{"ID":882,"Name":"Makanan","Description":"Bakso"},{"ID":849,"Name":"--1241","Description":""},{"ID":852,"Name":"@123","Description":""},{"ID":854,"Name":"kesehatan@##","Description":""},{"ID":856,"Name":"pensil","Description":""},{"ID":859,"Name":"bajuku","Description":""},{"ID":861,"Name":"bajuku","Description":""},{"ID":863,"Name":"bajuku","Description":""},{"ID":865,"Name":"bajuku","Description":""},{"ID":868,"Name":"bajuku","Description":""},{"ID":871,"Name":"bajuku","Description":""},{"ID":872,"Name":"kesehatan","Description":""},{"ID":873,"Name":"kesehatan","Description":""},{"ID":877,"Name":"Elektronik","Description":""},{"ID":881,"Name":"kesehatan","Description":""},{"ID":883,"Name":"kesehatan","Description":""},{"ID":884,"Name":"kesehatan","Description":""},{"ID":885,"Name":"kesehatan","Description":""},{"ID":886,"Name":"12__@","Description":""},{"ID":887,"Name":"kesehatan","Description":""},{"ID":888,"Name":"kesehatan","Description":""},{"ID":889,"Name":"kesehatan","Description":""},{"ID":890,"Name":"Kategori Bersama","Description":"kategori kebersamaan"},{"ID":891,"Name":"Kategori Bersama","Description":"kategori kebersamaan"},{"ID":892,"Name":"Kategori Bersama","Description":""},{"ID":893,"Name":"Kategori Bersama","Description":""},{"ID":894,"Name":"Makanan","Description":"Bakso"},{"ID":895,"Name":"kesehatan","Description":""},{"ID":896,"Name":"Makanan","Description":"Bakso"},{"ID":897,"Name":"kesehatan","Description":""},{"ID":898,"Name":"kesehatan","Description":""},{"ID":899,"Name":"kesehatan","Description":""},{"ID":900,"Name":"Kategori Bersama","Description":""},{"ID":901,"Name":"Kategori Bersama","Description":""},{"ID":902,"Name":"elektronik","Description":""},{"ID":903,"Name":"kesehatan","Description":""},{"ID":904,"Name":"kesehatan","Description":""},{"ID":905,"Name":"kesehatan","Description":""},{"ID":906,"Name":"prila","Description":""},{"ID":907,"Name":"Makanan","Description":"Bakso"},{"ID":908,"Name":"prila@","Description":""},{"ID":909,"Name":"prila","Description":""},{"ID":910,"Name":"kesehatan","Description":""},{"ID":911,"Name":"kesehatan","Description":""},{"ID":912,"Name":"kesehatan","Description":""},{"ID":913,"Name":"Permen","Description":""},{"ID":914,"Name":"kesehatan","Description":""},{"ID":915,"Name":"Kategori Bersama","Description":"kategori kebersamaan"},{"ID":916,"Name":"Kategori Bersama","Description":"kategori kebersamaan"},{"ID":917,"Name":"Sample","Description":""},{"ID":918,"Name":"Kategori Bersama","Description":"kategori kebersamaan"},{"ID":919,"Name":"Kategori Bersama","Description":"kategori kebersamaan"},{"ID":920,"Name":"Makanan","Description":"Bakso"},{"ID":921,"Name":"Kategori Bersama","Description":"kategori kebersamaan"},{"ID":922,"Name":"kesehatan","Description":""},{"ID":923,"Name":"Kategori Bersama","Description":"kategori kebersamaan"},{"ID":924,"Name":"kesehatan","Description":""},{"ID":925,"Name":"kesehatan","Description":""},{"ID":926,"Name":"Sample"
10:56:33.329 [main] DEBUG org.apache.http.wire -  << "[\r][\n]"
10:56:33.329 [main] DEBUG org.apache.http.wire -  << "2000[\r][\n]"
10:56:33.329 [main] DEBUG org.apache.http.wire -  << " Category","Description":""},{"ID":928,"Name":"Sample Category","Description":""},{"ID":929,"Name":"Kategori Bersama","Description":"kategori kebersamaan"},{"ID":930,"Name":"Kategori Bersama","Description":"kategori kebersamaan"},{"ID":931,"Name":"Toko Elektrik Pak Amir","Description":""},{"ID":932,"Name":"Barang Illegal","Description":""},{"ID":934,"Name":"Kategori Bersama","Description":"kategori kebersamaan"},{"ID":935,"Name":"Barang Illegal","Description":""},{"ID":937,"Name":"Makanan","Description":"Bakso"},{"ID":938,"Name":"kesehatan","Description":""},{"ID":939,"Name":"Kategori Bersama","Description":"kategori kebersamaan"},{"ID":940,"Name":"Makanan","Description":"Bakso"},{"ID":941,"Name":"Barang Illegal","Description":""},{"ID":942,"Name":"Kategori Bersama","Description":"kategori kebersamaan"},{"ID":944,"Name":"Kategori Bersama","Description":""},{"ID":945,"Name":"Barang Illegal","Description":""},{"ID":947,"Name":"Kategori Bersama","Description":"kategori kebersamaan"},{"ID":948,"Name":"Kategori Bersama","Description":""},{"ID":949,"Name":"Barang Illegal","Description":""},{"ID":950,"Name":"elektronik","Description":""},{"ID":952,"Name":"elektronik","Description":""},{"ID":953,"Name":"kesehatan","Description":""},{"ID":954,"Name":"Kategori Bersama","Description":""},{"ID":955,"Name":"Barang Illegal","Description":""},{"ID":956,"Name":"Kategori Bersama","Description":""},{"ID":957,"Name":"Kategori Bersama","Description":""},{"ID":958,"Name":"Barang Illegal","Description":""},{"ID":959,"Name":"kesehatan","Description":""},{"ID":960,"Name":"kesehatan","Description":""},{"ID":961,"Name":"kesehatan","Description":""},{"ID":962,"Name":"kesehatan","Description":""},{"ID":963,"Name":"kesehatan","Description":""},{"ID":964,"Name":"kesehatan","Description":""},{"ID":965,"Name":"Barang Illegal","Description":""},{"ID":966,"Name":"elektronik","Description":""},{"ID":967,"Name":"kesehatan","Description":""},{"ID":968,"Name":"Barang Illegal","Description":""},{"ID":969,"Name":"kesehatan","Description":""},{"ID":970,"Name":"kesehatan","Description":""},{"ID":971,"Name":"kesehatan","Description":""},{"ID":972,"Name":"Barang Illegal","Description":""},{"ID":973,"Name":"kesehatan","Description":""},{"ID":974,"Name":"kesehatan","Description":""},{"ID":975,"Name":"kesehatan","Description":""},{"ID":976,"Name":"kesehatan","Description":""},{"ID":977,"Name":"kesehatan","Description":""},{"ID":978,"Name":"Aksesoris","Description":""},{"ID":979,"Name":"kesehatan","Description":""},{"ID":980,"Name":"kesehatan","Description":""},{"ID":981,"Name":"kesehatan","Description":""},{"ID":982,"Name":"kesehatan","Description":""},{"ID":983,"Name":"Kategori Bersama","Description":"kategori kebersamaan"},{"ID":984,"Name":"kesehatan","Description":""},{"ID":985,"Name":"kesehatan","Description":""},{"ID":986,"Name":"kesehatan","Description":""},{"ID":987,"Name":"kesehatan","Description":""},{"ID":988,"Name":"kesehatan","Description":""},{"ID":989,"Name":"Kategori Bersama","Description":"kategori kebersamaan"},{"ID":990,"Name":"Kategori Bersama","Description":"kategori kebersamaan"},{"ID":991,"Name":"Kategori Bersama","Description":"kategori kebersamaan"},{"ID":992,"Name":"Kategori Bersama","Description":"kategori kebersamaan"},{"ID":994,"Name":"kesehatan","Description":""},{"ID":995,"Name":"Kategori Bersama","Description":"kategori kebersamaan"},{"ID":996,"Name":"kesehatan","Description":""},{"ID":997,"Name":"kesehatan","Description":""},{"ID":998,"Name":"kesehatan","Description":""},{"ID":999,"Name":"kesehatan","Description":""},{"ID":1000,"Name":"prila","Description":""},{"ID":1001,"Name":"prila","Description":""},{"ID":1002,"Name":"kesehatan","Description":""},{"ID":1003,"Name":"kesehatan","Description":""},{"ID":1004,"Name":"kesehatan","Description":""},{"ID":1005,"Name":"alat kesehatan","Description":""},{"ID":1006,"Name":"alat kesehatan","Description":""},{"ID":1007,"Name":"kesehatan","Description":""},{"ID":1008,"Name":"kesehatan","Description":""},{"ID":1009,"Name":"Kategori Bersama","Description":""},{"ID":1010,"Name":"kesehatan","Description":""},{"ID":1011,"Name":"Makanan","Description":"Bakso"},{"ID":1012,"Name":"Kategori Bersama","Description":""},{"ID":1013,"Name":"Makanan","Description":"Bakso"},{"ID":1014,"Name":"Makanan","Description":"Bakso"},{"ID":1015,"Name":"Kategori Bersama","Description":""},{"ID":1016,"Name":"Makanan","Description":"Bakso"},{"ID":1017,"Name":"Makanan","Description":"Bakso"},{"ID":1018,"Name":"Makanan","Description":"Bakso"},{"ID":1019,"Name":"Kategori Bersama","Description":"kategori kebersamaan"},{"ID":1020,"Name":"kesehatan","Description":""},{"ID":1021,"Name":"Kategori Bersama","Description":"kategori kebersamaan"},{"ID":1022,"Name":"kesehatan","Description":""},{"ID":1024,"Name":"kesehatan","Description":""},{"ID":1025,"Name":"kesehatan","Description":""},{"ID":1026,"Name":"kesehatan","Description":""},{"ID":1028,"Name":"Kategori Bersatu","Description":"kategori bersatu"},{"ID":1029,"Name":"Barang Berat","Description":"berat barang"},{"ID":1030,"Name":"Kategori Bersatu","Description":"kategori bersatu"},{"ID":1031,"Name":"Kategori Bersama","Description":"kategori kebersamaan"},{"ID":1032,"Name":"Kategori Bersama","Description":"kategori kebersamaan"},{"ID":1033,"Name":"Alat Kesehatan","Description":"alat kesehatan terbaik"},{"ID":1034,"Name":"Alat Kesehatan","Description":"alat kesehatan terbaik"},{"ID":1035,"Name":"Barang Berat","Description":"berat barang"},{"ID":1036,"Name":"Barang Berat","Description":"berat barang"},{"ID":1037,"Name":"kesehatan","Description":""},{"ID":1038,"Name":"kesehatan","Description":""},{"ID":1039,"Name":"kesehatan","Description":""},{"ID":1040,"Name":"kesehatan","Description":""},{"ID":1041,"Name":"kesehatan","Description":""},{"ID":1042,"Name":"kesehatan","Description":""},{"ID":1043,"Name":"kesehatan","Description":""},{"ID":1044,"Name":"kesehatan","Description":""},{"ID":1045,"Name":"kesehatan","Description":""},{"ID":1046,"Name":"Barang Berat","Description":"berat barang"},{"ID":1047,"Name":"Kategori Bersama","Description":"kategori kebersamaan"},{"ID":1048,"Name":"kesehatan","Description":""},{"ID":1049,"Name":"Kategori Bersatu","Description":"kategori bersatu"},{"ID":1050,"Name":"kesehatan","Description":""},{"ID":1051,"Name":"kesehatan","Description":""},{"ID":1052,"Name":"Alat Kesehatan","Description":"alat kesehatan terbaik"},{"ID":1053,"Name":"kesehatan","Description":""},{"ID":1054,"Name":"Makanan","Description":"Bakso"},{"ID":1055,"Name":"kesehatan","Description":""},{"ID":1056,"Name":"kesehatan","Description":""},{"ID":1057,"Name":"kesehatan","Description":""},{"ID":1058,"Name":"kesehatan","Description":""},{"ID":1059,"Name":"kesehatan","Description":""},{"ID":1060,"Name":"Makanan","Description":"Bakso"},{"ID":1061,"Name":"Makanan","Description":"Bakso"},{"ID":1062,"Name":"kesehatan","Description":""},{"ID":1063,"Name":"Kategori Bersama","Description":"kategori kebersamaan"},{"ID":1064,"Name":"kesehatan","Description":""},{"ID":1065,"Name":"kategori baru","Description":""},{"ID":1066,"Name":"kategori baru","Description":""},{"ID":1067,"Name":"kategori baru","Description":""},{"ID":1068,"Name":"kategori baru","Description":""},{"ID":1070,"Name":"coba","Description":""},{"ID":1071,"Name":"coba","Description":"ini desc"},{"ID":1072,"Name":"kategori baru","Description":""},{"ID":1073,"Name":"Kategori Bersatu","Description":"kategori bersatu"},{"ID":1074,"Name":"kesehatan","Description":""},{"ID":1075,"Name":"Kategori Bersatu","Description":"kategori bersatu"},{"ID":1076,"Name":"Barang Illegal","Description":""},{"ID":1077,"Name":"noName","Description":""},{"ID":1080,"Name":"coba","Description":""},{"ID":1081,"Name":"coba","Description":"ini desc"},{"ID":1083,"Name":"coba","Description":""},{"ID":1084,"Name":"coba","Description":"ini desc"},{"ID":1085,"Name":"Kategori Bersama","Description":""},{"ID":1086,"Name":"Kategori Bersama","Description":""},{"ID":1087,"Name":"kesehatan","Description":""},{"ID":1088,"Name":"Kategori Bersama","Description":""},{"ID":1089,"Name":"bajuku","Description":""},{"ID":1090,"Name":"bajuku","Description":""},{"ID":1091,"Name":"bajuku","Descripti"
10:56:33.329 [main] DEBUG org.apache.http.wire -  << "on":""},"
10:56:33.329 [main] DEBUG org.apache.http.wire -  << "[\r][\n]"
10:56:33.330 [main] DEBUG org.apache.http.wire -  << "2000[\r][\n]"
10:56:33.330 [main] DEBUG org.apache.http.wire -  << "{"ID":1092,"Name":"bajuku","Description":""},{"ID":1093,"Name":"bajuku","Description":""},{"ID":1094,"Name":"bajuku","Description":""},{"ID":1095,"Name":"kesehatan","Description":""},{"ID":1096,"Name":"kesehatan","Description":""},{"ID":1097,"Name":"kesehatan","Description":""},{"ID":1098,"Name":"kesehatan","Description":""},{"ID":1099,"Name":"Tensi Darah Elektrik","Description":""},{"ID":1100,"Name":"bajuku","Description":""},{"ID":1101,"Name":"kesehatan","Description":""},{"ID":1102,"Name":"kesehatan","Description":""},{"ID":1103,"Name":"kesehatan","Description":""},{"ID":1104,"Name":"kesehatan","Description":""},{"ID":1105,"Name":"alat","Description":""},{"ID":1106,"Name":"alat","Description":""},{"ID":1107,"Name":"alat","Description":""},{"ID":1108,"Name":"alat","Description":""},{"ID":1109,"Name":"kategori baru","Description":""},{"ID":1110,"Name":"kesehatan","Description":""},{"ID":1111,"Name":"kesehatan","Description":""},{"ID":1112,"Name":"kesehatan","Description":""},{"ID":1113,"Name":"kesehatan","Description":""},{"ID":1114,"Name":"kesehatan","Description":""},{"ID":1115,"Name":"kesehatan","Description":""},{"ID":1116,"Name":"kesehatan","Description":""},{"ID":1117,"Name":"kesehatan","Description":""},{"ID":1118,"Name":"kesehatan","Description":""},{"ID":1119,"Name":"kesehatan","Description":""},{"ID":1120,"Name":"kesehatan","Description":""},{"ID":1121,"Name":"kesehatan","Description":""},{"ID":1122,"Name":"kesehatan","Description":""},{"ID":1123,"Name":"Health Products","Description":""},{"ID":1124,"Name":"12@@@@@","Description":""},{"ID":1125,"Name":"12__@","Description":""},{"ID":1126,"Name":"Minuman","Description":""},{"ID":1128,"Name":"kesehatan","Description":""},{"ID":1130,"Name":"   ","Description":""},{"ID":1134,"Name":"12__@","Description":""},{"ID":1140,"Name":"12__@","Description":""},{"ID":1143,"Name":"12@@@@@","Description":""},{"ID":1145,"Name":"Minuman","Description":""},{"ID":1149,"Name":"Minuman","Description":""},{"ID":1155,"Name":"Barang Illegal","Description":""},{"ID":1157,"Name":"Barang Illegal","Description":""},{"ID":1160,"Name":"kesehatan","Description":""},{"ID":1163,"Name":"Barang Illegal","Description":""},{"ID":1168,"Name":"123","Description":""},{"ID":1169,"Name":"kesehatan","Description":""},{"ID":1171,"Name":"kesehatan","Description":""},{"ID":1173,"Name":"Tensi Darah Elektrik","Description":""},{"ID":1176,"Name":"Elektronik","Description":""},{"ID":1129,"Name":"null","Description":""},{"ID":1131,"Name":"kesehatan","Description":""},{"ID":1133,"Name":"12@@@@@","Description":""},{"ID":1135,"Name":"Minuman","Description":""},{"ID":1137,"Name":"Barang Illegal","Description":""},{"ID":1139,"Name":"12@@@@@","Description":""},{"ID":1141,"Name":"Minuman","Description":""},{"ID":1144,"Name":"12__@","Description":""},{"ID":1147,"Name":"12@@@@@","Description":""},{"ID":1148,"Name":"12__@","Description":""},{"ID":1151,"Name":"Barang Illegal","Description":""},{"ID":1153,"Name":"Barang Illegal","Description":""},{"ID":1161,"Name":"Barang Illegal","Description":""},{"ID":1165,"Name":"Barang Illegal","Description":""},{"ID":1167,"Name":"Pakaian Pria","Description":""},{"ID":1177,"Name":"kesehatan","Description":""},{"ID":1178,"Name":"12@@@@@","Description":""},{"ID":1179,"Name":"12__@","Description":""},{"ID":1180,"Name":"Minuman","Description":""},{"ID":1184,"Name":"kesehatan","Description":""},{"ID":1185,"Name":"12@@@@@","Description":""},{"ID":1186,"Name":"12__@","Description":""},{"ID":1187,"Name":"Minuman","Description":""},{"ID":1191,"Name":"kesehatan","Description":""},{"ID":1192,"Name":"12@@@@@","Description":""},{"ID":1193,"Name":"12__@","Description":""},{"ID":1194,"Name":"Minuman","Description":""},{"ID":1196,"Name":"kesehatan","Description":""},{"ID":1197,"Name":"12@@@@@","Description":""},{"ID":1198,"Name":"12__@","Description":""},{"ID":1199,"Name":"Minuman","Description":""},{"ID":1201,"Name":"kesehatan","Description":""},{"ID":1202,"Name":"12@@@@@",""
10:56:33.330 [main] DEBUG org.apache.http.wire -  << "Description":""},{"ID":1203,"Name":"12__@","Description":""},{"ID":1204,"Name":"Minuman","Description":""},{"ID":1206,"Name":"kesehatan","Description":""},{"ID":1207,"Name":"12@@@@@","Description":""},{"ID":1208,"Name":"12__@","Description":""},{"ID":1209,"Name":"Minuman","Description":""},{"ID":1211,"Name":"Kategori Bersama","Description":"kategori kebersamaan"},{"ID":1212,"Name":"Kategori Bersama","Description":"kategori kebersamaan"},{"ID":1213,"Name":"Barang Berat","Description":"berat barang"},{"ID":1215,"Name":"Barang Berat","Description":"berat barang"},{"ID":1217,"Name":"Kategori Bersama","Description":"kategori kebersamaan"},{"ID":1218,"Name":"Sport","Description":""},{"ID":1219,"Name":"Sport","Description":""},{"ID":1220,"Name":"Barang Berat","Description":"berat barang"},{"ID":1222,"Name":"Barang Berat","Description":"berat barang"},{"ID":1224,"Name":"Barang Berat","Description":"berat barang"},{"ID":1226,"Name":"Barang Berat","Description":"berat barang"},{"ID":1228,"Name":"Makanan","Description":"Bakso"},{"ID":1229,"Name":"kesehatan","Description":""},{"ID":1230,"Name":"kesehatan","Description":""},{"ID":1231,"Name":"kesehatan","Description":""},{"ID":1232,"Name":"kesehatan","Description":""},{"ID":1233,"Name":"kesehatan","Description":""},{"ID":1235,"Name":"kesehatan123","Description":""},{"ID":1236,"Name":"kesehatan","Description":""},{"ID":1238,"Name":"kesehatan","Description":""},{"ID":1239,"Name":"kesehatan","Description":""},{"ID":1240,"Name":"kesehatan","Description":""},{"ID":1241,"Name":"kesehatan","Description":""},{"ID":1242,"Name":"kesehatan","Description":""},{"ID":1243,"Name":"kesehatan","Description":""},{"ID":1244,"Name":"Barang Berat","Description":"berat barang"},{"ID":1246,"Name":"Kesehatan","Description":"Saluran Pernafasan"},{"ID":1247,"Name":"Elektronik","Description":""},{"ID":1248,"Name":"null","Description":""},{"ID":1251,"Name":"kesehatan","Description":""},{"ID":1252,"Name":"Kopi","Description":""},{"ID":1253,"Name":"Kesehatan","Description":"Saluran Pernafasan"},{"ID":1255,"Name":"kesehatan","Description":""},{"ID":1256,"Name":"kesehatan","Description":""},{"ID":1257,"Name":"kesehatan","Description":""},{"ID":1258,"Name":"Kesehatan","Description":"Saluran Pernafasan"},{"ID":1259,"Name":"health","Description":""},{"ID":1261,"Name":"kesehatan","Description":""},{"ID":1263,"Name":"kesehatan","Description":""},{"ID":1265,"Name":"health","Description":""},{"ID":1267,"Name":"kesehatan","Description":""},{"ID":1269,"Name":"health","Description":""},{"ID":1271,"Name":"Elektronik","Description":""},{"ID":1272,"Name":"Kesehatan","Description":"Saluran Pernafasan"},{"ID":1274,"Name":"Kesehatan","Description":"Saluran Pernafasan"},{"ID":1276,"Name":"Kesehatan","Description":"Saluran Pernafasan"},{"ID":1278,"Name":"Kesehatan","Description":"Saluran Pernafasan"},{"ID":1279,"Name":"kesehatan","Description":""},{"ID":1280,"Name":"kesehatan","Description":""},{"ID":1281,"Name":"Alat Pancing Mania","Description":""},{"ID":1282,"Name":"kesehatan","Description":""},{"ID":1283,"Name":"kesehatan","Description":""},{"ID":1284,"Name":"kesehatan","Description":""},{"ID":1285,"Name":"kesehatan","Description":""},{"ID":1286,"Name":"Sport","Description":""},{"ID":1287,"Name":"kesehatan","Description":""},{"ID":1289,"Name":"gadget","Description":""},{"ID":1291,"Name":"gadget","Description":""},{"ID":1293,"Name":"Kopi","Description":""},{"ID":1294,"Name":"Infus","Description":""},{"ID":1295,"Name":"kesehatan","Description":""},{"ID":1296,"Name":"kesehatan","Description":""},{"ID":1297,"Name":"kesehatan","Description":""},{"ID":1298,"Name":"kesehatan","Description":""},{"ID":1299,"Name":"kesehatan","Description":""},{"ID":1300,"Name":"kesehatan","Description":""},{"ID":1301,"Name":"kesehatan","Description":""},{"ID":1302,"Name":"kesehatan","Description":""},{"ID":1303,"Name":"kesehatan","Description":""},{"ID":1304,"Name":"kesehatan","Description":""},{"ID":1305,"Name":"kesehatan","Description":""},{"ID":1306,"Name":"Aksesoris","Description":""},{"ID":1307,"Name":"Aksesoris","Description":""},{"ID":1308,"Name":"kesehatan","Description":""},{"ID":1309,"Name":"alat","Description":""},{"ID":1310,"Name":"Aksesoris","Description":""},{"ID":1"
10:56:33.330 [main] DEBUG org.apache.http.wire -  << "[\r][\n]"
10:56:33.330 [main] DEBUG org.apache.http.wire -  << "2d31[\r][\n]"
10:56:33.331 [main] DEBUG org.apache.http.wire -  << "311,"Name":"kesehatan","Description":""},{"ID":1312,"Name":"alat","Description":""},{"ID":1313,"Name":"69","Description":""},{"ID":1318,"Name":"alat","Description":""},{"ID":1319,"Name":"alat","Description":""},{"ID":1320,"Name":"alat","Description":""},{"ID":1322,"Name":"69","Description":""},{"ID":1323,"Name":"kesehatan","Description":""},{"ID":1324,"Name":"kesehatan","Description":""},{"ID":1325,"Name":"kesehatan","Description":""},{"ID":1326,"Name":"kesehatan","Description":""},{"ID":1327,"Name":"kategori baru","Description":""},{"ID":1328,"Name":"kategori baru","Description":""},{"ID":1329,"Name":"kesehatan","Description":""},{"ID":1334,"Name":"null","Description":""},{"ID":1345,"Name":"kesehatan","Description":""},{"ID":1346,"Name":"kesehatan","Description":""},{"ID":1347,"Name":"kesehatan","Description":""},{"ID":1348,"Name":"kesehatan","Description":""},{"ID":1349,"Name":"kesehatan","Description":""},{"ID":1350,"Name":"kesehatan","Description":""},{"ID":1351,"Name":"kesehatan","Description":""},{"ID":1352,"Name":"kesehatan","Description":""},{"ID":1353,"Name":"kesehatan","Description":""},{"ID":1354,"Name":"kesehatan","Description":""},{"ID":1355,"Name":"kesehatan","Description":""},{"ID":1356,"Name":"kesehatan","Description":""},{"ID":1358,"Name":"alta","Description":""},{"ID":1361,"Name":" Clothes ","Description":"top and bottom"},{"ID":1362,"Name":" Clothes ","Description":"top and bottom"},{"ID":1370,"Name":" Clothes ","Description":"top and bottom"},{"ID":1371,"Name":"kesehatan","Description":""},{"ID":1372,"Name":"12@@@@@","Description":""},{"ID":1373,"Name":"12__@","Description":""},{"ID":1374,"Name":"Minuman","Description":""},{"ID":1376,"Name":"kesehatan","Description":""},{"ID":1377,"Name":"New","Description":""},{"ID":1378,"Name":"Empty","Description":""},{"ID":1380,"Name":"New","Description":""},{"ID":1381,"Name":"Empty","Description":""},{"ID":1383,"Name":"Set up Office1551005008","Description":""},{"ID":1388,"Name":"Set up Office726787696","Description":""},{"ID":1391,"Name":"kesehatan","Description":""},{"ID":1392,"Name":"kesehatan","Description":""},{"ID":1394,"Name":"kesehatan","Description":""},{"ID":1397,"Name":"kesehatan","Description":""},{"ID":1398,"Name":"kesehatan","Description":""},{"ID":1399,"Name":"kesehatan","Description":""},{"ID":1400,"Name":"kesehatan","Description":""},{"ID":1401,"Name":"kesehatan","Description":""},{"ID":1402,"Name":"kesehatan","Description":""},{"ID":1403,"Name":"kesehatan","Description":""},{"ID":1405,"Name":"kesehatan","Description":""},{"ID":1408,"Name":"kesehatan","Description":""},{"ID":1409,"Name":"kesehatan","Description":""},{"ID":1410,"Name":"kesehatan","Description":""},{"ID":1411,"Name":"kesehatan","Description":""},{"ID":1412,"Name":"kesehatan","Description":""},{"ID":1413,"Name":"kesehatan","Description":""},{"ID":1414,"Name":"kesehatan","Description":""},{"ID":1415,"Name":"kesehatan","Description":""},{"ID":1416,"Name":"kesehatan","Description":""},{"ID":1419,"Name":"kesehatan","Description":""},{"ID":1420,"Name":"kesehatan","Description":""},{"ID":1421,"Name":"kesehatan","Description":""},{"ID":1422,"Name":"kesehatan","Description":""},{"ID":1423,"Name":"kesehatan","Description":""},{"ID":1424,"Name":"kesehatan","Description":""},{"ID":1425,"Name":"kesehatan","Description":""},{"ID":1426,"Name":"kesehatan","Description":""},{"ID":1427,"Name":"kesehatan","Description":""},{"ID":1428,"Name":"kesehatan","Description":""},{"ID":1429,"Name":"kesehatan","Description":""},{"ID":1430,"Name":"kesehatan","Description":""},{"ID":1431,"Name":"kesehatan","Description":""},{"ID":1432,"Name":"kesehatan","Description":""},{"ID":1433,"Name":"kesehatan","Description":""},{"ID":1434,"Name":"kesehatan","Description":""},{"ID":1435,"Name":"kesehatan","Description":""},{"ID":1436,"Name":"kesehatan","Description":""},{"ID":1437,"Name":"kesehatan","Description":""},{"ID":1438,"Name":"kesehatan","Description":""},{"ID":1439,"Name":"kesehatan","Description":""},{"ID":1440,"Name":"kesehatan","Description":""},{"ID":1441,"Name":"kesehatan","Description":""},{"ID":1442,"Name":"kesehatan","Description":""},{"ID":1443,"Name":"kesehatan","Description":""},{"ID":1444,"Name":"kesehatan","Description":""},{"ID":1445,"Name":"kesehatan","Description":""},{"ID":1446,"Name":"Sport","Description":""},{"ID":1448,"Name":"kesehatan","Description":""},{"ID":1449,"Name":"kesehatan","Description":""},{"ID":1450,"Name":"Sport","Description":""},{"ID":1452,"Name":"kesehatan","Description":""},{"ID":1453,"Name":"kesehatan","Description":""},{"ID":1454,"Name":"kesehatan","Description":""},{"ID":1455,"Name":"kesehatan","Description":""},{"ID":1456,"Name":"kesehatan","Description":""},{"ID":1457,"Name":"kesehatan","Description":""},{"ID":1458,"Name":"kesehatan","Description":""},{"ID":1459,"Name":"kesehatan","Description":""},{"ID":1460,"Name":"kesehatan","Description":""},{"ID":1461,"Name":"kesehatan","Description":""},{"ID":1462,"Name":"kesehatan","Description":""},{"ID":1463,"Name":"kesehatan","Description":""},{"ID":1466,"Name":"Sport","Description":""},{"ID":1467,"Name":"kesehatan","Description":""},{"ID":1470,"Name":"Sport","Description":""},{"ID":1472,"Name":"kesehatan","Description":""},{"ID":1473,"Name":"kesehatan masyarakat","Description":""},{"ID":1475,"Name":"Alat Pancing Mania","Description":""},{"ID":1477,"Name":"Alat Pancing Mania","Description":""},{"ID":1479,"Name":"kategori baru","Description":""},{"ID":1480,"Name":"kesehatan","Description":""},{"ID":1481,"Name":"kesehatan","Description":""},{"ID":1482,"Name":"kesehatan","Description":""},{"ID":1483,"Name":"12@@@@@","Description":""},{"ID":1484,"Name":"12__@","Description":""},{"ID":1485,"Name":"Minuman","Description":""},{"ID":1487,"Name":"kesehatan","Description":""},{"ID":1488,"Name":"12@@@@@","Description":""},{"ID":1489,"Name":"12__@","Description":""},{"ID":1490,"Name":"Minuman","Description":""},{"ID":1492,"Name":"Kategori Bersatu","Description":"kategori bersatu"},{"ID":1493,"Name":"kesehatan","Description":""},{"ID":1494,"Name":"Kesehatan","Description":"Saluran Pernafasan"},{"ID":1496,"Name":"Kesehatan","Description":"Saluran Pernafasan"},{"ID":1498,"Name":"alat","Description":""},{"ID":1499,"Name":"69","Description":""},{"ID":1501,"Name":"Kesehatan","Description":"Saluran Pernafasan"},{"ID":1503,"Name":"alat","Description":""},{"ID":1504,"Name":"69","Description":""},{"ID":1506,"Name":"alat","Description":""},{"ID":1507,"Name":"69","Description":""},{"ID":1509,"Name":"Kesehatan","Description":"Saluran Pernafasan"},{"ID":1510,"Name":"Barang Berat","Description":"berat barang"},{"ID":1513,"Name":" Clothes ","Description":"top and bottom"},{"ID":1515,"Name":"Kesehatan","Description":"Saluran Pernafasan"},{"ID":1517,"Name":"Barang Berat","Description":"berat barang"},{"ID":1519,"Name":" Clothes ","Description":"top and bottom"},{"ID":1521,"Name":"Barang Berat","Description":"berat barang"},{"ID":1523,"Name":"kesehatan","Description":""},{"ID":1524,"Name":" Clothes ","Description":"top and bottom"},{"ID":1526,"Name":" Clothes ","Description":"top and bottom"},{"ID":1528,"Name":"kesehatan","Description":""},{"ID":1529,"Name":"Alat Pancing Mania","Description":""},{"ID":1531,"Name":"kesehatan","Description":""},{"ID":1532,"Name":"Kesehatan","Description":"Saluran Pernafasan"},{"ID":1534,"Name":"Kategori Bersatu","Description":"kategori bersatu"},{"ID":1535,"Name":"kesehatan","Description":""},{"ID":1536,"Name":"Alat Pancing Mania","Description":""},{"ID":1538,"Name":"Alat Pancing Mania","Description":""},{"ID":1540,"Name":"Alat Pancing Mania","Description":""},{"ID":1542,"Name":"kesehatan","Description":""},{"ID":1543,"Name":" Clothes ","Description":"top and bottom"},{"ID":1545,"Name":"kesehatan","Description":""},{"ID":1547,"Name":" Clothes ","Description":"top and bottom"},{"ID":1549,"Name":"kesehatan","Description":""},{"ID":1551,"Name":" Clothes ","Description":"top and bottom"},{"ID":1553,"Name":"kesehatan","Description":""},{"ID":1555,"Name":"kesehatan","Description":""},{"ID":1556,"Name":"kesehatan","Description":""},{"ID":1558,"Name":"kesehatan","Description":""},{"ID":1560,"Name":"kesehatan","Description":""},{"ID":1562,"Name"
10:56:33.331 [main] DEBUG org.apache.http.wire -  << "":"kesehatan","Description":""},{"ID":1563,"Name":"kesehatan","Description":""},{"ID":1564,"Name":"kesehatan","Description":""},{"ID":1565,"Name":"kesehatan","Description":""},{"ID":1566,"Name":"sakit","Description":""},{"ID":1567,"Name":"kesehatan","Description":""},{"ID":1568,"Name":"kesehatan,","Description":""},{"ID":1569,"Name":"kesehatan88","Description":""},{"ID":1570,"Name":"kesehatan","Description":""},{"ID":1571,"Name":"ke","Description":""},{"ID":1572,"Name":"sagaa123","Description":""},{"ID":1580,"Name":"kesehatan","Description":""},{"ID":1581,"Name":"kesehatan","Description":""},{"ID":1582,"Name":"kesehatan","Description":""},{"ID":1583,"Name":"kesehatan","Description":""},{"ID":1584,"Name":"kesehatan","Description":""},{"ID":1585,"Name":"kesehatan","Description":""},{"ID":1586,"Name":"kesehatan","Description":""},{"ID":1587,"Name":"kesehatan","Description":""},{"ID":1588,"Name":"kesehatan","Description":""},{"ID":1589,"Name":"kesehatan","Description":""},{"ID":1590,"Name":"kesehatan","Description":""},{"ID":1591,"Name":"kesehatan","Description":""},{"ID":1592,"Name":"kesehatan","Description":""},{"ID":1593,"Name":"kesehatan","Description":""},{"ID":1594,"Name":"kesehatan","Description":""},{"ID":1595,"Name":"kesehatan","Description":""},{"ID":1596,"Name":"kesehatan","Description":""},{"ID":1597,"Name":"kesehatan","Description":""},{"ID":1598,"Name":"Kategori Bersama","Description":""},{"ID":1599,"Name":"Kategori Bersama","Description":""},{"ID":1600,"Name":"Kategori Bersama","Description":""},{"ID":1601,"Name":"kesehatan","Description":""},{"ID":1602,"Name":"12@@@@@","Description":""},{"ID":1603,"Name":"12__@","Description":""},{"ID":1604,"Name":"Minuman","Description":""},{"ID":1606,"Name":"kesehatan","Description":""},{"ID":1607,"Name":"12@@@@@","Description":""},{"ID":1608,"Name":"12__@","Description":""},{"ID":1609,"Name":"Minuman","Description":""},{"ID":1611,"Name":"kesehatan","Description":""},{"ID":1613,"Name":"Toko Elektrik Pak Amir","Description":""},{"ID":1614,"Name":"Toko Elektrik Pak Amir","Description":""},{"ID":1615,"Name":"Toko Elektrik Pak Amir","Description":""},{"ID":1616,"Name":"Toko Elektrik Pak Amir","Description":""},{"ID":1617,"Name":"Toko Elektrik Pak Amir","Description":""},{"ID":1618,"Name":"Toko Elektrik Pak Amir","Description":""},{"ID":1619,"Name":"Toko Elektrik Pak Amir","Description":""},{"ID":1620,"Name":"Toko Elektrik Pak Amir","Description":""},{"ID":1621,"Name":"Toko Elektrik Pak Amir","Description":""},{"ID":1622,"Name":"Toko Elektrik Pak Amir","Description":""},{"ID":1623,"Name":"Toko Elektrik Pak Amir","Description":""},{"ID":1624,"Name":"Toko Elektrik Pak Amir","Description":""},{"ID":1625,"Name":"Toko Elektrik Pak Amir","Description":""},{"ID":1626,"Name":"Toko Elektrik Pak Amir","Description":""},{"ID":1627,"Name":"Toko Elektrik Pak Amir","Description":""},{"ID":1628,"Name":"kesehatan","Description":""},{"ID":1629,"Name":"kesehatan1","Description":""},{"ID":1631,"Name":"Kategori Bersama","Description":""},{"ID":1632,"Name":"kesehatan","Description":""},{"ID":1633,"Name":"12@@@@@","Description":""},{"ID":1634,"Name":"12__@","Description":""},{"ID":1635,"Name":"Minuman","Description":""},{"ID":1637,"Name":"kesehatan","Description":""},{"ID":1638,"Name":"12@@@@@","Description":""},{"ID":1639,"Name":"12__@","Description":""},{"ID":1640,"Name":"Minuman","Description":""}]}[\n]"
10:56:33.331 [main] DEBUG org.apache.http.wire -  << "[\r][\n]"
10:56:33.331 [main] DEBUG org.apache.http.wire -  << "0[\r][\n]"
10:56:33.331 [main] DEBUG org.apache.http.wire -  << "[\r][\n]"
10:56:33.332 [main] DEBUG org.apache.http.impl.conn.BasicClientConnectionManager - Releasing connection org.apache.http.impl.conn.ManagedClientConnectionImpl@17befef0
10:56:33.332 [main] DEBUG org.apache.http.impl.conn.BasicClientConnectionManager - Connection can be kept alive indefinitely
10:56:33.366 [main] DEBUG net.thucydides.core.steps.StepInterceptor - STEP DONE: I send GET HTTP Request
  &amp#27;[32mWhen &amp#27;[0m&amp#27;[32mI send GET HTTP Request&amp#27;[0m                &amp#27;[90m# starter.stepdefinitions.GetSteps.getHttpRequest()&amp#27;[0m
10:56:33.373 [main] DEBUG net.thucydides.core.steps.StepInterceptor - STARTING STEP: GetSteps.getValidHTTP - I receive valid HTTP response code 200
10:56:33.374 [main] DEBUG net.thucydides.core.steps.StepInterceptor - STEP DONE: I receive valid HTTP response code 200
  &amp#27;[32mThen &amp#27;[0m&amp#27;[32mI receive valid HTTP response code 200&amp#27;[0m &amp#27;[90m# starter.stepdefinitions.GetSteps.getValidHTTP()&amp#27;[0m
10:56:33.376 [main] INFO  - 
  _____   ___   ___   _____     ___     _     ___   ___   ___   ___  
 |_   _| | __| / __| |_   _|   | _ \   /_\   / __| / __| | __| |   \ 
   | |   | _|  \__ \   | |     |  _/  / _ \  \__ \ \__ \ | _|  | |) |
   |_|   |___| |___/   |_|     |_|   /_/ \_\ |___/ |___/ |___| |___/ 

Get All Categories
----------------------------------------------------------------------
]]></system-out>
  </testcase>
  <testcase name="Get Category by ID" classname="Get Categories" time="0.431">
    <system-out><![CDATA[
@get-category-by-id
Scenario: Get Category by ID                    &amp#27;[90m# src/test/resources/api/GetCategory.feature:10&amp#27;[0m
10:56:33.383 [main] INFO io.cucumber.core.plugin.SerenityReporter - Running feature from file:///D:/PERKULIAHAN/SEMESTER%206/KAMPUS%20MERDEKA/PROYEK_ALTERRA/TestingAPIALTA/src/test/resources/api/GetCategory.feature
10:56:33.383 [main] WARN io.cucumber.core.plugin.SerenityReporter - Feature from file:///D:/PERKULIAHAN/SEMESTER%206/KAMPUS%20MERDEKA/PROYEK_ALTERRA/TestingAPIALTA/src/test/resources/api/GetCategory.feature is not under the 'features' directory. Requirements report will not be correctly generated!
10:56:33.385 [main] INFO  - 
  _____   ___   ___   _____     ___   _____     _     ___   _____   ___   ___  
 |_   _| | __| / __| |_   _|   / __| |_   _|   /_\   | _ \ |_   _| | __| |   \ 
   | |   | _|  \__ \   | |     \__ \   | |    / _ \  |   /   | |   | _|  | |) |
   |_|   |___| |___/   |_|     |___/   |_|   /_/ \_\ |_|_\   |_|   |___| |___/ 

Get Category by ID(get-categories;get-category-by-id)
--------------------------------------------------------------------------------
10:56:33.399 [main] DEBUG net.thucydides.core.steps.StepInterceptor - STARTING STEP: GetSteps.setGETCategoryID - I set GET api endpoints by Category ID
10:56:33.399 [main] DEBUG net.thucydides.core.steps.StepInterceptor - STEP DONE: I set GET api endpoints by Category ID
  &amp#27;[32mGiven &amp#27;[0m&amp#27;[32mI set GET api endpoints by Category ID&amp#27;[0m  &amp#27;[90m# starter.stepdefinitions.GetSteps.setGETCategoryID()&amp#27;[0m
10:56:33.417 [main] DEBUG net.thucydides.core.steps.StepInterceptor - STARTING STEP: GetSteps.sendGETHTTPRequest - I send GET HTTP Request for get category
10:56:33.423 [main] DEBUG net.thucydides.core.steps.StepInterceptor - STARTING STEP: Get.getHTTPRequestCategory - I set GET api endpoints by Category ID
10:56:33.423 [main] DEBUG net.thucydides.core.steps.StepInterceptor - STEP DONE: I set GET api endpoints by Category ID
10:56:33.437 [main] DEBUG org.apache.http.impl.conn.BasicClientConnectionManager - Get connection for route {s}->https://be-qa.alta.id:443
10:56:33.438 [main] DEBUG org.apache.http.impl.conn.DefaultClientConnectionOperator - Connecting to be-qa.alta.id:443
10:56:33.763 [main] DEBUG org.apache.http.client.protocol.RequestAddCookies - CookieSpec selected: ignoreCookies
10:56:33.763 [main] DEBUG org.apache.http.client.protocol.RequestAuthCache - Auth cache not set in the context
10:56:33.763 [main] DEBUG org.apache.http.client.protocol.RequestTargetAuthentication - Target auth state: UNCHALLENGED
10:56:33.763 [main] DEBUG org.apache.http.client.protocol.RequestProxyAuthentication - Proxy auth state: UNCHALLENGED
10:56:33.763 [main] DEBUG org.apache.http.impl.client.DefaultHttpClient - Attempt 1 to execute request
10:56:33.764 [main] DEBUG org.apache.http.impl.conn.DefaultClientConnection - Sending request: GET /api/categories/12 HTTP/1.1
10:56:33.764 [main] DEBUG org.apache.http.wire -  >> "GET /api/categories/12 HTTP/1.1[\r][\n]"
10:56:33.764 [main] DEBUG org.apache.http.wire -  >> "Accept: */*[\r][\n]"
10:56:33.764 [main] DEBUG org.apache.http.wire -  >> "Host: be-qa.alta.id[\r][\n]"
10:56:33.764 [main] DEBUG org.apache.http.wire -  >> "Connection: Keep-Alive[\r][\n]"
10:56:33.764 [main] DEBUG org.apache.http.wire -  >> "User-Agent: Apache-HttpClient/4.5.13 (Java/1.8.0_241)[\r][\n]"
10:56:33.764 [main] DEBUG org.apache.http.wire -  >> "Accept-Encoding: gzip,deflate[\r][\n]"
10:56:33.764 [main] DEBUG org.apache.http.wire -  >> "[\r][\n]"
10:56:33.764 [main] DEBUG org.apache.http.headers - >> GET /api/categories/12 HTTP/1.1
10:56:33.764 [main] DEBUG org.apache.http.headers - >> Accept: */*
10:56:33.764 [main] DEBUG org.apache.http.headers - >> Host: be-qa.alta.id
10:56:33.764 [main] DEBUG org.apache.http.headers - >> Connection: Keep-Alive
10:56:33.764 [main] DEBUG org.apache.http.headers - >> User-Agent: Apache-HttpClient/4.5.13 (Java/1.8.0_241)
10:56:33.764 [main] DEBUG org.apache.http.headers - >> Accept-Encoding: gzip,deflate
10:56:33.802 [main] DEBUG org.apache.http.wire -  << "HTTP/1.1 200 OK[\r][\n]"
10:56:33.802 [main] DEBUG org.apache.http.wire -  << "Server: nginx/1.14.2[\r][\n]"
10:56:33.802 [main] DEBUG org.apache.http.wire -  << "Date: Sat, 14 May 2022 03:56:33 GMT[\r][\n]"
10:56:33.802 [main] DEBUG org.apache.http.wire -  << "Content-Type: application/json[\r][\n]"
10:56:33.802 [main] DEBUG org.apache.http.wire -  << "Content-Length: 65[\r][\n]"
10:56:33.802 [main] DEBUG org.apache.http.wire -  << "Connection: keep-alive[\r][\n]"
10:56:33.802 [main] DEBUG org.apache.http.wire -  << "[\r][\n]"
10:56:33.802 [main] DEBUG org.apache.http.impl.conn.DefaultClientConnection - Receiving response: HTTP/1.1 200 OK
10:56:33.802 [main] DEBUG org.apache.http.headers - << HTTP/1.1 200 OK
10:56:33.802 [main] DEBUG org.apache.http.headers - << Server: nginx/1.14.2
10:56:33.802 [main] DEBUG org.apache.http.headers - << Date: Sat, 14 May 2022 03:56:33 GMT
10:56:33.802 [main] DEBUG org.apache.http.headers - << Content-Type: application/json
10:56:33.802 [main] DEBUG org.apache.http.headers - << Content-Length: 65
10:56:33.802 [main] DEBUG org.apache.http.headers - << Connection: keep-alive
10:56:33.803 [main] DEBUG org.apache.http.impl.client.DefaultHttpClient - Connection can be kept alive indefinitely
10:56:33.803 [main] DEBUG io.restassured.internal.RequestSpecificationImpl$RestAssuredHttpBuilder - Parsing response as: application/json
10:56:33.803 [main] DEBUG io.restassured.internal.RequestSpecificationImpl$RestAssuredHttpBuilder - Parsed data to instance of: class org.apache.http.conn.EofSensorInputStream
10:56:33.803 [main] DEBUG org.apache.http.wire -  << "{"data":{"ID":12,"Name":"kesehatan jantung","Description":"gg"}}[\n]"
10:56:33.804 [main] DEBUG org.apache.http.impl.conn.BasicClientConnectionManager - Releasing connection org.apache.http.impl.conn.ManagedClientConnectionImpl@6b7c4734
10:56:33.804 [main] DEBUG org.apache.http.impl.conn.BasicClientConnectionManager - Connection can be kept alive indefinitely
10:56:33.804 [main] DEBUG net.thucydides.core.steps.StepInterceptor - STEP DONE: I send GET HTTP Request for get category
  &amp#27;[32mWhen &amp#27;[0m&amp#27;[32mI send GET HTTP Request for get category&amp#27;[0m &amp#27;[90m# starter.stepdefinitions.GetSteps.sendGETHTTPRequest()&amp#27;[0m
10:56:33.806 [main] DEBUG net.thucydides.core.steps.StepInterceptor - STARTING STEP: GetSteps.getValidHTTP - I receive valid HTTP response code 200
10:56:33.806 [main] DEBUG net.thucydides.core.steps.StepInterceptor - STEP DONE: I receive valid HTTP response code 200
  &amp#27;[32mThen &amp#27;[0m&amp#27;[32mI receive valid HTTP response code 200&amp#27;[0m   &amp#27;[90m# starter.stepdefinitions.GetSteps.getValidHTTP()&amp#27;[0m
10:56:33.807 [main] INFO  - 
  _____   ___   ___   _____     ___     _     ___   ___   ___   ___  
 |_   _| | __| / __| |_   _|   | _ \   /_\   / __| / __| | __| |   \ 
   | |   | _|  \__ \   | |     |  _/  / _ \  \__ \ \__ \ | _|  | |) |
   |_|   |___| |___/   |_|     |_|   /_/ \_\ |___/ |___/ |___| |___/ 

Get Category by ID
----------------------------------------------------------------------
]]></system-out>
  </testcase>
  <testcase name="Get Invalid Categories with Wrong URL1" classname="Get Categories" time="0.114">
    <system-out><![CDATA[
@Invalid-url
Scenario: Get Invalid Categories with Wrong URL1 &amp#27;[90m# src/test/resources/api/GetCategory.feature:17&amp#27;[0m
10:56:33.815 [main] INFO io.cucumber.core.plugin.SerenityReporter - Running feature from file:///D:/PERKULIAHAN/SEMESTER%206/KAMPUS%20MERDEKA/PROYEK_ALTERRA/TestingAPIALTA/src/test/resources/api/GetCategory.feature
10:56:33.815 [main] WARN io.cucumber.core.plugin.SerenityReporter - Feature from file:///D:/PERKULIAHAN/SEMESTER%206/KAMPUS%20MERDEKA/PROYEK_ALTERRA/TestingAPIALTA/src/test/resources/api/GetCategory.feature is not under the 'features' directory. Requirements report will not be correctly generated!
10:56:33.816 [main] INFO  - 
  _____   ___   ___   _____     ___   _____     _     ___   _____   ___   ___  
 |_   _| | __| / __| |_   _|   / __| |_   _|   /_\   | _ \ |_   _| | __| |   \ 
   | |   | _|  \__ \   | |     \__ \   | |    / _ \  |   /   | |   | _|  | |) |
   |_|   |___| |___/   |_|     |___/   |_|   /_/ \_\ |_|_\   |_|   |___| |___/ 

Get Invalid Categories with Wrong URL1(get-categories;get-invalid-categories-with-wrong-url1)
--------------------------------------------------------------------------------
10:56:33.822 [main] DEBUG net.thucydides.core.steps.StepInterceptor - STARTING STEP: GetSteps.setWrongURL1 - I set wrong URL https to http
10:56:33.822 [main] DEBUG net.thucydides.core.steps.StepInterceptor - STEP DONE: I set wrong URL https to http
  &amp#27;[32mGiven &amp#27;[0m&amp#27;[32mI set wrong URL https to http&amp#27;[0m            &amp#27;[90m# starter.stepdefinitions.GetSteps.setWrongURL1()&amp#27;[0m
10:56:33.824 [main] DEBUG net.thucydides.core.steps.StepInterceptor - STARTING STEP: GetSteps.getHTTPRequest1 - I send Wrong GET HTTP Request1
10:56:33.825 [main] DEBUG net.thucydides.core.steps.StepInterceptor - STARTING STEP: Get.getWrongHttpRequest1 - I set wrong URL https to http
10:56:33.825 [main] DEBUG net.thucydides.core.steps.StepInterceptor - STEP DONE: I set wrong URL https to http
10:56:33.831 [main] DEBUG org.apache.http.impl.conn.BasicClientConnectionManager - Get connection for route {}->http://be-qa.alta.id:80
10:56:33.831 [main] DEBUG org.apache.http.impl.conn.DefaultClientConnectionOperator - Connecting to be-qa.alta.id:80
10:56:33.867 [main] DEBUG org.apache.http.client.protocol.RequestAddCookies - CookieSpec selected: ignoreCookies
10:56:33.867 [main] DEBUG org.apache.http.client.protocol.RequestAuthCache - Auth cache not set in the context
10:56:33.867 [main] DEBUG org.apache.http.client.protocol.RequestTargetAuthentication - Target auth state: UNCHALLENGED
10:56:33.867 [main] DEBUG org.apache.http.client.protocol.RequestProxyAuthentication - Proxy auth state: UNCHALLENGED
10:56:33.867 [main] DEBUG org.apache.http.impl.client.DefaultHttpClient - Attempt 1 to execute request
10:56:33.867 [main] DEBUG org.apache.http.impl.conn.DefaultClientConnection - Sending request: GET /api/categories/12 HTTP/1.1
10:56:33.867 [main] DEBUG org.apache.http.wire -  >> "GET /api/categories/12 HTTP/1.1[\r][\n]"
10:56:33.867 [main] DEBUG org.apache.http.wire -  >> "Accept: */*[\r][\n]"
10:56:33.867 [main] DEBUG org.apache.http.wire -  >> "Host: be-qa.alta.id[\r][\n]"
10:56:33.867 [main] DEBUG org.apache.http.wire -  >> "Connection: Keep-Alive[\r][\n]"
10:56:33.867 [main] DEBUG org.apache.http.wire -  >> "User-Agent: Apache-HttpClient/4.5.13 (Java/1.8.0_241)[\r][\n]"
10:56:33.867 [main] DEBUG org.apache.http.wire -  >> "Accept-Encoding: gzip,deflate[\r][\n]"
10:56:33.867 [main] DEBUG org.apache.http.wire -  >> "[\r][\n]"
10:56:33.867 [main] DEBUG org.apache.http.headers - >> GET /api/categories/12 HTTP/1.1
10:56:33.867 [main] DEBUG org.apache.http.headers - >> Accept: */*
10:56:33.867 [main] DEBUG org.apache.http.headers - >> Host: be-qa.alta.id
10:56:33.867 [main] DEBUG org.apache.http.headers - >> Connection: Keep-Alive
10:56:33.867 [main] DEBUG org.apache.http.headers - >> User-Agent: Apache-HttpClient/4.5.13 (Java/1.8.0_241)
10:56:33.867 [main] DEBUG org.apache.http.headers - >> Accept-Encoding: gzip,deflate
10:56:33.915 [main] DEBUG org.apache.http.wire -  << "HTTP/1.1 200 OK[\r][\n]"
10:56:33.916 [main] DEBUG org.apache.http.wire -  << "Server: nginx/1.14.2[\r][\n]"
10:56:33.916 [main] DEBUG org.apache.http.wire -  << "Date: Sat, 14 May 2022 03:56:33 GMT[\r][\n]"
10:56:33.916 [main] DEBUG org.apache.http.wire -  << "Content-Type: application/json[\r][\n]"
10:56:33.916 [main] DEBUG org.apache.http.wire -  << "Content-Length: 65[\r][\n]"
10:56:33.916 [main] DEBUG org.apache.http.wire -  << "Connection: keep-alive[\r][\n]"
10:56:33.916 [main] DEBUG org.apache.http.wire -  << "[\r][\n]"
10:56:33.916 [main] DEBUG org.apache.http.impl.conn.DefaultClientConnection - Receiving response: HTTP/1.1 200 OK
10:56:33.916 [main] DEBUG org.apache.http.headers - << HTTP/1.1 200 OK
10:56:33.916 [main] DEBUG org.apache.http.headers - << Server: nginx/1.14.2
10:56:33.916 [main] DEBUG org.apache.http.headers - << Date: Sat, 14 May 2022 03:56:33 GMT
10:56:33.916 [main] DEBUG org.apache.http.headers - << Content-Type: application/json
10:56:33.916 [main] DEBUG org.apache.http.headers - << Content-Length: 65
10:56:33.916 [main] DEBUG org.apache.http.headers - << Connection: keep-alive
10:56:33.916 [main] DEBUG org.apache.http.impl.client.DefaultHttpClient - Connection can be kept alive indefinitely
10:56:33.917 [main] DEBUG io.restassured.internal.RequestSpecificationImpl$RestAssuredHttpBuilder - Parsing response as: application/json
10:56:33.917 [main] DEBUG io.restassured.internal.RequestSpecificationImpl$RestAssuredHttpBuilder - Parsed data to instance of: class org.apache.http.conn.EofSensorInputStream
10:56:33.918 [main] DEBUG org.apache.http.wire -  << "{"data":{"ID":12,"Name":"kesehatan jantung","Description":"gg"}}[\n]"
10:56:33.918 [main] DEBUG org.apache.http.impl.conn.BasicClientConnectionManager - Releasing connection org.apache.http.impl.conn.ManagedClientConnectionImpl@3b2db389
10:56:33.918 [main] DEBUG org.apache.http.impl.conn.BasicClientConnectionManager - Connection can be kept alive indefinitely
10:56:33.918 [main] DEBUG net.thucydides.core.steps.StepInterceptor - STEP DONE: I send Wrong GET HTTP Request1
  &amp#27;[32mWhen &amp#27;[0m&amp#27;[32mI send Wrong GET HTTP Request1&amp#27;[0m            &amp#27;[90m# starter.stepdefinitions.GetSteps.getHTTPRequest1()&amp#27;[0m
10:56:33.920 [main] DEBUG net.thucydides.core.steps.StepInterceptor - STARTING STEP: GetSteps.getValidHTTP - I receive valid HTTP response code 200
10:56:33.920 [main] DEBUG net.thucydides.core.steps.StepInterceptor - STEP DONE: I receive valid HTTP response code 200
  &amp#27;[32mThen &amp#27;[0m&amp#27;[32mI receive valid HTTP response code 200&amp#27;[0m    &amp#27;[90m# starter.stepdefinitions.GetSteps.getValidHTTP()&amp#27;[0m
10:56:33.921 [main] INFO  - 
  _____   ___   ___   _____     ___     _     ___   ___   ___   ___  
 |_   _| | __| / __| |_   _|   | _ \   /_\   / __| / __| | __| |   \ 
   | |   | _|  \__ \   | |     |  _/  / _ \  \__ \ \__ \ | _|  | |) |
   |_|   |___| |___/   |_|     |_|   /_/ \_\ |___/ |___/ |___| |___/ 

Get Invalid Categories with Wrong URL1
----------------------------------------------------------------------
]]></system-out>
  </testcase>
  <testcase name="Get Invalid Categories with Wrong URL2" classname="Get Categories" time="0.309">
    <system-out><![CDATA[
@Invalid-url
Scenario: Get Invalid Categories with Wrong URL2 &amp#27;[90m# src/test/resources/api/GetCategory.feature:24&amp#27;[0m
10:56:33.927 [main] INFO io.cucumber.core.plugin.SerenityReporter - Running feature from file:///D:/PERKULIAHAN/SEMESTER%206/KAMPUS%20MERDEKA/PROYEK_ALTERRA/TestingAPIALTA/src/test/resources/api/GetCategory.feature
10:56:33.927 [main] WARN io.cucumber.core.plugin.SerenityReporter - Feature from file:///D:/PERKULIAHAN/SEMESTER%206/KAMPUS%20MERDEKA/PROYEK_ALTERRA/TestingAPIALTA/src/test/resources/api/GetCategory.feature is not under the 'features' directory. Requirements report will not be correctly generated!
10:56:33.928 [main] INFO  - 
  _____   ___   ___   _____     ___   _____     _     ___   _____   ___   ___  
 |_   _| | __| / __| |_   _|   / __| |_   _|   /_\   | _ \ |_   _| | __| |   \ 
   | |   | _|  \__ \   | |     \__ \   | |    / _ \  |   /   | |   | _|  | |) |
   |_|   |___| |___/   |_|     |___/   |_|   /_/ \_\ |_|_\   |_|   |___| |___/ 

Get Invalid Categories with Wrong URL2(get-categories;get-invalid-categories-with-wrong-url2)
--------------------------------------------------------------------------------
10:56:33.936 [main] DEBUG net.thucydides.core.steps.StepInterceptor - STARTING STEP: GetSteps.setWrongURL2 - I set wrong URL https to https_
10:56:33.936 [main] DEBUG net.thucydides.core.steps.StepInterceptor - STEP DONE: I set wrong URL https to https_
  &amp#27;[32mGiven &amp#27;[0m&amp#27;[32mI set wrong URL https to https_&amp#27;[0m          &amp#27;[90m# starter.stepdefinitions.GetSteps.setWrongURL2()&amp#27;[0m
10:56:33.939 [main] DEBUG net.thucydides.core.steps.StepInterceptor - STARTING STEP: GetSteps.getHTTPRequest2 - I send Wrong GET HTTP Request2
10:56:33.940 [main] DEBUG net.thucydides.core.steps.StepInterceptor - STARTING STEP: Get.getWrongHttpRequest2 - I set wrong URL https to https_
10:56:33.940 [main] DEBUG net.thucydides.core.steps.StepInterceptor - STEP DONE: I set wrong URL https to https_
10:56:33.947 [main] DEBUG org.apache.http.impl.conn.BasicClientConnectionManager - Get connection for route {}->http://localhost:8080
10:56:33.947 [main] DEBUG org.apache.http.impl.conn.DefaultClientConnectionOperator - Connecting to localhost:8080
10:56:33.948 [main] DEBUG org.apache.http.client.protocol.RequestAddCookies - CookieSpec selected: ignoreCookies
10:56:33.948 [main] DEBUG org.apache.http.client.protocol.RequestAuthCache - Auth cache not set in the context
10:56:33.948 [main] DEBUG org.apache.http.client.protocol.RequestTargetAuthentication - Target auth state: UNCHALLENGED
10:56:33.948 [main] DEBUG org.apache.http.client.protocol.RequestProxyAuthentication - Proxy auth state: UNCHALLENGED
10:56:33.948 [main] DEBUG org.apache.http.impl.client.DefaultHttpClient - Attempt 1 to execute request
10:56:33.948 [main] DEBUG org.apache.http.impl.conn.DefaultClientConnection - Sending request: GET /https%3A_%2F%2Fbe-qa.alta.id/api/categories/12 HTTP/1.1
10:56:33.948 [main] DEBUG org.apache.http.wire -  >> "GET /https%3A_%2F%2Fbe-qa.alta.id/api/categories/12 HTTP/1.1[\r][\n]"
10:56:33.948 [main] DEBUG org.apache.http.wire -  >> "Accept: */*[\r][\n]"
10:56:33.948 [main] DEBUG org.apache.http.wire -  >> "Host: localhost:8080[\r][\n]"
10:56:33.948 [main] DEBUG org.apache.http.wire -  >> "Connection: Keep-Alive[\r][\n]"
10:56:33.948 [main] DEBUG org.apache.http.wire -  >> "User-Agent: Apache-HttpClient/4.5.13 (Java/1.8.0_241)[\r][\n]"
10:56:33.948 [main] DEBUG org.apache.http.wire -  >> "Accept-Encoding: gzip,deflate[\r][\n]"
10:56:33.948 [main] DEBUG org.apache.http.wire -  >> "[\r][\n]"
10:56:33.948 [main] DEBUG org.apache.http.headers - >> GET /https%3A_%2F%2Fbe-qa.alta.id/api/categories/12 HTTP/1.1
10:56:33.948 [main] DEBUG org.apache.http.headers - >> Accept: */*
10:56:33.948 [main] DEBUG org.apache.http.headers - >> Host: localhost:8080
10:56:33.948 [main] DEBUG org.apache.http.headers - >> Connection: Keep-Alive
10:56:33.948 [main] DEBUG org.apache.http.headers - >> User-Agent: Apache-HttpClient/4.5.13 (Java/1.8.0_241)
10:56:33.948 [main] DEBUG org.apache.http.headers - >> Accept-Encoding: gzip,deflate
10:56:33.955 [main] DEBUG org.apache.http.wire -  << "HTTP/1.1 403 Forbidden[\r][\n]"
10:56:33.955 [main] DEBUG org.apache.http.wire -  << "Date: Sat, 14 May 2022 03:56:33 GMT[\r][\n]"
10:56:33.955 [main] DEBUG org.apache.http.wire -  << "X-Content-Type-Options: nosniff[\r][\n]"
10:56:33.955 [main] DEBUG org.apache.http.wire -  << "Set-Cookie: JSESSIONID.1d2542ad=node01aq5d6nh5b0081b372ydyn0vf212.node0; Path=/; HttpOnly[\r][\n]"
10:56:33.955 [main] DEBUG org.apache.http.wire -  << "Expires: Thu, 01 Jan 1970 00:00:00 GMT[\r][\n]"
10:56:33.955 [main] DEBUG org.apache.http.wire -  << "Content-Type: text/html;charset=utf-8[\r][\n]"
10:56:33.955 [main] DEBUG org.apache.http.wire -  << "X-Hudson: 1.395[\r][\n]"
10:56:33.955 [main] DEBUG org.apache.http.wire -  << "X-Jenkins: 2.332.2[\r][\n]"
10:56:33.955 [main] DEBUG org.apache.http.wire -  << "X-Jenkins-Session: b80e2e4e[\r][\n]"
10:56:33.955 [main] DEBUG org.apache.http.wire -  << "Content-Length: 664[\r][\n]"
10:56:33.955 [main] DEBUG org.apache.http.wire -  << "Server: Jetty(9.4.43.v20210629)[\r][\n]"
10:56:33.955 [main] DEBUG org.apache.http.wire -  << "[\r][\n]"
10:56:33.955 [main] DEBUG org.apache.http.impl.conn.DefaultClientConnection - Receiving response: HTTP/1.1 403 Forbidden
10:56:33.955 [main] DEBUG org.apache.http.headers - << HTTP/1.1 403 Forbidden
10:56:33.955 [main] DEBUG org.apache.http.headers - << Date: Sat, 14 May 2022 03:56:33 GMT
10:56:33.955 [main] DEBUG org.apache.http.headers - << X-Content-Type-Options: nosniff
10:56:33.955 [main] DEBUG org.apache.http.headers - << Set-Cookie: JSESSIONID.1d2542ad=node01aq5d6nh5b0081b372ydyn0vf212.node0; Path=/; HttpOnly
10:56:33.955 [main] DEBUG org.apache.http.headers - << Expires: Thu, 01 Jan 1970 00:00:00 GMT
10:56:33.955 [main] DEBUG org.apache.http.headers - << Content-Type: text/html;charset=utf-8
10:56:33.955 [main] DEBUG org.apache.http.headers - << X-Hudson: 1.395
10:56:33.955 [main] DEBUG org.apache.http.headers - << X-Jenkins: 2.332.2
10:56:33.955 [main] DEBUG org.apache.http.headers - << X-Jenkins-Session: b80e2e4e
10:56:33.955 [main] DEBUG org.apache.http.headers - << Content-Length: 664
10:56:33.955 [main] DEBUG org.apache.http.headers - << Server: Jetty(9.4.43.v20210629)
10:56:33.955 [main] DEBUG org.apache.http.impl.client.DefaultHttpClient - Connection can be kept alive indefinitely
10:56:33.955 [main] DEBUG io.restassured.internal.RequestSpecificationImpl$RestAssuredHttpBuilder - Parsing response as: text/html;charset=utf-8
10:56:33.955 [main] DEBUG io.restassured.internal.RequestSpecificationImpl$RestAssuredHttpBuilder - Parsed data to instance of: class org.apache.http.conn.EofSensorInputStream
10:56:33.994 [main] DEBUG org.apache.http.wire -  << "<html><head><meta http-equiv='refresh' content='1;url=/login?from=%2Fhttps%253A_%252F%252Fbe-qa.alta.id%2Fapi%2Fcategories%2F12'/><script>window.location.replace('/login?from=%2Fhttps%253A_%252F%252Fbe-qa.alta.id%2Fapi%2Fcategories%2F12');</script></head><body style='background-color:white; color:white;'>[\r][\n]"
10:56:33.995 [main] DEBUG org.apache.http.wire -  << "[\r][\n]"
10:56:33.995 [main] DEBUG org.apache.http.wire -  << "[\r][\n]"
10:56:33.995 [main] DEBUG org.apache.http.wire -  << "Authentication required[\r][\n]"
10:56:33.995 [main] DEBUG org.apache.http.wire -  << "<!--[\r][\n]"
10:56:33.995 [main] DEBUG org.apache.http.wire -  << "-->[\r][\n]"
10:56:33.995 [main] DEBUG org.apache.http.wire -  << "[\r][\n]"
10:56:33.995 [main] DEBUG org.apache.http.wire -  << "</body></html>                                                                                                                                                                                                                                                                                                            "
10:56:33.995 [main] DEBUG org.apache.http.impl.conn.BasicClientConnectionManager - Releasing connection org.apache.http.impl.conn.ManagedClientConnectionImpl@218f2f51
10:56:33.995 [main] DEBUG org.apache.http.impl.conn.BasicClientConnectionManager - Connection can be kept alive indefinitely
10:56:34.226 [main] DEBUG net.thucydides.core.steps.StepInterceptor - STEP DONE: I send Wrong GET HTTP Request2
  &amp#27;[32mWhen &amp#27;[0m&amp#27;[32mI send Wrong GET HTTP Request2&amp#27;[0m            &amp#27;[90m# starter.stepdefinitions.GetSteps.getHTTPRequest2()&amp#27;[0m
10:56:34.228 [main] DEBUG net.thucydides.core.steps.StepInterceptor - STARTING STEP: GetSteps.getInvalidHTTPCategory3 - Then I receive valid HTTP response code 403
10:56:34.229 [main] DEBUG net.thucydides.core.steps.StepInterceptor - STEP DONE: Then I receive valid HTTP response code 403
  &amp#27;[32mThen &amp#27;[0m&amp#27;[32mI receive valid HTTP response code 403&amp#27;[0m    &amp#27;[90m# starter.stepdefinitions.GetSteps.getInvalidHTTPCategory3()&amp#27;[0m
10:56:34.230 [main] INFO  - 
  _____   ___   ___   _____     ___     _     ___   ___   ___   ___  
 |_   _| | __| / __| |_   _|   | _ \   /_\   / __| / __| | __| |   \ 
   | |   | _|  \__ \   | |     |  _/  / _ \  \__ \ \__ \ | _|  | |) |
   |_|   |___| |___/   |_|     |_|   /_/ \_\ |___/ |___/ |___| |___/ 

Get Invalid Categories with Wrong URL2
----------------------------------------------------------------------
]]></system-out>
  </testcase>
  <testcase name="Get Invalid Categories with Wrong URL3" classname="Get Categories" time="0.512">
    <system-out><![CDATA[
@Invalid-url
Scenario: Get Invalid Categories with Wrong URL3 &amp#27;[90m# src/test/resources/api/GetCategory.feature:30&amp#27;[0m
10:56:34.235 [main] INFO io.cucumber.core.plugin.SerenityReporter - Running feature from file:///D:/PERKULIAHAN/SEMESTER%206/KAMPUS%20MERDEKA/PROYEK_ALTERRA/TestingAPIALTA/src/test/resources/api/GetCategory.feature
10:56:34.235 [main] WARN io.cucumber.core.plugin.SerenityReporter - Feature from file:///D:/PERKULIAHAN/SEMESTER%206/KAMPUS%20MERDEKA/PROYEK_ALTERRA/TestingAPIALTA/src/test/resources/api/GetCategory.feature is not under the 'features' directory. Requirements report will not be correctly generated!
10:56:34.236 [main] INFO  - 
  _____   ___   ___   _____     ___   _____     _     ___   _____   ___   ___  
 |_   _| | __| / __| |_   _|   / __| |_   _|   /_\   | _ \ |_   _| | __| |   \ 
   | |   | _|  \__ \   | |     \__ \   | |    / _ \  |   /   | |   | _|  | |) |
   |_|   |___| |___/   |_|     |___/   |_|   /_/ \_\ |_|_\   |_|   |___| |___/ 

Get Invalid Categories with Wrong URL3(get-categories;get-invalid-categories-with-wrong-url3)
--------------------------------------------------------------------------------
10:56:34.243 [main] DEBUG net.thucydides.core.steps.StepInterceptor - STARTING STEP: GetSteps.setWrongURL3 - I set wrong URL to URL Facebook
10:56:34.244 [main] DEBUG net.thucydides.core.steps.StepInterceptor - STEP DONE: I set wrong URL to URL Facebook
  &amp#27;[32mGiven &amp#27;[0m&amp#27;[32mI set wrong URL to URL Facebook&amp#27;[0m          &amp#27;[90m# starter.stepdefinitions.GetSteps.setWrongURL3()&amp#27;[0m
10:56:34.246 [main] DEBUG net.thucydides.core.steps.StepInterceptor - STARTING STEP: GetSteps.getHTTPRequest3 - I send Wrong GET HTTP Request3
10:56:34.247 [main] DEBUG net.thucydides.core.steps.StepInterceptor - STARTING STEP: Get.getWrongHttpRequest3 - I set wrong URL to URL Facebook
10:56:34.247 [main] DEBUG net.thucydides.core.steps.StepInterceptor - STEP DONE: I set wrong URL to URL Facebook
10:56:34.253 [main] DEBUG org.apache.http.impl.conn.BasicClientConnectionManager - Get connection for route {s}->https://www.facebook.com:443
10:56:34.266 [main] DEBUG org.apache.http.impl.conn.DefaultClientConnectionOperator - Connecting to www.facebook.com:443
10:56:34.375 [main] DEBUG org.apache.http.client.protocol.RequestAddCookies - CookieSpec selected: ignoreCookies
10:56:34.375 [main] DEBUG org.apache.http.client.protocol.RequestAuthCache - Auth cache not set in the context
10:56:34.375 [main] DEBUG org.apache.http.client.protocol.RequestTargetAuthentication - Target auth state: UNCHALLENGED
10:56:34.375 [main] DEBUG org.apache.http.client.protocol.RequestProxyAuthentication - Proxy auth state: UNCHALLENGED
10:56:34.375 [main] DEBUG org.apache.http.impl.client.DefaultHttpClient - Attempt 1 to execute request
10:56:34.375 [main] DEBUG org.apache.http.impl.conn.DefaultClientConnection - Sending request: GET /categories/12 HTTP/1.1
10:56:34.375 [main] DEBUG org.apache.http.wire -  >> "GET /categories/12 HTTP/1.1[\r][\n]"
10:56:34.375 [main] DEBUG org.apache.http.wire -  >> "Accept: */*[\r][\n]"
10:56:34.375 [main] DEBUG org.apache.http.wire -  >> "Host: www.facebook.com[\r][\n]"
10:56:34.375 [main] DEBUG org.apache.http.wire -  >> "Connection: Keep-Alive[\r][\n]"
10:56:34.375 [main] DEBUG org.apache.http.wire -  >> "User-Agent: Apache-HttpClient/4.5.13 (Java/1.8.0_241)[\r][\n]"
10:56:34.375 [main] DEBUG org.apache.http.wire -  >> "Accept-Encoding: gzip,deflate[\r][\n]"
10:56:34.375 [main] DEBUG org.apache.http.wire -  >> "[\r][\n]"
10:56:34.375 [main] DEBUG org.apache.http.headers - >> GET /categories/12 HTTP/1.1
10:56:34.375 [main] DEBUG org.apache.http.headers - >> Accept: */*
10:56:34.375 [main] DEBUG org.apache.http.headers - >> Host: www.facebook.com
10:56:34.375 [main] DEBUG org.apache.http.headers - >> Connection: Keep-Alive
10:56:34.375 [main] DEBUG org.apache.http.headers - >> User-Agent: Apache-HttpClient/4.5.13 (Java/1.8.0_241)
10:56:34.375 [main] DEBUG org.apache.http.headers - >> Accept-Encoding: gzip,deflate
10:56:34.637 [main] DEBUG org.apache.http.wire -  << "HTTP/1.1 404 Not Found[\r][\n]"
10:56:34.637 [main] DEBUG org.apache.http.wire -  << "Vary: Accept-Encoding[\r][\n]"
10:56:34.637 [main] DEBUG org.apache.http.wire -  << "Content-Encoding: gzip[\r][\n]"
10:56:34.637 [main] DEBUG org.apache.http.wire -  << "Set-Cookie: fr=0WvwQEtH3w3N86tl1..Bifyhx.Uu.AAA.0.0.Bifyhx.AWVCI42-z4U; expires=Fri, 12-Aug-2022 03:56:32 GMT; Max-Age=7775999; path=/; domain=.facebook.com; secure; httponly[\r][\n]"
10:56:34.637 [main] DEBUG org.apache.http.wire -  << "report-to: {"max_age":3600,"endpoints":[{"url":"https:\/\/www.facebook.com\/ajax\/browser_error_reports\/?device_level=unknown"}],"group":"network-errors"}[\r][\n]"
10:56:34.637 [main] DEBUG org.apache.http.wire -  << "nel: {"report_to":"network-errors","max_age":3600,"failure_fraction":0.01}[\r][\n]"
10:56:34.637 [main] DEBUG org.apache.http.wire -  << "x-fb-rlafr: 0[\r][\n]"
10:56:34.637 [main] DEBUG org.apache.http.wire -  << "document-policy: force-load-at-top[\r][\n]"
10:56:34.637 [main] DEBUG org.apache.http.wire -  << "cross-origin-resource-policy: same-origin[\r][\n]"
10:56:34.637 [main] DEBUG org.apache.http.wire -  << "Pragma: no-cache[\r][\n]"
10:56:34.637 [main] DEBUG org.apache.http.wire -  << "Cache-Control: private, no-cache, no-store, must-revalidate[\r][\n]"
10:56:34.637 [main] DEBUG org.apache.http.wire -  << "Expires: Sat, 01 Jan 2000 00:00:00 GMT[\r][\n]"
10:56:34.637 [main] DEBUG org.apache.http.wire -  << "X-Content-Type-Options: nosniff[\r][\n]"
10:56:34.637 [main] DEBUG org.apache.http.wire -  << "X-XSS-Protection: 0[\r][\n]"
10:56:34.637 [main] DEBUG org.apache.http.wire -  << "X-Frame-Options: DENY[\r][\n]"
10:56:34.637 [main] DEBUG org.apache.http.wire -  << "Strict-Transport-Security: max-age=15552000; preload[\r][\n]"
10:56:34.637 [main] DEBUG org.apache.http.wire -  << "Content-Type: text/html; charset="utf-8"[\r][\n]"
10:56:34.637 [main] DEBUG org.apache.http.wire -  << "X-FB-Debug: QEiGaMd7e1fm4FM7k2yeaw9TUz6aMi/f+gdyMUelBohDJOO3fNFRom7czNak6kIv9/bc68LVA7BD28z3b6Yawg==[\r][\n]"
10:56:34.637 [main] DEBUG org.apache.http.wire -  << "Date: Sat, 14 May 2022 03:56:33 GMT[\r][\n]"
10:56:34.637 [main] DEBUG org.apache.http.wire -  << "Alt-Svc: h3=":443"; ma=86400, h3-29=":443"; ma=86400[\r][\n]"
10:56:34.637 [main] DEBUG org.apache.http.wire -  << "Transfer-Encoding: chunked[\r][\n]"
10:56:34.637 [main] DEBUG org.apache.http.wire -  << "Connection: keep-alive[\r][\n]"
10:56:34.637 [main] DEBUG org.apache.http.wire -  << "[\r][\n]"
10:56:34.637 [main] DEBUG org.apache.http.impl.conn.DefaultClientConnection - Receiving response: HTTP/1.1 404 Not Found
10:56:34.637 [main] DEBUG org.apache.http.headers - << HTTP/1.1 404 Not Found
10:56:34.637 [main] DEBUG org.apache.http.headers - << Vary: Accept-Encoding
10:56:34.637 [main] DEBUG org.apache.http.headers - << Content-Encoding: gzip
10:56:34.637 [main] DEBUG org.apache.http.headers - << Set-Cookie: fr=0WvwQEtH3w3N86tl1..Bifyhx.Uu.AAA.0.0.Bifyhx.AWVCI42-z4U; expires=Fri, 12-Aug-2022 03:56:32 GMT; Max-Age=7775999; path=/; domain=.facebook.com; secure; httponly
10:56:34.637 [main] DEBUG org.apache.http.headers - << report-to: {"max_age":3600,"endpoints":[{"url":"https:\/\/www.facebook.com\/ajax\/browser_error_reports\/?device_level=unknown"}],"group":"network-errors"}
10:56:34.637 [main] DEBUG org.apache.http.headers - << nel: {"report_to":"network-errors","max_age":3600,"failure_fraction":0.01}
10:56:34.637 [main] DEBUG org.apache.http.headers - << x-fb-rlafr: 0
10:56:34.637 [main] DEBUG org.apache.http.headers - << document-policy: force-load-at-top
10:56:34.637 [main] DEBUG org.apache.http.headers - << cross-origin-resource-policy: same-origin
10:56:34.637 [main] DEBUG org.apache.http.headers - << Pragma: no-cache
10:56:34.637 [main] DEBUG org.apache.http.headers - << Cache-Control: private, no-cache, no-store, must-revalidate
10:56:34.637 [main] DEBUG org.apache.http.headers - << Expires: Sat, 01 Jan 2000 00:00:00 GMT
10:56:34.637 [main] DEBUG org.apache.http.headers - << X-Content-Type-Options: nosniff
10:56:34.637 [main] DEBUG org.apache.http.headers - << X-XSS-Protection: 0
10:56:34.637 [main] DEBUG org.apache.http.headers - << X-Frame-Options: DENY
10:56:34.637 [main] DEBUG org.apache.http.headers - << Strict-Transport-Security: max-age=15552000; preload
10:56:34.637 [main] DEBUG org.apache.http.headers - << Content-Type: text/html; charset="utf-8"
10:56:34.637 [main] DEBUG org.apache.http.headers - << X-FB-Debug: QEiGaMd7e1fm4FM7k2yeaw9TUz6aMi/f+gdyMUelBohDJOO3fNFRom7czNak6kIv9/bc68LVA7BD28z3b6Yawg==
10:56:34.637 [main] DEBUG org.apache.http.headers - << Date: Sat, 14 May 2022 03:56:33 GMT
10:56:34.637 [main] DEBUG org.apache.http.headers - << Alt-Svc: h3=":443"; ma=86400, h3-29=":443"; ma=86400
10:56:34.637 [main] DEBUG org.apache.http.headers - << Transfer-Encoding: chunked
10:56:34.637 [main] DEBUG org.apache.http.headers - << Connection: keep-alive
10:56:34.638 [main] DEBUG org.apache.http.impl.client.DefaultHttpClient - Connection can be kept alive indefinitely
10:56:34.638 [main] DEBUG io.restassured.internal.RequestSpecificationImpl$RestAssuredHttpBuilder - Parsing response as: text/html; charset="utf-8"
10:56:34.639 [main] DEBUG org.apache.http.wire -  << "3be[\r][\n]"
10:56:34.639 [main] DEBUG org.apache.http.wire -  << "[0x1f][0x8b][0x8][0x0][0x0][0x0][0x0][0x0][0x0][0x3][0xd4][0xbd]Io#[0xcb][0xf3] v[0x9f]O[0xc1][0xcd][0xfc][0x1e]$4)[0x16]wR[0xfd][0xd4][0xf][0xdc]I[0x89][0x9b][0xb8]Jj[0xb5][0xb]YUI2[0xc9]bU)[0xab][0x8a][?[0x1]>[0xf8]b[0xdf]m_[0x6][0xbe][0x19][0xe3][0x19][0xd8][0x87][0x1][0xec][0x83][0xaf][0x9e]/[0xf1][0x9f][0xab][0xf][0x86]a[0xd8][0xdf][0xc1][0x88][0xac][0x95][0x9b][0xd8][0xdd][0xd2]{[0x1e][0xa3][0x81][0x16]+[0xb7][0x88][0x8c][0x8c][0x8c][0x8c][0x8c][0x88][0xcc][0xfc][0xfd][0x9f]J[0xed]b[0xff][0xb1]S[0xe]M[0xcd][0x85][0xf2][0xe5]_[0xfc][0xe]B[\n]"
10:56:34.639 [main] DEBUG org.apache.http.wire -  << "R'7[0x1c][0x91][0xb9][0x10][0x91]o[0xb8]1[0x92][0xb0][0xa8]is.$)[0xc8]0n8U[0x13]f[0x6][0x7][0x85]1[0x92][0xbf][0xfc][0xbe][0xc0]&[\n]"
10:56:34.639 [main] DEBUG org.apache.http.wire -  << "ISD[\r]l[0xde]p[0x96]9[0x8e]d[0xb9]P[0xd4]IW[0xd1][0x2][0xdf]p[0x14][0x8f]1[0xa5][0x98]r!ISM[0xac][0x9a]7[0x9c][0x8c][0xc7][0xc8]RL[0x1b][0x4][0x14][0x15][0xfc]B[0xd1]/[0xbf][0x1b][0x12]%[0xba][0x19]R5U[0xc2]7[0x9c][0x1e][0xbb][0xed][0xd7][0xe4][0xda][0x84][0xfb][0xb2]"[0xaa][0xac][0xad][0xae][0x4][0xc9]0[0x11]5o>[0xa9]x[0x15]*![0x13]_\~[0xfe]=jW:]yl[0xa9][0x92]I45[0x84][0xd5]eE[0xb1][0x8c][0xe9][0x5][0xba][0xfc][0xee]%[0x8a][0x17][0xe2][0xe5][0xf7][0xb1]F/[0x96][0x88][0x86][0xa4][0x10]QC[0xe8]R[0xfc]*}[0xbb]A_[0xa5]o[0xaf][0xe]`[0x8a]_,Bq[0x3]m7[0x1c]&]|[0xe5][0xca][0xea][0x92][0xfb][0x16][0x16]/[0xaf]/[0x9c][0xec][0xb2][0xba][0xbc][0xf1][0xfe][0xf9][0xe7][0xf7][0xd7][0xb0][0x18][0xc8][0xbb][0xbc]|[0xf5][0xb0][0xf9][0xce][0xa1][0x19]Z[0xeb]D[0xc7][0x82][0xa9][0xcd][0xb1][0xca]]s[0xf9][0x87][0xd9][0x16][0xa5][0xcc]i[0xac]XYeR[0xf3][0x17]=[[0xe6]"
10:56:34.639 [main] DEBUG org.apache.http.wire -  << "[0xc2][0x9c]I[0x16][0xd8]P[0x88][0x84][0x85])F[0xd4][0x14]12[0x5]IS[0xc7]d[0xc2]][0xe7]tMQ[0xea][0xaa][0x89][0xe9][0x12])M[0x83][0xbb]N$[0xc2][0x1c][0x91][0x15]\EzJ[0xb1]1[0xd5][0x14][0x19][0xd2][0xd3]|[0x98]#[0x13]U[0xa3]X[0xee][0xbb][\r][0xb6][0xd0][0x2][0x1b][0xd0][0x8][0xf4][\n]"
10:56:34.639 [main] DEBUG org.apache.http.wire -  << "[0x1b]f^%[0xb][0x4][0xe4][0xa9]P[0xb4][0xc0][0xdc][0xb5]I-[0x1c][0xe6][0xca]K[0xac][0x9a]![0x85][0x18]&VkH[0x95][0x15]LC[0xb][0xcd]2[0xf0]B[[0x9e]/[0xa4]-1=_[0xc8]2[0xdf]*cHTS[0x14][0xbb][0xc4]k[0x98]#F[0xcd]%DYE[0xa2][0x82]e[0xb7]21[0xf2][0xd4]$[0x8a][0x82][0xe9][0xa6][0xad]r[0xd7]c[0xa4][0x18]P[0xc1][0x98]j[0x96]"7[0xb4]IQ[0xb3][0x80]T[0x86][[0xde]'[0xad][0x84]L<[0xd1](q[0xe9][0x81]$S[0xa0]X[0x95]}[0xe4])[0x1e]+[0xda][0xca]C[0xc2]@[0xb]][0xc1]0[0x10]&Q-F5[0xc1]0[0x91]47)[0x92][0xa0][0x15][0xbb][0x96][0xac]-[0x84][0x85]e[0xda][0xf9]c[0x5]M[0xdc][0x8c][0xc9]\ [0xaa]aRk[0x81]US[0xd0][0xc4][0x19][0x96]L[0xc1][0xa2]N/Y[0xbe][0xa2]M[0x4][0x9d]j[0xb]b`A[0xd6]T[0x8f][0xd6][0xc][0x8c][0xc0][0xe0][0x8][\n]"
10:56:34.639 [main] DEBUG org.apache.http.wire -  << "Y[0x10][0x93][0xbb]N[0xf0][0x81][0xce][0x14][0xac][0xf1][0x18][0xd3][0x1e][0xd9]b[0xee]:[0xc5][0xf3]<#[0xc0]J [0xea][0x12]Q[0x82]TS[0x90][0xb1][0xa4][0xb1][0x9e]1[0x2][0x85]9I[[0xe8][0xc8][0x14][0xc8][0x18][0x86][0xdd][0xe7][0xc6][0xfb]d[0xe5]%=[0x12][0xa7][0xab]a[0x82]G[0x91][0xd8]S[0x17][0xb8][0x91][0x18][0xc5]{[0x8b]Hs[0x97][0xba]?2[0x15]/[0xdc]iw8[0x5][0xc9][0xf8][0xe2][0x9f][0x9c][0xf9][0xa1][0xe9]X-![0x13][0x89][0xc8][0xc0][0x97][0x14][0x9b][0x16]U?[0x8b]Wu![0xdf][0x14][0xea][0xad]b[0xbb][0xda][0xaa][0xf7][0xdb]B[0xbe]U[0x12][0xea]B[0xb7][0x9c]o4[0x1e][0x85]V[0xb9]\[0x12]F[0xe5]B[0xef][0xbe]q[0xe3][0x83][0x8][0x8b]a),_~[0xb7][0x9b][0x8][0x1d]i[0xdd]+[0xf3][0xfa][0xf9]H[0xae][0xdf][0xd4][0xe5]wsJ[0xb5]U[0x8][0xe4]N[0x99]R[0x8d]^\[0xbe][0xbe][0x8a][0x17][0xe8][0xf2][0xf5][0xf2][0xc2][0x9c][0x12]c[0xa7][0xef][0xe6]F[0xc1][0x87]][0xff]=[0xca]2N[0xd3]F[0x10]J[0xe5][0xa1] [0xdc][0xf0][0x9f][0x8b]h[0x89][0x14][0xba]ih[0x93][0x9][0xa6][0xae][0x14][0xd9]I[0xfc][0xf3][0xcf] ![0x1][0x83]+[0x85][0xc8]7([0xcc]~[0x9a][0x14][0xa9][0x6][0x81][0xdc][0x9b][0x8a][0xd9]I[0xb]lR"[0x9][0x92][0xa6](X2[0xb1][0xec]e[0x10]C[0x90][0xb1][0x89][0x88][0x82]e`[0xb1]1Q0[0xf5]3=[0xbe][0xf4][0xd8][0x9a][0x6]+[0xeb]h[0x82][0x15]l[\n]"
10:56:34.639 [main] DEBUG org.apache.http.wire -  << "v[0xeb][0xc6][0xcd][0xf7]W;[0x1d][0xc3][0xd4][0xf5]?5"
10:56:34.639 [main] DEBUG org.apache.http.wire -  << "[\r][\n]"
10:56:34.651 [main] DEBUG org.apache.http.wire -  << "421e[\r][\n]"
10:56:34.651 [main] DEBUG org.apache.http.wire -  << "u[0xa2][0x11]u"[0xac][0x90])M[0xbd][0xd4]%R,l[0xdc]|7[0x1d][0xa9]~[0xbd]+[0xe4][0x9d]R:[0x99]L6[0x82][[0xd6]I[0x14]5[0xcd]T4$cz[0x0][0x9a]bC[0xb3][0xa8][0x4][0xcc]+x[0xe8]!]'[0xea][0xc4]+CTb[0x12][0xa4][0x90]-[0xae][0xef]v[0xf0][0xb7][0xdf][0xde][0xce][0xbf][0xb8]|[\r][0xef][0x8c][0xc3][0x95]N5S37:[0xbe]2[0xb0]Y7J[0xe]);.%[0xf][0x86][0xe9]([0xbd][0xd1]g[0x87]E[0xa1][0xc8][0x9b] [0xfa][0xfd]:[0x93][0x8b][0x87][\r][0x9b]&[0x11][0x18][0xdd][0xa2][0xb5]![0x90][0xf5][0xc8][0x84][0x91]o[0xe4]?[0xe][0xa8][0x1d][0x18][0xb5][0xcf][0x17][0xd0][0x84]6[0xe][0xc9]_[0xd1][0xb7][0x9b][0x9b][0x1b][0xce]Re<&*[0x96][0xb9]?[0xff][0x94].[0xfb][0xed][0x82]e[0x88][0x97]?[0x86][0xca][0x4][0x9b][\r]d[0x98]}[0x93][0xec]a[0xe4][0xcd]][0x6][[0x9][0x94]9[0xdd][0x18]P[0x89],p[0xcf]D[0xb][0xfd][0xe6]G[\n]"
10:56:34.651 [main] DEBUG org.apache.http.wire -  << "[0x5]'[0x93]K[0x1][0x6]o[0x81][0xe8][0xfc][0x2]]~[0x6][0xcd][0x0][0xdf][0x4][0xba][0xe5][0xf2][0xec][0x9f][0xee][0xa6][0xb2][0xc4][0xcf][0xf8]F[0xfe][0x3][0x92][0xaf]w[0x81][0xab][0xda][0xea][0xe2][0xf2]3+[0xef][0x92][0xfe][0x2][0x85]1@t[0x92][0xbd]![0xfc][0xed]7tc[0xc3][0xb]$1A[0xb3]C[0x83][0x1b]l[0xf3]s[0xb0]3[0x17][0x9c])[0x98]&[0xe1][0xc2][0xe2][0xe5][0xf][0x12][0x1f]zy[0xe3][0xc][0xa7][0xa4][0xa9][0x86][0xa6]`[0x18]Q{![0xe2]~[0xfb][0xcd]I[0xbb][0x82]U[0x85][0x81][0xf8]#[0xc8]{[0x7][0xb9] [0x14][0xaf][0x3][0x3]x[0x1a]0[0x92][0xe5][0xe][0xf0][0x97][0x88][0xa4][0xf9][0xe][0x13]:[0xe4][0xf]2[0x1f][0xe3][0xa6][0xb7][0xfa][0x3][0xa2][\n]"
10:56:34.651 [main] DEBUG org.apache.http.wire -  << "[0xa9][0x92]-$[0xf6][0xb2][0xe4][0x1b]~/i[0x82]M[0x98][0xda]Paw&[0xd9]d@[0xbb],[0xfd][0xdb]o[0x17]h[0x8f][0x93][0x88]|[0xb9]+[0xa6]}[0x4][0xbe][0xa2]o[0xfe]yq:[0xf3][0x6][0x16][0x91][0x9d][0xec][0xb][0xe4][0x8f][0xd5][0xe9]z[0xfb][0xdd]2[0xb0][0xd9]A[0x13]\/[0xed][0xf4][0x80][0x8c][0xf7]A[0xcb]777[0xfc][0xe5]w`bq[0xaf][0x17][0x1]2\[0xbc][0xd5][0x9f][0x1b][0xf1][0x8d]L{[0xe5][0xf9],[0x83][0xa8][0xc5]'[0xf1][0xe7][0xbf][0xbd][0x1e][0xe0][0x85][0xf6][0xbb][0xa4]j[0xab]#s[0xdf]Y[0x17]tL[0xc7][0x1a]]@s[0xbf][0xfd][0x16][0xf8][0x0][0xd6]#[0xea][0xe4]X[0xda][0x95][0x8a][0x96]d[0xc2]Dw[0xf]f[0xe6]n[0x19]U[[0xfd][0xb1][0xf7]}q[0xf9][0xe9]|+[0xd7][0xfe][0xee][0x3]([0x8]S[0xef][0xad][0x85]a[0x81][0x91]aQ[0xdc]u[0x16]&#[0xd8][0xc3][0xd3][0xb5][0x9c][0xb5][0xa1][0x8c][0xa8][0xb2][0xf9][0xa1][0xaa][0x13]l[0x16][0xbc]e[0xb1]i[0xaf][0x8a][0x15][0xaa]-[0xf2][0x8a]b[0x97]x[0xb3]6[0x13]\[0xc2][0xec][0x87][0xca][0x8][0xb6][0x6][0xf3]VQPR[0xf7][[0xdb]c[0xa1][0x1d][0xde][0xb].m [0xc1]dm[0xe1]l[0x19][0xb9]}[0xbe][0xfc][0x11][0xc2]2[0x19][0x2][\n]"
10:56:34.651 [main] DEBUG org.apache.http.wire -  << "[0xa5]-2[0xb5][0x89][0xe0][0xaa][0x5][0x86][0xab]O[0xb2][0xdd][0xde][\r][0xe7]j[0x12]Q[0xee][0x13][0xba][0x82]][0xeb]g2[0xb6][0x5][0xed][0xa1][0x8e][0xf1]U[0xfa][0xf6]O77K[0x8d][0xc8]![0xde][0x11][0xfc];[0x9a]M0?[0x8]F[0xde][0x9b]u[0x81][0x85]`[0xbf][0xfe][0x8d][0xfc][0x19][0x94]zj[\n]"
10:56:34.651 [main] DEBUG org.apache.http.wire -  << "[0xdc]'[0xb6][0x17]=[0x81][0xca][0x9f][0x9e]D[0xd2][0xaf][0xff][0xed]F[0xbe][0xfc],[0xfe][0xf6][0xdb]?]p&[0x9a][0x9c]i[0x11][0xd6][0xec][0x13]Y_[0xdd][0xea]lA'[0xe3][0xb]t[0x5][0xf4][0x7][0x19]93[0xb8][0xcb][0xef][0x12][0xfc][0x15][0xf0][0x1a]K>[0x15]O[0xf4][0xee]u[0x9f]Q[0x2]+[0xb2][0xa9][0xe9]#[0xa6] [0xee][0x89][0xb3]#M[0xa1]o[0xc7][0xe5][0x19][0xa3]lX[0xba][0x11]#G+[0xd9]X[0x1d][0xe9] [0xfa]v#9Cu[0xb0][0xf2]|FWD[0x95][0xf1][0xba]=[0xbe][0xf0][0xb8][0x85][0xbb][0x4][0x99][\n]"
10:56:34.651 [main] DEBUG org.apache.http.wire -  << "Z[0xce][0x15]l[0xe][0x1d][0x8d]S[0xd6]V*[0xe4][0xfe][0xf9][0xe7][0xf1][0xf4][0x1b][0xfe]2,{[\n]"
10:56:34.651 [main] DEBUG org.apache.http.wire -  << "[0xaa][0xe1][0xa5]c[0xbb][0xc6][0xb1][0xc][0xbb][0xca][0x91][0xb6]>[0xdd]H'[0xda][0xfa]t[0x13][0xb][0xcb][0xee][0x90][0x81]r[0xc6][0x9][0xe5][0x8a][0x0]k[0x18]4[0xe4][0xaa][0xc4][0x92]a@q[0x1][0x83]|[0xf1]g[0xc7][\r]h[\r][0x8e]$?J[0xc2][0xd7]7[0x96][0xe0][0x9f][0x93]@@nt[0xf3][0xfd][0xf5]s[0x9b])[0x1a][0x8e][0xe][0xe5][0x9a]HN,#[0x97]Wc[0x8d][0x96][0x91]4[0xf5]7[0x92][0xe2][0xe5]w[0xf1][0xc8][0x98][0xfe][0xf6][0x9b][0xd3].2[0xc]2a"[0xe1]H[0xa9][0xcb]Wo[0xe1]=X[0x8c][0xe]E"[0xec]Y[0x1d]C[0x91]x[0xc3][0x16]GW[\n]"
10:56:34.651 [main] DEBUG org.apache.http.wire -  << "V'[0xe6][0xf4][0xf3][0xa7]O[0xe2][0xe5][0x1]1[0x82][0xe2][0xcd]e[0xee][0x8b][0xe0]T[0xf9]*~;X7N[\n]"
10:56:34.651 [main] DEBUG org.apache.http.wire -  << "Y{2[0xfc][0x13][0xfa][0xf3][0xcf]BW22[0x91][0x81]MW[0xca][0x1c]o[0xe2][0xe2][0xab]W0[0xd0][0xf5][0x1a]2[0xa6][0xfe]y*[0xa7][0xa8][0x10][0xac][0x9a][0x87]h[0x1d][0x8][0xf4][0xf][0xa1]EP[0xfa][0x1e]#[0xc6][0xf]/[0x87][0xa7][0xb1][0x11]?}[0xba]d[0x9c][0xbc][0xbf]Z\|[0x7]Au[\r]p[0xbf][0xf2][0xdf][0xc2][0x0][0xc5][0xfe][0x88]}[0xfb][0x3][0xe4][0xda]5[0xc7][0xbd][0x86][0xed][0xb9]s[0xf9][0xf6][0xda][0xb5][0xb3][0xbe][0xdc][0x80]e[0xe6][0xcd][0xe2]G7[0x8a][0x17]P[0xed][0xd2]5B[0xec]T[0xff][0xed][0xb7]3[0xad][0xed][0xe8][0xfe]l[0xf0][0xb9][0xa0]=B[0xd5][0xdc]_[0xcc]4;5M=[0x2][0xb6][0xcb]%3[0xd0][0x82]a0`[0x9f][0xe5]?[0x87][0x6][0xdd][0xc6]M[0xd4][0xb7][0x82]Ec[0xf1]?[0x84][0xb1]([0xb8][0xcd][0xdc][0xc4][0x98][0xa5]6[0xea]7[0xab][0x10]u[0x1e][0xa2]X[0xb9][0xe1][0x16]H%cl8[0xe6][0xdd]f[0xbe]U[0xaf][0x94]{}[0xa1]Qo[0xdd]q[0xa1])[0xc5][0xe3][0x1b].[\n]"
10:56:34.651 [main] DEBUG org.apache.http.wire -  << "|[0x17]u[0xb]F[0xb9][0x90]D5[0xc3][0xd0]([0x99][0x10][0xf5][0x86][0xb3][0xc][0x1c][0x91]([0x96][0xb1][\n]"
10:56:34.651 [main] DEBUG org.apache.http.wire -  << "[0x1b]p[0x83]A2[0x89][0xa9]`[0xd6] [0x8][0xaf]>|q_jHA[0xb][0xa4][0x86][0xfa]DF[0xf3]P[0x89][0x98]xa[0xcd][0x91][0x1a][0xfa]3Tq[0xec][0xd6][0xbf]GY[0xc5] z[0x6]FT[0x9a]r![0xb6]zqH[0xd7][0x15]"1[0xb5].[\n]"
10:56:34.651 [main] DEBUG org.apache.http.wire -  << "V[0x1f];W[0xc6]v[0xb7][0x88][0xa6]~Z/[0x14][0xf]m[0xcd][0x90][0xaf][0xd8]7k[0xf5][0x86]s[0xc1]0[0x14]}[0x10]H11U[0x91][0x89][0xb9][0xd0][0x2][0xcb][0x4][0xdd]p[0x9a][0xaa]l[0xc0]n[0x89][0xb1][0x1a]B[0xaa][0x1c][0xba]X[0xa0]udEdsz[0x1d]J'y}}[0xe9][0xc2][0x80][0x91]1[0xae][0xa3][0xd1][0xd5]ju[0xe5]Z[0xdf][0xaf]$m[0xb1]7[0x18][0x8a]&![0x5][0xc7]o[0x88],[0xd4]Kg[0xc1]O[0x91]*O[0xb1]"[0xbf][0x1b]H[0xd0][0xae][0xaf][0x89][0x9a]i[0x4][0xb8]F[0xd5]4Y[0xf][0xab][0xda]F&[0xb6][0x1d][0x9f][0x15][0xd6][0xa9][0xa6]cjnn8mr[0xcd][0xc8][0x16][0xa8][0xd2]D[0x86]5[0xf]![0x13]Y[0xa1][0x12][0x1a][0x9b][0x88][0x86],[0xd5][0xb4][0xe6][0xa1]&V[0xc8][0x14][0x99]'Z[0x9][0x8c]N[0xa0][0xad][0x6][0xd4][0x8][0xe9][0x9a]a[0x12]u[0x82][0xd4]ph[0xac][0x99]Z8$#5[0xa4] [0xa2][0xaa][0x1b][0x14][0x92][0x89][0xc7][0x18]W{4[ c[0x1e]![0x12][0xb4]h[0x90]"
10:56:34.652 [main] DEBUG org.apache.http.wire -  << "-6n8[0xa4]n[0xbc]q[0x87][0x8c]+c9[0x1]p[0x8a]Fo[0xb8][0x99][0x10]S[0xb9][0x9c][0xed][0xeb][0x8][0xb0][0xd6]T[0xa3][0xa6]d[0x99]![0xbb][0xa1]]Z[0x1b]`=[0x92][0xae][0xd6][0xeb][0xab][0xb1]([0xc9][0xea][0x95][0x8a][0xcd](5[0xa8]t[0xa5]O[0xf5][0xe8]f[0x19][0xa5][0xd1]B[0xb6][0xb0]6[0xc]i<,[0xd0]+"i~[0xe3]6[0xab][0x9a]xmF%[0xc3][0xe0][0x1c]``H4[0xa6][0x18][0x9b]?[0x5]i[0x99][0x88]nhT[0x89][0xf2]a6[0xe7][0xa2][0xa2][0xbc][0xac][0xb7][0x17]s[0xdc][0xad][0xe1]+[0xc9]0[0xfe][0x10]TIX[0xdf][0xd4]g[0x89][0x91][0x9e]U&[0xa9][0xbb]-[0x17][0x82][0xc9][0x1a][0xf1]W[0x88][0xc8][0x14][0x19][0xd3][0x1b][0xae][0x16][0xcd]K[0xed][0xbb]8`[0xf9]/[0xfe][0x1a]4[0xd7][0x1]4%[0xad]U[0xd1]T[0xcd][0xea]o6?[0x87][0xe6]8[0x91][0xdf]n[0x12][0xf2]_[0x88]f:[0x80][0xe6][0x84][0xb4]:[0xab]is[0xb8],&[0xe][0xcd][0xc5]${[0xfb]i[0xd0][0xfd][0xb][0xd1]|[0x8][0xa0][0x99],[0xcb]}[0xad][0xab]f[0xab][0xeb][0xa7][0x9f]C[0xf3]%[0xbf][0x99][0x17][0xa2][0xc9][0xbf][0x10][0xcd]e[0x0][0xcd]N75NI[0xb5]dR{[0xf9]94KR[0xe3]>[0xd7][0x99][0xfc][0x85]h[0xce][0x3]hjw[0xe6][0xdd][0x93]j[0xdc]v[[0xea][0xcf][0xa1][0xd9]S[0x12][0xd5]Iv[0xf3][0x17][0xa2]9[0x9][0xa0]i<[0x99]Uj[0xa2][0x97][0xf5] [0xf2]sh[0xae]^[0x1a]][0xa9][0xfe]b[0xa3][0xe9]8.[0xc]*[0xfd][0x4][0x1a]4J[0xa3][0x9d][0x8a]HW[0x89]in[0xdd][0x14][0xaf]f?[0x1][0xbd]6)77[0xfc][0x88];[0xf4][0x95]x[0xda][0x8d][0x87][0xd5]A[0x91]][0xff]l[\r][0x19]&[0xee]Y[0xba][0xae]Q[0x13][0xdc];[0xdc][0xb7][0xb0][0xa7]<..[0xbf]/[0xae]`[0x9d]T[0xf0][0xc5]wNRtV[0xe0][0xfa];[0x17][0xcb][0xc6][0x92][0xd9]T[0x9c][0xf9][0x1][0xb9][0xeb][0xd8]k[0x98][0x8b]e[0x13][0xd9]X[0xd2]K[0x9]s[0x86][0x93][0x9e]K[0xe6][0xb2][0xb9][0xec]N[0xc9]d6[0x1b]K[0xb9])[0xbc][0xed]}s[0xf2]2[0xc9]d,[0xe3][0x95]v[0xd2]_[0xc1][0xd5][0xb7]va[0xa7][0xe2][0xc9][0x98][0xed][0x80]4[0xc0]_[0xee]8[0xfc][0x80].[0xe0][0x90][0xeb]g[0xb4][0x98]X[0xbc][0xef]T[0xf5]q[0xa2]7-'[0x9b]YPVS[0xb9]X.X[0xc7]q[0xea]y[0x95][0xd2][0x9d][0xaa]n[0xd6];[0x83][0xc7][0x1a][0x9f][0x8a][0x15][0xa4][0xed]#TJg[0xd2][0xd9]D[0xe6][0xad]j[0xc9]VvUx[0xca]g%[0xb3]([0xd7]V[0x8d][0x11][0xab][0x96][0xe1][0xb3][0xf1]T[0xe2][0xad]j)59-4[0x12][0x8f][0xfd][0xa6]z?2[0x97][0xdb]&T[0xcb][0xe5][0xd2][0xb9]$[0xff]V[0xb5][0x8c][0xa6]?Z[0xe5][0xea]&a[0xcc][0xaa]1[0xf4][0xd0]e[0xd0]b[0xf1]x2[0xfd]6[0x96][0x99][0xdb][0xae]b[0x8d][0xd6][0xd6][0xaa][0xb4]H<l[0x8b][0x84][0x81][0x8b][0xc5][0xd3][0x89][0xc4][0xdb][0xf0]R[0xe2][0x8a]lG[0x93][0x12][0xaa][0xdc][[0xf2][0xa2]:5[0x1c][0xa2][0xe4][0xe2];[0xd5][0xf6][0xe8][0x9f][0xcc]e[0xea][0xf][0xc9]I[0xbb]R[0xcd]N[0x9e][0xf0][0xa8][0xc3][0xe8][0x1f][0xe3]3[0x89][0x14][0xff]&[0xb4][0xc][0xba]][0x8c][0xd5][0x97][0xd1][0x86]h[0xeb]v[0xbb][0x9f]I[0xb2]z[0xb1]t&[0x91]K[0xbe]Y[0xaf][0xa0][0xb7]"[0xa6]2[0xe8][0xac][0xc4]z[0xbd]2[0xe1][0xef]Y[0xbd]l*[0x93][0xca][0xee][0xb0][0xc9]~[0xbd][0xd4][0xa6][0xbf][0xae]6[0xf5][0xb4][0x82][0xf9]N[0xde],[0xd4]4[0xa8][0x17][0xcf]dl[0x16]>U[0xa9]l[0xc5][0x93][0xc9]Q][0xc2][0x19][0xb2]z)[0xf][0xf3]P)[0x91]qf[0xc2][0x89]Ji[0xdc]K[\r][0xfa][0xf3]yS[0x17][0xd6]bg[0x9b][0xe1]Y[0xa5]l[0xe2]M[0xf4][0x92][0xa3]xB[0xb9][0xe7][0x1f][0xd6][0xf9]'[0x95]4[0xeb]6k%[0xf9][0x8c]=oNU[0x12][0x9e][0xee][0x9]o[0xf4]g=3[0xd2]][0xaf]u[0x86][0x1e]cc{J[0x9d][0xa8][0x96]V[1<[0xed][0xe7]6/[0x91][0xf8]K[0xba][0xd5][0xb6]I[0x18][0x8f]eb[0xa9]7[0x19]+][0xc8]<.[0x14][0xa5]m[0xe4][0xa9]z[0x97]~[0xd9]0[0x6][0x89][0xa5]R[0xc9]l[0xfc][0xcd]z[0x99][0xad][0x85][0xab][0x8d]iU[0xe3][0xa5]~j[0xdd][0xea]0[0x82][0xc4]2[0x89]l2[0x9b]~[0xab]^RzHd[0xb4]{IK[0x97]V[0xd3][0xc1]D[0x9e]s [0x1a]^t[0xc5][0x15][\r][0x99]L[0xca][0x97]4[0xaf][0xaf][0xb6][\r]#([0xec][0xd8][0x86][0x10][0xfc][0xff][0xf5][0x85][0xae]pa[0xae][0x87][0xe9][0x12][0xd3][0xdb]^P[0xe8]ye[0xc2]n[0xee][0xe5][0xf7][0xb]0l[0xbb][0x9f][0x17][0x97][0x97][0xbe]P[0xb4]=![0xdc][0xf5][0xd7][0xaf][0xdc][0xa0][0xdb][0xa8]P4[0x1][0x9f]h[0x87]b[0xc5][0x92]q[0xd1][0xe]A[0x9][0xfd][0x16][0xfe][0xce][0xba]a[0xa2]I[0x17][0xcb][0x84][0x82][0xff][0xc8][0x99]8c[0x8a]&[0x5][0x5]Is[0x88][0xe7][0xe0][0xae][0xbf]rL^sa[0xe]I[0x12]6[0xc]'[0xd4] [0xcc]i[0xc8]2[0xa7][0xde][0xd7][0xda][0xe0][0xc2][0x9c]4[0xc5][0xd2]\[0xd7][0x8][0x84]+[0x0][0x5] JA[0xc6][0xdc][0xb7][0xd7]p,[0x91][0xf9][0x16][0xfe][0xca][0x15][0xb5][0x5]6;[0x98][0x1a][0xc4]0[0xef]-L7[0x1d]D[0xd1][0xc2]p[0x10][0xa2]XA&[0x81][0xf8][0x94][0xef][0xaf],[\n]"
10:56:34.652 [main] DEBUG org.apache.http.wire -  << "[0x3][0x11][0x15]~[0xbf][0x86][0xd3][0xf1]D[0xcc][0xae][0xaf][0xcd][0x9].[0xd9]9v%[0xb7][0x98][0x17][0x5][0x5][$[0xee]5[0x9c]N[0xc6]Y[0x15][0xdf][0xce][0xb5][0xd3]y[0x19]b[0x99][0xdc]<[0xc3][0x1b][0xda][0x99][0xd1][0x5]s[0x13][0xc4][0x82]|[0x8d][0xf3]|8[0xc5][0xf3][0xdf][0xdc][0xd4]M^[0xd4][0xa8][0xd9][0xb2][0x16][0xdc]u|7[\r]F[0x88][0xbb]N[0x85]9[0x83](X5K[0x96][0xee][0xb7]8[0xdd][0xe8]=[0x13][0xeb]I/A[0x9f][0xca]^[0x9c]K[0x98][0x13][0xcd][0xa2]ej[0xe3]q[0x1d][0xc][0x97][0xdc]u"[0x96][0xe3]_[0xc3][0x89]x[0x8e][0xf5][0xb6][0xd7]k[0x1c]b[0xe][0xee];[0x16]{c[0x87][0x89],4[0xd9]Rp[0x87][0xe2]1Ys[0xd7]\[0xa1]Q[0xec][0xf5][0xae][0xa1][0xff]1[0xbb][\r]F[0xb1][0xa2]Fw[0xc7]^[0x12],[0x3][0x82]I[0x80][0xd0][0x92][0xae]k[0xc0][0xa4]&w[0x9d]M'y[0x1e]h[0xaf]C[0x1e][0xa4][0xa4][0xf9]d[0x96]%[0x8d]EE[0x90][0x88][0x93][0x9a][0x88][0xa5][0x12]i[0xde]Og[0x1]8[0x87][0xe9][0xc0]?[0xfb][0xe9]$[0x0][0xd9][0xde][0xba][0xee]CZ[0x8]:YcE[0xa0][0xb0][0xe1][0xdf][0xcf]tm[0x19]v[0x3]:[0xc5][0x6][0x6][0xee][0xb4]K[0xc5]S[0xb9][0xb8][\r][0xc5][0x18]#[0xcb].b[0x19]D[0x86][0xb9][0xf8][0x1a][0xe6][0x96][0xba][0xec][0x14]L[0xc5][0xb2]I[0xbb][0xe0][0xca]M[0xf2] [0xac]#,[0xce][0xcd][0xc5]q[0x1d]1[0xa8][0xe4][0x94][0x81][0x95]?[0x1e][0xe3][0x93][0x8c][0xb0][0x16][0xa5]X5[0x8b][0xda]ba[0xa9][0xc4][0xdc][0xd4][0xed]H[0x4]6[0xf3][0x19][0x8d]_[0xc3][0xc9][0x1c][0x1f](YV[0x97][0x84]j*[0xcc]Fg[0x10]\[0x8e][0x95]5[0x13]x[0xd6][0x99][0xb]l[0x18]X[0x9d]`[0xea]&;[0x9c][0xb2][0xd2][0xe8]\W[0x90][0x84][0xf7][0xd2][0x99][0xc5]uB[0xd1]b'[0xfd]5[0x9c][0x8d][0xdb]S[0xce][0x86]>00=@[0x91][0xcb][0x17][0x8b][0xed]A[0xab][0xf][0x86][0x83]k[0x8e][0xe7][0xc2][0xdc][0xa0]W[0xee][0xfa]_[0xad]|[0xb3][0xc][0xd6][0xb5]0[0xd7][0xab][0xb5][0xbb]}[0xc1][0xfe]V-E[0x9]s[0xf5][0x9e]P[0x18][0xf4][0xea][0xad]r[0xaf]'t[0xca][0xdd]^[0xbb]%8[0xad]y[0x98][0xd5][0xf2]=[0xa1]W.[0xb6][[0xa5]|[0xf7]q[0xbf][0xb4]W[0xaa][0xde][0x13]*[0xf9]b[0xb9][0xd0]n[0xdf][0x9][0xa3]v[0xf7][0xee][0xa0][0x99]zOh[0x96]{[0xbd]r[0xab]Z[0xee][\n]"
10:56:34.653 [main] DEBUG org.apache.http.wire -  << "[0xed]V[0xe3]Q[0x0],[0x83][0xd9][0xa5]r[0xbe][0xd8][0xaf][0xf][0xf3][0xfd]rI[0xc8]7[0x1a][0xed]Q[0xb9]$[0xb4][~[0xad][0xe3]M[0x15][0xf3][0x8d][0x86]P[0x1d][0x80][0xd9]k[0xbf]A[0x86][0xc7][0xf9][0x92][0xf9]N[0xc7]&V<[0x95][0x8e]gc|[0x92]O[0xa5][0xb2][0xdc].mJ[0xed]f[0xbe][0xee][0xf6][0xf6]5[0x1c][0xcf]0[0x9e]([0xf5]{[0xd5][0x83][0xe1]x[\r][0xc7]SY[0xc8][0xad][0xf7][\n]"
10:56:34.653 [main] DEBUG org.apache.http.wire -  << "nJ"[0xc1][0xca]7z%w[0xfa][0xbb][0x91]^C[0xda][0xa8][0x8][0xfd][0xda]z>[0xe0]@b$[0xa0][0x98][0xbd]"[0xb4]l[0x81][0xcd][0x8a][0x7]S[0xae][0xb9]t[0xe6]>[0xbf][0xbc][0xc7]m+%7[0xee][0x87][0xe5]yY]Ef1[0xee]5[0x1c]K2a[0xd9]#&[0xe][0xb0][0x87][0xc1]*[0xb][0x14]/[0x89][0x1]v[0x1c]P[0x8e]S[0xa9][0x18]h2aNb[0xf6][0xe7][0x83][0xcc]t"[0x19][0x83][0xb8]6[0x98]?[0xc0]9[0xba]eL[0x5]}[0x8a][0xc][0x80]_L@[0xca]|"H[0x1a]Xa@^u[0xae]K[0xe5]J~[0xd0][0xe8]sla5[0xb1]``[0xc3]n[0x90][0x8b][0xe5]b[0xf1][0xf4][0x95]_[0xe4]*~[0xc5][0xb3][0xd0][0x8a][0xad][0x8f];U[0x88][0x9][0xcd][0xaf]V+.[0xec][0x99]6[0x5][0x8][0xc][0x13],J[0xb8]kg[0x13][0xf4][0x1c]}>[0xb6][\r][\n]"
10:56:34.653 [main] DEBUG org.apache.http.wire -  << "[0xd6][0xb1][0xcd][0x9b].[0x93][0x8b]X[0x0]k:[0x82]8Z[0xc2][0x19][0x2]5[0x95][0xe0][0xa7][0x4][0xcb]Z0[0x1][0xaf]uL[0x9][0xb]FR[0x4][0x9b][0x16]~[0xe6][0x8c][0x98][0xc2][\n]"
10:56:34.653 [main] DEBUG org.apache.http.wire -  << "[0xd1][0x5][0x96][0x5]K[0xf7]2[0xa6][0x6][0xe0][0x99][0xe1]s[0x99]$[0x88][0xca]T2[0x93][0xe1][0xf9]L[0x92][0xcf]E`&[0x1a]xA[0x85][0xa9][0x6][0x9d][0xb2][0xa4]9[0x0][0xe3][0xd2]\[0x98][0x13][0x15][0x1]Vqa[0x9]K*[0x90],[0x1e][0xe6][0x8c]9[0xd1][0x5]*[0xb][0xa2][0x17][0x96][0xc8][0xd0][0x13][0xb0][0xba][0xe4][0xae][0xf9]0[0xb7][0x12][0x15]mn[0xd8][0x9f][0xe]lC[0x87].'[0xc3][0x9c] [0xc0]O[0xc1][0xde][0x6]y[0x83][0xe9][0xa4][0x8a][0xdc]5gRK[0x9d]s^[0x12][0xc8][0xc4]t*[0x9e][0xe2][0xf9]T.[0x11][0xe6][0x96]D[0x87]QKe[0xae][0xe2]I[0xfe]*[0x1e][0xcb]^%R[0xc0][0x9c]1&[0x89]z:%[0xea]\[0xd9]][0x88]tP[0x0][0x4]0Vr[0xd7][0xdc][0xc]m5[0xb0]I[0x87][0xb9][0x9d][0xe][0xb1]HP[0x81]"U[0xd6][0x16],@[0xd2][0x9d]K[0xb1][0x18][0xe3]Z[0x90]m[0xf9][0x9],[0xbc]>[0xeb][0x8a]T[A2[0x95][0xa6][0xc4][0xc4][0x92]iQ[0x0][0x90][0x88][0x3][0xd1][0xec][0xac][0x8a][0xa5](C[0x17][0x8c]3[0xdc]vN[0x93][0xa8][0x1a]=[0x9e][0x5][0xd1][0xb7][0xdc]57P[0xe7][0xaa][0xb6][0x2][0xbd][0xc7]I[0xdf]+-[0xe3][0xa5][0x13][0xaa][0xbb]S[0x18][0xab][0x13][0xa2][0x9e]J[0xde]kBW[0x90][0x9][0xd1][\r][0xc7]z[0xe0][0xe6][0x1d][0xb4][0xe4]f[0x9c]h[0xeb][0xa0][0xcb][0xaf][0xe1][0x94][0xbd]Jt[0xec][0x90][0xd5][0x81][0x81];[0x9a][0xb2][0x19][0x13]E[0xe9]a[0xb3][0xbe]`[0x96]i[0x13]W[0xef][0x1c][0xaa][0xae]V+[0x1])+[0xb4]1`[0x15][0x17]t[0xa7][0xac]``[0x93][0xb8][0x85][0x3][0xc3]c[0xaf]w[0xbd][0x9d][0x11][0x9f]C[0xac]/[u[0x5][0xa8][0x7][0x1a]f[0xb3]][0xa8]7[0xea]O[0xe5][0xae][0xd0]+7*B[0xaf][0xdc][0x1d][0x96][0x85][0xf6][0xa8]U[0xee][0xf6]j[0xf5][0x8e][0xd0]-[0xf7][0xda][0x8d]a[0xb9][0xcb][0x85][0xb9]f[0xa3]6([0x8][0x95]F{$[0xe4][0x7][0xfd]v[0xb7]\[0xe9][0x96]{5[0xa1]W[0xce]w[0x8b]5X[0xb1][0xca]wm[0xa1]T[0xef][0xe5][0xb][0x8d][0xb2]P[0xec][0x96][0xf3][0xfd][0xb2]Piw[0x85]^[0xbe][0xc3][0x85][0xb9][0xb2][0x9f][0xd7]{[0xec][0xf5][0xcb]M[0x0]U[0xcf]7[0x84][0xd6][0xa0]Y(w[0x85]J[0xb7]\[0x16][0xfa][0x8f][0x9d]z[0xab]*[0xd4][B[0xb1]S[0x16]Z[0xed][0x96]Pl[0xd4][0xcb]-[0x90]O6[0x9e][0xfd]G[0xe1][0xae][0xde]h[0x8][0xed]FI[0x18][0xd6]{u'[0xad][0xd3][0xee][0xd5][0xfb][0xf5]vK[0xe8][0x95][0xfb][0xfd]z[0xab][0xca][0x85]9XF:[0x8d]|[0xb1][0xc]`;[0x8d][0xfc][0xa3][0xd0]/?[0xf4][0x85][0xf2][0xb0]^*[0xb7][0x8a]e[0xa1][[0xee][0xb4][0xbb]NYo[0xc1][0xa8][0xb7][0x86]u[0xc0][0x1a][0xfa]8[0xaa][0xf7][0xa1]s[0x8d]F[0xb9]+t[0xba][0xed]J[0xbd][0x1][0xe1][0xbc][0x85][0xc1][0xa3][0x90][0xef][0xb][0x83]:[0xb8]k[0xca]B[0xa9][0xdc]([0xf7][0xed]t[0xa7][0x89]j7[0xdf][0x81]z[0xc][0xf][0x1]V[0xa9]|[0xaf]W[0xaf][0xb6][0xca]%[0xb6]~[0xf5][0x84]Vy$[0xe4];[0xf5][0xd3]u[\n]"
10:56:34.653 [main] DEBUG org.apache.http.wire -  << "[0x83][0x9f][0xae]R[0xee]U[0xba]N[0xa7][0xdb].[\r][0x8a]}[0xa1][0x98][0xef][0xe7][0x1b][0xed][0x9f][0xaf][0xdf][0xfb][0x15][0xa0][0xa3]|![0xba]R[0xbe][0xd4][0x13][0xd8][0x98]5[0xcb][0xad][0xbe]P[0xa9]?[0x8][0x9d]A[0xa1]Q[0xef][0xd5]`[0x8][0x1a][0xf9]~[0xa5][0xdd]m[0xf6][0x84][0xe6][0xa0][0x9f][0x87][0xc1][0xe6][0xc2]\[0xa5][0xdd]-[0x96][0x85]J[0xb9]_[0xac][0x9][0x85]v[0xbb][0x7]JH[0xb1][0xdd][0xec][0xb4][[0xd0]@[0xbe][0xd2]/w[0x5]h[0x94]q[0xa3]][0x5][0xc6][0x1f]X[0xb1]Yn[0xf5][0xea][0xed]VO[0xa8]t[0xdb]Mh[0xfd][0x11][0xb4][0xaf][0x96]0[0xe8]4[0xda][0xf9][0x92]P[0xaa][0x3]Q@[0xfb]j[0xd5][0x87][0x8f]B[0xb5][0xdb][0x1e]t[0x84][0xc2][0xa3]P[0x1e]B[0xcb][0xfd].0V[0xbd][0xc4][0xc2][0xab][0x99]ff#[0xdf][0x83]i[0xc1][0x18][0xb3][0xf][0xda]N[0xbf][/[0x82][0x86][0xd4][0xe9][0x96][0x8b].[0xfc][0xd2]c+[0xdf][0xac][0x17][0x19]Z[0xbd]r[0x80][0xfc][0xad][0x92]7$[0x90][0xde]oW[0xcb][0xfd][0x1a][0x9b]x[0x80]N7_[0xe9][0xb][0xe5][0x96]3Z[0xc5]n[0xad][0xdd]j[0xf][0x0][0xfb]|[0x95]Qk[0x98]o[0xd4]K.[0x10]6[0x15][0x9d][0xd2][0xdd]24[0xd7][0xcb]w[0xd8]dt[0xe6]e[0xbe]d[0x3]o[0xb7]`V[0xc][0xf2][\r][0xe8]i[0xb9][0x93][0xef]B&(_[0xf9]*[0xc]W[0xb1][0xdd]d[0xda][0x1d][0x9b]c[0xf9]j[0x19][0xf4][0xc7]f[0x8f][0xb]s[0x8d]|Ah[0x95][0xfb]l[0xec][0x6][0x10]_[0xde]([0xe7]{@[0x85]N[0xbb]xW[0xee][0xb][0xcd]v[0xab][0xd7][0x87][0xc1][0xb5][0xe1][0x1d][0xc9][0xf0]fN[0xaf][0xdb][0x17][\n]"
10:56:34.653 [main] DEBUG org.apache.http.wire -  << "[0xf9][0xd6]S[0xbe].[0xc0][0xcf]"P[0xb0][0xd1][0xae][0x82][0xea]x[0x90][0x9][0xea][0x9c][0x9f][0xe9]Oq[0x97]9@[0xe5][0x1d]t[0xcb]0[0xed]zP[0xb8]Qh?[0x94][0x1][0xdf]}[0xe8][0x83]N[0x9]z[0xea][0xc]][0xbd][0xe8][0xc9][0xa6]f[0xb9][-[0xb][0xfd]v[0xbb]!T Z[0xbe]X+[0x17][0xef][0x18][0xe5][0xba]e[0x1b]V[0xaf]X+[0x97][0x6]L[0x18][0xc0][0x18][0x96];%[0xa1][0xde][0xec][0xe4][0x8b]L[0x1].[\r][0xcb][0xdd]~[0x1d][0x14][0xf9]f[0xbd][0xca][0x88][0xf9][0x0]4[0xee][0xb6]A[0x8c]pa[0xae][.v[0x7]u6[0x15][0x8a][0xf9]V[0x9]F[0xac],[0x80] [0xca]7\[0xdd][0xdb][0xa6][0xc][0x8][0xb3]b[0xbe][[0x82][0xa9]T[0x12][0xea][0xad]B[0xfb]A[0xe8][0xb4];[0xc2][0xa0]#[0xf4][0xeb][0x1d][0xa1][0x95][0x1f][0xd6][0xab]l[0xb8][0x85][0xc2][0xa0][\n]"
10:56:34.653 [main] DEBUG org.apache.http.wire -  << "s[0x5][0x8]R[0xef][0xb][0xa5]v[0xb1]'[0xf4][0xfb]=6[0xa5][0xbe][0xbd][0x86][0xb9]9[0xdb][0xc7]y[0xf2]>[K[0x8a][0xf7][0x8b]2[0xb1][0x98][0xd6][0x97]h[0x1b][0x8d][0xa5][0xda][0xab][0xb5][0xfa][0xb0][0xf2][0xc7][0xaa][0x99][0xd5]mZ[0xbc]5sw\[0x98][0xcb][0xb5][0xf4]y[0xf5]q[0xb5][0xa5][0x1d][0x98][0x7][0x9]m[0x9a]j[0xae][0xb2][0xe9]Ao[0xc6][0x85][0xb9]l+/[0xe1][0xf2]&w[0xfb][0xa4]qa.Si[0xd7][0xb7][0x9a][0x91]~[0xb8][0x5],[0xe8]8{[[0xee]T'm[0xc2][0x85][0xb9][0xe4],[0x91][0xee][\r][0xb7][0xcb]N[0x2][0xd4][0xc3]d[0xab][0xf7][0x92]x*&{[0x12][0x90]/[0x95][0x98][0x14][0xd7]w/[0xf1]l[0x8c][0x1][0xd8]l[0xb7][0xab][0xc2]c[0xa6][0xa5][0x3][0x80][0x98][0xa6]n[0xeb]K~VK[0xc3][0xd2][0x92][0xed](w[0x96][0xb6]Bc[0xc]*~L5gO[0xf1][0xed]d[0xcc][0x83]J[0x9b][0xec][0xd5]k[0xf1]jw[0xf8][0x90][0x1a]qa..O_[0xba][0xea][0xcb]C[0xb5]q[0xf]_[0xa3][0x9]i[0xb5]imh[0x15][0xc1][0x88][0xb2][0xb8][0xab][0x89][0xc9][0xe2]*9[0x2]a[0x93]Z[0xb4][0xca][0xf][0x9a][0xc8][0xab]}[0xd6]!ZZ[0xb6]r[0xcb][0x91][0x9c]g][0x97][0x1a])->[0x9f][0x8d]Y[0xf7]R[0x5]y;[0xaa].[0xc6]K[0x9a][0x87][0x9]\z[0x9a]j[0x93]z,[0x7][0xe0][0x90]Do[0xfb][0xd3][0xdc][0xa8]*[0xeb][0xc][0xe9]v9[0x9d][0x1c]7[0x92][0xab]64R[0x95][0xb3]/[0x93][0xee]Z[0xcd]na[0xfd][0xea]4[0xd1][0x8b][0xfa][0xf2][0x94][0x93][0xa0][0xc5][0x87][0xe2]66[0xcd][0xd5][0xd1][\n]"
10:56:34.653 [main] DEBUG org.apache.http.wire -  << "z[0x90][0xa1][0xe9]E[0xaf][0x93][0xd1][0xc6][0x14][0x14][0x8c]t[0xa9][0xda]i[0xd0][0xae][0xbc]1[0xc1][0xac][0x83]F[0xeb][0xe2][0x86][0xc4][0x8c]r1[0x3]M[0xce][0x8b][0xbd][0xd2]vK[0xb3]c[0xb][0xf2]V[0x8f][0xf9][0xcc]X[0x8d][0x17][0xc]0[0x11][0xe5][0x8a][0x96]9[0xcd][0x98][0x5][0x9]Q[0xee][0x1b]l[0x96]SY[0xa6][0x2][0xdc][0xf6][0xd8]Q[0xc][0x8][0x8b] [0xea]dG[0x1d]@[0xba]^[0x97]a[0xeb][0xee][0xef][0xa0][0xc2][0x1c]^[0x9b][0x14]q[0xd7]_[0xbf][0xc1][0x11][0x1e]p[0x4][0xb8][0xa7][0xa5][0xc0][0xea][0xe1][0x9e][0xe3][0x19]a2[0x99][0x9a][0xae][0x8e][0x13]L[0xbb][0xc3][0x1b][0xee][0x9a][0x13][0x84][0x99]a`[0x3][0xc6]\[0xa7][0x1a]D[0x18][0x15][0x14][0xcd]3k}[0x83][0xbd]X&[0xcd]6c[0xc8]D=s[0xdf]D[0x82][0xd7]:h[0x9c]n[[0x95][0x82]-Y90)[0xe0][0xb2][0x9d][0xe9][0x9e],[0x8a][0xe7]b[0xa9]]k[0xcb][0xb1][0xae].[0xd0][0x9a],[0xac]E[0x1d]Nt[0xc1][0x11][0xa8][0x9e][0x89][0x14]v[0xfe]+[0x96][0xbe]Jg[0xdc].t[0x99][0xe][0x95][0xbb][0xca][0xe0][0x8]X[0x94][0xbc][0xb4]"[0x9c][0xed]#[0x12]w[0x1d][0xbb][0xe2]q$[0xe6][0x91][0x1][0xf2]*[0xc8]0[0xa1]5[0xec][0xe4]f_[0xc3][0x89]$[0xcf][0x94]cO[0x89][0x3][0xb]#[0xf6][0xce]G[0x94][0xbd][0x1d][0x8a]k}[0xd3][0x99][0xd9]C[0x0][0xf3][0x3][0x9a]`A[0x9a]"U[0xc5][0xde][0x1][0xae]D[0xd2][0xb6]'[0xb9][0x1b][0xd7][0x80][0xaa][0xed][0xee]H[0x81][0x1b][0x8c][0x8d]*[0x9][0x13]lz[0x7][0x92]@[0xfd]O[0xd9][0xc4][0x19]P[0xd2][0xc2]X[0xee][0xa2][0x15]3[0xfd][0xf5][0x86];[0xc4][0xb1]([0x1][0xa3][0x1b]'/[0xc][0xd8][0x93]-[0xd4][0x9]3[0xe4][0x81][0x1d][0xd0][0x12][0x15],)D[0x9a];[0x9b]5z[0xb5]0T'[0x97]E[0xbb][0x11][0xf3][0xca][0x98]o[0x9c][0x94][0x9]E:h[0xcc]v([0x1a][0x18]F[0xdc][0xa2][0xab][0xd5][0xd5]|,]I[0xda][0x95]9[0xe5][0xc2][0x9c][0x82][0x11]U[0xaf]t[0xa4][0x9a]S[0xac][0xa9]W[0x4][0xa6][0x19][0x94]Q[0x90]*C[0xa4][0xbd]1[0xd5]t8a[0xe2]$[0xab][0x92][0xe2]4d[0xf0]W+=[0xd0][0xa8][0x89]L$)[0xe4][0xc5]I[0x12]![0xcc][0x9f].[0x89]:[0x89][0x18][0x1b][0xc3]I[0x9c]kS[0xc5][0xfd][0xad][0xa0]-[0x92][0x91][0x87][0xc7]z[0x92][0x9c]c[0xb7]?&[0x96][0xa6][0xaa][0xa6]#:[0xbf][0xa2]0[0xbf][0xb4][0xf1][0x98]HX[0xc6][0xba]fB[0x89][0xab][0xc5][0x1a] `[0xc3][0x14]-[0xd6]a'[0x1][0xf8][0xce][0xa3][0x98]JD[0xa2]][0xa9][0x1a][0x88][0xde]D6c[0xb3][0x81]mlp[0x19]T5|3[0x14]3[0x85][0xda][0x19][0xbe][0xd9][0xd2]9X[0xe3][0x96][0xc]H[0xef]X8[0xe]"][0xd5][0xf6][0xab][0xd8][0xfb][0xb4][0xde]T[[0xd9]9[0x5]` w[0xe7][0xfb][0x1a]N&[0xe2][0xcc][0xb8][0xd1][0xa7][0x96]ab[0xb9][0xbf][0xd1][0xb1][0xb1][0xcb][0x1][0x6][0xe][0xe6]y[0xed][0xda][0x12][0xa0][0xad]*[0x1b][0xbf][0xad]T[0x92][0xb5]5[0xc2]bQSU[0xcc][0xc][0xe5]l[0x82][0xd8][0xf6][0x8e][0xaa][0x85][\r][0x97][0xaf][0xa5][0xdd][0x2][0xdc]5W~([0x82]J[0xdd][0xea]s[0xaf][0xe1]d[0x86]wf[0xee][0x2][0x9b]y[0xc5][0xd4][0xd1][0xe6][0xd6][0xe8][0xc9][0xf3]:;W[0x97]W[0x14]m[0x85]e[0xdb][0xe0][0xec]6[0x88][0xec]D[0x88]|f[0xa9][0xd7]_[0x3][0xe6][0x5][0x85],[0xe1][0xb8][0xc4][0xc6][0x1b]P?[0x8b][0xa8]&[0x9e]0[0xa3][0xa6][0x1a][0xf1][0x8c][0xd5]:[0xda]X6[0x8f][0xf9][0x5]w2[0x15]dz[0x1c][0x1c][0xb0]b`[0xc9][0xa2][0xd8][0xae][0xbd][0x9f][0xe7]U[0x97][0x99]}[0xf5] _[0xb4]6[0xf1]+Q[0x9b][0xdb]5[0xbf][0x81][0x9d]2[0xce][0xa4][0xb4]o*/[0xab]23[0xe3][0xef][0x99][0xcc]Ek[0xd2][0xd2][\n]"
10:56:34.653 [main] DEBUG org.apache.http.wire -  << "l[0xc6][0xa9][0x13]o|[0xb0]Sx[0xd0][0xad][0xef]XZ[0xf6][0xe3][0x96][0x9e][0xa3]px[0xf6]9[0x1a]p[0x1e][0xbb]U[0x9f][0xa3][0xdc]k8[0xc5][0xe7]l[0xcb]j[0x90]G[0xeb][0xec]X[0xeb][0xae][0xed][0xda][0xce][0x11][0x98][0xe9][0x80][0xbb][0xe6]*[0xf7][0xf9]nyZ[0xcf]_[0xe5][0xbb][0xa8][0xb1][0xe4];#[0x8d][0x9f][0xa5][0xeb][0xcd][0xe6]p[0xb8]~z[0xda][0xc8][0x8f]R[0xb3]8{[0x91]S[0xca][0xad]%&[0x9b][0xd6]\z[0x88][0xa9][[0xcb][0x1a]Oa[0x91]ec[0xc9][0xe][0xae][0xca][0xce]QJ[0x18][0xcf]o[0xaf][0xe1]T*i[0xd3][0x84]L:D[0x7]y[0xbf]'.![0x12]@ [0xb]4[0xc1][0xe0][0x12]q[0xa3]u}[0xae][0xc5][0xec][0x94][0xab] [0x92][0x9];.[0xac]+[0xd6][0x84]1[0x8b][0xc3][0xc1]9[0x9e][0xed][0xbb][0xeb][0xaa][0xa9][0xc][0xe1][0x84]'pEMSd[0xb0][0xec];[0xe4]&[0x6]k[0x81][0x1d][0x0]eaTn[0xdd]t*[0xc1][0xac]}y[0x90][0xb6]][0xfb][0x18][0xf0][0xe][0x85](x&[0xda]j[0xb][0x9b]`4fK/[0xd8]e[0xec][0xa5][0xab][0x82]Mi[0xda]3)F[0x8b][0xfc][0xc][0xad][0xa1]w}8[0x85][0x8][0x93][0xcc][0x3][0xe1][0xcc][0xd5][0x8a]hv[0x99][0xef][0xcb][0xb3][0x0][0xd8][0x93][0xbc][0xcb][0x82]Y[0xbd]\[0xef]([0xaf][0xaa][0x10][0x15]7[0xc1][0xe7]s[0xcd][0xb5][0xda]B[0xbd][0x5][0x1b]T[0xee]5[0x9c][0xb5][0x17]Z[0xe8]mg[0xaa][0xa9][0x9a][0xa2]M[0x88][0x84][0x94][0xae][0xa5]`[0x97][0x9e][0x10]A[0xe6][0x18][0xf5][0x91][0x9][0xa1]q[0xe0]Sx[0x5][0xcb]d[0xce][0xab];$x[0xc5][0xbc]![0x10]{[0xe1][0xd4][0xab][0x96][%0[0xc9]&@PL[0x88][0xa6]"[0xa5][0xe1][0xb8][0x15]l[0xb]G&[0x13][0x87][0xfa]-k!bZ[0x81][0xf3]"[0xfb]l-[0x91][0x5]Rz[0x18][0xf8][0xc9]d[0x94][\n]"
10:56:34.653 [main] DEBUG org.apache.http.wire -  << "[0x83][0x10]e[0xe5]K[0x98][0x1d][0xd6]e[0xc6]L[0xb0]:.[0x88]Z"[0x13]b[0x1a][0x15][0x8d][0xf6][0xa7][0x9a]e U6[0x2]U[0x93][0xec][0xa4][0xaf]*#*[0x97][0xec]v;vo[0xea][0xea][0x98][0xe9][0xc0]:%[0xb]D7U[0xaa]Y[0xba]}[0xda]7[0x1][0xd6]=I[0x83]:;[0xc9] c[0x19][0xe]D[0x9d][0xf4]6[0x86][0x89][0x17][0xb6]W[0xd1][0xb1][0xdb][0xb0][0xa9][0xd2][0xb3]M[0xa5]`[0x7][0xda][0xe9][0x93][0x81][0xc1][0xc2][0xc2][0xc5][0x95][0xfe][0x94]{[\r]gR[0x8c][0xd7][0x9e]0[0xd5][0x8a]v[0xe8][0xe0][0xa6][0x86]a[0xfe][0xd9][0xa5]_[0xc3][0xb1][0x98]m[0x5][0x82][0x12]][0xbc][0xa2][0xc4][0xc4][0xc1][0xa1][0xa1]v[0x92]@Y[0x1a][0x1b][0xa3][0x15][0xac][0xb0][0xb6]&[0xf5][0x9d]{[0x8e]N[0xe9]s[0xd4][0xb6][0xc7][0xda][0xbf]u[0xe7][0xf7][0x16]S[0xed]9j[0xa9][0x86][0x1d][0xce][0x81]e[0xc1][0xb1][0x97]=GwJ[0xe8][0x9a]B[0xa4][0xcd]sT[0xd3]M[0xb0]D[0x6]rX[0xca]s[0x94]![0xb0]W[0xc9][0xc9]R[0xf0][0x4])[0xc7][0xb3][0xc6][0x14][0xfb][0x95][0x90][0xa8]Y[0xe6]sT[0xa7]d[0x89][0x0][0xd6][0x89]dK[0x97]Q[0x0][0x94][0x97][0x8e][0xd7][0xba][0x82]T6[0x11][0xf7][0x80][0x99][0xda]d[0xa2][0xe0][0xe7][0xe8][\n]"
10:56:34.653 [main] DEBUG org.apache.http.wire -  << "+`i=[0x91][0xab]Z[0xeb][0x13]9[0x6]6![0x1a][0xd2][0xf0][0xb2][0xc7][0x96]n[0xaf][0x16][0xd4]0[0xd9]*[0xec][0xe5][0xc0]t~[0x8e][0x82][0x82][0xc2][0x4]p0M[0x9b]@[0x8f]w[0xd2][0xf0][0x2][0x11][0xbf]."[0x10][0xe9][0xe3]|[0xcc][0xc]A&h'[0x1c][0xfa]9[0xea][0xa4][0x4]"7[\r][0x1][0xa9]2[0xd5][0x88]|53@[0x0][0xf1]P[0xd7]YP[0xa1][0x11][0xbb][0xc6]s[0xb4][0xd9]q[0xad][0x95][0xba]^W[0x97][0xc4][0xc4][0xc6]m[0xaf][0xe4]d[0xfe]@[0xb5]v[0xde]2[0xa7][0xbd])Y[0xfc]T[0xad][0x6][0x99][0xe3][0x83][\n]"
10:56:34.653 [main] DEBUG org.apache.http.wire -  << "/[0xa7]h[0x7][0x19][0x88][0xe9][0x1][0xcf]Q[0xea][0xf8][0xbc][0x8f]fJ[0x8a]f[0xec][0x8f][0xa2][0xc3][0xc0][0xd0]4V[0xc8][0x84][0x88]0p[0x81][0x12][0x82][0x88][0x14][0x8][0xf3][0x16][0xe]Z>[0x9a][0xfb]V[0xde]s[0xd4][0xc7]Y[0x9][0xc][0x99]b[0xd0][0xc0][0x97][0xbd][0x94][0xca][0xa6][0xc1]z[0xce][0x92]|[0xef][0xfb]sT[0x84][0x9d][0x8e][0x97][0x83][0xd7][0xc4][0x94]m[0x1f]I[0xa0]O[0xe][0xe0][0xe7](s[0xb7][0xee]u[0xd8][0xcb]<[0x9e]*!J[0x9][0xa6][0x82][0xc3][0x8a]{[0xc5][0xc6][\n]"
10:56:34.653 [main] DEBUG org.apache.http.wire -  << "^3[0x96][0x84]-[0x90][0x97]g[0xba][0x12][0xc2][0xf4][0xa7][0xbf][0x81][0x17][0x82][0x84][0x16]:"[0x13][0xd5][0xb0]?m[0xe7][0xaf][0x89][\r][0x9f][0x86][0xa0]A0[0x8d][0x1c][0x9a][0xde][0xb0][0xf9]*j[0xb2]?[0x87][0xdd]1[0x12]U[0xcd][0xa7][0x6][0xc8]C[0xba]`s @7&i[0x8]p[0xbb][0x93][0xb0][0xd0]D[0x2][0x83][0xc9]xF[0xc5][0xa6][0xac][0x99][0x1a][0x9d][0x0][0x17][0xc0]vkL[0xe]d[0x95][0xac]M[0xc6][0x9a][0x16][0x98][0x80]k38[0xb3][0x1c][\n]"
10:56:34.653 [main] DEBUG org.apache.http.wire -  << "[0x88][\n]"
10:56:34.653 [main] DEBUG org.apache.http.wire -  << "[0x13]X[0xf6][0x9d][0x1f]^[0xb] [0x1b][0xb7][0xc6][0xf4]9[0xba][0x92][0xbc][0xb4][0xb7][0x94][0xa2]][0x14][0xed][0xa6]][0xd2][0x83][0xc6][0xf1]CE[0xb0]l[0xd9][0xb1][0xf3]?^e[0x8c][0x11][0xf8][0x1b][0x4]cELi[0xfa]CU\)[0xb6][0xb][0x4])[0xda][0x14][0x9][0x8c]3[0x5][0xd1]"[0x8a][0xec][0xa4][[0xba][0x81][0x15][0xe5]9[0xba][0x15][0xe5][0xe7][0xa8][0xa1][0x8d]M[0xd5][0x92]O[0xe2][0x86][0xc6]pq[0x86]sO[0xc2][0x8f][0x95]q[0xe7][0xf2][0xd1][0xb2][0xb0],,[0x88][0xb5]8[0x9b]}0[0x99]O[0x15][0x84]o[0x81][0x89]m[0xa7][0xa0][0xb7]l[0xb8]+[0xdb]~[0xba][0x84][0x81][0xdf][0xbc]t[0x8][0x97]y[0xf6][0xce]Zx[0xc9]Im[0x9a][0xc]Nz[0xcb]d[0xaa][0x93][0x1a]H[0x13][0x9]5[0xa7]2[0xda][0x8]S[0xac][0xe8][0x81][0xf4][0xa0]4p[0x93]4[0xd5]D[0x92][0x19]![0xb][0xb6][0x18][0xfb][0xd0][0xa5][0xa0]dq[0xd6]S[0x13][0xd3][0x85]?K[0xf6][0xa1][0xee].7.Y[0x90]$[0xc1]e-^[0xba]_[0x82][0xe2][0x85]fb6[0xab][0x5][0xdb]9[0xe6]e[0xb9][0xac] Z>[0x99][0x2]i[0xce]<>[0x96]e[0x87]e[0x1d][0xe4][0xc0][0xf5]+[0x9a][0x8f][0xba][0x9b][0xec][0xdc][0xfa]r[0x8]xz[0xb2][0x8a][0xa2]![0xa6]` [0xaa].4zXS[0xb7][0xa8][0x4][0x9e][0xed][0xc3][0xc][0xa7]=K[0x9f]P$[0x1f][0xe6][0x8b][0x16][0x9c][0xe4][0xdb]c[0xae]][0xa8]ot[0xdd]+p[0x90]c[0x4][0x86]l[0x85]`M[0x3]F`[0x86][0x1c][0x18][0x3]g1[\r][0x8c][0xa3][[0x88]i'+[0xb2]ET~[0x8e][0xaa]hyPD[0xd7])[0x9e][0xec][0xa7][0x9e][0xe2]=[0x96][0xc9][0x2][0x8b]w[0x12][0x8e]Kd;/[0xc8][0x81],e[0x9f][0xe3]Xb[0xb0][0x94]#[0x8d][0x91][0x89][0xec]9[0xe6]$[0xa3][0xe7](DHm5[0x15][0x7]g[0xce]sT[0xdc]:[0xbf][0xc5]-[0xd0]B!H$[\n]"
10:56:34.653 [main] DEBUG org.apache.http.wire -  << "1[0xdd]z[0xc1][0xa6][0x17][0xfe][0xd4][0xa0][0xd8][0x97][0xde][0xb0][0xbf]0L{[0x7][0xcf][0x10][0xf4]rv'[0xcb]8[0x16]Ox[0x1f],[0x14][0xc0][0x1f]d[0xfb][0xd3]/[0xeb][0xd4]d[0xe7]V[0x3][0x18][0xb0][0xe4][0xc0][0xb7]A}[0x94][0x16][0xb0][0x92][0x1f][0x11]Nc[0xd1][0xd8]_[0xcb][0x9d][0x19][0xef][0x88][0x1][0x9d]q[0x0][0x8c][0xc1][0xae][0x1a][0xbb][JR[0xc8]x|*[0xcf][0xe5]H[0xc3][0x12][0x17][0xe4]@[0xb2][0xec][0x96][0xc2][0xf2][0x89][0xfc]][0xe1]q[0x80]U[0xb0]03C[0x6][0x16][0x6]`4[0xaf][0x84][0x97]jXt[0x89][0xf]g[0x83][0xa2]m[0x90]bnLM[0x7][0xc9][0xc][0xe1][0x8b]z[0xa0][0xce][0xbe][0xd6]m/[0xd8][0xce][0x7][0x13][0xe8][0x10]*b[0x19][0xc2][0xde][0x8e][0x0][0xce]8[0xc1]fO0[0xc0]d|[0x0][0xd4][0xf9]\[0x91]1[0x81][0x0][0xc9]`o[0xd9]n6cG[0xf8][0xa8][0xa6]b[0xef]H[0xc1][0xd6][0xb5][0xb3]w#[0x10][0x9]z[\r]{x8[0xeb][0xba]c 0[0xae][0x1c]Gu[0x1b][0xbc]r[0x9f][0xc1][0xb6][0x9a][0xb4][0xcd]W[0xb6][0xd9][0xb][0xe2][0x10][0xf][0xc2]w[0xec][0xe0]D?L#[0x9b][0xc8][0xd8][0xf7]N[0xb5][0xc7][0x8e][0xed][0x80]][0x95][0x10],[0x92][0xc9]&[0xaf]X[0x10][0x8f]][0xc8][0xd0][0xc1][0xe2]r[0xbc][0xd4]k8[0x95]K2kDE4[0xef][0xfb][0xed]%[0xa6][0x94][0xc8][0xde][0xd6][0x11]n[0x12][0xb3][0xbf][0xd9]f>[0x95]b[0xc6][0xc8][0xbc][0x8a][0x94][0x8d]I$[0x3],[0xe5][0x1][0x84][0xed][0x95]A [0xb0]w[0xfd]W[0xff][0xd9][0x9f]y[0x9]=$[0x84][0xdc]}Z[0xed]f[0xd2]w([0xd5][0xde][0x8e][0xbb][0x91][0xb8]u;B[0xa2]`Uk[0xa3]j[0xd1][0xb8][0x1d][0xa7]R[0xb9][0xcc]v[0xb6]L[0x94][0x1a]j[0xa5]Jk[0xfc][0xc6][0x18][\n]"
10:56:34.653 [main] DEBUG org.apache.http.wire -  << "[0xe5][0xf6][0xa3][0xd1]{[0x1c]5[0xee][0xa7][0xed][0x87],[0x9f]i[0xb7][0x9a]1[0x85][0xd7][0xac][0x99]p;N[0xd7][y>[0xff][0xe7]X[0xbe][0xca]K[0x8f]xA[0x9f]R[0xc2]}[0xe1]V5[0xc5][0xfc]][[0x9c]+[0x85][0xdb][0x9c]u;[0xb9][0x8b][0x95][0xf5][0xb5][0xd4][0xd8][0xde][0xd6]S[0x9b]%[0xd5][0x84][0x9a][0x90][0x9b][0xc4][0xf8]|)QZ[0xd6][0xc6][0x91]r"G[0xdb]wy][0xeb][0xd4]:[0xfa][0xf4][0xd6]|[0xd8][0xe2]T:[0xf2]"[0xe7][0xb][0xf9][0xbe][0xbc][0x5]s,[0xd2]u[0xbb][0x13]{qa[0xae]MH[0x1]=[0xcf][\n]"
10:56:34.653 [main] DEBUG org.apache.http.wire -  << "XG[0xbd],[0x4][0x97]t[0xd9][0xc6][0x94][0xc3][0xc0])[0xa7][0x8c]&[0xda][0x3][0xbb]_[0x17]D[0xa1][0xa2]A[0x84].Y[0x1c][0xe6][0x8e][0x91][0xa2][0xc0][0xf5]-[0xc2]X[0xa3][0x82][0xe8][0xdd][0x90]6&kA[0xa4][0x2][0x98]{[0x5][0x88]st[0xec]?[0xa9][0xb8][0x1d][0xb0]+[0xd1][0xeb]t.[0x9d][0x1]'[0x17][0x1b]![0x81][0x15][0xfa]j[0xbb]\[0xf2][0x88]/&[0xdb][0xed][0x81][0xd1]K[0xd3][0xe2]SeYhl6[0xf5]b[0xc2][0xbc][0xd3][0xeb][0x8d]A[0xbb]x[h>.#[0xf2][0x8c][0xcf][0xcc][0xcb]3u[0xac]TZ[0xf4][0xde]4[0x16]F*[0x97]*Df[0x91]{M[0xc9][0xcf]J[0xd2]j3[0xe8]T6[0xa5][0xa7][0xd2]S+V2[0x6][0xd3][0xfe]|[0xf2][0x90][0x7][0xb3]d[0x84][0xf1][0x8a]D[0xaf]3|6[0x9b]Ms[0xe1][0xaf][0xf6]Es[0xee]A\[0x16]2[0x1d]@[0xea]H[0xee][0xdf][0x88]c,[0x93][0x8d][0xc7][0x1][0xc7][0xdd][0x90][0xee] ~[0xfb][0xc1][0xde][0x17]nY>[0x9d][0xce]1[0xfa]I[0xa0][0xcb][0x0][0x1a][0x9a]e[0x16][0x14][0xb][0xef][0xa0]w[0x90][0xf9]wb[0x98][0xe1][0x93][0x8c]z[0xce]![0xe9]c[0xf8][0xed]e[0xfd][0x8d][0xd8][0xe5][0xd2][0xc9][0xb4][0x8b][0x9d][0xeb][0x89][0xcc][0xb3][0xf3]Z[0xcc]r[0xca][0xf6][0x1c][0xc6]1|[0xdf].[0xfc][0xf7][0xf5] [0x97]M[0xa7][0x13]0[0x87][0x3]D<[0x8e][0xd3]q[0x82][0x1f]/[0xfb][0xf7][0xe1][0x1f][0xe3][0xf9]D<[0x9d][0xf1]X[0xd8][0xa5][0xeb][0x1][0xca][0x87][0xb9]#[0x92][0xb1]l"[0x95][0xc9][0x1][0x92]uf[0x8][0xf7][0xec][0xe3][0x7][0x92][0xe0]X[0xfe][0xdf][0x87]h.[0x9e][0x8a][0xf1]<[0xe0][0xd9][0xb5][0xd4][0x3][0x12][0xba]i[0x1f]>[0x99]x.[0x19]K[0x2]>CbX[0xe0]t[0x4]W5[0xf0][0xd9][0xe]b[0x7][0x99][0x80]a[0xa2]][0x94]J[0xdd]Lk[0x94]@[0xca][0xe8]V[0xb7][0x96][0xa3][0x97][0xfb]y[0xba][0xba][0xc9][0xdf]'k[0xc2]"f[0x8][0xa6][0xb0][0xdc]h[0x9b]x[0xbf]i[0xde][0x15]F[0x83][0xd5][0xc3]4;0[0x7][0xb4]S[0xcf]O3[0xdd]:_[0xcc][0x1b][0xb3]R[0xf7]qN[0xd7][0x85]Mc2[0xe8][0xaf][0xb2][0xb8][0xf3]Xa[0x9e][0xd3][0x0][0xf3][0xe5][0x92]9[0x1e][0x98][0xef][0xc8][\n]"
10:56:34.653 [main] DEBUG org.apache.http.wire -  << "[0x18][0xef][0x89][0xb9][0xcd][0xcb]@z[0x8a][0xf][0xb3]b[0xa4]Xi[0xd4][0x95]Gb[0xce]S[0xfa] [0xa3][0xe][0xc6][0x9][0xb1][0xbc][0xdd][0x94]_[0x9a][0xd9][i*[0x8c][0xda][0xab]m[0xc6][0xdc][0xf6][0xf3][0xba][0xd5][0xce]u[0x92][0xad][0xb4][0xb9]|I[0xc9][0xf3][0x84]p[0xa7][0xce]F[0xb7][0x93][0x87][0xfe][0xbd][0x99][0xb8]oh[0xd9][0x89][0xf][0x9e]-i[0xbb][0xa6]}p[0xfa]3[0xe3][0xd3]wND[0xaa][0xcc][0xee]'`[0xb6]O]A[0x1b][0xef][0x7]+[0x1][0xbf][0xa9]6[0xa1][0xe0][0xc]e[0x1f][0xc8][0x2]m[0x82]g>;[0xf0][0x10]@[0x10][0x1][0xc6][0xf3][0xc0]O[0xb7][0xde][\n]"
10:56:34.653 [main] DEBUG org.apache.http.wire -  << "[0x11]P[0x8f][0xd9]of[0x97][0x92][0xc1]A[0xc3]N[0xf5]@[0x92][0x84]T[0xf][0x9c][0x81][0xe1][0xa2]J[0xa2][0xa9][0xb6][0xae]n[0xe7][0xfb]?A[0x1b][0xb1]Uh[0xf6][0x89]d[0xa4][0xdb]![0x8][0xec]s[0xac]I[0x96][0x8d][0x9c][0xa8]X[0xd4][0x3]g#i;[0xae][0xe0][0x90][0x8b][0x1d][0x94]`7[0x0]'nl[0xc0][0xa6]F[0xdd]T[0xf7][0xba]Y8[0xff]a[0x1f][0x8b][0xf1].[0xbb]eIN[0x8a]}[0xb3][0xad]s[0xc6][0xd3][0xbf][0xc6]6[0x98][0xb0][0x9a]b[0x8]{[0x88][0x85][0xb9]f[0xaf][0x3]{[0x10]L[0x9b][0xac][0x1d][0xa7][0xd0][0x1c]o[0xe0][\n]"
10:56:34.654 [main] DEBUG org.apache.http.wire -  << "[0x1f][0xee][0x9a][0x7][0x1d][0x99][0xc5]%[0xc0]o>[0xee][0xd4][0x87][0x98]n[0xfb]S[0x10]b<[0xbf][0x80][0xde]][0xf1]<[0x8b][0xa3]v[0xef]Tv[0xce][0xee][0x8][0xc2][0x82][0xb9];[0xec][0xdf][0xc][0x94]m[0xb8]*[0xb9][0xe5][0xe0][0xc][0x12]'[0xd8][0xf7][\n]"
10:56:34.654 [main] DEBUG org.apache.http.wire -  << "z[0x89][0xc][0x11]8[0xaa][0x2][0xa6]6[0xc1]e[0x8]A[0xd4]4[0xf0][0xc7][0xc4][0xc0][0xf][0xe7][0xb5]$P<[0xc1]k[0xd7]m[0x13][0xcc]p[0x8a]C2k^[0x80]c[0xcd]N[0xb9][0x5]R-[0xa4][0x4].[0xbb][\r]: [0x19]S[0x81][0x8e]%`4[0xc1][0x94][0xdd][0x91]c[0xed][0xe4][0xbb][0xae][0xcb])[0x86][0xa8][0xe][0x13][0x82]Vlm[0xd3][0xcd][0xb0][0x1][0xba][0x97]jzZg,[0x13]g[0xbe][0xbe][0xbc]l0[0x19][0xe][0xde]c[0xc3][0xf1]q[0x5]'[0xc1]k8[0x9e][0xc8][0xb1]M[0x7]l[0x8f][0x9c][0x13].[0x8e][0xd7][0xcf][0x9e]%[0xec][0xdc][0xd9]5g[0xdf][0x89][0x1]{[0x14][0xdb]_6[0xe8][0xd5]KM[0x97][0x8f][0xed][0x92][0x8e]C[0xca][0xd6][0xd7][0xff][0x80][0x8][0xc]$[0xda][0x1f][0x10]7[0x4][0x4]f[0x1f][0x1d]*Z[0xe6]"[0x17][[0xbc][0xac][0x99][0x8c][0xe7]|k#+[0xc0][0x7]b[0xd6][0xd3][0xaf][0xe1]T6[0xcb][0xf6]y[0xa0]?3[0xd5][0xf5][0x98][0xe8]x0*[0x8d]Tz[0xbc]B[0xfa]8[0x95][0xd5]{e>[0x95][0x90][0x9b]/][0xb9]2C[0xb1]u[0xa5]}[0xaf][0xe3][0xdb][0xc7]Mu[0x9d][0x1c]T[0xa7]F}[0xa5]U[0xd0][0xaa]7[0xd4][0xb]/[[0xb1]f[0x8d][0xf9]|{[0x98]SHq[0xdb]l[0x8f]Sf|,[0xa8]4[0x8e][0x1a]+[0x94][0xdb][0x15]][0xb9]l[0x92][0xcf][0xc6]N[0xc0][0xcf][0xe9]H[0xcc][0xf1]I5[0xbb][0x98]'[0x8a][0xf3][0xdb][0xc5][0xd8][0xcc]t[0x1e]"u1_[0xbe][L[0xd1][0xfd][0xe4][0xb1][0x96]/tr[0xca][0xdc]([0xab][0x89][0xda][0xbc][0x1b]_J[0xe6]t[0x11][0xe9][0xcc];r[0xfe]q[0xad][0x8c]_[0xe6][0xf4]vlfj[0xa4][0x14]W[0xeb][0x8b][0xac][0xd0]~Y>[0x16][0x92][0xfa][0xb4][0xdf]rp`[0xd1][[0xec][0xb4]#;[0x8e][0x8][0x16][0xfc][0xdb][0x9e]{[0xfb]3`[0x8]q[0x14][0xd4]9[0xcd][0xc7][0x86][0xe7][0xe0][0xc0]"K[0xee][0x80][0xe7][0x9d][0xb2][0x9f][0x8e];[0xde][0xfe][0xed][0x99][0xcc][0xd9][0xa7][0xa7]][0xb3][0xaf][0xa0]o[0xdc].[0x8d][0xd4]-"=[0xc9][0x12][0x91][0x17][\r][.[0xb1][0xac][0xfd][0x85][0xa5][0x8a][0x98][0xe8][0x83][0xac][0x8a]h:[0x91]\[0xec][0x13][0xd8][0xed][0xde]dB[0xb9][0x82][0x14]Ic[0xbf]X[0xe][0x80]"[0x14][0x97][0xec]+[0xd2][0xe5].;Bf[0x9f][0x9b][0xb4]T[0xe6][0x8d]a[0x83][0xf0]u[0xf][0xb3][0xf0])[0xbc][0xc2][0xa7][0xb0][\n]"
10:56:34.654 [main] DEBUG org.apache.http.wire -  << "[0x7]q[\n]"
10:56:34.654 [main] DEBUG org.apache.http.wire -  << "[0x9f][0xc4][0x88]3d[0xee][0xdb][0x92][0x88][0xc1][0x95][0x9][0xdf][0xbe]}{[0xbd][0xfc][0xbc]s[0xf]u[0xd4][0xbe][0xab][0x1e][0xfc]:[0xee]5[0xf6]cq[0x1d][0x1a][0xd4][0xe1][0xe6]L[0x81]][0xa8]$[0xb7]-3$D[0xe6]bHH[0xf3])[0x14][0x12][0x5])[0xa1]o[0xd4][0x8][0x9a]NC[0xeb]X[0xc8][0x16][0x0][0x82]s[0xf][0x8e]L[0xe8][\r][0xa7][0x98][0x94][0xf3][0xae]q[0xe]\[0xdb]0CK[0xe4][0x9c]#<w[0x1d][0x1]8f[0xc0][0xe8][0xa7][0x8f][0xb0][0xe8][0x88][0xa2][0xe0][0xe1][0xdc][0xd9][0xe5][0xf7][0xd9][0x85]o[0x13][0xb9]|[0xbd][0xf4][0xbb]$[0x93][0xa5][0xdb][0x15]A![0xf6]MK[0x96][0xc0][0xb][0x19]![0x1]h[0x5][0xb3][0x13][0x82][0xc1][0x87][0x84][0x98][0xa9][0xe1][0x10][0xfc][0x8e]9[0xff][[0xa4][0xa0][0xad][0xab][0x14]mB[0xaa]&j[0x14]X[0xdd][0xbe][0x80][0x1][0xc][0xe9][0xd0][0x1c]ZG[0xfc]+/#[0xb][0xac]Z"[0xa2]>[0xa4][0xac][0x80][0x97]{[0x90][0xd2]|v[0xb1][0x97][0x94]B[0xb3]LH0[0xc5][0xf4]^zRT2@>[0x1d][0xa9]n[0xda][0x82].BBB[0x94][0x96]!![0xc5][0x8f][0x13][0xdc][0x97][0x6][0xbb][0x86]<4[0xc7][0xbf]G[0xa1][0xdc][0x97][0xdf][0xa3]2Y[0x1e]4[0x93]c[0x95][0xf4]}T[0x10][0xc]dV[0xe5]B`[0xe0][0x8a](H[0x84][0x8b]4[0xf2]p8[0x18][0xab][0xa1][0x16][0xeb][0x97]A[0x9c][0xdc]9[0xde][0xb8]7[0xf7][0x18]7\^1?E[0xb9][0x10][0x85][0x1b]p[0xb9][0x83]n[0xe7][0x84]E[0xea][0x10][0x96]E:[0x9a][0xce][0x14][0x0][0xaf] [0x12]&[0xf][0xdc][0x97][0xdf][0x91][0xd3][0x90]h[0x99]&[0xbb][0xae][0xc8][0xc5]<>6CBr[0xb6][0xe1]CB*[0xa5][0x93][0x90][0x10]G[0x93]qHHjB2$[0xa4][0x13]k1$[0xe8][0xac]@"$[0xa4]b[0x99])[0xfc]ox7[0x12][0xfd]K.[0xc4]n[0x5][0x81][0x8b][0x8b][0xdc][0x8b][0xa4][0xe2]<[0xaf][0xaf]?;}[0x9a]"C[0x7][0xe3][0xe4][\r][0x9c][0xab][0xc2]N[0xa2][0x1d]w[0x8a][0xd9][0xbb][0xe][0x8a][0x81][0x9d][0xeb]E[0xec]`[0x1][0x1f]sQXI{c[0x3](b[0xee]K[0x1]M[0x8]RC2[0xa2]$4u[0xee][0xde]"*q[0xc7]g[0xa7]FR[0x13][0x12]!![0x11][0xc9][0xe5][0xb8]/[0xbf][0x13]7[0x99],&!C[0x17][0xf4]j61[0xd2]z$[0xa3][0xc4]C[0xc6]Z[0x90]y1[0x8b][0x81][0x1f][0xa2][0x4].[0xf5][0xb0][0x7][0x1b][0x1d][0x1b]p[0x18][0xd7][0x84]([0x19]P[0xf6]X&0[0xd1][0x91][0xc1][0x90][0x84]-L[0x8b]_[0x1b][0x8c][0x84]`[0xc4][0xf][0x86]$9[0xdb][0xc4]B[0xb6]z[0x8a][0xe5]w[0x8e][0x8d][0x89]Df[0xa4][0xbf][0xe1]"[0xb1][0x9f][0x1a])Y[0xa0][0xda][0xa9][0x91]RM[0xb][0xa9][0xa1][0xfc][0xdc][0xc0][0x6]a[0xde][0x8]d[0xbc]{[0x9c][0xc4]L&[0x93][0x12]O[0x8d]S[0xf0][0xff][0xfd][0xb9][0x1e]Z([0x8b][0x90][0xae](l[0xf4][0xcc][0xc3][0x9][0x4][0xc9][0x1b][0xee]K[0x1f][0xc3][0xf5]m[0xbb][0x8]&Di[0xcb]}A[0x8a][0xe9]@[0xc]}:Z [0xea]f[0xdb]7[0x88]-[0xf0]B[0xb4][0xe6]([0x4][0x13][0xd8][0xe6][0xd1][0x3][0x1c][0xf7][0xf1]u/[0x97][0x83][0x9b]1E[0xc5][0xc2]l[0xde]3[0x91][0xe8][0xbe]Nr[0x98][0xef][0xd7][0x84][0x94][0x2][0xa2][0xa5]v[0xb3][0xae][0x1a]:[0x96] fkO[0x16]&f[0xd3][0xdd]$[0x8]c[0xc0][0x10][0x97]'8r[0x86][0xbd][0x1f][0x81][0x8]Xow[\n]"
10:56:34.654 [main] DEBUG org.apache.http.wire -  << "2[0xdb][0xc3][0x98][0xac]C[0x7]5[0xf6][0x1a][0x1c]+[0x1a]2C[0x82]6[0xc5][0xdc][0x97][0xdf][0xa7]1`[0xf9]37[0xbe]yw[0xd9][0x15][0x80]\[0xee][0xf5]h[0xa1][0x9a][0xb6][0x80]&<[0x86][0x18][0x8b][0xf0][0xfe][0x84][0x16]:[0xce][0x18]i[0x8c]s[0xb1],[0xf7][0xe5]w[0xeb][0x8b][0xf3][0x9e][0xe5][0xf0][0x9]0[0x8][0xa0]r[0xc8][0x19][0x1b]%[0x19][0xa2][0x1e][0xca][0xe3][0xbd][0x5][0x88][0x82][0x8f][0x5][0xa0][0x12][0x15],[0xcb][0xb0][0xb4][0xb8][0xbd][0x89][0xfa]s .[0x8c][0x9b][0xee][0x1c]p[0xa6][0x1d][0xbb][0xa3][0xed]:[0xc4][0x2][0xc9][0xb8]/U$Z[0xea][0xc4][0xbe]d[0xce][0xbe]on[0x8e][0xfd]~[0xfe][0xef][0xff][0xf9][0x19][0xf2]{"
10:56:34.663 [main] DEBUG org.apache.http.wire -  << ")$f[0x84][0x9c][0xe8]c&[0x97][0xcb]d$[0x1f]pB[0xc8][0x82][0x98][0xdc][0x9b][\n]"
10:56:34.663 [main] DEBUG org.apache.http.wire -  << "[0xbb][0xdd][0xcb][0x84][0x84][0x8d]"[0x86][0x4][0xc1]\[0x85][0xa6]D[0x96][0xb1]*`[0x5]/[0xfc]F[0x92][0xc2]=[0xcc][0xe0]@-[0x11]c[0x1d][0xd3][0x96][0xc5][0xa6][0xd9][0x11][0x8a][0x1][0x95][0x3])[0xdc][0x97][0xdf][0x81]6[0xac][0xc1][0x0][0xa9]B[0xf6]N[0xec][0x8d]qg[0x85][0xa3][0xb6][$[0x2][0xc7][0x99]epBZ[\n]"
10:56:34.663 [main] DEBUG org.apache.http.wire -  << "[0xa2]N[0xd6][0x1f]vs[0x10]c[0xb8][0x80][0xb][0x1f]C[0xb][0xfd][0xb3][0xb2]Z[0xde][0xc4]b<\,hN5[0x98]0[0xb0][0xd3][0xb][0xa9][0xda][0x12])[0x4]6[0xe2]7\[0x8c][0xb]i[0xaa][0xed][0xc4]c[0xe8][0x11]U[0xb7]\[\r][0xc9][0xa6][0x1][0xe7][0xdc] [0xe8][0x9e][0xc9][\r][0xb1][_o[0xb8]x.[0x93][0xe4]B[0x10][0x89][0x0]/[0x90][0xc0][0xf5][0xb3]7[0x10][0xa4][0xce][0xee][0xc1];[0xdd][0x8a]b[0xc8]^[0xb][0xc1][0x93][0xeb]'[0x1a][\n]"
10:56:34.663 [main] DEBUG org.apache.http.wire -  << "R[0x13][0xd3]}[0xbd][0x1]S[0x98]QL][0x8][0x8d][0xe1][0xa2]?[0xe6]R[0xe6][0xbe][0x94][0xe1][0x8f][0xcd]C&V[0xb0][0xae][0xa9][0xbf]GY[0xa9]c[0x83]d7[0x12][0xc4][0xd8]n[0xc5]-[0xc0]r@Y[0x84][0xe9][0xec][0x8c][0x98][0xc0][0x12][0x5]Q[[0xbb][0xfd]r[0xea][0xc0][0xc0]:?[0x8f][0xcc][0xe]'[0x7][0xae][0xe2]<[0x82][0x6],[0x93][0x81][0xbe][0xe8][0x10][0xa3][0xfe][0xe5][0xe][0x99]([0xd4][0x83][0xe0][0xaa]7[0xbb][0x0]u[0x83]][0x80][0xca]+[0x8d][0xca]?[0xd9][0xb][0x6][0xd3][0x11][0xad][0xf0][0xeb]H[0x1f][0xec][0x8c][0x13]][0x10][0x2][0xb3][0xfe]$/[0x83][0x9b]w[0x89]i[0xd4]>Y`[0xe2]?[0x1c]6e,[0x8b][0xa8]qc[0x3][0x2][0x11]-0[0x99][0xd9][0xb0]t[0x14]BsK[0xfd]#[0xb0]~[0xd9]Z[0x81][0xcb]J[0xb1][0xe3][0xea][0x1]f[\n]"
10:56:34.663 [main] DEBUG org.apache.http.wire -  << "[0xf4]L[0xce][0x6]{m[0xff]t[0xea]C[0xc1][0xd4][0x9][0x5][0xc1][0x9b][0xa5][0xae][0x6]r[0x84][0x1c][0xc1][0xc6][0xdc][J[0xed][0xe9][0xc4]}a[0xf2][0xeb][0xf7][0xa8][0x9d][0xe9][0xe2]}lj[0x1c][0xe1]}{<[0xdc][0x0][0x6]o[0xca][0xf8][0xb2](%$[0xb]'[0xe7][0xda][0xc9][0x6][0x95][0x89]*[0x93][0xc5][0x91][0xe6][0xd2][0xc2][0xf2][0xec][0xd4][0x9d][0xa8]T[0xf5]go[0x9c]O[0xa5][0x13][0x9][0xa1]Q[0xac]TOVd[0x14][0x9c][0xa8]3#[0xd0][0x6]|8M[0xa8]'+[0x9e][0xec][0x0][0x12][0x9d][0xd8]!0[0xdc][0xf8][0xdd][0xf8][0xf1]f[0xec]Ae[0x16]"[0x17]'[0xe7][0xcb]i[0xcc][0xbf]>[0xf5][0x7][t[[0x1]F[0xb0]Ch[0xbd][0xb6][0x1c][0xee]p[0xd5][0x93][0x9f]msb[0xc1][0xcb]n[0xbf][0xd8]I8[0xc6][0x5]G[0xf2][0x9d][0x18][0x9][0x81][0x85]Qx[0x13][0xfd]x[0xe6][0xaf]Ap;[0xbd][0xdb][0xb4][0x9b][0xfa]kmB[0xe1][0xfd][0x16][0xed]4[0x10]=0[0x8f][0x8f]I[0xa0][0x8d][0x92][0xe3][0xbe][0xe4]u4G[0xd3]P^[0x95]Q[0x88][0xc0][0x8d][\n]"
10:56:34.663 [main] DEBUG org.apache.http.wire -  << "![0x11][0xd3][0x89][0xad]W[0xc8][0x18]n[0x9b][0xf5][0x14][0x8a]?[0x9c]6~d[0xab][0xb1]QP`;[0x11][0xdf][0x93][0x16][0xb0][0x97][0xf1].[0xa0][0xa5]x[0x12][0xfd][0xc3][0x89][0xf0][0xf3][0x1f][0x10]c'[0xe1]n[0xf0][0xe6][0x96][0xc7][0xf][0x5][0xa5]>[0xd3]V[0x8d][0xe2][0xed]LZ[0xc][0xa7]rUY[0x8a]J[0x8e]G[0xa3][0x18][0xa4][0xaf][[0xb3][0xc1][0xa6][0xd5][0xcf][0xaf]Z[0xfd][0xf9][0x16][0xca]<[0x8e][0xd6][0x86][0x14]W[0xf8][0xa7]aN*[0xd6][0xd3][0xcd][0xed][0xe3][0xb6][0xdd]L5K[0xf7]|[0xbb]$%[0xdb][0xfd]zr|[0xff][0x8f]D[0xe9][0x1f][0x89]Rp[0x83][0x92][0xe4][0xbe][0xd8][0x17][0xf5][0x9e][0xd0][0xfb][0xf7]uj[0xa7][0xdb]p[0xf9][0xba][0xa5];[0xa7][0xb6][0x8e][0xe4][0x80]T>[0xa5][0xfb][0xba]%[0xb4]u[0xc8]U[0x83][0xf7][0xf6]<~[0x9][0xd6][0x6][0x18][0x83]~h[0x0][0xdc]z[0xa6]-[0xb4][0x93]G[0x87][0xc1][0x1f][0x2][0x88][0x99]r[0xae]DvnD[0xde][0xa1]E[0xd0]F[0xf1][0xf6][0xff][0xd0]9[0xe0][0xcc][0x89][0xa2][0x89][0xec][0x1c][0x9c][0xd3]m[0xf]G[0xe9]eo[0x8b]4[0x16][0xdd][0x9e]y4[0x8][0xd9][0xdc][0xed]v[0xd8][0xb5]W[0x80][0xbd][0xd3][0xbb][0x17]{[0x83][0xd4][0x89][0xcd][0xb5][0xb][0xa2][0x9a](d[0xb2]{[0xb2]e[0xf7][0x9e][0xec][0xc3]q[0x12][0xa4][0x17]+[0xb0][0xa7][0x81][0xdd]NE[0xd3][0xe0][0x8c][0xca][0xb1][0x8d][0x90]0[0xe][0xe6][0xb9][0xab]X0[0xe7][0xcb][0xef][0x96][0xe2][0xb6]m[0x91][0x6]1@Y[0x0][0x2][0xf6][0x18][0x8d]5[0xca][0x92][0x84][0xb8]N[0x80][0xda]|.[0x12][0x12][0x92]s[0x12][0x12][0xd2][0x91])[0xfc]7[0x83][0xff][0x88][0xd3][0xbe][0xaa]I[0xf6][0xa9]@X[0x9b][0xe1]b[0xe4]/[0x5]4E[0x6][\n]"
10:56:34.663 [main] DEBUG org.apache.http.wire -  << "[0xd5]U[0xb8][0x97][0xde] [0xe8][0xf7][0xa8]BX[0xc6][0xef][0xc8][0xeb][0x90][0xb1]L[0x6][0xc]v{[0x8a][0x4]V#[0x13][0xf1][0x8d][0xb][0xb0]A[0x93]e^[0x18][0xb8]$[0x9d]Y[0xee].~{[0xb1]4[0xf3]3X [0x7]&Q[0xc][0xfb][0x93]][0xc0]n[0x9f]-[0xb3]-[0x85]N1[0xac][\n]"
10:56:34.663 [main] DEBUG org.apache.http.wire -  << "[0xd5][0x82][0xfd]3[0x1c][0xb2][0xff]2[0xc6][0xd9]M[0xf2][0x8f][0xb5][0x1d][0xe2][0x3][0xa1][0xd0].B[0xcf][0xd1]X|[0xb7]&[0xdc][0x99][0x2]'e[0x4][0x9b]e5[0xea]f[0xf3][0x97][0x9f]CN[0x94][0x17][0xb3][0x1f]|[0xf6]vyeu[0xa2][0x10]c[0x1a][0xba][0x18][0xdc]]r_[0x82]_6[0x17][0xff]$[0x5]g[0xcb][0x8][0x91][0xff]B[\n]"
10:56:34.663 [main] DEBUG org.apache.http.wire -  << "[0xce][0x96][0x7][0xe4]z[0x93][0x82][0x87][0xf8][0xfc]"[0x5]c')x[0x8b][0x96]H[0xc5][0x6]3[0xb2][0x18](t[0x8b]V[0xe8][0x97]H[0xb7]0"[0x8b][0xcd]_H[0xba][0x85]!4[0x1f][0x82]t[0x87][0xf8][0xfc]"[0xe9][0xe2]'I[0xd7]D[0xe0][0xd8]u[0xe7]m[0x13]+hc[0xfd][0x12][0xed]f(2[0xd3][0xff]B[0xda][0xcd][0x90]p[0xdb][0xf9][0x9][0xda][0x1d][0xe2][0xf3][0x8b][0xb4]K[0x9c][0xa4][0xdd]-[0xd2][0x1d][0xb6][0xfb]?[0xfe][0xdb][0xff][0xfe][0xff][0xf8][0xd7][0xff][0xe3][0xff][0xf9][0xef][0xfe][0xbb][0xf3][0xa4][0x83][0xcb][0xc4][0xf6]H[0x87]h[0x4][0xd1][0xbf][0x90]t[0x88][\n]"
10:56:34.663 [main] DEBUG org.apache.http.wire -  << "[0xf9][0xee]O[0x90][0xee][0x10][0x9f]_$][0xf2]$[0xe9][0xf2][0x14][0x89]D[0xe2][0xbe][0xfc][0xf3][0xbf][0xf9][0x8f][0xff][0xc5]?[0xff][0xaf][0xff][0xfc][0xef][0xff][0xf9][0xf8][0x8f][0xff][0xd5]?[0xff][0xdb][0xf3][0xd4];[0xc2]xc[0x1a][0x19][0xff][0x95][0xd4][0x1b]S[0xa1][0xf2]3[0xd4];[0xc4][0xe7][0x17][0xa9][0x97]:I[0xbd][\n]"
10:56:34.663 [main] DEBUG org.apache.http.wire -  << "[0xf8][0xf4][0xa6][0xa1][0x8b][\n]"
10:56:34.663 [main] DEBUG org.apache.http.wire -  << "[0x85][0xf3]Y[0x97][0xdc][0x17][0xf8][0xf1][0x1f][0xfe][\r]"[0x86][0x97][0xf6]K[0xa4][0xc4]FDA!)[0xb1]!4[0xf2]?A[0xca]C|~[0x91][0x94][0xe9][0x93][0xa4][0xec][0xe9]H%[0xc6][0x94][0xfb]R6t[0xf4][0x1f][0xfe][0xbd][0xa6][0xfc][0x12][0xe1][0xe6]Zd[0xfe]W[0xf2][0xe0]\[0x13][0xee]~[0x86][0x7][0xf][0xf1][0xf9]E[0xc2]eN[0x12][0xee]N[0xa3][0x18][0xa9][0xdc][0x97][0xff][0xe7][0xbf][0xfe][0xd7][0xff][0xd7][0xff][0xf2]?[0xfd][0xdf][0xff][0xcd][0xff][0xfc]K[0x84][0xd3][0xcd][0x88][0xf8]W[0x12]N7[0x85][0xc2][0xcf][0x10][0xee][0x10][0x9f]_$\[0xf6]$[0xe1]:[0x1a]5[0xad][0x89][0x85][\r][0x1c][0xba](P[0xb4]%[0xca]%[0xf7][0xc5]I[0xfc][0xf][0xff][0xce]`[0x89][0x6]Q~m[0x6][0xcb]8"[0xe3][0xbf][0x90][0x9e]2[0x16]J[0xe5][0x9f][0xa0][0xe7]!>[0xbf]H[0xcf][0xdc]IzV1<[\n]"
10:56:34.663 [main] DEBUG org.apache.http.wire -  << "[0xc9]})a[0xcb]4[0xa4][0xe9]>[0xd9][0xce]n9[0xc1][0x95]Kv[0x1d][0xba][0xcc][0xb3]g[0x1f]@[0xe6]Bpb[0x93][0x8c]77[0x9c]w[0x88][0x4][0x8e]dO,4[0xc1][0xfe][0x8f]?,JnX[0xb7][0xff][0x91][0xc8][0xff]#^[0xf9]G[0xbc]r[0xd8][0xf5][0xc4]+~[0xdf][0xff][0x11][0xaf][0xc4][0xe2][0xcc][0x1a]j[0xdb]Pn[0xe][0xba].[0xc0])[0xb4][0x80][0x7][0xd3][0xe9]o[0x1f]-t[0xa2][0x80]SN[0xb4][0x95]6[0xe7])[0x9d][0xf3][0xbe][0xc2][0x94][0xcc][0xc7][0x11][0xb8][0xfd]=[0x1f][0x10][0x90](j)[0xfe][0xf6][0xd2][0xd9][0xbb][0x16][0xe1][0x88][0xcd][0x8e][0xb7]cw[0xef]Y[0x9c][0x12]E[0xa6]`[0xe1][0xb1][0xc9][0xeb]T#p[0xed][0xc1][0x8e]{[0xbf][0x8f],[0x13][0xbc]@[0xc4][0xb4][0xc][0xcf] sl[0xf][0xea][0xb7][0xdd] [0xea][0xdc][0xde][0x83][0x6]v[0x9f][0x19]>ao<[0xdd]a[\r][0x18]a<[0xca]8[0xef][0x15][0xf9]`[0x82][0xb6][0x0][0x9f]#[0x9c][0xaa][0xb6]K%[0xa0][0x8][0xef][0xf9][0xa1]<[0xd3][0xee][0xb1][0xda][0xee]|[0xf3][0xae]ofS[0xcd]k[0xac][0xa8][0x89][0xa0]L[0xbb]y[0xdc][0x17][0xef][0xf7][0xf1][0xe6][0xd8]q$[0xbf][0xba][0xe7][\n]"
10:56:34.663 [main] DEBUG org.apache.http.wire -  << "k[0x10][0x13];[0xde][0xd3][0xbc]s4[0x9f][0xf3][0xdc]y,[0xf7]x{.z[0x7]fyv[0x81][0x92][0xf][0xa8][0x8f][0x15][0xcb][0xb0]([0x9]-[0x89][0x8c][0xb5][0x10]{[0xfd]-4G[0xb]r[0xc5]}a[0x1f][0xc7][0x9b][0x8f][0xb2][0x9b][0xa9][\r][0xbf][0x9d][0xe][0xa6]dn[0xa0][0x10][0xf8][0xa5][0x90][0x19][0xb1][0xff][0x84][0xc0][0xa3][0xae]`[0xba][0xfb][0xc6][0xd3][0x97]>[0xcb]<[0xd1][0xf0][0x4][0xee]d9l[0x17][0x92][0x83]mT[0xd1][0xe2]D[0xcf][0xa3][0x10]w[0x86]M[0x86]`[0xc0][0x91][0x8a][0x15][0xc2][0x9e][0x9d][0x9a]YH[0x9][0xe2][0x13]j[0xfa][0xc5]a[0x98][0xfc][0xaf][0xe3][0xcd]{[0xeb][0x16][0xda][0xdb]'[0x6]PV[0xd0][0xc][0xa2]1`[0x1a][0xab][0x93]9[0xd2][0xe1][0x99]+[0x98][0x1d]`[0xf9][0xf1][0xe0]v[0xd0][0x6][0x8c]xt[0x82][0xcd][0x1b][0xe][0xce][0x8][0xa9][0xf3][0xc0][0xc8]v[0xd0][0xe6]m[0xf8]0[0xb0][0x9a]d)[0x16][0xbb]e[0xea][0x8]t[0xb0][0xe6]x[0xd0][0xfb][0xe][0xf4]6[0xab]q[0x8][0xd7]N[0x1b]"[0x1c]"F[0xca];;[0xcd][0xda]8[0x84]o[0xa7][0xbf][\r][0xf]4;S[0xfa][0x87][0xb5]'s[0x81],;[0x17][0x81][0xfd]#^a2vz[0x93][0xef]'[0xee][0xab]+][0xce][0x95][0x86]e+[0xdd][0xbc]O[0xc5]r9[0xf9][0xde]R[0x8d]6[0x9f][0x9c]W[0xe4][0xf2][0xac] [0x97][0xf2]/[0xd5][0xec][0xa4]T[0xb8][0xc3]-[0xa5][0xfc][0xc8]/[0xfb]x+[0xbf][0xac]hw[0xfd]4[0x13][0x6]k[0xb3][0x82]3[0xd5][0xb2][0x9c][0x8c][0x15][0x9f][0x94][0xe5][0xb8][0xd4]l[0xf4][0xda][0xc3][0xb5][0xd2][0x19][0xdd]O[0xb][0xb9][0xe6]:-[0xc5][0xb3][0xa5][0xbc][0xf9] c+[0xd6][0xc8][0xbc][0xa4][0x89][0xd9][0x1d]N[0x9a][0x89]Vl[0x92][0xcd][0xb7][0xd4][0xc6][0xb2]7[0x90][0xcc][0xcd][0xe3][0xb6]U[0xa5][0x9d][0xc8](6/[0xec][0xca][\n]"
10:56:34.663 [main] DEBUG org.apache.http.wire -  << "[0xf6]p  }@[0x1c]{1R[0xb5][0xb1][0x6][0x97][0x17]9[0x86]7e[0xa3][0xae]#[0xb]M[0x6]S;[0xb][0xab][0xf9][0xe2]5[0xf0]6[0x15][0x81]@[0xa2][0xa5]@([0x1f][0xbb][0xb2][0xca][0x1f]B[0xfb][0xad][0xb6][0x82][0xc5][0xb2][0xec]x[0xa2][0x82]S[0x90][0xfb][0xe2][0xfe]:[0xde]x[0x94][0x19][0x10][0xa3][0xb0]x[0x19][0xd1]x2[0xc5][0xc7]r[0xd9]L<[0x9d]N[0xc7][0xf8][0xa4][0xf][0xe0][0x96][0xf1][0xc8][0x94][0x80][0xee][0x82][0xe7][0xa6]F[0x89][0xfb][0xc0]\C[0x9b]#[0xc5][0x15];[0xec][0xe3][0x4][0x9c][0xb1][0xa5][0xca][0x14][0x11][0x3][0xd3][0x80][0x8c]([0xc0][0xdd][0xf9]*2[0x8][0x8][0xef][0x9][0xa6][0x8][0x96]Fff[0x15][0x99]f0F[0xc8][0xbc][0xe2][0xbe]t[0xb0]:[0x99][0xc0][0x85][0x16][0xe0][0x1a](![0xf5][0xc0]B[0xe4][0xc0][0x10][0xc9]6j[0x1f][0xb5][0xd5][0xe8][0xe6]M[0xec][0x1b]h[0x83][0xd4][0x80][0x9f][0xc1][0xeb][0x81][0x9d]~[0xa2][0xfd][0xa5][0x6]:[0x4][0xac][0x94][0xce][0x11]X[0xfb]n[0x80][0xe8][0x1f]X5[0xe9][0xc6][0xf6][0xd1][0xdc]0?[0x80]o[0xeb][0xf][0x8e]P[0xc7]2[0x90][0x19][0x82][0xb][0x86][0xe8][0x2]:[0xdd][0xc1][0xb][0xa2]X[0xdc][0x97][0xe3][0xe9]'[0x90][0x98][0xc0][0xcd]C[0x6][0xbb][0xe5]F[0xa3][0x1]9[0xe9][0xf5][0xb2]J-[0xdd][0xed][0xf][0xfc]>[0xde][0x8e][0xcb]U[0xec]V[0x9d]}[0xd1]`? 2[0xc7][0x9b][0x1b].[0xeb][0xf][0x16][0x92]PHT[0xb4][0x9]k<[0xc][0xb][0x6]{[0x1e]Rg[0xd8][0x1b][0xec][0x8c]lHF[0x1b]d[0xbf][0x12]([0x1][0x1b][0xea]X[0xb1]`8[0xe7][0x98][0xce][0x10][@[0x98]X9[0x8e]R[0x14][0xc9][0xde][0x15]#[0xee][0xd5]9LT0[0xa1][0xe][0xb1][0xc6]7[0xfa]X[0xd1][0x98]Pp[0xcb][0x9]D[0xbe]I[0xf2]q>[0x99]I&s[0xb1]l[0x9a]e[0xaa]h[0xe9]x[0xb7]n,[0xfb][0xc6]m[0x96][0xcc][0xee][0xaa][0x14]b7[0xe0][0xd9][\n]"
10:56:34.663 [main] DEBUG org.apache.http.wire -  << "[0xb2] [0x99]+[0x10][0x86][0xb7][0xb3][0xd2][0x15],[0x18][0x11][0xc8]8[0x81]+(=FT[0xa2][0x18][0x99]8[0xfa][0x7][0xc5]c[0xe6][0xfd][0xba][0x81][0x13][0xdf][0x9e]![0xdf][0x5][0x1]m9[0x1]~N[0xcb][0x8e]K[0xe1]x[0xdb][0xfe][0x86]`[0x89][0x15]8[0xc4]l[0xec][0x8e][0xf]@[0xbb][0xd1][0xc7][0xbb][0xed]#]!s`[0x1e][0x99][0x84][0xdc][[0xc4]].([0xb9][\r][0x1d][0x87][0x7][0xf7][0x83]`[0x98][0x97][0xfb][\r]w[0x90]a[0x12][0x18]b[0x98]z[0xe0][0xb2][0x9b]#[0xb8]G[0xc4][0xf6][0x81][0x18]XA[0xea][0xcc]2a[0xb5][0xd0]1[0xb5][0xc]4EHe [0xed])[0xac]X[0xf0]r,A[0x6][0xc][0xfc][0x1d][0xab][0xb9][0xf][0xff][0xd0][0x13][0xe1][0x91][0xd7]v[0xce][0x5]/s[\n]"
10:56:34.663 [main] DEBUG org.apache.http.wire -  << "[0x88][\r]$![0x5]M[0xbd]E[0x8a][0x15]6[0x88][0x8d][0x17][0xf0]^` ;v[0xde]>d[0x17][0x8c]s[0xc9]L[0xd4]A[0xe1][0xc8][0xb2][0xe8][0x2][0xb1]K[0xec]5[0xa4][0x7]_[0xec][0xad][0xd7]>@o[0xf7][0x12][0xb3]&[0xc7][0xaa][0x1d][0x11][0xf6];[0x83][0xe][0xe7][0xe9][0xa3][0xa9]t6[0x96][0xc8]$s[0x89][0x4][0x1f][0x8f][0xc7]2[0xa7][0x91][0xed][0x10]x[0xf1]S[0xb5]9[0x18][0xa8][0x10][0xfc]>[0xb7][0xd7][0x90][0xb3][0xe9][0xd4][0xd8][0x8b][0x1f][0xfd][0xe1][0x11]sH[0xe9]1Q@[0x88][0xe4]<L[0xfb]D[0x9d]!+4[0xc7][0x80])[0x84]T[0x2]=[0xe7]X$3&[0xfb][0x1d][0x86][0xbd]s[0xb3][0xf7][0xc1];[0xb0][0x18]1[0x8e][0x1][0xe2]=@w[0x96]:[0xb3][0xd4][0x9]q[0x84][0xae][0x1b][0xc1][0xe9][0x0]p>[0xf7][0x9b][0xf][0xb4][0x94][0xf6]6[0x9c]v"\$[0xe5]D[0x9b]9H[0xb8][[0xca]=![0xf][0x1d][0xc2]21C:[0xb8][0xb2]M[0x8b][0x6][0x97][0x19][0xe0]PgA[0xb3][0xb3][0xde][0xc0] s[0x16][0x3][0xa4]([0x10][0x98][0xb6]$[0xe6][0xc6][0xf3]f;r[0xcf]M[0x87][0xf8][0x17][0xc1][0xd4]t[0x16][0xe0][0xb8][0x87])[0x88]r4g[0xe5][0x90][0xc1]P[0x83]%<[0x90][0xe6]#[0xc7]6[0x9a][0x7][0xfe][0xcd][0xc5]R[0x9]I[0x9a][0xbe][0xa1][0xec]z_[0x96]e[0xbb][0x92][0xbf][0x84][0xe0][0xec]N[0xe8][0xfb][0xb7][0xa1]8[0x1f][0x8f][0xff][0x98]37[0xf0][0xd3].[0xce][0x98]3[0xf8].[0xe2][0xce]|`[0xf7]j[0x12]s[0x13][0x9d][0x1a][0xa6][0x11]a[0x97]i\M[0xc8][0xf8][0xf][0xe9]&q[0x15][0xbf]Jq![0x16])[0xcc]8b[0xca][0xae][0x1a]f?[0x9d][0x90]F[0x99][0x18]p([0xee]Ze[0xa1];[0x10][0xb0][0x10][0xc4][0x10]zx[0xac][0xa0][0x93][0xef]>[0x8f][0xf8][0xcb][0xaf]![0x8a][0xde][0x83][0x84][0xd9]L*n?[0xe6][0xf6][0x3][0x8f][0x9f]<{[0x8f]@>G7[0xa5][0xe7](}[0x8e][0xca][0xc9][0xa7][0xfa][0xf0]![0x92]*FD[0xf6][0xc4][0xed][0xde]{[0x87][0xc9]X[0xfa][0xcd]W[0xd1]2[0x1b]*[0xa6][0xee][0xad][0xfb]\<[0x93]H[[0xe9][0x91][0xf3]L_&[0x93][0xde]y[0x95]n[0xef][0x99][0xbe]4[0xce]5[0x97][0xdd][0xcd][0x83][0x8e][0xa4]U[0xfb][0xb1]M[0xec]g[0xfa]r|6[0x96]x[0xf3][0x89][0xb9][0xf4][0x82]T7[0xfa][0xad][0x92]X[0xc4][0xf3]/I#e?[0xaf][0x18][0xf3][0x89][0xbe]t[0xaf][0xd1][0xea][0xe2]I[0x8c][0xcc][0xa6][0x9][0xf1][0xa9]Tco[0xd9]ec[0xb9]x[0xe2][0xcd][0x8e][0xa5][0xd3][0xcb]Q6-[0xc7][0xad][0xdb][0xc8][0xfc][0xa1]#[0xa7][0xd9]kv[0xb1]7[0x9f][0xda][0xcb]4[0xe5][0xf5][0xb8][0xdd][0x9c]6[0xef][0x1f][0xa5]-[0x8f]xV%[0x13][0xcf][0xa5][0xdf]~l/#[0xf2][0xe6],[0x9b][0xaf][0x8d][0xaa])[0xa5]_[0x19][0x14][0xed][0x7][0xe9][0xe2][0xd9]X[0x8a][0x93][0x18][0xc9]N[0xed][0xa9][0x99][0x9b]T[0xb4][0x8d]^[0x9c][0xdd][0xa7]3[0xce][0x8b][0x8c][0xb9][0x18][0x1f][0xfb][0x1][0xc8]X[0xae]a[0xe0]z5[0xa6][0xae]^[0x12][0xda][0xe8][0xb6][0xee][0xd4]K[0xc6][0xb2]ov/[0xb9][0x94][0xd3][0x8b][0x15]5[0xf3][0xb7][0x9a]U[0xbe][0xad][0x10][0xf6]fa,[0x91][0xcb][0xc5]c;[0xf][0xfc][0xed][0x8f][0xf5][0xc4]*[0x8e]bxS[0x9f][0xb7][0x87][0xb1]rsc[0x8f]u[0x92][0x8f][0xf1][0xe9][0xb7]^rL!l[0xb6]RU1Aq[0xfd]a[0xb8][0xd8][0xc2][0xc3]G[0x1c][0xbc][0xfb][0xc9][0xa7]v[0xa8][0xb2]_M[0x99]W[0xd7][0x8b][0xe9][0x98][0xe][0xef][0x14]I[0x1d][0xc5][0xed][0xce][0xa5]ri>[0xfd]&Q2[0xb7]5[0xab]42Q[0xfb][0xa5]k[0x15][0x6][0x9b][0x99][/[0x93]v[0x9e][0x15]=[0xe].[0x93][0xad]&[0xc7][0xa5][0x87][0xa9][0xa2]6[0x95][0x8c]&M[0xec][0xd7]-[0xd3][0xc9]L|[0xb7]s[0xfb][0xe0][0x92]#yN[0xef]{[0xd5]rJ[0xae][0x1b][0xe5][0xc8]dn[0xd7][0xcb][0xa5][0xce]<[0xcc][0x98][0xe9][0xe6][0xd3][0xfd][0xdb]E[0xa9]R[0xad]DJ[0xe9][0xc4][0xcc][0x1e][0x83]L<[0xce][0xc7][0xde][0x9e][0x4]B35[0xd1][0xa5]t[0xb7]Ak3iV[0xb4][0x1f]K[0xcc]$[0xe3][0x99][0xdc][0x9b]<[0x96][0x96]E[0xf5]1u[0xfb][0xb4][0x10][0xc4]~[0xbd][0xd5][0xee][0xd9][0x83][0x97][0xc9]d[0x13][0xfc][0x9b][0xbc][0x92]N[0x8d][0x89][0xf1]4]H[0xf1][0x87]\[0xbc][0xdc][0x95][0xed]zp>[0x91][0xf3])[0xd4][0x94][0xfa]([0x99]Z[0xdf][0xa0][0x19][0xa4]tI>m[0xbf][0xc3][0x99]Mf3[0xc9][0xb7][0xeb]U[0x8d]Z[0xee]N[0x8c]$F[0x11][0x13]=[0xbd][0xc]W[0xac]^[0x8e]Og3o[0xd2]3-[0xd7][0xb]d[0xb8][0xcc][0x89][0x83][0xd2][0x83][0xb2][0x88]o$[0xbb]^6[0x95]K[0xbe][0xc5]e[0xe9]t[K)[0x8f][0x82][0x90]Z[\r][0xfa]zFf[0xdc][0x92]J[0xbd][0xfd]4,?[0x8c][0xdc][0xb][0xdb]qy3[0xdf][0xaa]m[0xbe]g[0xf]9[0x9f][0xcb]esorfj[0xae]l[0xe2][0x8d][0xde][0xd3]P([0xdd]U[0xbb]s[0xb5]l[0xbf];[0x89]=[0x11][0x9d]N[0xda]C[0xef][0xde][0x16][0xcb][0xa5][0x93][0xf6][0x3][0x98][0x81][0x4][0xf7]aJ7!esg [0xc1]F[0xdd]I8[0xf6]z[0xe5][0xce][0x9][0xcc]c[0xcb]R[0x7]m [0x1f][0xde][0xea][0xd5]T[0xfb]\[0x17]\[0xd4][0x5]=[[0x6][0xdf][0x98]z[\r]s[0xb0][\n]"
10:56:34.663 [main] DEBUG org.apache.http.wire -  << "5[0x91][0xe][0x99]}-[[0xac]I[0xac]#,[0xf6][0xef][0x9a][0x9b][0xc1]3[0x4][0xec][0x1d][0xbe][0x1f]_[0xcc][0x96][0x89][0xe7][0xe8]&[0xcf][0x16][0xb4]V[0xae][0x83][0xf5]bv[0xd2][0x8a]M[0x8f][0xbf]j[0x1c][0xe6]T[0xb8]X[0xff]5[0xcc][0x8d]f[0x95]J[0xce]j}[0x4][0xec][0x1c][0x83][0xfd]R[0x8c][0x15][0xf8][0xbc]P[0xec][0xc5]:[0xe7]`[0xb7][0xf1]][0x92]j[0x1f][0x2][0xdb]b[0xb0]G[0xb]Q[0xbd][0xcd][0xd4][0xb2]C[0xa3]t[0xe][0xf6][0xbc][0x13]{(W[0xd8][0x88][0xbf][0x17]6[0xb1][0x95][0x8][0xa9][0x93][0xbf][0x9b][0xa9][0xe9][0xdb][0xa9]p[0xe][0xf6]z<o[0x16][0xe1][0xd2][0xab]w[0xc2]&[0xf7]/[0x9b][0xe4]st3bW[0xa8]2/[0xd4]s[0xf4]q[0xd8]i[0xde][\r][0xef]d[0xb1][0xf5]p[0xe][0x8f][0xde]6[0xf6][0xb0].6[0xde][0x8d][0xc7]st[0x3])[0xcf]Q[0xbd][0x9e]_'b[0xc3]XM%[0xe7]`[0x1b][0xc5]i[0xfc][0xf1][0xc9]~/[0xf3]=[0xb0][0xc9]C%[0x7]4[0xb8][0xb][0xd2] =[0x14][0xa7][0x9b][0xa7][0xc9][0xb0]X[0xbb]?[0x87]G[0xbb][0xc5][0xdf]>G7[0x1f]2[0xf9][0xd6][0x8c][0x8]R[0x84][0x96][0xab]r;Y[0x8c][0x17][0xcf][0x1][0xa7]/[0xf1][0xdb]O[0xb5][0xa7][0x8f][0x80]]d[0xb0][0xd5]![0x1f][0x11][0x1f]Wu[0xb9]}[0x16]v[0xb0][0x1e][0xa6][0xb3][0xbd][0x8f][0x80]m0[0xd8][0xf9][0xb2]E[0xcb][0xcd][0xd5]K[0xad][0xae][0x9d][0x83]=[0x8f]O[0x7][0xe2]`[0xfc][0x11][0xb0][0xbb]6[0xec]{[0xbe][0xa1][0xcb][0x1d]3[0x1f][0x9b][0x9c][0x85]}[0x9b][0xae][0xd2][\r][[0xc][0xde][0xb][0xdb][0x16][0xb6][0xf9][0xf8][0xc]mG[0xf9][0x95][0xf8]8?[0x7]{[0xb8][0xad]$[0x91]u[0xfb]n[0xd8][0x84]4d`[0xfa][0xee][0xe][0xd3][0xb7]P\[0xbb][0x1d][0xa4][0xd6][0xe7]'[0xdf][0xa0][0x1c][0xef][0x9b][\r][0xf1][0xdd]x<G7+F[0x83]b}mD[0x8a]w[0xb4][0x16]?[0xb]{[0x95][0x18][0xcd]s[0xca][0xf6][0xdd][0xb0][0x9]_[0xb6][0x80][0x6][0xb7]A[0x1a]`\[0xbf]O[0xa6][0x8b][0x86][0x16]O[0x9d][0xc3]#[0xe][0xd7][0xcf][0xde]?G[0xef][0xdf][0x8d][0xc9]st[0xd3]`TXt[0xee][0xfb][0xeb][0xfc][0xb0][0x90][0xc9][0xdf][0x9d][0x83]^[0x1f][0x17]'[0xcb][0xac][0xfd][0xe8][0xf0];a[0xc3][0xbd][0xbd][0xcf][0xd1][0xe4][0xd3]`[0x92]N>u[0xbb]Og[0x97][0x9f][0xc7][0xe7]h[0xae][0xbd]x[0x82][0xf7][0x82][0xdf][0x7][0x9c][0x8c][0xe7][0x3][0x18][0x82]Tp[0x8]Z<[0xb9]K[0xe4]Z[0xab]Laq[0xe][0x91]bu^KV[0x1e][0xdf][0x8d][0xc7]st[0xf3][0xc4][0x88][0xb0]N[0x96]7zN[0xbd][0x8f]Yg[0xa7]b6V[0x96][\n]"
10:56:34.663 [main] DEBUG org.apache.http.wire -  << "[0x95][0xe0][0x0][0xc0]=[\r][0xbf][0x6]<[0xc3][0xfa][0xcf][0x87][0xd9][0xa5]a[0xcf]Q[0xb5][0xd2]o[\r][0xeb]<[0x96][[0xeb]+[0xc9]x[0x1b][\r]c[0xb4]z[0xac][0xf3][0xdd][0x8f] A[0x82][0x91] [0x93][0xa3][0x5][0xde][0xec][0x98][0x91]v[0xec][0x1c][0x9][0x9e][0xa3][0xf9]V[0xb6]`2%[0xff][0xbd][0xc0][0xe3][0xc]x[0xa2][0xd2][0xb9][0xcd]=[0x16][0x85][0xd5][0x80][0x9e][0x3]~[0xdf].[0xbf] [0xed]C`[0xa7][0x19]l[0x12][0xaa][0x19][0xf][0xa3][0xe6][0xa2][0xa1][0x9f][0x83][0x9d]V2[0x9d]vy[0xf1]n[0xd8][0xa4][0xa1][0xbd][0x0][0xff][0xcb]A[0xfe][0xaf]7jk[0xc1],[0xe5][0xb6][0xb9][0xd1]9<f[0x95]r[0x9c].[0xe0][0xc9][0xf7][0xf7][0xe2][0x11][0xef][0x3][0x1e]V[0x10][0xf][0xa1]T^[0xf4](o[0xf4][0xd5][0xb3][0xf3]P)[0x92][0x91][0xfa][0xd2]|?[0x1e][0x99][0xc][0xd3][0xc5][0x92]A<2[0xbd][0x87][0xf1]b[0xd3][0xe8][0xd2][0xc2][0xf6][0x1c][0x1e][0xf9][0xb1][0xae]O[0x8c][0xf9][0xfb][0xf1][0x88]5o[0x1][0x8f][0xc7] [0x1e][0xf7][0x9b][0xa5][0xb6][0x92]r[0xd6][0xc3][0xfa][0xec][0x9e]h;1g[0x83]^[0xf5][0xfd]xL2[0xb][0xc0][0x83][0x4][0xf1][0x88][0x91]U-B[0xd1]0[0xbf][0xec][0x9e][0xc3][0xc3]2[0x8b][0x8d][0xd8][0xf8][0xe1][0xdd]x[0xd8][0xea]1[0x5]5[0x9d][0xa0]i[0xe6][0xa1][0xf6][0xd8],[0x9c][0x83]=[0xe8]WWC[0xb8][0xda][0xeb][0x9d][0xb0][0x89][0x99]Y[0x2][\r][0xea]A[0x1a][0xc][0x9a][0xab]N[0xb6][0xde]X=F[0xd6][0xe7][0xf0][0x98][0xdf][\r][0xcd]v[0x1c][0xae][0x13]~'"[0xcf][0xd1][\r][0xdc][0x83][0xfd][0x1c][0x15][0x1f]P)[0xd3]H[0x92][0x81][0xb9]<[0x7][0xfc]9[0xda]|[0x8e][0xae][0xef][0xba][0xcc]R[0xf0].[0xe8]d[0xb8][0x1d][0x3][0x19]jA2[0xb4][0xbb][0xb1]D[0xbe][0x96]]=[0x8e][0xce][0xb2]d[0x8d][0xcf][0xe5][0xc6][0xe5][0xf][0xd1]U[0xb2][0xb6][0xb8][0xdc]$[0x84][0xee]}[0xef][0xa9][0x91]~<[0x7][0xdb][0xda][0xd0][0xc9]8[0x11][0xd4][0xd8]~}[0xa9][0xdc][0xec].[0x95][0x8d]t)[0x13][0xef][0xe7][0xf2][0xcb][0xf5][0xc3][0xd9][0xa5]r[0xf4][0xb8]-[0x16]?BqD[0xf5]![0xc][0x85][0x11][0x1c][\n]"
10:56:34.664 [main] DEBUG org.apache.http.wire -  << "q[0x99][0xb8]_[0xad][0xe7][0xeb]B[0xe4],S[0xd0]y}n[0xc9][0xef][0xd7][0x9e][0xec]IA[0x9f][0xa3]FrD[0x96][0xe5][0x8e][0x95][0xa0][0x83]s[0xb0][0x8d]~k[0x94][0x8b]W>d([0x1a][0xbb]C1lf[0x6]J[0xa5]-[0xdf][0xf5][0xb4][0xb3]C16[0xa6][0xb9][0xdc][0x8c]Y?[0xdf]K[0x2]{[0xff]6[0x8f][0xb7][0x9a]-[0xf2]0N[0xde][0x9e]5[0x1a]uW[0xad]j[0xc5][0xfc][0x90][0xfd][0x9b][\r][0xbb][0xd5]/<H[0xfa]x[0xd8]F[0xe8][0x1c][0xec][0xf2]Z[0xed]![0x9d][0xf9]L[0xde][0xb][0xdb]6X[0xa1]&"[0xc3][0x87][0xf5] [0x95][0x84][0x17][0x87][0xde][0x84][0xdd][0xec]%[0xb2][0xa3][0xce][0x7][0xb0][0xff]}L[0x7][0xf6][0xe7][0x83][0xec][0x1f][0x89][0xab][0xd5]2*aey[0xd6]pv7[0xb9][0xd7][0x7][0x8f][0xef][0xb7][0x97][0x10][0xad][0xdf][0x1]<[0x8a]A<[0xe4]H[0xef]%_|1[0x14][0xa5]y[0xe][0x8f]z[0xb2]0~[0xca]~[0x88][0xe6][0xdc][0xb1]5[0xe7][0xa5]6[0xac][0xbe][0xac]n[0x85][0xd8][0xd9]E[0x89]h[0x9f][0xd4][0x9c][0xdc]~7l[0xb2][0x12]c@[0x3][0xb8]5[0xdf][0xdf]@[0xd1]fy\[0xba]m[0xf7][0xaa][0xf9]sx[0xa4]*f[0xb1][0xf4][0xa9][0xff]n<<#f[0xbf][0xc6][0xeb][0xb5][0xd1][0x8c]P[0xf5][0xec][0x8a]T[0xdf]L[0x15]s9x7l[0x82][0xfb]u[0xa0]A.H[0x83][0xb1][0x18][0x1b]/[0x6]%:[0x91][0xce]*[0xaf]j7A[0x12][0xd6][0xf0][0xdd]xx;[0xe9][0x98][0xa8]><f[0xcc]J[0xaa]p[0x96][0xf]nk[0xb9][0xd2][0xdc]~[0xeb][0xf9]][0xb0][0x9]6[0xd9]\[0x80]G[0xa4]|[[0xc6][0x93][0xd8][0xd6][0x1e]2B[0xf5].r[0xe][0x8f]I[0xaa]P[0x1f][0xf2][0xcc][0x85][0xf2][0xee]e![0xb6][0xbb],L[0xad][0xfb][0xce]t[0x12][0xcf],[0xbb][0xfc][0xd9]e[0xa1]R[0xb9]+<T[0xdf][0xbf],[0x90][0xaa][0xf0]x`[0xde]Z[0xb7]^[0x84]l[0xb1]q?[0x8a][0xd4][0xce][0x91][0xc3]|[0xd2]b[0xf7][0xbd] [0x1e][0xbf]N[0x8e][0xbd]U[0xb2][0xb9][0x1c]d[0xef]{[0xc3]M"[0x9c]%G[0xe1]9:[0xbb][0x1f][0x96][0xea][0xef][0xa7]G&[0x93][0x0]zt[0x82][0xf4][0xe8]7[0x97]m[0xf2][0xf0][0x98]o[\r][0xda][0xe7][0xe8]q[0xd7][0xde]<[0xde]M[0xde]/[0xae][0x9e][0xa3][0x9b][0x16][0x9b]"[0xf5]R[0xde][0xec][0x92][0xb5]6_[0xa5][0xcf][0xc1]n[0xd4]h[0x5]7[0xd9][0xed][0xcd][0xef][0x1e][0xb][0xdb][0xd4][0xe7][0x8d]E[0x95][0xe2][0x87][0xf6]f[0x9a]\,[0xcb]g[0xc7][0xe2]9:U[0x92]O[0x8f][0x1f][0xb2]t[0xcb][0x8c][0x6][0xd3][0xa5]ZZw[0xf4][0xc8][0xaa]wVLo[0x1e][0xd5]y[0xb1]:z7l[0xf2]0[0xa7][0xc0][0x7][0xab] [0x1f][0x18][0xa5][0xa9]>_U$%e[0x9c][0xc3]c[0xac] 9[0xab][0x4][0xc7][0xe2][0xd7][0xf0][0xb0]M^[0xf0][0x4]fk[[0xcb][0x93][0xd9][0xc3][0xfd][0xe8][0xac][0xa8]|y)[0xf6]*[0xb1]O[0x1f][0x1][0xbb][0xc6]`o[0xb7][0x89]ykT][0xbc]L[0xce][0xda][0x15][0xc6]5[0x95]<[0xb0][0x87]o[0xde][0xf][0x9c]g[0xc0]#tZ[0x9c][0xb6]_[0xb4]\Z<[0x7][0xfc]9zwO[0xba][0xe5][0xf7]{[0xba][0xbc][\r]lZ[0x98][0xde]&#[0xa3]t[0xad]yVY[0x1e][0xf5]o[0xab][0x84][0xd6]>[0x2]v[0x84][0xc1].[0x94][\n]"
10:56:34.664 [main] DEBUG org.apache.http.wire -  << "1*[0xf4]i+}[0xd6][0xc0][0xfe][0x98]2q[0xa3][0xb6]C[0xf5]_[0x9f][0xfa][0xd2][0xee][0xd4][0x1f][0xf0][0xa5]Q[0xb3]W[0x19][0xad][0xb7][0x95][0xb3]S[0xbf][0xd1]y[0x8e]>[0xc6]z[0x1f]bf[0xb6][0xf7][0xce][0xd2]S[0x9f]l[0xd7]h[UV[0xe7][0x88]0C[0xfc]st[0xa3][0x6][0xd5][0x93]_'[0x82][0xad]*{D[0x18][0xdd][0x8b]d][0x8e][0x97][0xc7]K[0xe5],[0x11][0x8a]J[0xa7][0xf2]X[0xff][0x98]%q[0xbc][0x8b]F2[0x16][0x13][0xfb][0x93][0x8e][0xa8][0xbe][0xb4][0xcf][0xa2][0x81]*9[0xd2][0xa9][0xc9][0xef][0x1e][\n]"
10:56:34.664 [main] DEBUG org.apache.http.wire -  << "wE[0xdc][0xd9][0xc3]o[0x9a][0xdb][0x17]U[0x9b][0x12]+sv#[0xb7]i[0xf5][0xf1]J[0xfb][0x90]yQf,[0x91]m[0xf7][0xeb]Z[0xa5]l[0xa5][0xb4][0xb3][0xe6][0x94][0xf2][0xec]a[0x99]z[0x8e][0xbe]_[0xc][0x93]r[0x83][0x19]2[0x12]A"[0xdc]+[0x15]I[0x8c][0xbc]dK[0x99][0xdb]s[0x88]t[0xf3][0xfd]a}[0xf3]~[0xf]0Y[0x13][0x86]G5[0x88][0x7]*[0xae][0xef]n[0xd3][0xe3]D2[0x9d]=[0x87]G[0x95]>*[0xb7][0xe2][0xfb]w[0xf4].S[0xf4]w[0xd4][0xc6][0xe4]D/[0xad][0xb4][0xd9][0xed]V9[0x87][0xc7]h[0xd0][0xbc]+U[0xc8][0xfb][0xf1][0x10][0xc9][0xfc]@[0x9b]oVR/[\r]i^[6[0xcf][0xee]h[0xc8][0xa8]/+t[0xf6]~<[0xd4]y[\n]"
10:56:34.664 [main] DEBUG org.apache.http.wire -  << "[0xf0][0xb0]UXww[0x99]J[0x99]s[0xdc]@[0xf3][0xde]Y[0xd9][0xf5]8[0x9f][0xac][0x9f][0xa3][0xd5][0xe5][0x87][0x8][\r]{[0xa6][0xfa]zte@Z=[0x1c]I[0xde][\r][0xcf][\n]"
10:56:34.664 [main] DEBUG org.apache.http.wire -  << "[0x8d][0xfb][0xa7][0xc7][0xac][0xf6][0x11][0x16][0x7]!W[0x3]z[0xc4]w[0xe6][0xcb][0xf4]nN[0xd2][0xcd])[0x9f]=[0xab]>[0x15]?[0xa5]>[0x95][0x8a]A[0xef][0xfd][0xaf][0x93]C[0xdb]%GL[0xed][0xca]==[][0x16][0xf5][0xb3][0xe4][0xe8])I"[0xce]>$hd[0xc2]d[0x97][0x8a][0xe5][0xe1]}[0x1e][0xf][0xc5][0xac]t[0x8e][0x4][0xc6][0x1a][0xaf]>[0x95]?[0xc0]S4[0x94]30[0x14][0xf6][0xb2][0xee][0xc]E[0xbc][0x8b]T[0xfe][0xae]z[0xd7][0x9d][0x9d][\r]^[0x91][0xee][0xfb][0xe4]9:[\n]"
10:56:34.664 [main] DEBUG org.apache.http.wire -  << "[0xba]F~},[0xe8][0xee]X$[0xee]yS)W[0xee][0xad][0xc1][0xdd][0xd9][0xb1]H[0xe4]_J[0x3]Sz?=[0xf8]n[0x19][0xe8][0x91][\r][0xd2][0x83][0xa4][0xe7]/#JR[0x95][0x94]y[0x8e][0x1e][0xf3]asXX[0x7]=[0x89][0xbf]N[0xe][0xdb]k[0xe6][0x91]c5y[0x98]N[0x94]JN[0xad][0xc7][0xce][0x92]c"[0x95][0x1e][0x95][0xe6][0xfb][\r][0x0][0x9e]-[0xa6][0xd6](h[0xf7][0xf7][0xa3]f'uv[0x83]a[0xf6][0xc7][0xcf][0xd1][0xf9]m[0xfe][0xdd][0xc0][0x9]?Y[0x1f][0x18][0xa4][0x1a]%[0xa3]_[0xd4][0xab]3y~[0xd6]s[0xd6][0xa6][0x9f]6R*[0xb8][0xdb][0xfe][0xf5][0xb1][0x10]w[0xc7]b9[0xeb]?[0x96][0xd1]\[0xaa][0xf0][0xf4][0xec]X,o[0xb7]I[0xb]}[0xc8][0xa6][0xdf][0xb6][0x8f][\n]"
10:56:34.664 [main] DEBUG org.apache.http.wire -  << "[0xab][0xb4]t'[0xe]e={6[0xc2][0xa4]z[0x8f]F[0xdb][0xec][0x87][0xd8]%[0xe1][0xf1][0xfa][0xe7][0xa8]:)[0xb][0xfc]zSYM6[0xe7]`[0x93][0xfb]i[0xdd][0xc0][0xc1][0xd8][0xa6]_'k[0x97][0xfc][0xad]D5Vo[0xcd][0xb6]+[0xda];K[0xfe][0xd9],[0x9e][0x1b]<[0x15]>"
10:56:34.672 [main] DEBUG org.apache.http.wire -  << "[0x82][0x4][0xb6][0x86][0xb9]J[0x8d]2s[0xb1][0xa0][0xdf][0xe1][0xb3][0xe6][0xc0][0x87][0xe7][0xe8][0x8b]5[0xab][0xb0][0x90][0xe8]w[0x1]'9[0xc4][0xc][0xe]88[0x15][0x9e][0xee][0x8d]Xf[0x1b][0xdf][0xdc]7[0xcf][0xda][0x88]7[0xe5]j[0xab][0xd6][0xfe][0x98][0xb1][0xb0][0x8d][0x81][0xbe]]R[0xeb][0xb4][0xe2]ms45[0x7]g[0xc7][0xa2][0xba]n[0xb5]E[0x8b][0x5][0xcf][0xbf][0x1b][\r][[0xc9][0xf5][0xd0][0xb0]&[0xa3][0xb5]T[0xcd][0x95][0x9b][0xf]Og[0xd1][0xc8][0xc]^[0xc6][0xd2]s[0xf4]Cx[0xc2][0xe]5-6[0x97]c[0x11][0xdd][0xd5]o+gc[0x9]hkeN[0xa4][0xe0][0xca][0xfd][0xeb]4[0xd8]s[0xe2]v[0xb5]!.[0xe4][0xf1]cNY[0x9c][0xa5][0xc1]:'[0x91][0xdb][0xf][0x8][0xf9]"R[0xe2][0x1]8s[0x1b][0xe4]L-2H[0x95]i[0xa7].[0xae][0x12][0xe7][0xc8][0xf1]4|([0xf2][0x9d][0xf7]K([0xb2]Y[0x1d]z[0xd3][0x9a]KMm[0xc7][0xa5][0x87][0x97]|[0xfc][0x1c][0x1e][0xe5][0xca][0xfc]QJ~@[0xc8][0xb][0xad][0x1b][0x80][0x7][0xbc]6[0xed][0xe1]Q[0xc8][0x15]2[0xf2]b[0x1c]![0x91][0xb3][0xe1]X[0xed]m/#[0xc6][0xdf][0xbf][0x7][0xf3]#rc[0xb7][0xb8][0xf0]D[0xf3][0xcb]q[0xe3][0x1c][0xec]O[0xe5][0xb1][0xfa][0x1c]U?[0x80][0x8][0x85][\r][0x13]W;L[0xb1]I[\n]"
10:56:34.672 [main] DEBUG org.apache.http.wire -  << "[0xe3]jS[0xc0][0xd3][0xfc][0xf0][0x1c]"[0xf7][0xb7]wX[0x9c][0xbf]?,[0x99]<>[0x8a][0x80]G$[0x88][0xc7][0xca]\[0xe6]s[\r][0x84][0x97][0x91][0xb3][0xae][0xde][0x1e][0xd5];[0xe9][0xe5][0xfa][0xdd]xxrBT[0x94]d$[0xa3]'[0xeb][0xfa][0xec][0x1c]l[0xb3][0x8f][0xee][0xc9][0xea][0x3]&[0xe8][0xd2]bn[0xbd][0x1d][0xe3][0xc4][0xa6]^[0xa9][0x8b]m[0xd5][0x1c][0xb5][0xce]N[0xd0]ZgjL'[0xef][0xf][0xbc][0xb1]=Z[0xa0]B[0xac][0x94][0xf6][0x96][0xb7][0xd4]m[0xbb]z[0xe]vG[0xcd][0xcf][0x1b][0xbd][0xf][0xe0]GLK@[0x83]e[0x90][0x6][0x93][0xbb]n[0xa1][0xb3]5b[0x15][0xe9][0xac][0xdf]fm[0xce]s[0xdd][0xfa][0x7][0x9c][0x13][0x89]G[0xaa][0x7]caT[0xb4]J~T[0x9a][0xc][0xdb][0x99]sx|[0x1a]jO[0x8d][0xe2][0xc7][0xf8]pl[0x1][0xe5][0xfb]pnS[0xb2]&d[0xca][\r][0xbe]vv[0xed][0x90]q3[0x9e][0x17][0xdf][0xef][0xc2]!1[0x81][0xd9]gv[0xbc][0xee]3[0xd5]L6{[0xdb][0xcd][0xf8][0xee][0xec][0x9][0x82][0xb5][0xda])[0xb4][0xb][0xc5]w[0xe3][0xf1][0x1c][0xdd][0xdc]3[0xd6][0xcc][0xf0][0xb9][0xed][0xe3]F[0x92][0xe9][0xf4][0xec][0x6]|[0xab]$gt[0xfe]!q`c[0x6];[0xa5][0xe]c[0x99][0xfc][0xf2][0x1e][0xb][0xfc]9[0xd8]w[0xcb][0xe1][0xa2][0x91]y[0xbf][0xe1][0x81][0x14]E[0x16][0x9e][0xf9][0x10][0xa4][0xbf][0xb0]H[0xb7][0xeb]=![0xdb][[0x9f]][0xab]r[0x84]HJ[0xf2][0x3][0xc4][0xb4][0xd1][0xce][0x2][0x1e];vK5[0xf2][0x98]3[0xef]G[0x92][0xf9]rVL[0xdf][0xde][0x93][0xf4][0xbc][0xfb][0x1]x<[0xb6]W[0x80][0x87]m[0x13]r[0xf0][0x18][0xa7]f[0x93]G+[0xbb][0xb2][0xa6]g=L[0x9f][0x12][0x9b][0xda]}[0xec]C[0x96][0xb][0xc5]v0[0x8d][0xda][0x12][0xed][0xdf]ci[0xd9];[0x7][0xbb][0xfc][0xd0]L.[0xef][0xf0]G[0xc0][0xb6][0xdd][0xaa][0xe2]2[0xbd][0xb8]{[0x9a]G[0xba][0x9b][0xb3]'I[0x94][0xae][0xaa]f[0xd2][0x1f]`[0x8c][0xea]w[0x98][0xfd]:[0x1d][0xa4][0xbf][0x95][0x8e][0xd1][0x87]VrmZ[0xea]9<b[0xbd]bR[0x9c][0xbd][0xdf][0xc1]G[0x84]1[0x6]<f;[0xfc]8[0x1f][0xcf]n[0x93][0xc3][0xd9][0xca]:kG7[\n]"
10:56:34.672 [main] DEBUG org.apache.http.wire -  << "/+1?[0xfd][0x10]1[0xbd][0xb7][0xcd][0xa9]+[0x6][0xb6][0xda][0x13][0xb3]Z9[0x1f][0xa7]9[0x19]5o'[0xfd][0xf]a[0x9][0xdb][0xd3]K[0xaa]sCO[0xe7][0xc6]Z[0xf7][0xac][0xe1][0xe1]v[0xb0][0xae]d[0xe6][0x1f]r[0xa2][0xb1][0xcf]`[0xcf]{[0xf9]Jv[0xd3][0xd3][0xdb][0xf9][0xb3]'J[0xba][0xc6]co[0xda][0xfe][0x90]@$[0xfb]Z[0x8a]H[0x1f][0xa5][0x89]2[[0xd1][0xc6]Y[0xa3]G[0xf7]>[0xd3][[0xa5]?@k[0xeb][0x8f][0x99][0xe6][0x8a][0x82],[0xa8][0xc]g[0x15]EQ^[0x12][0x9d][0xb3]K[0xc4]:[0x1e]o[0x8b][0x9b][0xf7][0x1b][0x1e]<G[0xfb][0xb8][0x95][0x90][0x8a][0xb3]L]I[0x9e][\r]LT[0xee]'[0x95][0xa7][0x8f][0xd0][0xda][0xea][0xb6][0xd1]cgYhI[0xf5][0xbb][0xa2][0xb6]~[0xaa][0xab]g[0xf9] [n[0x14][0xb][0xab][0xf][0xf1]-bF[0x83]aw[0xdb][0x1b][0xd6]Rd[0x10]9[0xbb][0x83][0xe9][0x8d][0xd6][0x89]M+[0xe8][0xb1][0xf9]e[0xd8]#[0x6][0xbb]-[0xf4]f[0xb2][0xd4][0x8d][0xac][0xef][0xce]n[0xe3][0xb4]r[0xb2][0xa4][0x8d][0xdf][0xbf][0xa5][0xb6][0x3]}[0xe8]s[0xb4][0x8c]g[0xf9][0x89]Z[0x1b] 9y[0xe][0xb6]\yx[0xe9][0xc9][0xf0][0x98][0xf7][0xfb]`[0x13][0xb9][0xd3][0x83][0xb1][0xdf][0xb1][0xfd][0x12][0xb3][0x1c][l[0xa5][0xb4]2<[0xcf][0x83][0xc3][0xce][0xc3]C[0xff][0xfd]A[0xba][0x1e][\r]FO[0xad]F[0xac][0x92][0xaa][0xa5]jg}[0x0][0x9d][0xe7][0xe8][0x82][0xa6][0x86][0xe5][0x13][0xf2][0x1f][0xae][0x9c][0xba][0x86][0x97][0xd1][0x9e][0xa3][0x92]a|[0xe]ISD[\r]l[0xde]X[0xe6]8[0x92][0xfd][0xc]o[0xed][0xa5][0x93][0xe1]z[0xfc]v)&[0xba][0x86][0x18][0xaf][0xcc][0x9f][0x1e]n[0xc7][0x83]J[0xce][0x94]f[0xc3]Q[0xf7][0xc1][0xd4][0x9e]F[0x8a][0x8a]j[0xf7][0xe9]V[0xe9]v[0x85]Kf[0xae][0xb1]8Yv[0x8e][0x1e]Z+[0xb1]ZI[0xb5][0x17][0xb7][0x86][0x18]o[0xd1][0xfa]H1[0xa5]jn#W+[0x96]\2[0xe1]=q[0x86]v[0x98][0x93][0x1]y[0xf0][0xe8]h[0xb][0xdd][0xb9][0xe][0xa1]]b>i[0xca]][0xf5][0xae]F[0xf8][0x16][0xe6]Dx[0x92][0xfe]5[0xcc][0x95][0xe0][0x9][0xe7][0xfd]|[0xff]"[0x3][0xff]Z[0x1][0xff][0x90][0xbf][0xe4][0xde]?[0xf4][0xe][0x8e][0xb4]Du[0x92][0xdd][0x0][0x85][0x9c][0xc3][0xe8][0x81][0xe3][0xe0]an[0x9c][0xc8]o7[0x9][0x99][0xf3][0x8f]i[0x7][0x90][0x80][0xc7][0x91]u[0x8c]e[0xf6]l[0xbb][0xfd][0xac][0xa1][0xd1][0xdf][0xe8]Xf[0xf]7[0xb3]c[0x85]{[0xf8][0xb9][0xe7][0xad][0xfd][0xd3][0xcf][0xf0]\[0xb8][0xcd][0xb3][0xb](z[0xe2][0xfd][0xe9]o[0xaf]>[0xd4][0x9d][0x17][0xab][0xf]A[0x1c][0xeb][0xae]{[0xdc]9[0xd8]q[0xb7]g{[0x8][0xfc][0xd8]s[0xd6][0xc][0xa6]{[0x90]9[0x88]\[0xa9][0xcd]T1[0x96][0xef]cr[0x14][0xaa][[0xa5][0x2][0xaf]B[0xbe]U[0xc7][0xa5][0xfc][0xc9][0xda]=[0xfb][\r][0xba]_[0xa7][0x85]{[0x14][0xfa][0x4][0xac][0x9f][0xa4][0xcf][0xc9]W[0xc4][0xdf]"\[0x1d][0x9e][\r][0xf3][0xba]p[0x84][0xd9][0x1a]d[0xc9][0xd4][0xa9][0xbd].[0xba]'[0xa9][0x83][0x9d][0xf5]O5[0x1f][0xe7]y[0xf7][0xdc][0xf1]Q[0x82][0xf6][0xd9]K[0xbe][0xc7][0x98][0xf7]=[0x93][0xeb]G[0xa7]T_[0xd3][0x14][0x93]0[0x9][0xb0][0x7][0xdd];[0xb0][0x1c]D[0xc4]=<[0x1c]D[0xc9]=[0xd4][0x1b][0xe6]JR[0xe3]>[0xd7][0x81][0x81][0xf2][0xd1]ti[0x8e]%[0xdc]3[0xb9];[0xa8]{[0x87]e[0x8f][0xf5][0xc2]?[0xce]zrv[0xff][0x10][0xf3][0xc0][0xd3][0xef]}[0x8a]T[0x83]0[0x81]r[0x9a][0x9d][0xc2]\^%[0xf6][0xe5][0xa9][0x1e]k[0xf9]B[0xcc]=[0xdf][0x1a]d[0xb2]A[0x97][0xc5]!C[0xc9][0x0][0xcd]M[0x8a][0xa4]y[0xd7]y?+[0x90][0xff]#r[0xc9][0x1][0xeb]I[0xe8][0x0][0xb0][0xce]T3[0xb5]>[0x9a][0xe4]u[0x9d][0xc2]#[0xac][0xde][0x98][0xba]'^[0x83][0xc3][0xe2][0x9e]>=#+X[0x9b]=U[)d[0xec]"
10:56:34.672 [main] DEBUG org.apache.http.wire -  << "[\r][\n]"
10:56:34.672 [main] DEBUG org.apache.http.wire -  << "701[\r][\n]"
10:56:34.672 [main] DEBUG org.apache.http.wire -  << "[0xcf][0x16][0xf7][0xc8]([0xb0][0x8f][0xcb].[0xee][0xf1]M[0xff][0x0][0xa5][0x9c]q[0x87][0x99][0xbc][0xb3][0x85]A[0xbe]z[0xc9]o[0xe6][0x85][0xe7]h[0x92][0x8d][0xb9]{[0xfc]/[0xcc]-&[0xd9][0xdb]O[0x3]`[\n]"
10:56:34.672 [main] DEBUG org.apache.http.wire -  << "[0xf7]([0x9e]0[0xee]83[0xba][0xe7][0xd5][0xfc][0x13]c[0xfe][0xf9]-[0xff][0x8][0xd5]q[0xa6]u[0xf]9[0xf9]G[0x8e][0x82][0x14]s[0x8f][0x2][0x5]Y[0xda]=[0x96][0x13][0xa4][0xa7][0xcf][0xe6][0xee]a[0x19][0xff][0xe8][0x8a]x[0xc4]?[0xca][0xe1][0x1f][0xa6][0xf0][0x8f]6[0xf8][0x87][0xb][0x82][0x93][0xc5][0x8d][0xf4][0xf7]c[0xed][0x3][0xe1][0xee]~[0xc0]y[0x98][0xab]=G[0xf3]R[0xfb][0xe][0xf2][0xdd]H[0xf0]@0[0xb6][0x1f][0x1a][0xed][0x7]'[0xfb][0xec]{\[0x9c][0xac]^[0x1a]][0xa9][0xfe][0xb2]3O[0xdd][0xe0][0xe2]@[0xa8][0xef][0x89]E=0[0x8d][0xbd][0xc0]\?L[0xf6][0x17][0xe7][0xb6]?[0x17][0xc3][0xdc][0x90][0x18][0x16]<[0x9f][0xc7]^|$[0x9a]ZEp[0xbb]%[0x90][0xec]G[0x4][0xc0][0x89][0xb9]v([0x19][0x8e][0xcd][0xb6][0xa0][0xde][0xe1][0x5][0xdf][0xfa][0xa7][0xaa][0x3][0x91][0xb0][0xc1][0xd9][0xe2]E[0xa8][0xfa]A[0xa2]~[0x9c][0xe6][0xce]tq[0x83]&[0x3]![0x8c];s[0xc8]_[0x8f][0xdc][0xc8]B?[0xb6][0xef][0x17]g[0x98][0x1b][0x92][0x17][0x9c]knx\ @[0xed][0xf8][0x4]<6[0xd9][0xdc]X2[0xff][0xf0][0xfd][0xf1]i[0xe7][0xc6]z[0xbd]o[0x2][0xba][0xa1]Z~[0xe0]TpRzAL~[0x1c][0xd1][0xb9][0x99][0xea][0xc6][0xf9][0x4][0xe7][0xac][0x1b]t[0x13][0x8][0x81]9>i[0xdd][0xc0][0x94][0xe0][0xf4]u[0xa3]DNLd7[0x90][0xc3][0xf][0xab][0xd8][0x99][0xd2][0x81][0x89][0xec][0xc6];[0x4][0xa2][0xf][0x82][0xb3][0xdb][0x8d][0x4][0x8][0xce][0xf3]c[0xb3][0xdb]u[0xd5][0x7][0xbc][0xe5][0xc1])[0xef]z[0xb1]}GrP[0xc][0xb8]N][0xdf][0xad][0xea];6[0x3]n[0xc6][0x13][0xf2][0xc2][0xf5][0xfe][0xfd][0x94][0xe4][0xf0][0xe5][0x85][0xeb][0xb4][0xf3]]h[0xc7]e[0x88]/[0xdd]\[0x17][0x97][0xef]p[0xda][0x93]0[0xe3][0x80][0x8c][0x81][0xf7][0x1e][0x8c]![0xbc]Q[0xd1][0xd4]dL[0x99][0xb8][0xe9]Z[\n]"
10:56:34.672 [main] DEBUG org.apache.http.wire -  << "6Z[0xd6][0xfa][0x8a]b$[0x1]6~[0xa1][0x12][0x86][0x7]g[0x8b][0xda][0x2][0xee][0xfb].[0xb1]w\[0x8e][0x94]r[0xf2][0xbb]x[0xa1]-[0xb1][0xbc]W[0xac][0xa8]-[0xb0][0xe9](e%[E[0x90][0xeb][0xb]]q[\n]"
10:56:34.672 [main] DEBUG org.apache.http.wire -  << "[0xb8][0xeb][0xbf][0xbf][0xda][0xba][0xee]*[0xdf]a[0xe4][0xfb]l|[0xaf][0x89][0xef][0xc3][0xf0]=[\n]"
10:56:34.672 [main] DEBUG org.apache.http.wire -  << "[0xbe]M[0xdf][0xb7][0xaa][0xfb]vm[0xdf][0xca][0xc]R/(x;[0x14][0x1b]X[0x95]p[0xcf]D[0xa6][0x5][0xea][0xd2][0xfb][0x84]lP[0x8e][0xef][0xb][0xdc]0[0xd7][0xd8][0xa8]k[0xb6][0x1]+"E[0x11][0x91]4[0xdf]i[0x94]Q[0xab]g[0x19]:V[\r]|d[0xc7][0xe4][0x1a][0xab]}[0x15][0xfc][0x98][0x8]g]{[0xaf][0xa6][0xd4]G[0x93]>[0xbc][0xc1]K[0xb6]Guy[0xc0]|[0xa5]( [0x92]}A[0xeb]KR[0x1f][0x19]_B[0xfa]h[0xb9][0xf6]o[0xdf][0x2]}[0xc][0xc1][0x1d][0x9d][0xff]'5[0xe3][0xb7]vOlHl[0xd6]=[0xd2][0xd9][0xa3][[0x87]@o[0xdf][0xde][0xce][0x4][0x4][0xaf]'E[0x3][0xd2][0xf1]mQ[0xe6]K[0xad]7w@?[0xa0]_[0xbc][0x93]B5x[0x1f]CB[0x94][0x1d][0xbb][0xd8][0xa3][0xcf][0xd1][0x85][0xde][0xa7][0xd4][0x99][0x15][0xf6][0xd8].[0xcb][0xa7][0xde][0xb1]5([0xb0]x[0xf8][0x8b][0xc3]1[0xea][0xf9][0xb][0x81]/[0xdf][0x3]R[0xfd][0xa8]\[0xfe][0xab][0x88][0xfb][0x86][0xc8]8[0x14][0x13][0x87][0x1b]3_Gx{[0x8b][0xf6][0xd0]C[\n]"
10:56:34.672 [main] DEBUG org.apache.http.wire -  << "6:T[h[0xa3][0xd1][0xa8][0x84]MD[0x14][0xc3][0xe6]l[[0xee]h[0xaa]I5%[0xb8]Cw}-[0x81][0xd9][0xff][0xd0][0x1e][0x8f]1=R[0xd6][0xf5][0x8d][0x4][0xf7]T[0x98][0x8e][0x1f]zSD[0xb1]\!X[0xb1][0xa9][0xb2][0xc7]![0xee][0xc8][0x6][0xaa][0xdd][0xe1][\r]#[0xcc][0xdb][0x6]/[0xd7][0x1f]r[0x92][0xf2]'[0x88][0xba]cS:5[0xaf][0xd4] q[0x8c][0x7]}[0xed][0xe7][0x18][0xe3][0x1d]][0xfc][0x8f]q[0x96][0xbf][0x90][0x9f][0xe8][0xdf][0xf]q[0xd6][0xdb]k[0xce])[0x12][0xbd]1[0xdb][0xcb]k[0x9][0xeb]P[0xff]$[0xed]\gQp)8:[0xfb][0x83][0xda]y@[0x12][0x1c][0xa3][0xb8][0xaf][0xfd][0xfa][0xb4]?[0xaa][0xc0][0x1e][0x93][0xa3][0x1][0xa1][0xf0][0xff][0x13][0x91]zo[0x11]i[0xde]C[0xaa][0xdc][0xd3][0x14]x|[0xe8][0x90][0xc8][0x1]ft|bA[0xd2][0xb8][0xbe][0xaa] A[0x2][0xca][0xb4][0xeb]B[0xda][0xa1][0x82][0xe3][0xda][0xf9][0x18]C[0xe5][[0x9d]+j[0xea][0x98]8O[0xf3][0xec]1[0x91][0xdf]+[0xd7][0xdb][0xf3][0xc3][0xd6][0xda][0xfb]N[0xa3][0xae][0x1a]:{U[0xc8]k[0xcf][0xf5][0xdb][0x4][0xca]uA[0xbb]<nK~k|[0x8f][0xc2][0x4])[0x88][0xd7][0xa6][0x85][0x94][0x6][0xda]`ZW[0x15][0xa2][0xe2]>[0x12][0xdb][0x14][0xae]pv[0x1][0x1c][0xe3]g_f[0xfb][0xdd][0xf3][0x97][0x9f]C[0x96][0xb][\n]"
10:56:34.672 [main] DEBUG org.apache.http.wire -  << "[0xe0]A[0xdd][0xa6]Z[0x81][0xbd][0xb8][0xe8][0xa8][0xcb][0x87][0x1c][0xe2]O[0xbe][0xe3]3[0xee][0x18]Z?[0xac][0x9a][0xfc][0xf0][0x94]:[0xec][0xca]1[0xea]~,[0x83][0xf9][0x14][0xd2][0xe4][0xcd][0x1e]}[0x8e]Q[0xe5][0x18]%|[0x81][0x13][0xe8][0xaa][0xdf][0xad][0xb7]:[0xe3][?[0x8e][0x8d][0x9a][0xfd][0x4][0xe3]I[0xac][0x8e][\n]"
10:56:34.672 [main] DEBUG org.apache.http.wire -  << "[0xca][0x1f][0x16][0x8e]Gq[\r]lo[0x19][0xeb]>[0xbc]Hr[0x92][0xd5][0x8e]"}[0xc][0xd3][0x1f][0xe6][0xaf]c[0xac][0xf4]v?|F[0xfb][0xcb][0x98][0xaa]J[0xd1][0xa6][0x8f][0xd7][0xe6][0xc9][0xc1]{[0xbb][0xf3]G[0x87][0xe9]XW[0xde][0x1c][0x12]{<[0xd8][0xc9][0xb4][0xf7][0x8f][0xc2]12[0xbf][0xb9][0xf4]},M[0x99],[0xf6]z[0xe2][0x93]"0[0x82]vQ[0xfb][0xb2][0xfc][0xdf][0xa3][0xce][0x93].'[0xde]v[0xa9][0xab][0xc4]$H[0xb9][0xed]5[0xdc];[0xf4]C[0xde]%[0xfa]{y[0x97][0xa1][0xef]{)Wp[0xb1]~[-[0xb5][0x9b]L[0xaa][0x83][0xd5][0x2][0xc9][0xd0][0xea]1Q[0xed][0xeb]f[0xc7]TF_[0xc5][0xb]l[0x1e][0xfc][0xde][0xbd]=$[0xfe]t8[0xea]'r#[0x0][0x82][0x1b]&[0x9f]_|[0x1e][0xf2][0xbc][0xf5][0xdf].?[0xff][0x0][0xe9][0xfa]d[0x81]{[\n]"
10:56:34.672 [main] DEBUG org.apache.http.wire -  << "[0x91]0X`[0xa0][0xab][0x98].1[0xbd][0xed][0x5][0xdf]![0xf0][0xca][0x84][0xdd][0xdc][0xcb][0xef]KDC[0xc6][0xcd][0x85][0x8a]W!7[0xf1][0xe2][0xf2][0xf2][0xb3][0xe1]?[0xa3]#[0xe3]1Q1w[0xfd][0xf5]+[0x7][0xef][0xce][0x1a]S[0xb2][0xa8][0xb1]<[0xd8]C[0x8c][0xc9][0x84][0xb][0xfd][0x16][0xfe][0xce][0x19][0xf6][0x93]<[0x86][0xb0][0xc0]&[0x12][0xa8][0xe7]2r[0x9e]j[0x90][0xf1][0x18]Y[0x8a][0xb9][0x9b]+[0xb0][0xc7][0xac]6[0x10]|`g[0x3][0xd1]V[0xc4][0x94][0xa6]X>UR[0xa3]dB@[0x19]V5UP[0x1c][0x84][0x4]E[0x1d][0x8b][0x2][0xbc][0xf6][0xc8]]s[0x4][0x3][0x99][0x89]:[0x17][0xd8]4[0x17]\[0xd0][0xde]k[0x11]12[0x97][0xf0][0xba][0x1c][0x8f]?[0x89][0xad][0xd2][0xe3]"^[0xcc]5[0xd6]O[0xe9][0xc8]f[0x1b][0xc3]/[0x85]4[0x8d]5[0xaa][0x89][0x8a][0x98][0xaa][0x9][0x8d][0xd4][0xdd]d[0xd4][0xce]([0xea][0xcb][0xe4][0xf1][0xe][0x8f]{[0xb4][0xb4][0x94][0x9b][0x2]_Hen[y[0xad]]M[0xd5][0x9a]/[0x8f]/c[0xde][0xb4][0xe6][0xf9][0x96][0x18][0x99][0x8][0xf1][0x82]l[0x96][0x16][0xe9][0xcd][0xbd][0xa6]i[0xdb]H[0xb7]8[0x8a][0xe4][0xb7]y[0xf5][0xb1]R[0xc8][0x96];X[0xa4][0xcb]<"
10:56:34.673 [main] DEBUG org.apache.http.wire -  << "[0xc9][0x9][0xab][0x81][0xb5]XtS[0xba]6[0x18]J[0xb3][0xf5][0xb][0x6]#[0xb8][0xa5][0x9a][0xd4]2L,[0xb3][0xe][0x1d]"[0x9c]([0x99][0xc3][0x97]B[0xb9]i[0x11][0xcc]7r[0xf][0xab][0xfe][0xad][0x92]{[0x9a]<*[0xbc][0xd9][0xea]uR[0xc9][0xca]jTl[0x8e][0xcc][0x87]%[0xc1]j[0xbc]7[0x8c]$[0xf0]C[0xaf][0xf8][0xd0][0xea][0xbf]$[0xd5]n[0xee])s[0xbb][0xa8]fg[0xfa][0xe3]Sd[0x9b][0xd3][z[0x8c][0x1a][0xf][0x89]l[0xb9][0x15][0xe9]W[0x6][0x83]ry[0x90][0xdb][0xf4][0xca][0x9b][0xcd]C[0xb7][0x9b][0xa9][0xab]D[0x1d]'s[0x9d][0xec][0xb2]r7}[0x1c]F[0xfa][0xab][0xc2][0xb6].[0xa1][0xd8]}Q[0xbb][0x1b][0xd7][0x9b][0x82][0xd6][0xd5][0xb6][<[0x5][0xfd][0xc6][0xa3][0xfb]T[0x83]@[0x3]n[0xf7][0xe5][0xd1]`[0x1][0x1d][0x99][0xd0][0x87]g[0xfb]5[0xd2]`[0xe]V%AG[0xf0][0x9e][0xe7]5[0x7][0x16]!/[0xc3][0xa2][0x8a][0x97][0x1][0xb2][0xd0]2[0xb0]@[0xb1]"[0xa8][0x9a][0xa0][0xe9]X[\r]0[0x15]RVhc[0x8]P[0x80][0xc5][0xce]x[0x19][0x9a]J4Up[0xb2][0xa1]Q[0xf7][0xa5][0x91][0x5][0x91]e[0x5][0xb][0xec]}o[0xc1][0x99]A[0x86][0x80][0x99][0xa0]s+[0xc3]+[0xd3][0x6][0x1a]caf[0xb8],e[0xbf] [0x1a][0xe6][0x16]{[0x19][0xf0][0x10]H[0x98][0x9b]L[0x1d][0x84][0xed][0xe1][0xb3][0xe1]9[0x8d][0xd9][0x90][0x8][0x88]\[0xf0][0x9b][0x12][0xc3][0xe7]Yg[0xc6]`[0xd9]EN[0xb2]([0xc5][0xaa]"
10:56:34.673 [main] DEBUG org.apache.http.wire -  << "[\r][\n]"
10:56:34.673 [main] DEBUG org.apache.http.wire -  << "10c0[\r][\n]"
10:56:34.673 [main] DEBUG org.apache.http.wire -  << ")[0xc8][0xda][0x2][0x11][0x95][0xbb][0xe6][0xf6][0x88]**[0x9a]4[0x87]'D[0xb1][0xec][0x94][0x81]V9$_[0xc9][0x9a]%*[0x98][0xc1][0x82]X![0xb0][0xdb][0xc8]F[0x4][0xab][0x12][0xdd][0xb0][0xad]^[0xc4][0xa2]J[0x4][0xaf][0x11]8[0x9d][0xdc][0xc6][0x8c]+[0x3][0xd3]%Q'[0x11]c[0xc3][0x9e][0xc8]e[0xb5][0xae][0x90])/L[0xef][0x13][0x9e]7[0xf4]Z[0x8c]%[0xae][0x90]<Ft[0x11][0xbb]B2[0xdb][0x82]:[0xe5][0x88][0xa2]-[0xf1]b3[0xa6][0x18][0xcb][0xda][0xc2]m[0x8c]=[0x1d][0x86][0xaf][0x90][0xac][0xae][0xed]$[0xbb][0xff][0xb]M$[\n]"
10:56:34.673 [main] DEBUG org.apache.http.wire -  << "[0x16]d[0xbc]$[0x12]v[0xe8][0xf4][0x1a][0x8e]g[0xbe]A6<[0xd1][0xaa]J[0x18][0xfa][0xf5][0x95][0x13][0x4][0xf8][0x16]RbR[0xe6]%[0x9e][0x17][0xe0][0x9f]|[0xcb][0x85][0xbf]rMxe[0x8d]-[0xe9][0xf0]kD[0xcc]i[0xef][0xc5]B[0x14][0x17]5[\n]"
10:56:34.673 [main] DEBUG org.apache.http.wire -  << "[0xfc][0xe1][0xe5][0xf4][0xa7]x[0x1][0xc6][0x8f][0xaf]LD[0x11][0x19]8[0x8a]5[0xf3][0x2]k[0xa2][0x88][0xa7]hI4[\n]"
10:56:34.673 [main] DEBUG org.apache.http.wire -  << "[0xd0][0xbe]s[0x82][0x0][0xc]w[0xaa][0xc9][0xd7]oa[0xce]d[0xad]][0xef][0x15][0xb5]a[0xbc][0xbe]~[0xb][0xc7][0xbf][0x85][0x8f]![0x1d][0x13][0x9a][0xf5][0x0][0xd2][0xf0][0xa7]nb[0xa0][0x90] [0xc0]S[0xcc][0x96].$[0x12]1^[0xe2]39[0x86][0x1b][0x82][0xe][0xd4][0xfa]MX[0xa7][0x8e][0x95][0x88][0x9]upx[0x1d][0xcb][0x8a][0xb]}X[0xc8][0x8f]e%[0x4][0x16][0xeb]u[0xaa]GH[0xf6][0x9d]["[0xc5][0x2][0xf6][0x9f][0xe3][0x8d]`L5jJ[0x96][0x9][0x8d][0xb8][4[0x9b][0xe]^[0x87]^[0xc3][0x9c][\r][0xd7][0xcf];[0x86][0x9][0xeb]![0xc4][0xc2][0xc1][0xfb][0xe7][0xdc]5[0xd8]0[0xd8][0x9b][0x81]:QMd[0xb0]w[\n]"
10:56:34.673 [main] DEBUG org.apache.http.wire -  << "7[0xa2][0x86][0xa8]|uu[0x5][0xde][0x12][0xd0]\[0xb9]k[0xe][0xe0][0xc2]{x-[0x4][0x83]`[0xbf][0xc9][0xf3][0x9d][0x83]'[0xfa][0x98]|[0x81][0xb7][\n]"
10:56:34.673 [main] DEBUG org.apache.http.wire -  << "[0x9f][0xa3][0xee][0x13]~D!&[0xe8]B[0xf6]K[0xc1][0x80][0x88][0xfd]Tp[0xd8][0xeb][0x13][0x94][0x17][0xec][0x87]e[0xdf][0xdd]#6"[0x81][0x1e][0xed][0xbe][0x85][0x98][0x9f][0x1b][0xd8]A[0x9][0x1][0xf5]~[0xaa]C[0xf0]l<[0x92][0xcc][0x9f][0xe9][0x99][0xc1]B[0x9e][0x84]1[0xc6]2x![0xde][0xdd];[0xc6]T[0x81][0xde][0xdd][0x11]J[0x16][0xa1][0x5][0xbc][0xfc][0x8e]`![0xfe][0xc1][0xfe][0xfc]x[0x7]\[0xb1]'[0xc0][0xe3][0xaf][0xef]F[0x9f]1~[0x0][0xfd][0x81].#[0x13][0x1e][0x18][0xa5]dwh[0xfc]g[0xed][0xdf][0xec][0xd3][0x8e]$[0x89][0x9][0x3]p[0xcf][0xfe][0x95][0x92][0x4][0xa7][0x90][0x1c]O&d6s2[0x8f] I:[0x9a][0xe][0xb][0x92]#P[0x9c]r1[0x19][0xc7][0x92]iYbX=G[0xc1]y)[0xb0]w,[0x5],e2h,B[0xb]1[0xe1][0xe][0x94][0xd0][0x13]B[0xea][[0xd8][0xc3][0xfe]T[0xa3]0[0xa4]n[0x89][0xa3][0x8d][0x7][0xb][0x1c][0x5][0xf2][0x1a][0xfe][0xfa][0xed]d[0xf]cBA[0xf9][0x91][0x1e][0xf2][0xc2]'P[0x97][0xf]q[0xe0][0x85]G[0xb0]([0x1f][0xc2]fK[0xc7][0x9b][0x1d]dm[0xbe][0xd5]?[0xd6][0xf6][[0xfd]c0[0xe][0xfb][0xb7][0xf][0xc3][0xef][0x9f][0xdf][0x85][0x9d]2[0x1a][0xac]N'[0xe0][0x1f][0x18][0xad][0xf2][0x96][0xa9]U[0x14][0x2][0xba][0x95][0x9f][0xe3]x[0x5]([0xd5]V[0xbb][0x9d]>[\n]"
10:56:34.673 [main] DEBUG org.apache.http.wire -  << "[0xec][0x7]:[0xed]5q[\n]"
10:56:34.673 [main] DEBUG org.apache.http.wire -  << "[0xba][0xdf][0xc6]q,[0xd8][0xbc]A[\n]"
10:56:34.673 [main] DEBUG org.apache.http.wire -  << "[0x99][0xa8][0xa0][0xf]*x[0xc]:[0x85][0xae][0xd9][0xa6]l[0xee][0x9a][0x13]1[0xbc][0xdd][0xbe][0xc7][0xfb][0x7][0xec]w[0x86]t1[0xa1][0x2][0xb3][0xf7][0xb0][0x17][0xe][0xdf][0x9f]B[0xfe][0x97]H[0xc7][0x80][0xbd]E:g>|0[0xe9][0xec]W`O[0xd1][0xee][0x9b]/[0x14][0x99][0x6]u([0xf]m[0x5][0x3] N[0xcd][0xc5][0xd9][0xf5][0xf7]5[0x1c][0xb3][0xc7][0xe3][0xb0]![[0xf][0x9]4[0xf4][0xd6][0xb2][0xf7]F;[0xb6][0xd2][0x12]hgw[0x81]y[0xa3][0xa6][0xad][0xd3][0x4]j[0xfe][0x80]l[0x87][0xe6][0xbe][0x85]9[0x18]+[0xac][0x9a][0xae][0xa2][0xc9][0x86][0x8e][0xcf][0xc4][0xc5],N'[0x19][0x91]&[0xb0]F[0x81][0x88][0x8f][0xb][0xe3]&[0xe7][0xe2][0xc0][0xca][0xe5][0x92]R,[0x95][0xc8][0xa6]X[0xb9][0x14]x[0xf9][0xa0]\B[0xc8]J[0xbb][0xe5]P*[0x9b][0x1d][0xa7][0xf8][0xc][0xcb]|[0x0][0xb7]<[0x94]K[\n]"
10:56:34.673 [main] DEBUG org.apache.http.wire -  << "[0xf7][0xda]n[0xb9]l"%[0xa5][0x13][0x9][0xc4][0xda]KBH[0x9d][0xa2]M[0x88]*[0x80][0xf2][0xbd][2[0x99][0x92]3[0x9]1e[0xcf][0xcb][0x1e]X XI[0x91][0x19][0x92]w[0x8b][0x8e][0x93][0xe9]q2[0x97]L[0xb3][0xa2][0xb8][0xe3][0x0]O[0x9][0xc9][0xc2][0xc9]r1Au[0xcb][0xa5][0x85][0xe5][0xf8]dgb[0xc2][0x18][0xa6][0xc][0x94][0xcb][0x8][0x9][0xba][.1[0x96][0x12]2[0x8a]e[0x19][0xdc].[0xe8][0x7]P.+[0xe0][0xe5]n[0xb9]TL[0xc4]iI[0x84][0xf6]xa[0x8]N[\r]([0x97][0x13][0x16][0xa9][0xdd]r[0xfb][0xb2][0xca].[0x87][0x84][0xc9][0xc3]n[0xb9]}[0x91]e[0x97][0x13][0x85][0x95][0xc4][0xb9]"e[0xbf]=GZ@9I[0xd8][0xee][0xf5]c[0x1e][0xdb][0xe5]d[0x81]j[0xbb][0xed][0xe5][0xc6][0xa9]1[0x92]b63<G[0xc1][0x9c][0x3]j[0x8b][0x82]MAT,,[0xc2]d[0xdb][0x1d]B[0x9c]K[0xca][0xb2]M[0x1f][0x16][0xee][0xff]f[0xf1][0x0][0xd9]y[0xe1][0xee][0xe]<[0x96][0x8a]&B[0x0][0xa1]j"[0xc2]4[0xf7] 6[0x81][0xe2]q[0xa1][0x1][0xaa][0x9]([0x90][0xcc][0x93][0xc8][0xd8][0xde][0xd9][0xf2]2[0xae][0x1f]a[0xb1][0x3][0xef]9w[0xc1][0x91]S[0xc2][0xa6][0xed]y[0x9]s[0x86][0x89][0xa8]i3[0xbb][0xe0][0xd7]o[0xe1][0xaf]l[0x97][0xf6][\r][0x0][0xf5][0x98][0xf5][0xa9][0x3][0xdb]z[0xd8][0xe2][0x99]v>[0xf7][0x1c]Mj[0xd3][0xa4][0xb3][0xc7][0xcf][0x8e][0x11][0x96][0x92])[0x1e][0xe6]&Y[0xe8][0x2]S[0x97]b[0xb1][0xa7][0x85][0xb2]J[0xb6][0x1e][\n]"
10:56:34.673 [main] DEBUG org.apache.http.wire -  << "-[0xa9][0x9f][0x1f][0xdd][0x3][0xe9][0xf1][0xd8][0xd6][0xf1][0x9c][0x8d][0xf4][0xfe][0xeb][0xcc][0xfb][0xaf][0xb3]?G%d[0xe2][0x89]F[0x9][0x86];[0xd1][0xc0][0xfc][0x8a]U[0x13][0x9e][0xdf]f[0x10]2|:[0xc5]'S[0x99]\"[0x9d][0x8a]e3[0xdc]+CxP[0xef][0x13]u3$x[0x5][0xbb][0xed]<3[0x85][0xc1][0x9e]U%[0xe][0xee][0xac]T[0x17][0x1b][0xd8][0xec]I[0xe0][0x12]o[0xab][0x3][0x15]l[0x89]~[0xa1]#[0xd4]e[0x83]q[0xb8]<[0xec][0x97][0xb0]Q[0xc8][0x7]U[0xdf][0x11][0x16][0x87][0x84][0x82][0x8c]/Z[0xd4][0xd0]h[0x11]v[0xed][0x8e][0x93][0xfc][0x0][0xe2]![0xb7][0x9c][0x0]do[0xd8]vp[0xd9][0xaf]{[0xb0]T[0xed][0xb7][0xf1][0xfa][0x8d]a{[0xe7][0x88] [0x15][0xbc]m[0xbe][0x8f][0x9b]K[0xb2][0x8a]&YF[0xd7]6[0x1d][0xef]e[0x95])[0xd5]h[0x13][0x1b][0x6][0x9a][0xe0][0xa2][0xa6][0x1a][0x9a]b[0xdb][0xe4][0xe0][0xbd][0xd3][0x8a]F[0x7][0xaa][0x84][0xac][0xc9][0xd4]d[0xc5][0x8c]@[0xbd][0x1a][0xa2][0xf2][\n]"
10:56:34.673 [main] DEBUG org.apache.http.wire -  << "T[0xe5][0x1e]tu[0xaf][0xd1][0x16]Z[0x92][0x9]s:[0xe6][\r]x:[0x15][0xa9]f [0x8a][0xe1][0x80]t[0x87][0x82][0xe8][0xa4][0xe4]9[0xa1][0xc9][0x1d][0xcb][0xb0]7[0xf3]G4W[7?[0x92][0xc1]T[0xda]CN[0xd9]G[0xef]`t[0xf6][0xd1][0xfc][0x1][0xc5][0xf3]t[0x1]G[0xf3]f[0xd3][0xec][0xbb][0xf7][0xd0]=[0xe3][0xc7][0xa0][0xaa][0x1d][0xd8]H[0xed]w[0x83][0xf5][0xf]N[0xef]2[0xf1][0xb3]S[0xc9][0x9e][0xbc][0x6][0xc8][0xb]M5~[0xb0]=F[0x96][0xd7][0xd7]0[0x98][0xbe][0xd8][0xf0][0x9e]([0x12][0xc8][0xda][0xd7][0xa3][0x8f][0xd7]"
10:56:34.673 [main] DEBUG org.apache.http.wire -  << "b[0x88][0x1e][0xaf]e[0xeb][0x90]lF[0x6][0xe]J[0xb5][0xb0]d"[0xea][0xba]A [0x17][0x1c]![0x3][0x93]([0xe0]w[0xfe][0xca]U[\n]"
10:56:34.673 [main] DEBUG org.apache.http.wire -  << "[0x10][0xd9]gK;K[0x87][0xc0]I[0x9b][0xb][0x3][0xac][0xd9]`[0xab]0[0xa2][0xbe]n[0xba][0xc7][0x8c][0x87]*[0x83][0x93]q[0xa8]s[0x1c]NN[0xa6]<[0x1c]r[0xd0]~[0x9b][0x7][0x1c][0xb4][0xdf][0xf6]A[0x81]}[0x18][0xb6][0xb4][0x2]7[0xc1]VS1[0xe8][0xa7]L[0xc0]C[0xc7][0xd9][0x19][0xa4]![0xdb][0xa0][0xfb][0xbd][0xda][0xd7]1[0xe]q[0xdc]/[0xf1][0x1a][0x8e][0xa5]S[0xf1][0x14][0xcf][0xa7]r[0x9]w9[0xc1]X-[0x91][0x5]V[\r][0xe0][0x1e][0x0][0xda][0xfb]Q[0xa0]Lay[0x13](+aw[0x8b][0x8d][0x11][0x1c][0x9]{Kh[0x1c][0xaa]bN[0xc6][0xbe][0xe6]u[0x8]u[0xbf][0xea][0x1][0xb5][0xf7][0x9b]p[0xa6]#[0xb3][0xfd]~[0xe7]tK[0xbc][0xc3][0xec])h[0xdd][0x12][0x15]"[0xb1][0xf][0x8e]O%1JfRb6[0x97][0xcb][0xc9][0x12][0xce]I[0xc9]l[0x1c][0xc9][0x89]xBL#[0x19][0xa7][0xc6][0xe3]8[0xce][0xa5]28[0x93]BXD[0xd2]8[0x97]K[0x8b]"[0x8a][0xc7]b8[0x1b][0x8b][0xf1][0x19][0x8]*[0x99][0xe3]M][0xe6][0xae]S[0xb9]W[0x9b][0xe][0x5][0xaa][0xad][0xc]L;[0x14][0x8f][0x89][0xa2][0xf8][0xde]?[0xa0][0x4][0xd3]*$S[0xd7][0x88]j[0xb2][0x80]//[0x1b]X[0x9d]=Z[0xbd][0x9b]_/q[0xd7][0x1c]^ [0x2]>'[0xb0]'{[\r][0x83][0xf1][0xe4]<[0xc0][0xe]2[0x8c][0x95]F[0xed][0xe8][0xb2]=`z0[0x8f][0x1][0x82][0x14][0xa7]Q[0xb6][0xf8]4[0xd8][0x82][0xc2][0x1c][0x85]_9[0xd8]J[0x95][0x8][0xb5][0xa5]P[[0xbd][0xc3][0x1b][0x9d]b[0xc3][0x9e][0xc2][0xc1][0x98][0xbb][0xaf][0x7]aT[0x90][0x6][0xb2][0x80]P[0xec][0xc6]1[0xb3]#O[0x10]9[0xcc][0xbc]3[0xcc][0xf0]n[0xa3]u2*m7R[0xeb][0x7][0xfc][0xaa][0x87][0xe1]\[0xdf][0xc2][0x9c]!s[0x8e]:[0xf2][0x9f][0x4]:p>[0xd8][0x93][0x9][0xbe]{[0x11]Rj[0xc8]0q[0xcf]va[0xb0]W[0xd6][0xd9]l[0xf6][0xbd][0x8e]_[0xb9][0xae]e[0x93][0xfb][0xc0][0xab][0xb][\r][0xdb][0x1b]][0xb6][0xfd]:-[0x94][0xd8]F[0xc3]Y"[0xe][0xe6][0xdb][0xbe][0xaa]{[0xaa][0xdc][0x81][0x82][0xfe][0x1a]v[0xb4][0xd9][0x83][0xe7][0xdb]m[0x8c]=i[0xd7]R/[0xbf]w-[0xf5]JS[0xf3]c[0x13]S[0xc0][0xff][0xc2][0xcb][0xbd][0xfc]n\I[\n]"
10:56:34.673 [main] DEBUG org.apache.http.wire -  << "F[0xaa][0xa5][0xfb][0x9e][0xd5]K[0xe6][0xe7]~[0xbd][0xfc][0xfc]/[0xfe][0x85][0xc6][0x94][0xc8].[0x9e][0x0][0x93][0xd2][0xc0][0xd8]xM[0x84]..[0xbf][0x9b]t[0x13][0xfa][0x1e][0xfa]W[0x17][0xce]$[0xba][0xbc][0x1a][0x3]c_\~[0xe][0xbd][0x86]$dJ[0xd3][0xd0][0x85]@&[0xaa]F[0xf1]e[0xe8]{[0xe8][0xf5][0xa8]'X[0xd5]V[0x2]Q[0x95][0x9b] n[0xe0][0xd7][0xd5]oVD[0x95][0xb5][0xd5][0x95][0x8e])[0xec]%[0xc1][0xb3][0xf2][0x99]b[0xd3][0xa2]jH[0xff][0xed]7[0xfd]J[0xd5]V[0xf0][0xc7]$[0xb][0xa2]N[0xfc]_W[0xaa][0xa7]i[0xf5]`/[0xf0]G[0xa0]][0xb7]:[0xd4][0xbd][0xb8][0xfc]t[0xaa][0xca][0xeb][0xf5]a[0x1d][0xf0]1[0x97][0x90][0x89]/.[0xaf]&[0xd8][0x4][0x92]]\[0xbe]~~[0xbd][0xbc][0xb8][0xfc][0xec][0xe0])[0x8]"[0x99]t[0x88][0x8e]+[0xdd][0x1b][0xa7]S[0x17];[0x1d][0x6][0xdf]Y[0x88]b[0xe5][0x86][0xd3])f:z[0x8][0xec][0xcb]7[0xce][0x9e]!z[0xec][0xe0][0xbc]wn>[0xba]LD74[0xaa][0xb8][0xb7][0x96]DEyYo/[0xe6][0xb8][[0xc3]'.-[0x9]![0xe3][0x86]3[0xcc][0x8d][0x82][0xb9]P[0xf4]C[0xe0][0xaf][0x3][0xf0]%[0xad]U[0xd1]T[0xcd][0xea]o6[0x1b][0xfc]t[0x0][0xfe][0x84][0xb4]:[0xab]is[0xb8],&[0xff]6[0xf8][0xf][0x1][0xf8][0xc9][0xb2][0xdc][0xd7][0xba]j[0xb6][0xba]>u7[0xe6][0xc7][0xc3]_[0x6][0xe0]w[0xba][0xa9]qJ[0xaa]%[0x93][0xda][0xcb][0xdf][0x6]?[0x1f][0xa5][0xd1]V[0xae][0x83][0xf5]bv[0xd2][0x8a][0x9d][0xb8] [0xd5][0x6][0xcb][0x98][0x9e][0xb][0xa9][0x9a]*[0xe1][0x1b]N[0x8f][0xdd][0xf6]krm[0xf2]Q[0x88][0x90]([0x8d][0xca]R'7S[0xd3][0xb7][0xd3][0x13][0x17][0xe7][0xfc][0xf5][0x88][0x90][0xfb][0x97]M2[0xba][0x19]E[0x15][0xfb]6[0x8d][0xe8][0xe3][0xb0][0xd3][0xbc][0x1b][0xde][0xc9]b[0xeb][0xe1][0xff]+[0x9c][0xec]Q:[0xfb]l[0xfb][0xdf][0x81][0x88][0x19][0xa5]Q[0xbd][0x9e]_'b[0xc3]X[0xed][0xd4][0xbb][0xed][0x7]"[0xf3][0xc0][0xbc][0xd1][0xee][0xcc][0xbb]'[0xd5][0xb8][0xed][0xb6][0xd4][0xbf]m[0xde]L[0x2][0xf0][0x8d]'[0xb3]JM[0xf4][0xb2][0x1e]D~[0x10][0xbe][0xb3][0x80][0xec]/3ES[0xa3][0x81][0x85]fW[0x19]([0xd8]e[0x82][\n]"
10:56:34.673 [main] DEBUG org.apache.http.wire -  << "[0x81][0x93]t[0xf9][0xdd][0x8e][0x89][0xba][0xe0][0xbc][0x96][0x98]6[0xe6]4[0xef]$[0xdd][0xc0]z[0xe7][0xd4][0xb8][0xf8][0xce][0x8d]5*[0xe1][\n]"
10:56:34.673 [main] DEBUG org.apache.http.wire -  << "Q[0x9][0xc4][0xf4]8[0xf1][0x1e]v[0xfc][0xd4][0xf5]wn[0xac]X[0xc6][0x94][0x99][0xc2][0x14]l[0x1a][0x2]2[0xe0][0xa2][0x13][0xbb][0x90]L[0xc][0x1d][0xf4][0x0]7W[0xa0]XW[0xd0][0x6][0x89][\n]"
10:56:34.673 [main] DEBUG org.apache.http.wire -  << "[0x16][0x9c]{E[0xdc] [0x8a][0xd7][0xcb][0xe3][0xa1]b[0x7]<[0xf1]e_SPOR[0xc1][0xef]a[0x80][0xe]N[0xd2][0xe5]w[0xe7][0xc7][0x95][0x88][0xc7][0x1a][0xc5][0xa0]@*[0xd8][0xcc]SJ[0x96][0xf8][0x82][0x1b][0x13]j[0x0][0xba][0x86][0xae][0xa9][0x6][0xe6][0xc2]*`[0xc7][0x96][0xfb][0x1f][0xc0][0xf0]4[0x16]>[0xee][0x7]hh[0xea].[\n]"
10:56:34.673 [main] DEBUG org.apache.http.wire -  << "[0xdf][0x81]x[\n]"
10:56:34.673 [main] DEBUG org.apache.http.wire -  << "[0xda]t[0xb1][0xa1]YT[0xc2][0xc6][0xf5]W[0xae][0xe6][0xc7]={[0xc1][0x91][0xfe][0xc9]bv[0xf2][0x8b][0x1d][0xfc][0xf2][0x8f].[0x1d][0x8d][0xd9]?[0x12][0xee]w,[0x16][0xd3][0xf]y[0xed][0xb8][0xe1]|a"_[0x1f][0xd0]F[0x9f]"[0x3]_[0xf3]a[0x5][0x19][0xa6]@T[0xc1][0xfe]f[0x1c]`[0x9a][0xc4][0xf9][0xe4][0xc3]HQ[0xec][0xdf][0xc6][0xf5][0xd7]t[0xe2][xjP[0xfd][0xfa][0xfb]TT[0xf4][0xeb][0xef][0x92][0xa6][0x82]U[0xc][0xab][0xd2][0xe6][0xfa];[0xc5][0xcb][0xeb][0x18][0xcf][0xa7]R[0xb1]t"[0x9][0xe1][0x97]P[0xf5]}dxO[0x18][0xe5]{[0xa2]([0x8f][0x11]s7[0xb2]r?[0xb0][0xd2]%[0xf5][0xdb]![0x96][0xa0][0xfe][0xc3][0x8c]9`[0xc6]7x[0xef]4[0xeb][0x19][0xd8][0x4][0xde][0xab][0x97].[0xb8][0xc][0x9f][0xcb]$[0x13]i[0x9e]O%3[0x19][0x9e][0xcf]$[0xf9]\[0x84][0xe7]`_PDK[0xa4]P[0xc7][0xa0][0xfa][0x3]U|[0xdc][0xfe]_[0x0][0x0][0x0][0xff][0xff][0xcc]]{s[0xe2]8[0x12][0xff]*[[0xd4][0xd5][0xd6]L[0xad][0x19]l[0xb0]y[0xcd][0xdd]m[0x11][0x1e][0x9][0x9][0x84]g[0x8]dg[0xd6]%l[0x19][0x1b]l[0xcb]H6[0x8f][0x84]|[0xf7][0xab][0x96][0xc][0x6]Bf[0xf7][0xf6]jS[0xf7][0x17]X[0x92][0xd5][0xed][0xb6]Zj[0xb5]~[0xdd]~WO>D[0x93][0xf9][0xa8][0xfc]S[0xe4][0x4]Z[\r][\n]"
10:56:34.673 [main] DEBUG org.apache.http.wire -  << "u[0xc6][0xa2]P[0x98]|[0xee][0xa2]B[0xd9]X[0xc7][0xbe]).[0xe6][0xcc]#&+[0xc7]3:[0x1c][0x8b]$[[0xdd]$u[0xd3]`$P[0xae][0xc4][0xd7]M[0xec]![0xdf][0x14][0xc0]T[0xd8][0x91][0xeb][0x6][0x89]|8([0x11][0xfd]%-[0x2]J,[0xc7]u[0xfc][0x99]h[0x81])[0x13]-[0xf6][0xe8]N[0x8a]B[0xc]:*K[0xae][0x13][0x2][0x1e][0xee][0xb4]Xr[0x12][0xf2]zHt[0xde][0xc8] [0x8e]o[0xb9]NP~[0xa9][0xd4][0x6]z[0xf3]~X[0xef]7*[0xd5]z[0xfc][0xb7]R[0x1d]"
10:56:34.673 [main] DEBUG org.apache.http.wire -  << "6;[0xf7]0M[0x98]L[0x87]=[0x9f][0xce][0xc][0xec]#[0xea][0x90][0xb8]l[0x8d][0x9c]P[0xf][0x1d][0xf][0xa6][0x12][0xbe][0xeb][0x7][0x10][0xf7][0x19][0x9d]?EB[0xb9]@B[0x94]%$[0x94]=[0x9]Y~[0x95][0xb0][0xcf][0x17],[0x1b]#[0x1a]N1[\n]"
10:56:34.673 [main] DEBUG org.apache.http.wire -  << "[0x85](<[0xb4][0xb9][0x2]_F[0x1b][0xd3][0x19][0xae]E"h[0xbd],[0x9f][0x95]sW[0xbf][0x1]<[0xc7][0xbd]L[0xb9][0xcb]Cg![0xc5][0xc8][0x13]=E[0xc]S +[0xc4][0x1d]?[0x81]&K'M[0x93][0x1a]Y[0x82]tb[0xe0][0x1e][0x82][0xa7][0x16][0xdd][0xc6][0x3][0x82]b[0xeb][0xf0]Ju[0xcb][0xd9][0xc4]@[0xce][0x93]b[0xf0]^[0x1c][0xd5]![0x97][0x11][0x9d]b[0x83]PS[0xf7][0xf1][0x9a]?>[0x83][0x11][0xc4]OpQ[0x18]7[0xe3][0x16][0x80][0x8e][0xc0][0xf3][0xcc][0xa1][0xa7][0x98][0x85]:[0xe4][0xd7][0x81][0x1e][0x89][0x0]B[0xe6][0xe5][0x12]xM[0x1e][0xf1][0xb4][0x6]c[0xff][0x4]e[0xed][0xb0]!fa?[0xf2]}[0x18]p[0xa2][[0x87][0xdd]b[0x16][0xd6][0xb3][0xf5][0xb8][0xea]P<[0x8e][0xfd][0xdb][0xa2][0x83]z[0xfc][0x90]1[0xcb][0xd1][0xc6]q[0x1d]D[0xb7][0xe0][0xb1][0xe1]c[0xdd]"[0xe5][0x97]W)[0xc4][0x8c][0x9f][0xed][0x9][0x9f][0xbe][0xc0]Z[0xdf][0x10][0x16][0xc6]p.-[0x97][0xe3][0xa7][0x8d][0x6]-+y5[([0x15][0xc0]w*\PW[0x88][0x81]V[0xbf][0xe8]:5[0xe][0xc1][0x9b][0xbc]PJU[0x90]\U;[0x9d][0x7]6[0xc8][0xd3][0xea]Scu[0xd5][0xda]n[0x9b][0xd5]\x[0x17]4[[0xf][0x9d][0xea]ms[0xdc][0x9e][0xac][0xd2][0xe6]\.,[0xea]s[0xdf]r[0x1b][0xf7][0xb4][0x17]2[0x8f]i%[0xed]*=O[0xf7][0x88][[0x99][0xd7][0x8c][0xf5][0xf6][0xa1][0xdb][0xd8][0xd6][0x9e]jO[0xf7]J[0x8d]=[0xd8][0xc3][0xc5]l\[0x81]x[0x84]4?1[0x5][0xa6]T[0xad][0xa8](9!,[0xc1][0x88]8[0x9c][0xa8] [0xe5][0x99][0xc8][0x91][0x13][0xcc][0xd2]+[0xf3]v[0xd0][0xbc][0xb5][0xa2][0xeb][0xc2]B~*2u[0xfe]<[0xba][0xd9]xz[0xaf]w[0x83][0x11][0xf5][0xd2]N[0xd5][0x1d][0xf6][0xb7]sY[0xdf][0xe][0xc]C/]M[0xb6]z+=[0xb2][0xd6]5O[0x9e][0xd9][0xb3][0xce][0xc0]V[0xc6]Ul[0xab][0x1b]v=[0xb6][0xb3][0xf9]vu1x[0x1c][0xf0]t+[0x9][0x13]r[0xae]t[0x89][0x3]9[0x98].6[0xab][0xc2],[0x88]z[0xa3][0xf4][0xad][0xb5]h4[0xf3][\r]O[0xcf][0xfb][0xe3]p[0xdc][0x91]i[0xa9]:[0xee]V[0x6][0xa8]ts[0xdd]^[0xf6][0x1d][0x92][0x9f][0xaf]Jv'L+[0x9e][0x9f][0x8d][0x9a][0x9b][0xdc][0x92][0xe5]C[0x9a][0xf5][0xb3][0xfd][0xa6]e[0x9c]QS[0x95][0xf][0xa5]V[0xfc]8j%[0xa5][0xa0]rY[0x9e][0xfb]&[0xaf][0xe0]H [0x19]k[0x97]j?p[0xd0])r[0xb1][0xa8][0x81]&[0xbc][0x11]K[0xae][0xd9][0xde]>[0xd7][0x8d][0xa5]nW[0xd2][0xa3][0xe9]&\[0xe6][0xf1],[0xd7]z.[0xa4]U[0xa7][0xe5]t[0xec][0x12][0x9d]>5[0xae][0xfb][0xcd]E[0xaf][0x91][<_w6O7[0x93]I[0xba][0xdb][0xf2][0xbb]wlm[0xaa]O[0x1e][0xc5]#[0x1f]u[0xb6][0xb4][0xea][0xdd][0x98]*[0xa4][0xc4]8[0xa1][0x9b]-[0xa9][0x8a][0x6][0xaf]C[0xc4][0xe1]|[0xe1]HE[0xc7]8[0x12][0xcc]i9[0x17][0xc9][0xfd][0xba]:[0xe9][0xaf]WO8[0xec]<[0xe7][0xb][0x9d][0xba][0xa5].[0xaa][0x1b][0xd3][0xac]?[0x17]&Q[0xde][0x98][0x8c]s[0x9a]A[0xd6]ro[0xb6]X[0xf6]H7[0xdd][0xf7]<m8[0x95]W[0xb4]z}[0x13][\r][0xb6]7[0xe3][0x9b]'[0xec]7[0xbd][0x87][0xd9]h[0x1d]vo[0x1a]%[0xa6][0xe4][0xd7][0xab][0xc0]jw[0xec]7[0xbc]e[0xd5][0xfc][0x81][0xb7]Z[0xa7][0xfd][0x1e]{[0xc7]U[0x1f][0xc9][0xa1][0x9c]/[0x95]r[0xf2][0xa5][0xb7][0xf6]A[0xc3]F.[0xe6][0x14][0x85][0x8b]h|[0x92][0xb7]1[0x91][0xcf]i[0xf9]G[0xb3]vqD[0xc][0x3][0xd9]|1[0xb][0x82]Y#[\n]"
10:56:34.673 [main] DEBUG org.apache.http.wire -  << "+[0x1d](4[0xec][0x9b][0x13][0xc9][0x9c]U|[0x1c]g[0x8a][0x92][0x95][0x81][0xb5]7[0x82][0xf9][U[0xbd]TP[0xd4][0x2],k)[0x8e][0x1c][0xbc]qL[0xdc][0xf1][0x93][0x19][0xef]H0[0x97][0xeb]?R>[0xb2][0xa6]h[0xea][0xc7]JH[0xd8][0x1a][0xc7][0x86]R[0xbb]2[0xd6][0x7][0xcd][0xa7]:7[0xb0]e[0x9].[0x1f]+[0xcd]aY[0xd1][0xc4]u[0xf3]^\s[0xde][0xfa][0xf5][0xc1][0xb0][0xd3][0xaf][0x9f][0xb4][0x98][0xba]H[0xc4][0xda][0x94]K[0x81]=[0xa7]C[0xe2][0x1e][0xd0]M[0xd3]a[0xc7][0x86][0xd4]l[0xc1][0xca]/SBxP[0xe]w[0xd1]8[0xb][0x1c][[0xfa][0x1e][0xa6]FD[0xb7]:[0xc3][0xbe][0xa9]c[0xc0][0xba][0xe8][0xae]8[0x85][0x13][0xf5][0x81][0x8b]B[0xb0][0x10]u[0x82][0xa2][0xd0][0x86][0xa0]$[0x88][0xfe][0xe1][0xc1]Hq[0xf]3[0x8a][0x2][0x1b]o[0x2][0x97]PLE[0x11][0xb][0x1d]c[0x81][0xa9][0xce]0[0xa2][0x86][0xad]S[0xe4]/[0xf6][0x1d][0xbe]J[0xb][0x9f][0xac]}[0x9d][0x92]([0xe4][$DC[0x7][0xce][0xb9][0xb7][0xfa][0x1c][0xad][0x90][0xd8][0xa1][0x1d][0x9c]F[0xd2][0xe5]j[0xb0]Ha[0xf5]L*[0x81]gLu[0xc8][0xf],[0x0][0x87][0x2][\r]d[0xc1][0xd9]![0xe0][0xd1][0x16]Y[0x1d]o[0x2][0xc2]"[\n]"
10:56:34.673 [main] DEBUG org.apache.http.wire -  << "[0xf7][0xcd][0xd9][0xe9][0xa3][0xf2][[0x88]w[0xe8][0xd7]C[0x14]Ep[0xc]([0xa5]`[0xff][0xb0][0xd1][0x8d][0x88][0x85][0xc4][0xdb]S[0xc1][0xbe][0xc9]O[0x97][0xc1][0x9][0x81][0x1]t[0x11][0xef][0x1f][0xc1][0xe6]6[0xf]t[0x8e]:g[0xd4]9[0xe1][0xf0][0xbb][0xc4]l[0x12][0xb9][0xa6]nR[0x12][0xe8][0x91]"[0x12]!AQ[0xef][0x92][0xd9]yul[0x82][0x17]`L[0x9d][0xd9][0x14][0xc7][0x83]K[0xb8]0;[0xfe][0x15]!![0xfc][0xe3]0[0xa6][0xf8][\r](r[0x9e][0xdf]n[0xd0]r[0xbe][0x94][0xcd][0xca][0xdc]z1`[0xff][0xe2]6M[0x17][0xef]SC[0x9d][0x19]0[0xef]4[0xf8]@[0xb5][0xcd][0x96][0xb2][0xb9][0xbc]vX[0xaf][0xd3][0x1]%[0xe6]{+[0xf6]i[0xe5][0xdf][0xab][0xda][0xc0][NU[0xd5]b[0xc2][0xdb][0x91][0xc1][0xf0][0x5]8I[0x13][\n]"
10:56:34.673 [main] DEBUG org.apache.http.wire -  << "[0x1c][0x89][0xcd][0xf6]9[0xaf]?n[0xfc][0xb7][0xf3][0x9e][0xcd][0x17][0xf9][0xb4]}[0xb4]^]^[0xc5]8+[0xd9]i[0xb5][0xbd][0xe8]u]B5[0xd5][0xab][0x17][0xdd][0xf4][0xdd][0xc3]L)x[0xf9][0xe0][0xd6][0xb2][0x90][0xac]][0xd5][0xbb][0x93][0xd1][0xad][0xab]u[0xb2]i<[0xb6][0xa2][0xe9][0xfd][0xe3][0xbc][0xb6][0xc][0xbc]ug= [0xe1]X[0xef][0xcc][0xaf]r[0x95]i"
10:56:34.674 [main] DEBUG org.apache.http.wire -  << "[\r][\n]"
10:56:34.674 [main] DEBUG org.apache.http.wire -  << "7a2[\r][\n]"
10:56:34.674 [main] DEBUG org.apache.http.wire -  << "i[0x19]u[0x6][0x83];[0xec][0xcc][0xee][0x96][0xc3][0xf5][0xda][0xbc][\n]"
10:56:34.674 [main] DEBUG org.apache.http.wire -  << "-[0xed][0xa6][0x93]0U%[0x14]?[\n]"
10:56:34.674 [main] DEBUG org.apache.http.wire -  << "[0xba][0xd7]wb<[0xf3][0x8d]i\v[0xd0][0x81][0xac]v"[0xfe][0x8b][0xa6][0x1c][0x97][0xe8][0x1f]I[0x9c]?[0x99][0xa2]y[0xed]{[0xb9][0xd4][0xb6][0xb2][0xe6][0xc3][0xa8][0xf5][0xb0],[0xa1][0xfa][0xed][0xb6]^[0xac][0xf7][0x9c][0x10]M*[0xb4][0xf7]0z[0x1e]4[0xeb][0xad][0xea][0x8d][0xd5],[0xe6][0xfd][0xdb]`[0xe5][0xd6][0xf3]K[0xb4][0x91][0xfd]hbiS[0xbd][0x83]J7Vo[[0xcf][0xea][0xce]r[0x12][0xac][0xd5][0xc5][0xf5]U[0xfe][0xc9][0xc1]%:jU[0xef]&[0xa7][0x83][0xb9]T[0xcc][0x15][0xd5][0xf]^[0x82][0xe][0x82][0xe2];[0xe2][0xbd] ~[0xa8]Fo[0xea][0xb9][0xa0][0xee]F[0xed]`[0xe9][0x8d][0x94]J[0xf])[0xb7]}k|{[0xed]7[0xd5][0x91]V[0xb9]G[0xa3]F[0xab][0xd3][0x18][0xca]J7[0xb2][0x90][0xf5]p[0xdf][0xab][0x15][0xab][0xad][0xfa]p[0x9e][0xaf][0x14][0xb7][0xdd][0xd5][0xa4][0xba][0xa9][0x7][0x8d]l[0xde][0xc9]v[0xee][0xfa][0xd3][0x85]r-[0x8f][0x87][0xcb][0x8e][[0xeb][0xe6][0x9e]t[0xdc].[0xdc]k[0xbd][0x9][0x91][0x17][0x8f][0xb7][0xc6][0x83]z}[0xbd]:[0xe3][[0xcb][0xe5]4>Qq[0x8f][0xcd][0x1e]U[0x3]P[0x8f][0x6][0xa1]gc[0xf6][0xdd]&|[0xb2]JW|[0xd7],[0xda][0xf]:z[0xbc][0xab]T"y Omeb[0xdf][0x8d][0xda]u[0xb2][0xed][0xcd][0xbd]a[0xa5][0xae][0xdd]4[0xae][0x97]=[0x93][0xe9]([0x98]m[0xb3]V[0xf7][0xb1][0xa2]7[0xd6][0xa8][0xa7][0xb6][0xa2][0xe5]t[0xe4][0xd8][0xf3][0xba][0xad][0x9b][0xb5][0xda][0xf5][0xc8]2[0xad][0xf1]0[\n]"
10:56:34.674 [main] DEBUG org.apache.http.wire -  << "l[0xd3][\n]"
10:56:34.674 [main] DEBUG org.apache.http.wire -  << "[0xd3]][0x17][0x1b]Zw[0x96][0xf0]}[0xe7][0xb8].[0x9a]nC[0xdc][0xe5][0xca]|[0xea]&[0x81]h[0x80]}y[0x9b][0x98][0x91][0x8b][0xc5]B/[0x14][0xff][0xb4][0xcc][0xc4][0x1][0xa4][0xa9]b[0xe5][0x97][0xab]V95uS[0xd2]}[0xe7]^[0x87][0xff]>[0xf1][0xd3]S[0x8e]QT[0x14][0x95]k[0x3][0xcf][0xea][0x3][0x13][0xc7]1[0xb1][0x15][0xa6][0xe0]E*[0xa7][0x84][0xbf][0xbd][0xa0][0x15][0x95][0xaf][0xf2][0xd7][0x94][0xc4][0x84]w[0xa9][0x85][0xfd]Yh[0x97][0x15]p[0xe8][0xc1][0xd2][0xbb][0xe2][0xce][0xd5]>[0x9e][0xe1]M9[0xf5]{[0xe6][0x93]E3[0xd1][0xb7]op[0xce][0xb5]C&[0xcb][0xec][0x90][0xb9][0xc2]4t[0x98][0xe3][0xcf]v[0xc8][0xd8][0xd7][0xe0][0xfd][0x9f][0xfd][0xef][0x1c]m2[0xd8][0x8b]2[0x9f][0xb0]o[0xee][0xac][0x9d][0xfd]9[0xae][0x98]"s[0x86]Yfg[0x88][0xcc][0x8d],.6[0x88][0xef]c#[0xcc]D[0x8e][0x0]i[0xc5][0xc5][0xd8]tB[0xe4]N#O\[0xf9][0x5][0x99][0xe6][0xbf][0x94][0x1d][0xde][0x84][0x99][0x1d][0xc4][0xf][0xb2][0xcc][0xe][0xc2][0x10]?[0xfd][0x96][0xf9][0xf5][0xfb][0xee][0x1f][0x9f]w[0x8e][0x19][0xe3][0xad]E[0x94]~[0xdc][0x8b][0xc3][0xe2][0xee]9\[0x18][0xd9][0x91][0x87]|[0x1e][0xa5][0x92][0xd9]q[0xe7][0xa2][0x9f][0xd9][0xf1]0[0x85][0xb8][0xb9]Kf$[\n]"
10:56:34.674 [main] DEBUG org.apache.http.wire -  << "[0xe3][0xb][0xe6][0x84]8$[0x11][0xcd][0xd8][0xc4][0xc3]`?[0xe9]p[0xb5][0xaf]$[0x94]n[0xf7][0xff][0xb7][0xbe][0xe9][0x18][0xdc]C[0x18][0x97][0xac][0xf1][0xd4][0xc3][0x8c]a[0x86][0xe9].[0x13][0xb8][0xd1][0xcc][0xf1]Y[0x86]ES[0xb0]d[0xa6]x[0xe7][0x12][0xb2][0x80][0xa5]t7[0xa5][0xc8]7[0x3]L=[0x87][0xbf][0x11][0xb6][0x9b]![0xf][0x9b]h[0xbb][0xb]6[0xae][0xe1][0x9a] +[0x1c][0xee][0xd6][0x84][0xba][0xa6][0x11][0x5][0x19][0xf][0x5];[0xd7]Ya[0xf8]][0x13][0xba][0xc8]@[0x12]I0[0x85]v[0x9f]~[0xfb]=[0xf3][0xfd][0x97][0xcc][0xe7]_M[0x1e][0x9d][0xb3][0x3]$[0xa8][0xbb][0xfb][0xf2][0xb]0dZ[0xff][0xd8]}[0xf9]%[0xc3]p[0x8].B[0x96][0xf9][0x9c][0x92][0xa6][0x0][0xff][0xe1]{[0xb7];[0xbc][0x5]{[0x8c];[0xc7][0xc1][0xb6][0xe2][0xf8][=[0x84]$[0x8c][0x90]*[0x89][0x9b][0xfb][0xab][\r][0x8f][0xb0][0xb5][0xb1][0xb1][0xe0][0x86][0xd0][0xde][0xee]2 [0xe0][0xfc][0xbb][0xe4][0x92]Y[0x1f][[0x14]3[0xbb][0xb3][0xc2][0xd4][0xc6](6D_[0xa5][0xbc][0xc]C[0x14][0xdc][0x86]<[0xb2][0x1a]R[0xb7][0x81]W[0x8f]c[0xb3][0xf8]@[0xf5][0xe1][0x85]6"[0xd7][0x15]Q2[0xc2][0x18][0xe2][0x85]]0[0xf6][0xd0][0xbe]\[0x18][0xb6][0xc2]Jj[0x1]9[0xe1]s[0x87][0xe][0xf7][0xb4]r[0xa5][0x2][0xb7]r[0xe0]+[0x7]![0xa1]h[0x86][0xdb][0xc4][0x7][0x98]S[0x8c]2[0x83]d[0xe2][0x9c]fD[0x9d]r*[0xc3]G[0xeb][0x1a]O[0x99]h[0x9b][0x9]([0xe1][0x2]X[0xe0]-[0xcb][0xfc][\n]"
10:56:34.674 [main] DEBUG org.apache.http.wire -  << "g[0xbf][0xf8]_J[0xea]U[0xca][0xc9][0xc2][0xbd][0xb8]G[0xc][0xa2]-[0x8c][0xe1][0xb][0xd9]&[0xf6][0x1e][0xdb][0x3];[0xb2][\n]"
10:56:34.674 [main] DEBUG org.apache.http.wire -  << "[0xf7]q[0xd7]=[0xd8][0xe9]'[0x99])d[0xdd][0xc4].[0xda][0xa6][0xca][0xb2][0x94][0x92][0xb9]s[0x96]@:[0xfd][0xa2][0xc4][0x8b][0x85][0xb]>.-[0xe7][0xd5]WIQ9[0x13]CH}~[0xa6][0xeb]"[0xea]~[0x1f][0xa2][0x90][0xc9][0x4][0x10]?q[0x9a][0xfb][0xe0]U[0xca][0x1d]-[0x9d][0x9a]R[0xe0][0xee]9[0x91][0xfe][0xf3]d[0xee]<[0x9a]S/Trs[0xa0][0xdd][)[0xaa]M[0xeb]u[0xb7][0x14]f'+[0x95]4*E[0x1b]k[0x8b]h[0xd0][0xed]6[0xc7][0xa3][0xec]([0xb0][0xc6][0xcb][0xe6][0xc3]B[0xbd][0xc5][0xa5][0x2]5[0xdb][0x16][0xed][0xa4][0xef][0x7][0xd3][0xd6][0x9d][[0xdd][0xae][0x97][0xe3]Z[0xbb][0xba][0xa8],I[0xbf][0xce]X[0xd6][0xf][0xd5][0xb0]Yq[0xfb][0xe6][0x4])[0xcb][0xb1]S_[0x99][0xf6][0x92][0x18][0xf5][0xf6][0xbc][0xaf][0x95]BW[0x1b][0xa3][0xd2][0xcc][[0x9e][0xad][0xb][0xf9][0x9c][0x9a][0x17][0xe][0x8a][0x7][0x86][0xe9]>[0x1c][0xe0]l=xS[0xf5]qFkQU[0x95]"xp[0x92][0x17][0xdf][0xf4]<l:([0xc4][0x9c]%<[0xc0][0xb0]m`[0xe2][0xc0][0xed][0x8c][0xf1]?[0xcf][0xc7]=[0x91][0xa2][0x14][0xb][0x8a]X[0x8a][0x81]2d[0x9]G[0xe1][0x15]%[0x8b][0x93][0xe1][0xf2][0xa6][0xea][0x83][0x18][0xbc],[0xa8]c[0xfd]`[0x90]a[0x2][0xce]3[0xf8])[0x96][0xfc]*[0xa9]Y[0x80]y[0xc7]{88];9[0x2][0x8d]s[0xd5][0xf0][0x80][0xa3][0xa6][0xcf]B[0x1a][0x81][0xbe][0x9f][0x83][0xeb][0x93][0xb8][0x8f]6[0xe][0xa9]c[0xf0]O[0xd6][0x88][0xb3]S[0xd1][0xea][0x5][0xd6][0x8d]r[0xea]([0x2]I,$[0xdb][0x0][0xc3]*N=[0xe4][0xc6]E|:[0xda]+[0xef]yt[0xd1]Qp[0x11][0x8f]-[0x12]+e[0xab]Y[0x83][0xc8][0xa2]K[0xe7][0xb3]1[0x12][0x19][0xf6][0xc1][0xe2]y[0xf8]~[0x91]g[0xc1][0x81]I>[0xc][0x91]a[0x1f]=[0xc7][0x1][0xe4][0xbe][0x9f]Y8:6y:[0x1e][0x8][0xd4][0x85]9?[0x9e][0xf1]x[0xfd][0x9b][0x9]=[0x1][0xf2][0x9a][0xf0][0xff][0x88][0xc0][0x9b][0xd9][0x18][0x4][0x5][0xb9]t"[0x8][0xbf]94[0xab][0xec]w[0xf6][0xd0][0x85][0xf0]f[0x1c][0xd5]&[0xf1]][0x87][0xb8][0x1f][0xfe]~N[0xc0][0xd9][0x9]&[0x18][0x14][0xe8][0xca][0x81]sZ[0xf4]n[0xa0]P[0x95][0x90][0x85][0x3][0xe1][0xef][0xa0]J[0xc][0x87][0x10][0x12]O[0xa2][0xb0][\n]"
10:56:34.674 [main] DEBUG org.apache.http.wire -  << "k[0x1c]kZ[\r][0xc0]B[0xc0][0x12][0xb4][0x8d][0xc3]_[0xc5][0xad])H[0xb3]b[0xa2][0x90][0xa7]g[0x18][0xd8][0xfa][0x84][0xdd][0xad]W7[0x15][0xf5][0xb9]2^[0xac]U][{Y5%[0xe5]sr![0xb][0x1e][0x1b]Y[0x96]R[0x99]T[0x12]N[0xc2][0xa5][0xd9][0xc7]V[0xcc][0x14][0x1]<[0xa6][0x8d][0xeb][0x8c][0xdf][0xa5]d[0xb3][0xad]"[0xc3][0x6][0x9e]h[0x14][0x8f]7YJ[0x19][0x90]N[0x86][0x83][0x94][0xff][0x1b][0x14][0xf6];Y"
10:56:34.674 [main] DEBUG org.apache.http.wire -  << "[0xfd][0xff][0x12][0xa2][0xfb][0xfd][0xbe][0x4][0x1c][0xfb][0xfb][0xeb][0x1e][0xf7][0xc1]L[0xc0]}[0xb8][0x1][0xac][0xf1][0xe5][0x97][0x14]L[0x1e][0xf9]R!U~[0xa1]eEb<C[0x97]R[0xcc][0x96]r[\n]"
10:56:34.674 [main] DEBUG org.apache.http.wire -  << "|[0xda][0x9c]&[0xd7]Y[0xf8]l[0xee][0xfe]Z[0xcd][0x95][0x8a][0xf0]]g[0xb8]~}[0x95][0xfe][0x18]L"[0x1]0[0xab][0x8d][0x82][0xf2][0xb][0xb9][0xde]v+[0xbd]z[0xf9]E[0xa8][0x1a]|[0xca][0x8a]Q#[0xd1][0xb0]?@u9Cs[0xac]f[0xb6][0xb7][0x7][0xec][0xdf][0xd5]J[0x8d]fO[0x13][0x83][0xd4][0x9a][0x97][0x91]n[0x92]o[0x0][0xd7][0x8d]z[0xa8]]?[0xdf][0xff]U[0xba][0x99][0xad][0x9f][0xa1][0x99][0xbb][0xc7]I[0xa1]nN5[0xbd]6[0xfc][0x11][0xb1]W~T[0xcc][0x1f][0xf7][0xa0][0xde][0x3][0xec][0x8a][0xe0][0xc8]*w[0xd9][\r][0x1c][0xe6][0xe2][0x90][0xf8] [0xc4][0xe3][0x84]n[0xfb][0x84][0x9d][0xdf]%[\n]"
10:56:34.674 [main] DEBUG org.apache.http.wire -  << "[0x18][0x3][0x8f]/[0xf5][0xfb][0x8][0xef][0xfd][0xbc][0x99][0xba]r[0x91][0x89][0xe1]L[0x17]C,[0xa0][0xc0][0xe2][0xd7][0xae][0x1f]c[0xd3]q[0xc0][0x8f][0xae][0xf][0x15][0xed]e[0x18][0xb6][0x88]?[0xeb][0x12][0x17]&Zq[0xdb][0x8f][0x12][0xc1][0x2]G[0xf1]{:[0xf9]rB[0xf2][0x1d][0x81][0x4]~[0x93][0x80]n[0xe][0x9][0xdc]^[0xa5])[0x6][0x91][0x9f]rC<[0x8f][0xf8][0x17][0x8a][0xe2][0x9d][0x14][0xd0]L[0x9e][0x9d]wp[0x1][0x82][0x94][0xc8][0xe9][0xd2][0x87][0x8a].}[0x9b]$~[0xef]'[0x10][0xa4][0x84][0xe7][0x4][0xa0][0x94]@[0x8b][0x92][0xb4]w[0x2][0x8e][0xf]o[0xe0][0x4][0x84]3[0x83](#[0x1]0[0xf8][0xf4][0xed][0xf2]<[0xff]-[0xf5][0x19][0xb0]:[0xc3]a[0x93][0x9b]h[0x9f][0xbe][0xa5]x[0x8a][0xa6]8[0xb0][0xf6][[0xea][0xf3]W[0xde]=[0x82][0x10][0x81][0xff][0x85][0x86][0x1]1I|~[0x2][0xe3]w[0xc8][0xc1][0xc][0x9f][0x4][0xa6][0xf0]3[0x8]I[0xa0][0xb]O[0xba][0xfe][0xf9][0xe7][0xf7])[0x9][0xa6]a[0x8e][0xe][0x91][0x17]p[0xae][0x3][0xe4][0xc4][0xc]K)[0xc7][0xfa])[0xee][0xfc]K}[0xe3][0xf0][0x86][0x9f]_[0xde][0xef][0xed][0x7]|3,b[0xb4]8[0x9][0xbc]q[0xc2]o)[0xe9][0xa7][0xf3][0xae][0xbf][0xbe]~}[0x8b][0xb8][0xfa]gfJ[0xcc][0xed][0xbf][0xff][0x99][0x81][\r][0xfb][0xbf][0xff][0x3][0x0][0x0][0xff][0xff][0x3][0x0]t[0xcb][0x16][0x1][0xda]E[0x1][0x0]"
10:56:34.674 [main] DEBUG org.apache.http.wire -  << "[\r][\n]"
10:56:34.674 [main] DEBUG org.apache.http.wire -  << "0[\r][\n]"
10:56:34.674 [main] DEBUG org.apache.http.wire -  << "[\r][\n]"
10:56:34.675 [main] DEBUG io.restassured.internal.RequestSpecificationImpl$RestAssuredHttpBuilder - Parsed data to instance of: class org.apache.http.conn.EofSensorInputStream
10:56:34.699 [main] DEBUG org.apache.http.impl.conn.BasicClientConnectionManager - Releasing connection org.apache.http.impl.conn.ManagedClientConnectionImpl@54687fd0
10:56:34.700 [main] DEBUG org.apache.http.impl.conn.BasicClientConnectionManager - Connection can be kept alive indefinitely
10:56:34.729 [main] DEBUG net.thucydides.core.steps.StepInterceptor - STEP DONE: I send Wrong GET HTTP Request3
  &amp#27;[32mWhen &amp#27;[0m&amp#27;[32mI send Wrong GET HTTP Request3&amp#27;[0m            &amp#27;[90m# starter.stepdefinitions.GetSteps.getHTTPRequest3()&amp#27;[0m
10:56:34.732 [main] DEBUG net.thucydides.core.steps.StepInterceptor - STARTING STEP: GetSteps.validHTTPResponse - I receive valid HTTP response code 404
10:56:34.733 [main] DEBUG net.thucydides.core.steps.StepInterceptor - STEP DONE: I receive valid HTTP response code 404
  &amp#27;[32mThen &amp#27;[0m&amp#27;[32mI receive valid HTTP response code 404&amp#27;[0m    &amp#27;[90m# starter.stepdefinitions.GetSteps.validHTTPResponse()&amp#27;[0m
10:56:34.735 [main] INFO  - 
  _____   ___   ___   _____     ___     _     ___   ___   ___   ___  
 |_   _| | __| / __| |_   _|   | _ \   /_\   / __| / __| | __| |   \ 
   | |   | _|  \__ \   | |     |  _/  / _ \  \__ \ \__ \ | _|  | |) |
   |_|   |___| |___/   |_|     |_|   /_/ \_\ |___/ |___/ |___| |___/ 

Get Invalid Categories with Wrong URL3
----------------------------------------------------------------------
]]></system-out>
  </testcase>
  <testcase name="Get Invalid Categories with Wrong URL4" classname="Get Categories" time="0.084">
    <system-out><![CDATA[
@Invalid-url
Scenario: Get Invalid Categories with Wrong URL4 &amp#27;[90m# src/test/resources/api/GetCategory.feature:36&amp#27;[0m
10:56:34.750 [main] INFO io.cucumber.core.plugin.SerenityReporter - Running feature from file:///D:/PERKULIAHAN/SEMESTER%206/KAMPUS%20MERDEKA/PROYEK_ALTERRA/TestingAPIALTA/src/test/resources/api/GetCategory.feature
10:56:34.750 [main] WARN io.cucumber.core.plugin.SerenityReporter - Feature from file:///D:/PERKULIAHAN/SEMESTER%206/KAMPUS%20MERDEKA/PROYEK_ALTERRA/TestingAPIALTA/src/test/resources/api/GetCategory.feature is not under the 'features' directory. Requirements report will not be correctly generated!
10:56:34.752 [main] INFO  - 
  _____   ___   ___   _____     ___   _____     _     ___   _____   ___   ___  
 |_   _| | __| / __| |_   _|   / __| |_   _|   /_\   | _ \ |_   _| | __| |   \ 
   | |   | _|  \__ \   | |     \__ \   | |    / _ \  |   /   | |   | _|  | |) |
   |_|   |___| |___/   |_|     |___/   |_|   /_/ \_\ |_|_\   |_|   |___| |___/ 

Get Invalid Categories with Wrong URL4(get-categories;get-invalid-categories-with-wrong-url4)
--------------------------------------------------------------------------------
10:56:34.776 [main] DEBUG net.thucydides.core.steps.StepInterceptor - STARTING STEP: GetSteps.setWrongURL4 - I set wrong URL to empty URL
10:56:34.776 [main] DEBUG net.thucydides.core.steps.StepInterceptor - STEP DONE: I set wrong URL to empty URL
  &amp#27;[32mGiven &amp#27;[0m&amp#27;[32mI set wrong URL to empty URL&amp#27;[0m             &amp#27;[90m# starter.stepdefinitions.GetSteps.setWrongURL4()&amp#27;[0m
10:56:34.781 [main] DEBUG net.thucydides.core.steps.StepInterceptor - STARTING STEP: GetSteps.getHTTPRequest4 - I send Wrong GET HTTP Request4
10:56:34.782 [main] DEBUG net.thucydides.core.steps.StepInterceptor - STARTING STEP: Get.getWrongHttpRequest4 - I set wrong URL to empty URL
10:56:34.782 [main] DEBUG net.thucydides.core.steps.StepInterceptor - STEP DONE: I set wrong URL to empty URL
10:56:34.790 [main] DEBUG org.apache.http.impl.conn.BasicClientConnectionManager - Get connection for route {}->http://localhost:8080
10:56:34.791 [main] DEBUG org.apache.http.impl.conn.DefaultClientConnectionOperator - Connecting to localhost:8080
10:56:34.791 [main] DEBUG org.apache.http.client.protocol.RequestAddCookies - CookieSpec selected: ignoreCookies
10:56:34.791 [main] DEBUG org.apache.http.client.protocol.RequestAuthCache - Auth cache not set in the context
10:56:34.792 [main] DEBUG org.apache.http.client.protocol.RequestTargetAuthentication - Target auth state: UNCHALLENGED
10:56:34.792 [main] DEBUG org.apache.http.client.protocol.RequestProxyAuthentication - Proxy auth state: UNCHALLENGED
10:56:34.792 [main] DEBUG org.apache.http.impl.client.DefaultHttpClient - Attempt 1 to execute request
10:56:34.792 [main] DEBUG org.apache.http.impl.conn.DefaultClientConnection - Sending request: GET / HTTP/1.1
10:56:34.792 [main] DEBUG org.apache.http.wire -  >> "GET / HTTP/1.1[\r][\n]"
10:56:34.792 [main] DEBUG org.apache.http.wire -  >> "Accept: */*[\r][\n]"
10:56:34.792 [main] DEBUG org.apache.http.wire -  >> "Host: localhost:8080[\r][\n]"
10:56:34.792 [main] DEBUG org.apache.http.wire -  >> "Connection: Keep-Alive[\r][\n]"
10:56:34.792 [main] DEBUG org.apache.http.wire -  >> "User-Agent: Apache-HttpClient/4.5.13 (Java/1.8.0_241)[\r][\n]"
10:56:34.792 [main] DEBUG org.apache.http.wire -  >> "Accept-Encoding: gzip,deflate[\r][\n]"
10:56:34.792 [main] DEBUG org.apache.http.wire -  >> "[\r][\n]"
10:56:34.792 [main] DEBUG org.apache.http.headers - >> GET / HTTP/1.1
10:56:34.792 [main] DEBUG org.apache.http.headers - >> Accept: */*
10:56:34.792 [main] DEBUG org.apache.http.headers - >> Host: localhost:8080
10:56:34.792 [main] DEBUG org.apache.http.headers - >> Connection: Keep-Alive
10:56:34.792 [main] DEBUG org.apache.http.headers - >> User-Agent: Apache-HttpClient/4.5.13 (Java/1.8.0_241)
10:56:34.792 [main] DEBUG org.apache.http.headers - >> Accept-Encoding: gzip,deflate
10:56:34.795 [main] DEBUG org.apache.http.wire -  << "HTTP/1.1 403 Forbidden[\r][\n]"
10:56:34.795 [main] DEBUG org.apache.http.wire -  << "Date: Sat, 14 May 2022 03:56:34 GMT[\r][\n]"
10:56:34.795 [main] DEBUG org.apache.http.wire -  << "X-Content-Type-Options: nosniff[\r][\n]"
10:56:34.795 [main] DEBUG org.apache.http.wire -  << "Set-Cookie: JSESSIONID.1d2542ad=node010inr0jvaoki71rebj8f5fq48113.node0; Path=/; HttpOnly[\r][\n]"
10:56:34.795 [main] DEBUG org.apache.http.wire -  << "Expires: Thu, 01 Jan 1970 00:00:00 GMT[\r][\n]"
10:56:34.795 [main] DEBUG org.apache.http.wire -  << "Content-Type: text/html;charset=utf-8[\r][\n]"
10:56:34.795 [main] DEBUG org.apache.http.wire -  << "X-Hudson: 1.395[\r][\n]"
10:56:34.795 [main] DEBUG org.apache.http.wire -  << "X-Jenkins: 2.332.2[\r][\n]"
10:56:34.795 [main] DEBUG org.apache.http.wire -  << "X-Jenkins-Session: b80e2e4e[\r][\n]"
10:56:34.795 [main] DEBUG org.apache.http.wire -  << "Content-Length: 548[\r][\n]"
10:56:34.795 [main] DEBUG org.apache.http.wire -  << "Server: Jetty(9.4.43.v20210629)[\r][\n]"
10:56:34.795 [main] DEBUG org.apache.http.wire -  << "[\r][\n]"
10:56:34.795 [main] DEBUG org.apache.http.impl.conn.DefaultClientConnection - Receiving response: HTTP/1.1 403 Forbidden
10:56:34.795 [main] DEBUG org.apache.http.headers - << HTTP/1.1 403 Forbidden
10:56:34.795 [main] DEBUG org.apache.http.headers - << Date: Sat, 14 May 2022 03:56:34 GMT
10:56:34.795 [main] DEBUG org.apache.http.headers - << X-Content-Type-Options: nosniff
10:56:34.795 [main] DEBUG org.apache.http.headers - << Set-Cookie: JSESSIONID.1d2542ad=node010inr0jvaoki71rebj8f5fq48113.node0; Path=/; HttpOnly
10:56:34.795 [main] DEBUG org.apache.http.headers - << Expires: Thu, 01 Jan 1970 00:00:00 GMT
10:56:34.795 [main] DEBUG org.apache.http.headers - << Content-Type: text/html;charset=utf-8
10:56:34.795 [main] DEBUG org.apache.http.headers - << X-Hudson: 1.395
10:56:34.795 [main] DEBUG org.apache.http.headers - << X-Jenkins: 2.332.2
10:56:34.795 [main] DEBUG org.apache.http.headers - << X-Jenkins-Session: b80e2e4e
10:56:34.795 [main] DEBUG org.apache.http.headers - << Content-Length: 548
10:56:34.795 [main] DEBUG org.apache.http.headers - << Server: Jetty(9.4.43.v20210629)
10:56:34.795 [main] DEBUG org.apache.http.impl.client.DefaultHttpClient - Connection can be kept alive indefinitely
10:56:34.796 [main] DEBUG io.restassured.internal.RequestSpecificationImpl$RestAssuredHttpBuilder - Parsing response as: text/html;charset=utf-8
10:56:34.796 [main] DEBUG io.restassured.internal.RequestSpecificationImpl$RestAssuredHttpBuilder - Parsed data to instance of: class org.apache.http.conn.EofSensorInputStream
10:56:34.797 [main] DEBUG org.apache.http.wire -  << "<html><head><meta http-equiv='refresh' content='1;url=/login?from=%2F'/><script>window.location.replace('/login?from=%2F');</script></head><body style='background-color:white; color:white;'>[\r][\n]"
10:56:34.797 [main] DEBUG org.apache.http.wire -  << "[\r][\n]"
10:56:34.797 [main] DEBUG org.apache.http.wire -  << "[\r][\n]"
10:56:34.797 [main] DEBUG org.apache.http.wire -  << "Authentication required[\r][\n]"
10:56:34.797 [main] DEBUG org.apache.http.wire -  << "<!--[\r][\n]"
10:56:34.797 [main] DEBUG org.apache.http.wire -  << "-->[\r][\n]"
10:56:34.797 [main] DEBUG org.apache.http.wire -  << "[\r][\n]"
10:56:34.797 [main] DEBUG org.apache.http.wire -  << "</body></html>                                                                                                                                                                                                                                                                                                            "
10:56:34.797 [main] DEBUG org.apache.http.impl.conn.BasicClientConnectionManager - Releasing connection org.apache.http.impl.conn.ManagedClientConnectionImpl@2a11ae0b
10:56:34.797 [main] DEBUG org.apache.http.impl.conn.BasicClientConnectionManager - Connection can be kept alive indefinitely
10:56:34.799 [main] DEBUG net.thucydides.core.steps.StepInterceptor - STEP DONE: I send Wrong GET HTTP Request4
  &amp#27;[32mWhen &amp#27;[0m&amp#27;[32mI send Wrong GET HTTP Request4&amp#27;[0m            &amp#27;[90m# starter.stepdefinitions.GetSteps.getHTTPRequest4()&amp#27;[0m
10:56:34.822 [main] DEBUG net.thucydides.core.steps.StepInterceptor - STARTING STEP: GetSteps.getInvalidHTTPCategory3 - Then I receive valid HTTP response code 403
10:56:34.823 [main] DEBUG net.thucydides.core.steps.StepInterceptor - STEP DONE: Then I receive valid HTTP response code 403
  &amp#27;[32mThen &amp#27;[0m&amp#27;[32mI receive valid HTTP response code 403&amp#27;[0m    &amp#27;[90m# starter.stepdefinitions.GetSteps.getInvalidHTTPCategory3()&amp#27;[0m
10:56:34.826 [main] INFO  - 
  _____   ___   ___   _____     ___     _     ___   ___   ___   ___  
 |_   _| | __| / __| |_   _|   | _ \   /_\   / __| / __| | __| |   \ 
   | |   | _|  \__ \   | |     |  _/  / _ \  \__ \ \__ \ | _|  | |) |
   |_|   |___| |___/   |_|     |_|   /_/ \_\ |___/ |___/ |___| |___/ 

Get Invalid Categories with Wrong URL4
----------------------------------------------------------------------
]]></system-out>
  </testcase>
  <testcase name="Get Invalid Categories with Wrong URL5" classname="Get Categories" time="0.302">
    <system-out><![CDATA[
@Invalid-url
Scenario: Get Invalid Categories with Wrong URL5 &amp#27;[90m# src/test/resources/api/GetCategory.feature:42&amp#27;[0m
10:56:34.835 [main] INFO io.cucumber.core.plugin.SerenityReporter - Running feature from file:///D:/PERKULIAHAN/SEMESTER%206/KAMPUS%20MERDEKA/PROYEK_ALTERRA/TestingAPIALTA/src/test/resources/api/GetCategory.feature
10:56:34.835 [main] WARN io.cucumber.core.plugin.SerenityReporter - Feature from file:///D:/PERKULIAHAN/SEMESTER%206/KAMPUS%20MERDEKA/PROYEK_ALTERRA/TestingAPIALTA/src/test/resources/api/GetCategory.feature is not under the 'features' directory. Requirements report will not be correctly generated!
10:56:34.842 [main] INFO  - 
  _____   ___   ___   _____     ___   _____     _     ___   _____   ___   ___  
 |_   _| | __| / __| |_   _|   / __| |_   _|   /_\   | _ \ |_   _| | __| |   \ 
   | |   | _|  \__ \   | |     \__ \   | |    / _ \  |   /   | |   | _|  | |) |
   |_|   |___| |___/   |_|     |___/   |_|   /_/ \_\ |_|_\   |_|   |___| |___/ 

Get Invalid Categories with Wrong URL5(get-categories;get-invalid-categories-with-wrong-url5)
--------------------------------------------------------------------------------
10:56:34.850 [main] DEBUG net.thucydides.core.steps.StepInterceptor - STARTING STEP: GetSteps.setWrongURL5 - I set wrong URL to double url
10:56:34.850 [main] DEBUG net.thucydides.core.steps.StepInterceptor - STEP DONE: I set wrong URL to double url
  &amp#27;[32mGiven &amp#27;[0m&amp#27;[32mI set wrong URL to double url&amp#27;[0m            &amp#27;[90m# starter.stepdefinitions.GetSteps.setWrongURL5()&amp#27;[0m
10:56:34.863 [main] DEBUG net.thucydides.core.steps.StepInterceptor - STARTING STEP: GetSteps.getHTTPRequest5 - I send Wrong GET HTTP Request5
10:56:34.866 [main] DEBUG net.thucydides.core.steps.StepInterceptor - STARTING STEP: Get.getWrongHttpRequest5 - I set wrong URL to double url
10:56:34.867 [main] DEBUG net.thucydides.core.steps.StepInterceptor - STEP DONE: I set wrong URL to double url
10:56:34.883 [main] DEBUG org.apache.http.impl.conn.BasicClientConnectionManager - Get connection for route {s}->https://be-qa.alta.id:443
10:56:34.883 [main] DEBUG org.apache.http.impl.conn.DefaultClientConnectionOperator - Connecting to be-qa.alta.id:443
10:56:35.082 [main] DEBUG org.apache.http.client.protocol.RequestAddCookies - CookieSpec selected: ignoreCookies
10:56:35.082 [main] DEBUG org.apache.http.client.protocol.RequestAuthCache - Auth cache not set in the context
10:56:35.082 [main] DEBUG org.apache.http.client.protocol.RequestTargetAuthentication - Target auth state: UNCHALLENGED
10:56:35.082 [main] DEBUG org.apache.http.client.protocol.RequestProxyAuthentication - Proxy auth state: UNCHALLENGED
10:56:35.082 [main] DEBUG org.apache.http.impl.client.DefaultHttpClient - Attempt 1 to execute request
10:56:35.082 [main] DEBUG org.apache.http.impl.conn.DefaultClientConnection - Sending request: GET /api/categories/17%20https%3A%2F%2Fbe-qa.alta.id/api/categories/17 HTTP/1.1
10:56:35.082 [main] DEBUG org.apache.http.wire -  >> "GET /api/categories/17%20https%3A%2F%2Fbe-qa.alta.id/api/categories/17 HTTP/1.1[\r][\n]"
10:56:35.082 [main] DEBUG org.apache.http.wire -  >> "Accept: */*[\r][\n]"
10:56:35.082 [main] DEBUG org.apache.http.wire -  >> "Host: be-qa.alta.id[\r][\n]"
10:56:35.082 [main] DEBUG org.apache.http.wire -  >> "Connection: Keep-Alive[\r][\n]"
10:56:35.082 [main] DEBUG org.apache.http.wire -  >> "User-Agent: Apache-HttpClient/4.5.13 (Java/1.8.0_241)[\r][\n]"
10:56:35.082 [main] DEBUG org.apache.http.wire -  >> "Accept-Encoding: gzip,deflate[\r][\n]"
10:56:35.082 [main] DEBUG org.apache.http.wire -  >> "[\r][\n]"
10:56:35.082 [main] DEBUG org.apache.http.headers - >> GET /api/categories/17%20https%3A%2F%2Fbe-qa.alta.id/api/categories/17 HTTP/1.1
10:56:35.082 [main] DEBUG org.apache.http.headers - >> Accept: */*
10:56:35.082 [main] DEBUG org.apache.http.headers - >> Host: be-qa.alta.id
10:56:35.082 [main] DEBUG org.apache.http.headers - >> Connection: Keep-Alive
10:56:35.082 [main] DEBUG org.apache.http.headers - >> User-Agent: Apache-HttpClient/4.5.13 (Java/1.8.0_241)
10:56:35.082 [main] DEBUG org.apache.http.headers - >> Accept-Encoding: gzip,deflate
10:56:35.117 [main] DEBUG org.apache.http.wire -  << "HTTP/1.1 404 Not Found[\r][\n]"
10:56:35.117 [main] DEBUG org.apache.http.wire -  << "Server: nginx/1.14.2[\r][\n]"
10:56:35.117 [main] DEBUG org.apache.http.wire -  << "Date: Sat, 14 May 2022 03:56:34 GMT[\r][\n]"
10:56:35.117 [main] DEBUG org.apache.http.wire -  << "Content-Type: text/plain; charset=utf-8[\r][\n]"
10:56:35.117 [main] DEBUG org.apache.http.wire -  << "Content-Length: 10[\r][\n]"
10:56:35.117 [main] DEBUG org.apache.http.wire -  << "Connection: keep-alive[\r][\n]"
10:56:35.117 [main] DEBUG org.apache.http.wire -  << "[\r][\n]"
10:56:35.117 [main] DEBUG org.apache.http.impl.conn.DefaultClientConnection - Receiving response: HTTP/1.1 404 Not Found
10:56:35.117 [main] DEBUG org.apache.http.headers - << HTTP/1.1 404 Not Found
10:56:35.117 [main] DEBUG org.apache.http.headers - << Server: nginx/1.14.2
10:56:35.117 [main] DEBUG org.apache.http.headers - << Date: Sat, 14 May 2022 03:56:34 GMT
10:56:35.117 [main] DEBUG org.apache.http.headers - << Content-Type: text/plain; charset=utf-8
10:56:35.118 [main] DEBUG org.apache.http.headers - << Content-Length: 10
10:56:35.118 [main] DEBUG org.apache.http.headers - << Connection: keep-alive
10:56:35.118 [main] DEBUG org.apache.http.impl.client.DefaultHttpClient - Connection can be kept alive indefinitely
10:56:35.119 [main] DEBUG io.restassured.internal.RequestSpecificationImpl$RestAssuredHttpBuilder - Parsing response as: text/plain; charset=utf-8
10:56:35.120 [main] DEBUG io.restassured.internal.RequestSpecificationImpl$RestAssuredHttpBuilder - Parsed data to instance of: class org.apache.http.conn.EofSensorInputStream
10:56:35.123 [main] DEBUG org.apache.http.wire -  << "not found[\n]"
10:56:35.124 [main] DEBUG org.apache.http.impl.conn.BasicClientConnectionManager - Releasing connection org.apache.http.impl.conn.ManagedClientConnectionImpl@5e2975ca
10:56:35.124 [main] DEBUG org.apache.http.impl.conn.BasicClientConnectionManager - Connection can be kept alive indefinitely
10:56:35.124 [main] DEBUG net.thucydides.core.steps.StepInterceptor - STEP DONE: I send Wrong GET HTTP Request5
  &amp#27;[32mWhen &amp#27;[0m&amp#27;[32mI send Wrong GET HTTP Request5&amp#27;[0m            &amp#27;[90m# starter.stepdefinitions.GetSteps.getHTTPRequest5()&amp#27;[0m
10:56:35.128 [main] DEBUG net.thucydides.core.steps.StepInterceptor - STARTING STEP: GetSteps.validHTTPResponse - I receive valid HTTP response code 404
10:56:35.128 [main] DEBUG net.thucydides.core.steps.StepInterceptor - STEP DONE: I receive valid HTTP response code 404
  &amp#27;[32mThen &amp#27;[0m&amp#27;[32mI receive valid HTTP response code 404&amp#27;[0m    &amp#27;[90m# starter.stepdefinitions.GetSteps.validHTTPResponse()&amp#27;[0m
10:56:35.129 [main] INFO  - 
  _____   ___   ___   _____     ___     _     ___   ___   ___   ___  
 |_   _| | __| / __| |_   _|   | _ \   /_\   / __| / __| | __| |   \ 
   | |   | _|  \__ \   | |     |  _/  / _ \  \__ \ \__ \ | _|  | |) |
   |_|   |___| |___/   |_|     |_|   /_/ \_\ |___/ |___/ |___| |___/ 

Get Invalid Categories with Wrong URL5
----------------------------------------------------------------------
]]></system-out>
  </testcase>
  <testcase name="Get Invalid Categories With Wrong Target Request1" classname="Get Categories" time="0.319">
    <system-out><![CDATA[
@Wrong-Target-Request-WithID
Scenario: Get Invalid Categories With Wrong Target Request1 &amp#27;[90m# src/test/resources/api/GetCategory.feature:48&amp#27;[0m
10:56:35.133 [main] INFO io.cucumber.core.plugin.SerenityReporter - Running feature from file:///D:/PERKULIAHAN/SEMESTER%206/KAMPUS%20MERDEKA/PROYEK_ALTERRA/TestingAPIALTA/src/test/resources/api/GetCategory.feature
10:56:35.133 [main] WARN io.cucumber.core.plugin.SerenityReporter - Feature from file:///D:/PERKULIAHAN/SEMESTER%206/KAMPUS%20MERDEKA/PROYEK_ALTERRA/TestingAPIALTA/src/test/resources/api/GetCategory.feature is not under the 'features' directory. Requirements report will not be correctly generated!
10:56:35.134 [main] INFO  - 
  _____   ___   ___   _____     ___   _____     _     ___   _____   ___   ___  
 |_   _| | __| / __| |_   _|   / __| |_   _|   /_\   | _ \ |_   _| | __| |   \ 
   | |   | _|  \__ \   | |     \__ \   | |    / _ \  |   /   | |   | _|  | |) |
   |_|   |___| |___/   |_|     |___/   |_|   /_/ \_\ |_|_\   |_|   |___| |___/ 

Get Invalid Categories With Wrong Target Request1(get-categories;get-invalid-categories-with-wrong-target-request1)
--------------------------------------------------------------------------------
10:56:35.149 [main] DEBUG net.thucydides.core.steps.StepInterceptor - STARTING STEP: GetSteps.setWrongGetAPI - I set wrong GET api endpoints
10:56:35.149 [main] DEBUG net.thucydides.core.steps.StepInterceptor - STEP DONE: I set wrong GET api endpoints
  &amp#27;[32mGiven &amp#27;[0m&amp#27;[32mI set wrong GET api endpoints&amp#27;[0m                       &amp#27;[90m# starter.stepdefinitions.GetSteps.setWrongGetAPI()&amp#27;[0m
10:56:35.156 [main] DEBUG net.thucydides.core.steps.StepInterceptor - STARTING STEP: GetSteps.sendWrongGet - I send Wrong GET HTTP Request
10:56:35.161 [main] DEBUG net.thucydides.core.steps.StepInterceptor - STARTING STEP: Get.getWrongHttpRequest - I set wrong GET api endpoints
10:56:35.162 [main] DEBUG net.thucydides.core.steps.StepInterceptor - STEP DONE: I set wrong GET api endpoints
10:56:35.170 [main] DEBUG org.apache.http.impl.conn.BasicClientConnectionManager - Get connection for route {s}->https://be-qa.alta.id:443
10:56:35.171 [main] DEBUG org.apache.http.impl.conn.DefaultClientConnectionOperator - Connecting to be-qa.alta.id:443
10:56:35.380 [main] DEBUG org.apache.http.client.protocol.RequestAddCookies - CookieSpec selected: ignoreCookies
10:56:35.381 [main] DEBUG org.apache.http.client.protocol.RequestAuthCache - Auth cache not set in the context
10:56:35.381 [main] DEBUG org.apache.http.client.protocol.RequestTargetAuthentication - Target auth state: UNCHALLENGED
10:56:35.381 [main] DEBUG org.apache.http.client.protocol.RequestProxyAuthentication - Proxy auth state: UNCHALLENGED
10:56:35.381 [main] DEBUG org.apache.http.impl.client.DefaultHttpClient - Attempt 1 to execute request
10:56:35.381 [main] DEBUG org.apache.http.impl.conn.DefaultClientConnection - Sending request: GET /api/categories12 HTTP/1.1
10:56:35.381 [main] DEBUG org.apache.http.wire -  >> "GET /api/categories12 HTTP/1.1[\r][\n]"
10:56:35.381 [main] DEBUG org.apache.http.wire -  >> "Accept: */*[\r][\n]"
10:56:35.381 [main] DEBUG org.apache.http.wire -  >> "Host: be-qa.alta.id[\r][\n]"
10:56:35.381 [main] DEBUG org.apache.http.wire -  >> "Connection: Keep-Alive[\r][\n]"
10:56:35.381 [main] DEBUG org.apache.http.wire -  >> "User-Agent: Apache-HttpClient/4.5.13 (Java/1.8.0_241)[\r][\n]"
10:56:35.381 [main] DEBUG org.apache.http.wire -  >> "Accept-Encoding: gzip,deflate[\r][\n]"
10:56:35.381 [main] DEBUG org.apache.http.wire -  >> "[\r][\n]"
10:56:35.381 [main] DEBUG org.apache.http.headers - >> GET /api/categories12 HTTP/1.1
10:56:35.381 [main] DEBUG org.apache.http.headers - >> Accept: */*
10:56:35.381 [main] DEBUG org.apache.http.headers - >> Host: be-qa.alta.id
10:56:35.381 [main] DEBUG org.apache.http.headers - >> Connection: Keep-Alive
10:56:35.381 [main] DEBUG org.apache.http.headers - >> User-Agent: Apache-HttpClient/4.5.13 (Java/1.8.0_241)
10:56:35.381 [main] DEBUG org.apache.http.headers - >> Accept-Encoding: gzip,deflate
10:56:35.419 [main] DEBUG org.apache.http.wire -  << "HTTP/1.1 404 Not Found[\r][\n]"
10:56:35.419 [main] DEBUG org.apache.http.wire -  << "Server: nginx/1.14.2[\r][\n]"
10:56:35.419 [main] DEBUG org.apache.http.wire -  << "Date: Sat, 14 May 2022 03:56:34 GMT[\r][\n]"
10:56:35.419 [main] DEBUG org.apache.http.wire -  << "Content-Type: text/plain; charset=utf-8[\r][\n]"
10:56:35.419 [main] DEBUG org.apache.http.wire -  << "Content-Length: 10[\r][\n]"
10:56:35.419 [main] DEBUG org.apache.http.wire -  << "Connection: keep-alive[\r][\n]"
10:56:35.419 [main] DEBUG org.apache.http.wire -  << "[\r][\n]"
10:56:35.419 [main] DEBUG org.apache.http.impl.conn.DefaultClientConnection - Receiving response: HTTP/1.1 404 Not Found
10:56:35.419 [main] DEBUG org.apache.http.headers - << HTTP/1.1 404 Not Found
10:56:35.419 [main] DEBUG org.apache.http.headers - << Server: nginx/1.14.2
10:56:35.419 [main] DEBUG org.apache.http.headers - << Date: Sat, 14 May 2022 03:56:34 GMT
10:56:35.419 [main] DEBUG org.apache.http.headers - << Content-Type: text/plain; charset=utf-8
10:56:35.419 [main] DEBUG org.apache.http.headers - << Content-Length: 10
10:56:35.420 [main] DEBUG org.apache.http.headers - << Connection: keep-alive
10:56:35.420 [main] DEBUG org.apache.http.impl.client.DefaultHttpClient - Connection can be kept alive indefinitely
10:56:35.421 [main] DEBUG io.restassured.internal.RequestSpecificationImpl$RestAssuredHttpBuilder - Parsing response as: text/plain; charset=utf-8
10:56:35.421 [main] DEBUG io.restassured.internal.RequestSpecificationImpl$RestAssuredHttpBuilder - Parsed data to instance of: class org.apache.http.conn.EofSensorInputStream
10:56:35.428 [main] DEBUG org.apache.http.wire -  << "not found[\n]"
10:56:35.429 [main] DEBUG org.apache.http.impl.conn.BasicClientConnectionManager - Releasing connection org.apache.http.impl.conn.ManagedClientConnectionImpl@7ac1b6c0
10:56:35.429 [main] DEBUG org.apache.http.impl.conn.BasicClientConnectionManager - Connection can be kept alive indefinitely
10:56:35.432 [main] DEBUG net.thucydides.core.steps.StepInterceptor - STEP DONE: I send Wrong GET HTTP Request
  &amp#27;[32mWhen &amp#27;[0m&amp#27;[32mI send Wrong GET HTTP Request&amp#27;[0m                        &amp#27;[90m# starter.stepdefinitions.GetSteps.sendWrongGet()&amp#27;[0m
10:56:35.444 [main] DEBUG net.thucydides.core.steps.StepInterceptor - STARTING STEP: GetSteps.validHTTPResponse - I receive valid HTTP response code 404
10:56:35.445 [main] DEBUG net.thucydides.core.steps.StepInterceptor - STEP DONE: I receive valid HTTP response code 404
  &amp#27;[32mThen &amp#27;[0m&amp#27;[32mI receive valid HTTP response code 404&amp#27;[0m               &amp#27;[90m# starter.stepdefinitions.GetSteps.validHTTPResponse()&amp#27;[0m
10:56:35.447 [main] INFO  - 
  _____   ___   ___   _____     ___     _     ___   ___   ___   ___  
 |_   _| | __| / __| |_   _|   | _ \   /_\   / __| / __| | __| |   \ 
   | |   | _|  \__ \   | |     |  _/  / _ \  \__ \ \__ \ | _|  | |) |
   |_|   |___| |___/   |_|     |_|   /_/ \_\ |___/ |___/ |___| |___/ 

Get Invalid Categories With Wrong Target Request1
----------------------------------------------------------------------
]]></system-out>
  </testcase>
  <testcase name="Get Invalid Categories With Wrong Target Request2" classname="Get Categories" time="0.3">
    <system-out><![CDATA[
@Wrong-Target-Request-WithID
Scenario: Get Invalid Categories With Wrong Target Request2 &amp#27;[90m# src/test/resources/api/GetCategory.feature:54&amp#27;[0m
10:56:35.459 [main] INFO io.cucumber.core.plugin.SerenityReporter - Running feature from file:///D:/PERKULIAHAN/SEMESTER%206/KAMPUS%20MERDEKA/PROYEK_ALTERRA/TestingAPIALTA/src/test/resources/api/GetCategory.feature
10:56:35.460 [main] WARN io.cucumber.core.plugin.SerenityReporter - Feature from file:///D:/PERKULIAHAN/SEMESTER%206/KAMPUS%20MERDEKA/PROYEK_ALTERRA/TestingAPIALTA/src/test/resources/api/GetCategory.feature is not under the 'features' directory. Requirements report will not be correctly generated!
10:56:35.463 [main] INFO  - 
  _____   ___   ___   _____     ___   _____     _     ___   _____   ___   ___  
 |_   _| | __| / __| |_   _|   / __| |_   _|   /_\   | _ \ |_   _| | __| |   \ 
   | |   | _|  \__ \   | |     \__ \   | |    / _ \  |   /   | |   | _|  | |) |
   |_|   |___| |___/   |_|     |___/   |_|   /_/ \_\ |_|_\   |_|   |___| |___/ 

Get Invalid Categories With Wrong Target Request2(get-categories;get-invalid-categories-with-wrong-target-request2)
--------------------------------------------------------------------------------
10:56:35.490 [main] DEBUG net.thucydides.core.steps.StepInterceptor - STARTING STEP: GetSteps.setWrongGetApi1 - I set wrong GET api endpoints1
10:56:35.491 [main] DEBUG net.thucydides.core.steps.StepInterceptor - STEP DONE: I set wrong GET api endpoints1
  &amp#27;[32mGiven &amp#27;[0m&amp#27;[32mI set wrong GET api endpoints1&amp#27;[0m                      &amp#27;[90m# starter.stepdefinitions.GetSteps.setWrongGetApi1()&amp#27;[0m
10:56:35.496 [main] DEBUG net.thucydides.core.steps.StepInterceptor - STARTING STEP: GetSteps.getWrongHttpRequest_1 - I send Wrong GET HTTP Request_1
10:56:35.497 [main] DEBUG net.thucydides.core.steps.StepInterceptor - STARTING STEP: Get.getWrongHttpRequest_1 - I set wrong GET api endpoints1
10:56:35.498 [main] DEBUG net.thucydides.core.steps.StepInterceptor - STEP DONE: I set wrong GET api endpoints1
10:56:35.507 [main] DEBUG org.apache.http.impl.conn.BasicClientConnectionManager - Get connection for route {s}->https://be-qa.alta.id:443
10:56:35.508 [main] DEBUG org.apache.http.impl.conn.DefaultClientConnectionOperator - Connecting to be-qa.alta.id:443
10:56:35.700 [main] DEBUG org.apache.http.client.protocol.RequestAddCookies - CookieSpec selected: ignoreCookies
10:56:35.700 [main] DEBUG org.apache.http.client.protocol.RequestAuthCache - Auth cache not set in the context
10:56:35.700 [main] DEBUG org.apache.http.client.protocol.RequestTargetAuthentication - Target auth state: UNCHALLENGED
10:56:35.700 [main] DEBUG org.apache.http.client.protocol.RequestProxyAuthentication - Proxy auth state: UNCHALLENGED
10:56:35.700 [main] DEBUG org.apache.http.impl.client.DefaultHttpClient - Attempt 1 to execute request
10:56:35.700 [main] DEBUG org.apache.http.impl.conn.DefaultClientConnection - Sending request: GET /api/categories/100000000000000000000 HTTP/1.1
10:56:35.700 [main] DEBUG org.apache.http.wire -  >> "GET /api/categories/100000000000000000000 HTTP/1.1[\r][\n]"
10:56:35.700 [main] DEBUG org.apache.http.wire -  >> "Accept: */*[\r][\n]"
10:56:35.700 [main] DEBUG org.apache.http.wire -  >> "Host: be-qa.alta.id[\r][\n]"
10:56:35.700 [main] DEBUG org.apache.http.wire -  >> "Connection: Keep-Alive[\r][\n]"
10:56:35.700 [main] DEBUG org.apache.http.wire -  >> "User-Agent: Apache-HttpClient/4.5.13 (Java/1.8.0_241)[\r][\n]"
10:56:35.700 [main] DEBUG org.apache.http.wire -  >> "Accept-Encoding: gzip,deflate[\r][\n]"
10:56:35.700 [main] DEBUG org.apache.http.wire -  >> "[\r][\n]"
10:56:35.700 [main] DEBUG org.apache.http.headers - >> GET /api/categories/100000000000000000000 HTTP/1.1
10:56:35.700 [main] DEBUG org.apache.http.headers - >> Accept: */*
10:56:35.700 [main] DEBUG org.apache.http.headers - >> Host: be-qa.alta.id
10:56:35.700 [main] DEBUG org.apache.http.headers - >> Connection: Keep-Alive
10:56:35.700 [main] DEBUG org.apache.http.headers - >> User-Agent: Apache-HttpClient/4.5.13 (Java/1.8.0_241)
10:56:35.700 [main] DEBUG org.apache.http.headers - >> Accept-Encoding: gzip,deflate
10:56:35.742 [main] DEBUG org.apache.http.wire -  << "HTTP/1.1 400 Bad Request[\r][\n]"
10:56:35.742 [main] DEBUG org.apache.http.wire -  << "Server: nginx/1.14.2[\r][\n]"
10:56:35.742 [main] DEBUG org.apache.http.wire -  << "Date: Sat, 14 May 2022 03:56:35 GMT[\r][\n]"
10:56:35.742 [main] DEBUG org.apache.http.wire -  << "Content-Type: application/json[\r][\n]"
10:56:35.742 [main] DEBUG org.apache.http.wire -  << "Content-Length: 80[\r][\n]"
10:56:35.742 [main] DEBUG org.apache.http.wire -  << "Connection: keep-alive[\r][\n]"
10:56:35.742 [main] DEBUG org.apache.http.wire -  << "[\r][\n]"
10:56:35.742 [main] DEBUG org.apache.http.impl.conn.DefaultClientConnection - Receiving response: HTTP/1.1 400 Bad Request
10:56:35.742 [main] DEBUG org.apache.http.headers - << HTTP/1.1 400 Bad Request
10:56:35.742 [main] DEBUG org.apache.http.headers - << Server: nginx/1.14.2
10:56:35.742 [main] DEBUG org.apache.http.headers - << Date: Sat, 14 May 2022 03:56:35 GMT
10:56:35.742 [main] DEBUG org.apache.http.headers - << Content-Type: application/json
10:56:35.742 [main] DEBUG org.apache.http.headers - << Content-Length: 80
10:56:35.742 [main] DEBUG org.apache.http.headers - << Connection: keep-alive
10:56:35.742 [main] DEBUG org.apache.http.impl.client.DefaultHttpClient - Connection can be kept alive indefinitely
10:56:35.742 [main] DEBUG io.restassured.internal.RequestSpecificationImpl$RestAssuredHttpBuilder - Parsing response as: application/json
10:56:35.742 [main] DEBUG io.restassured.internal.RequestSpecificationImpl$RestAssuredHttpBuilder - Parsed data to instance of: class org.apache.http.conn.EofSensorInputStream
10:56:35.743 [main] DEBUG org.apache.http.wire -  << "{"error":"strconv.Atoi: parsing \"100000000000000000000\": value out of range"}[\n]"
10:56:35.743 [main] DEBUG org.apache.http.impl.conn.BasicClientConnectionManager - Releasing connection org.apache.http.impl.conn.ManagedClientConnectionImpl@2a531637
10:56:35.743 [main] DEBUG org.apache.http.impl.conn.BasicClientConnectionManager - Connection can be kept alive indefinitely
10:56:35.743 [main] DEBUG net.thucydides.core.steps.StepInterceptor - STEP DONE: I send Wrong GET HTTP Request_1
  &amp#27;[32mWhen &amp#27;[0m&amp#27;[32mI send Wrong GET HTTP Request_1&amp#27;[0m                      &amp#27;[90m# starter.stepdefinitions.GetSteps.getWrongHttpRequest_1()&amp#27;[0m
10:56:35.747 [main] DEBUG net.thucydides.core.steps.StepInterceptor - STARTING STEP: CreateSteps.receiveValidData400 - I receive valid HTTP response code 400
10:56:35.747 [main] DEBUG net.thucydides.core.steps.StepInterceptor - STEP DONE: I receive valid HTTP response code 400
  &amp#27;[32mThen &amp#27;[0m&amp#27;[32mI receive valid HTTP response code 400&amp#27;[0m               &amp#27;[90m# starter.stepdefinitions.CreateSteps.receiveValidData400()&amp#27;[0m
10:56:35.748 [main] INFO  - 
  _____   ___   ___   _____     ___     _     ___   ___   ___   ___  
 |_   _| | __| / __| |_   _|   | _ \   /_\   / __| / __| | __| |   \ 
   | |   | _|  \__ \   | |     |  _/  / _ \  \__ \ \__ \ | _|  | |) |
   |_|   |___| |___/   |_|     |_|   /_/ \_\ |___/ |___/ |___| |___/ 

Get Invalid Categories With Wrong Target Request2
----------------------------------------------------------------------
]]></system-out>
  </testcase>
  <testcase name="Get Invalid Categories With Wrong Target Request3" classname="Get Categories" time="0.629">
    <system-out><![CDATA[
@Wrong-Target-Request-WithID
Scenario: Get Invalid Categories With Wrong Target Request3 &amp#27;[90m# src/test/resources/api/GetCategory.feature:60&amp#27;[0m
10:56:35.764 [main] INFO io.cucumber.core.plugin.SerenityReporter - Running feature from file:///D:/PERKULIAHAN/SEMESTER%206/KAMPUS%20MERDEKA/PROYEK_ALTERRA/TestingAPIALTA/src/test/resources/api/GetCategory.feature
10:56:35.764 [main] WARN io.cucumber.core.plugin.SerenityReporter - Feature from file:///D:/PERKULIAHAN/SEMESTER%206/KAMPUS%20MERDEKA/PROYEK_ALTERRA/TestingAPIALTA/src/test/resources/api/GetCategory.feature is not under the 'features' directory. Requirements report will not be correctly generated!
10:56:35.768 [main] INFO  - 
  _____   ___   ___   _____     ___   _____     _     ___   _____   ___   ___  
 |_   _| | __| / __| |_   _|   / __| |_   _|   /_\   | _ \ |_   _| | __| |   \ 
   | |   | _|  \__ \   | |     \__ \   | |    / _ \  |   /   | |   | _|  | |) |
   |_|   |___| |___/   |_|     |___/   |_|   /_/ \_\ |_|_\   |_|   |___| |___/ 

Get Invalid Categories With Wrong Target Request3(get-categories;get-invalid-categories-with-wrong-target-request3)
--------------------------------------------------------------------------------
10:56:35.778 [main] DEBUG net.thucydides.core.steps.StepInterceptor - STARTING STEP: GetSteps.setWrongGetApi2 - I set wrong GET api endpoints2
10:56:35.778 [main] DEBUG net.thucydides.core.steps.StepInterceptor - STEP DONE: I set wrong GET api endpoints2
  &amp#27;[32mGiven &amp#27;[0m&amp#27;[32mI set wrong GET api endpoints2&amp#27;[0m                      &amp#27;[90m# starter.stepdefinitions.GetSteps.setWrongGetApi2()&amp#27;[0m
10:56:35.780 [main] DEBUG net.thucydides.core.steps.StepInterceptor - STARTING STEP: GetSteps.getWrongHttpRequest_2 - I send Wrong GET HTTP Request_2
10:56:35.781 [main] DEBUG net.thucydides.core.steps.StepInterceptor - STARTING STEP: Get.getWrongHttpRequest_2 - I set wrong GET api endpoints2
10:56:35.781 [main] DEBUG net.thucydides.core.steps.StepInterceptor - STEP DONE: I set wrong GET api endpoints2
10:56:35.787 [main] DEBUG org.apache.http.impl.conn.BasicClientConnectionManager - Get connection for route {s}->https://be-qa.alta.id:443
10:56:35.787 [main] DEBUG org.apache.http.impl.conn.DefaultClientConnectionOperator - Connecting to be-qa.alta.id:443
10:56:35.990 [main] DEBUG org.apache.http.client.protocol.RequestAddCookies - CookieSpec selected: ignoreCookies
10:56:35.990 [main] DEBUG org.apache.http.client.protocol.RequestAuthCache - Auth cache not set in the context
10:56:35.990 [main] DEBUG org.apache.http.client.protocol.RequestTargetAuthentication - Target auth state: UNCHALLENGED
10:56:35.990 [main] DEBUG org.apache.http.client.protocol.RequestProxyAuthentication - Proxy auth state: UNCHALLENGED
10:56:35.990 [main] DEBUG org.apache.http.impl.client.DefaultHttpClient - Attempt 1 to execute request
10:56:35.990 [main] DEBUG org.apache.http.impl.conn.DefaultClientConnection - Sending request: GET /api/categories/makanan HTTP/1.1
10:56:35.990 [main] DEBUG org.apache.http.wire -  >> "GET /api/categories/makanan HTTP/1.1[\r][\n]"
10:56:35.990 [main] DEBUG org.apache.http.wire -  >> "Accept: */*[\r][\n]"
10:56:35.990 [main] DEBUG org.apache.http.wire -  >> "Host: be-qa.alta.id[\r][\n]"
10:56:35.990 [main] DEBUG org.apache.http.wire -  >> "Connection: Keep-Alive[\r][\n]"
10:56:35.990 [main] DEBUG org.apache.http.wire -  >> "User-Agent: Apache-HttpClient/4.5.13 (Java/1.8.0_241)[\r][\n]"
10:56:35.990 [main] DEBUG org.apache.http.wire -  >> "Accept-Encoding: gzip,deflate[\r][\n]"
10:56:35.990 [main] DEBUG org.apache.http.wire -  >> "[\r][\n]"
10:56:35.990 [main] DEBUG org.apache.http.headers - >> GET /api/categories/makanan HTTP/1.1
10:56:35.990 [main] DEBUG org.apache.http.headers - >> Accept: */*
10:56:35.990 [main] DEBUG org.apache.http.headers - >> Host: be-qa.alta.id
10:56:35.990 [main] DEBUG org.apache.http.headers - >> Connection: Keep-Alive
10:56:35.990 [main] DEBUG org.apache.http.headers - >> User-Agent: Apache-HttpClient/4.5.13 (Java/1.8.0_241)
10:56:35.990 [main] DEBUG org.apache.http.headers - >> Accept-Encoding: gzip,deflate
10:56:36.372 [main] DEBUG org.apache.http.wire -  << "HTTP/1.1 400 Bad Request[\r][\n]"
10:56:36.372 [main] DEBUG org.apache.http.wire -  << "Server: nginx/1.14.2[\r][\n]"
10:56:36.372 [main] DEBUG org.apache.http.wire -  << "Date: Sat, 14 May 2022 03:56:35 GMT[\r][\n]"
10:56:36.372 [main] DEBUG org.apache.http.wire -  << "Content-Type: application/json[\r][\n]"
10:56:36.372 [main] DEBUG org.apache.http.wire -  << "Content-Length: 62[\r][\n]"
10:56:36.372 [main] DEBUG org.apache.http.wire -  << "Connection: keep-alive[\r][\n]"
10:56:36.372 [main] DEBUG org.apache.http.wire -  << "[\r][\n]"
10:56:36.372 [main] DEBUG org.apache.http.impl.conn.DefaultClientConnection - Receiving response: HTTP/1.1 400 Bad Request
10:56:36.372 [main] DEBUG org.apache.http.headers - << HTTP/1.1 400 Bad Request
10:56:36.372 [main] DEBUG org.apache.http.headers - << Server: nginx/1.14.2
10:56:36.372 [main] DEBUG org.apache.http.headers - << Date: Sat, 14 May 2022 03:56:35 GMT
10:56:36.372 [main] DEBUG org.apache.http.headers - << Content-Type: application/json
10:56:36.372 [main] DEBUG org.apache.http.headers - << Content-Length: 62
10:56:36.372 [main] DEBUG org.apache.http.headers - << Connection: keep-alive
10:56:36.372 [main] DEBUG org.apache.http.impl.client.DefaultHttpClient - Connection can be kept alive indefinitely
10:56:36.372 [main] DEBUG io.restassured.internal.RequestSpecificationImpl$RestAssuredHttpBuilder - Parsing response as: application/json
10:56:36.372 [main] DEBUG io.restassured.internal.RequestSpecificationImpl$RestAssuredHttpBuilder - Parsed data to instance of: class org.apache.http.conn.EofSensorInputStream
10:56:36.373 [main] DEBUG org.apache.http.wire -  << "{"error":"strconv.Atoi: parsing \"makanan\": invalid syntax"}[\n]"
10:56:36.373 [main] DEBUG org.apache.http.impl.conn.BasicClientConnectionManager - Releasing connection org.apache.http.impl.conn.ManagedClientConnectionImpl@362cf66
10:56:36.373 [main] DEBUG org.apache.http.impl.conn.BasicClientConnectionManager - Connection can be kept alive indefinitely
10:56:36.373 [main] DEBUG net.thucydides.core.steps.StepInterceptor - STEP DONE: I send Wrong GET HTTP Request_2
  &amp#27;[32mWhen &amp#27;[0m&amp#27;[32mI send Wrong GET HTTP Request_2&amp#27;[0m                      &amp#27;[90m# starter.stepdefinitions.GetSteps.getWrongHttpRequest_2()&amp#27;[0m
10:56:36.376 [main] DEBUG net.thucydides.core.steps.StepInterceptor - STARTING STEP: CreateSteps.receiveValidData400 - I receive valid HTTP response code 400
10:56:36.377 [main] DEBUG net.thucydides.core.steps.StepInterceptor - STEP DONE: I receive valid HTTP response code 400
  &amp#27;[32mThen &amp#27;[0m&amp#27;[32mI receive valid HTTP response code 400&amp#27;[0m               &amp#27;[90m# starter.stepdefinitions.CreateSteps.receiveValidData400()&amp#27;[0m
10:56:36.377 [main] INFO  - 
  _____   ___   ___   _____     ___     _     ___   ___   ___   ___  
 |_   _| | __| / __| |_   _|   | _ \   /_\   / __| / __| | __| |   \ 
   | |   | _|  \__ \   | |     |  _/  / _ \  \__ \ \__ \ | _|  | |) |
   |_|   |___| |___/   |_|     |_|   /_/ \_\ |___/ |___/ |___| |___/ 

Get Invalid Categories With Wrong Target Request3
----------------------------------------------------------------------
]]></system-out>
  </testcase>
  <testcase name="Get Invalid Categories With Wrong Target Request4" classname="Get Categories" time="0.465">
    <system-out><![CDATA[
@Wrong-Target-Request-WithID
Scenario: Get Invalid Categories With Wrong Target Request4 &amp#27;[90m# src/test/resources/api/GetCategory.feature:66&amp#27;[0m
10:56:36.383 [main] INFO io.cucumber.core.plugin.SerenityReporter - Running feature from file:///D:/PERKULIAHAN/SEMESTER%206/KAMPUS%20MERDEKA/PROYEK_ALTERRA/TestingAPIALTA/src/test/resources/api/GetCategory.feature
10:56:36.383 [main] WARN io.cucumber.core.plugin.SerenityReporter - Feature from file:///D:/PERKULIAHAN/SEMESTER%206/KAMPUS%20MERDEKA/PROYEK_ALTERRA/TestingAPIALTA/src/test/resources/api/GetCategory.feature is not under the 'features' directory. Requirements report will not be correctly generated!
10:56:36.384 [main] INFO  - 
  _____   ___   ___   _____     ___   _____     _     ___   _____   ___   ___  
 |_   _| | __| / __| |_   _|   / __| |_   _|   /_\   | _ \ |_   _| | __| |   \ 
   | |   | _|  \__ \   | |     \__ \   | |    / _ \  |   /   | |   | _|  | |) |
   |_|   |___| |___/   |_|     |___/   |_|   /_/ \_\ |_|_\   |_|   |___| |___/ 

Get Invalid Categories With Wrong Target Request4(get-categories;get-invalid-categories-with-wrong-target-request4)
--------------------------------------------------------------------------------
  &amp#27;[32mGiven &amp#27;[0m&amp#27;[32mI set wrong GET api endpoints3&amp#27;[0m                      &amp#27;[90m# starter.stepdefinitions.GetSteps.setWrongGetApi3()&amp#27;[0m
10:56:36.460 [main] DEBUG net.thucydides.core.steps.StepInterceptor - STARTING STEP: GetSteps.getWrongHttpRequest_3 - I send Wrong GET HTTP Request_3
10:56:36.465 [main] DEBUG org.apache.http.impl.conn.BasicClientConnectionManager - Get connection for route {s}->https://be-qa.alta.id:443
10:56:36.465 [main] DEBUG org.apache.http.impl.conn.DefaultClientConnectionOperator - Connecting to be-qa.alta.id:443
10:56:36.702 [main] DEBUG org.apache.http.client.protocol.RequestAddCookies - CookieSpec selected: ignoreCookies
10:56:36.703 [main] DEBUG org.apache.http.client.protocol.RequestAuthCache - Auth cache not set in the context
10:56:36.703 [main] DEBUG org.apache.http.client.protocol.RequestTargetAuthentication - Target auth state: UNCHALLENGED
10:56:36.703 [main] DEBUG org.apache.http.client.protocol.RequestProxyAuthentication - Proxy auth state: UNCHALLENGED
10:56:36.703 [main] DEBUG org.apache.http.impl.client.DefaultHttpClient - Attempt 1 to execute request
10:56:36.703 [main] DEBUG org.apache.http.impl.conn.DefaultClientConnection - Sending request: GET /api/categories/100%40%40 HTTP/1.1
10:56:36.703 [main] DEBUG org.apache.http.wire -  >> "GET /api/categories/100%40%40 HTTP/1.1[\r][\n]"
10:56:36.703 [main] DEBUG org.apache.http.wire -  >> "Accept: */*[\r][\n]"
10:56:36.703 [main] DEBUG org.apache.http.wire -  >> "Host: be-qa.alta.id[\r][\n]"
10:56:36.703 [main] DEBUG org.apache.http.wire -  >> "Connection: Keep-Alive[\r][\n]"
10:56:36.703 [main] DEBUG org.apache.http.wire -  >> "User-Agent: Apache-HttpClient/4.5.13 (Java/1.8.0_241)[\r][\n]"
10:56:36.703 [main] DEBUG org.apache.http.wire -  >> "Accept-Encoding: gzip,deflate[\r][\n]"
10:56:36.703 [main] DEBUG org.apache.http.wire -  >> "[\r][\n]"
10:56:36.703 [main] DEBUG org.apache.http.headers - >> GET /api/categories/100%40%40 HTTP/1.1
10:56:36.703 [main] DEBUG org.apache.http.headers - >> Accept: */*
10:56:36.703 [main] DEBUG org.apache.http.headers - >> Host: be-qa.alta.id
10:56:36.703 [main] DEBUG org.apache.http.headers - >> Connection: Keep-Alive
10:56:36.703 [main] DEBUG org.apache.http.headers - >> User-Agent: Apache-HttpClient/4.5.13 (Java/1.8.0_241)
10:56:36.703 [main] DEBUG org.apache.http.headers - >> Accept-Encoding: gzip,deflate
10:56:36.838 [main] DEBUG org.apache.http.wire -  << "HTTP/1.1 404 Not Found[\r][\n]"
10:56:36.838 [main] DEBUG org.apache.http.wire -  << "Server: nginx/1.14.2[\r][\n]"
10:56:36.838 [main] DEBUG org.apache.http.wire -  << "Date: Sat, 14 May 2022 03:56:36 GMT[\r][\n]"
10:56:36.838 [main] DEBUG org.apache.http.wire -  << "Content-Type: text/plain; charset=utf-8[\r][\n]"
10:56:36.838 [main] DEBUG org.apache.http.wire -  << "Content-Length: 10[\r][\n]"
10:56:36.838 [main] DEBUG org.apache.http.wire -  << "Connection: keep-alive[\r][\n]"
10:56:36.838 [main] DEBUG org.apache.http.wire -  << "[\r][\n]"
10:56:36.838 [main] DEBUG org.apache.http.impl.conn.DefaultClientConnection - Receiving response: HTTP/1.1 404 Not Found
10:56:36.838 [main] DEBUG org.apache.http.headers - << HTTP/1.1 404 Not Found
10:56:36.838 [main] DEBUG org.apache.http.headers - << Server: nginx/1.14.2
10:56:36.838 [main] DEBUG org.apache.http.headers - << Date: Sat, 14 May 2022 03:56:36 GMT
10:56:36.838 [main] DEBUG org.apache.http.headers - << Content-Type: text/plain; charset=utf-8
10:56:36.838 [main] DEBUG org.apache.http.headers - << Content-Length: 10
10:56:36.838 [main] DEBUG org.apache.http.headers - << Connection: keep-alive
10:56:36.838 [main] DEBUG org.apache.http.impl.client.DefaultHttpClient - Connection can be kept alive indefinitely
10:56:36.838 [main] DEBUG io.restassured.internal.RequestSpecificationImpl$RestAssuredHttpBuilder - Parsing response as: text/plain; charset=utf-8
10:56:36.838 [main] DEBUG io.restassured.internal.RequestSpecificationImpl$RestAssuredHttpBuilder - Parsed data to instance of: class org.apache.http.conn.EofSensorInputStream
10:56:36.839 [main] DEBUG org.apache.http.wire -  << "not found[\n]"
10:56:36.839 [main] DEBUG org.apache.http.impl.conn.BasicClientConnectionManager - Releasing connection org.apache.http.impl.conn.ManagedClientConnectionImpl@774c5e5c
10:56:36.839 [main] DEBUG org.apache.http.impl.conn.BasicClientConnectionManager - Connection can be kept alive indefinitely
10:56:36.840 [main] DEBUG net.thucydides.core.steps.StepInterceptor - STEP DONE: I send Wrong GET HTTP Request_3
  &amp#27;[32mWhen &amp#27;[0m&amp#27;[32mI send Wrong GET HTTP Request_3&amp#27;[0m                      &amp#27;[90m# starter.stepdefinitions.GetSteps.getWrongHttpRequest_3()&amp#27;[0m
10:56:36.842 [main] DEBUG net.thucydides.core.steps.StepInterceptor - STARTING STEP: GetSteps.validHTTPResponse - I receive valid HTTP response code 404
10:56:36.842 [main] DEBUG net.thucydides.core.steps.StepInterceptor - STEP DONE: I receive valid HTTP response code 404
  &amp#27;[32mThen &amp#27;[0m&amp#27;[32mI receive valid HTTP response code 404&amp#27;[0m               &amp#27;[90m# starter.stepdefinitions.GetSteps.validHTTPResponse()&amp#27;[0m
10:56:36.843 [main] INFO  - 
  _____   ___   ___   _____     ___     _     ___   ___   ___   ___  
 |_   _| | __| / __| |_   _|   | _ \   /_\   / __| / __| | __| |   \ 
   | |   | _|  \__ \   | |     |  _/  / _ \  \__ \ \__ \ | _|  | |) |
   |_|   |___| |___/   |_|     |_|   /_/ \_\ |___/ |___/ |___| |___/ 

Get Invalid Categories With Wrong Target Request4
----------------------------------------------------------------------
]]></system-out>
  </testcase>
  <testcase name="Get Invalid Categories With Wrong Target Request5" classname="Get Categories" time="1.024">
    <system-out><![CDATA[
@Wrong-Target-Request-WithID
Scenario: Get Invalid Categories With Wrong Target Request5 &amp#27;[90m# src/test/resources/api/GetCategory.feature:72&amp#27;[0m
10:56:36.847 [main] INFO io.cucumber.core.plugin.SerenityReporter - Running feature from file:///D:/PERKULIAHAN/SEMESTER%206/KAMPUS%20MERDEKA/PROYEK_ALTERRA/TestingAPIALTA/src/test/resources/api/GetCategory.feature
10:56:36.847 [main] WARN io.cucumber.core.plugin.SerenityReporter - Feature from file:///D:/PERKULIAHAN/SEMESTER%206/KAMPUS%20MERDEKA/PROYEK_ALTERRA/TestingAPIALTA/src/test/resources/api/GetCategory.feature is not under the 'features' directory. Requirements report will not be correctly generated!
10:56:36.848 [main] INFO  - 
  _____   ___   ___   _____     ___   _____     _     ___   _____   ___   ___  
 |_   _| | __| / __| |_   _|   / __| |_   _|   /_\   | _ \ |_   _| | __| |   \ 
   | |   | _|  \__ \   | |     \__ \   | |    / _ \  |   /   | |   | _|  | |) |
   |_|   |___| |___/   |_|     |___/   |_|   /_/ \_\ |_|_\   |_|   |___| |___/ 

Get Invalid Categories With Wrong Target Request5(get-categories;get-invalid-categories-with-wrong-target-request5)
--------------------------------------------------------------------------------
  &amp#27;[32mGiven &amp#27;[0m&amp#27;[32mI set wrong GET api endpoints4&amp#27;[0m                      &amp#27;[90m# starter.stepdefinitions.GetSteps.setWrongGetApi4()&amp#27;[0m
10:56:36.856 [main] DEBUG net.thucydides.core.steps.StepInterceptor - STARTING STEP: GetSteps.getWrongHttpRequest_4 - I send Wrong GET HTTP Request_4
10:56:36.862 [main] DEBUG org.apache.http.impl.conn.BasicClientConnectionManager - Get connection for route {s}->https://be-qa.alta.id:443
10:56:36.862 [main] DEBUG org.apache.http.impl.conn.DefaultClientConnectionOperator - Connecting to be-qa.alta.id:443
10:56:37.556 [main] DEBUG org.apache.http.client.protocol.RequestAddCookies - CookieSpec selected: ignoreCookies
10:56:37.556 [main] DEBUG org.apache.http.client.protocol.RequestAuthCache - Auth cache not set in the context
10:56:37.556 [main] DEBUG org.apache.http.client.protocol.RequestTargetAuthentication - Target auth state: UNCHALLENGED
10:56:37.556 [main] DEBUG org.apache.http.client.protocol.RequestProxyAuthentication - Proxy auth state: UNCHALLENGED
10:56:37.556 [main] DEBUG org.apache.http.impl.client.DefaultHttpClient - Attempt 1 to execute request
10:56:37.556 [main] DEBUG org.apache.http.impl.conn.DefaultClientConnection - Sending request: GET /api/categories%2F%2F%2F%2F/ HTTP/1.1
10:56:37.556 [main] DEBUG org.apache.http.wire -  >> "GET /api/categories%2F%2F%2F%2F/ HTTP/1.1[\r][\n]"
10:56:37.556 [main] DEBUG org.apache.http.wire -  >> "Accept: */*[\r][\n]"
10:56:37.556 [main] DEBUG org.apache.http.wire -  >> "Host: be-qa.alta.id[\r][\n]"
10:56:37.556 [main] DEBUG org.apache.http.wire -  >> "Connection: Keep-Alive[\r][\n]"
10:56:37.556 [main] DEBUG org.apache.http.wire -  >> "User-Agent: Apache-HttpClient/4.5.13 (Java/1.8.0_241)[\r][\n]"
10:56:37.556 [main] DEBUG org.apache.http.wire -  >> "Accept-Encoding: gzip,deflate[\r][\n]"
10:56:37.556 [main] DEBUG org.apache.http.wire -  >> "[\r][\n]"
10:56:37.556 [main] DEBUG org.apache.http.headers - >> GET /api/categories%2F%2F%2F%2F/ HTTP/1.1
10:56:37.556 [main] DEBUG org.apache.http.headers - >> Accept: */*
10:56:37.556 [main] DEBUG org.apache.http.headers - >> Host: be-qa.alta.id
10:56:37.556 [main] DEBUG org.apache.http.headers - >> Connection: Keep-Alive
10:56:37.556 [main] DEBUG org.apache.http.headers - >> User-Agent: Apache-HttpClient/4.5.13 (Java/1.8.0_241)
10:56:37.556 [main] DEBUG org.apache.http.headers - >> Accept-Encoding: gzip,deflate
10:56:37.673 [main] DEBUG org.apache.http.wire -  << "HTTP/1.1 200 OK[\r][\n]"
10:56:37.673 [main] DEBUG org.apache.http.wire -  << "Server: nginx/1.14.2[\r][\n]"
10:56:37.673 [main] DEBUG org.apache.http.wire -  << "Date: Sat, 14 May 2022 03:56:36 GMT[\r][\n]"
10:56:37.673 [main] DEBUG org.apache.http.wire -  << "Content-Type: application/json[\r][\n]"
10:56:37.673 [main] DEBUG org.apache.http.wire -  << "Transfer-Encoding: chunked[\r][\n]"
10:56:37.673 [main] DEBUG org.apache.http.wire -  << "Connection: keep-alive[\r][\n]"
10:56:37.673 [main] DEBUG org.apache.http.wire -  << "[\r][\n]"
10:56:37.673 [main] DEBUG org.apache.http.impl.conn.DefaultClientConnection - Receiving response: HTTP/1.1 200 OK
10:56:37.673 [main] DEBUG org.apache.http.headers - << HTTP/1.1 200 OK
10:56:37.673 [main] DEBUG org.apache.http.headers - << Server: nginx/1.14.2
10:56:37.673 [main] DEBUG org.apache.http.headers - << Date: Sat, 14 May 2022 03:56:36 GMT
10:56:37.673 [main] DEBUG org.apache.http.headers - << Content-Type: application/json
10:56:37.673 [main] DEBUG org.apache.http.headers - << Transfer-Encoding: chunked
10:56:37.673 [main] DEBUG org.apache.http.headers - << Connection: keep-alive
10:56:37.673 [main] DEBUG org.apache.http.impl.client.DefaultHttpClient - Connection can be kept alive indefinitely
10:56:37.673 [main] DEBUG io.restassured.internal.RequestSpecificationImpl$RestAssuredHttpBuilder - Parsing response as: application/json
10:56:37.673 [main] DEBUG io.restassured.internal.RequestSpecificationImpl$RestAssuredHttpBuilder - Parsed data to instance of: class org.apache.http.conn.EofSensorInputStream
10:56:37.674 [main] DEBUG org.apache.http.wire -  << "1fa8[\r][\n]"
10:56:37.674 [main] DEBUG org.apache.http.wire -  << "{"data":[{"ID":1,"Name":"kesehatan","Description":""},{"ID":2,"Name":"kesehatan","Description":""},{"ID":3,"Name":"alat","Description":""},{"ID":4,"Name":"alat","Description":"sangat bagus"},{"ID":6,"Name":"kesehatan","Description":""},{"ID":9,"Name":"Tensi Darah Elektrik","Description":""},{"ID":10,"Name":"kesehatan","Description":""},{"ID":11,"Name":"kesehatan","Description":""},{"ID":12,"Name":"kesehatan jantung","Description":"gg"},{"ID":13,"Name":"kesehatan","Description":""},{"ID":14,"Name":"kesehatan","Description":""},{"ID":15,"Name":"kesehatan jantung","Description":"gg"},{"ID":16,"Name":"kesehatan","Description":""},{"ID":17,"Name":"kesehatan jantung","Description":"123451535"},{"ID":18,"Name":"kesehatan","Description":""},{"ID":19,"Name":"kesehatan","Description":""},{"ID":20,"Name":"kesehatan","Description":""},{"ID":21,"Name":"kesehatan","Description":""},{"ID":22,"Name":"kesehatan","Description":""},{"ID":23,"Name":"kesehatan","Description":""},{"ID":24,"Name":"kesehatan","Description":""},{"ID":25,"Name":"kesehatan","Description":""},{"ID":26,"Name":"kesehatan","Description":""},{"ID":27,"Name":"kesehatan","Description":""},{"ID":28,"Name":"kesehatan","Description":""},{"ID":29,"Name":"kesehatan","Description":""},{"ID":30,"Name":"kesehatan","Description":""},{"ID":31,"Name":"kesehatan","Description":""},{"ID":32,"Name":"kesehatan","Description":""},{"ID":33,"Name":"kesehatan","Description":""},{"ID":34,"Name":"kesehatan","Description":""},{"ID":35,"Name":"kesehatan","Description":""},{"ID":36,"Name":"kesehatan","Description":""},{"ID":37,"Name":"kesehatan","Description":""},{"ID":38,"Name":"kesehatan","Description":""},{"ID":39,"Name":"kesehatan","Description":""},{"ID":40,"Name":"kesehatan","Description":""},{"ID":41,"Name":"kesehatan","Description":""},{"ID":42,"Name":"kesehatan","Description":""},{"ID":43,"Name":"kesehatan","Description":""},{"ID":44,"Name":"kesehatan","Description":""},{"ID":45,"Name":"kesehatan","Description":""},{"ID":46,"Name":"Animal","Description":""},{"ID":47,"Name":"kesehatan","Description":""},{"ID":48,"Name":"kesehatan","Description":""},{"ID":49,"Name":"kesehatan","Description":""},{"ID":50,"Name":"kesehatan","Description":""},{"ID":51,"Name":"sehat","Description":""},{"ID":53,"Name":" ","Description":""},{"ID":58,"Name":"kesehatan","Description":""},{"ID":59,"Name":"kesehatan","Description":""},{"ID":60,"Name":"Animal","Description":""},{"ID":61,"Name":"Pakaian","Description":""},{"ID":62,"Name":"Pakaian","Description":""},{"ID":65,"Name":"kesehatan","Description":""},{"ID":66,"Name":"kesehatan","Description":""},{"ID":67,"Name":"kesehatan","Description":""},{"ID":68,"Name":"kesehatan","Description":""},{"ID":69,"Name":"kesehatan","Description":""},{"ID":70,"Name":"kesehatan","Description":""},{"ID":71,"Name":"kesehatan","Description":""},{"ID":72,"Name":"Pakaian","Description":""},{"ID":73,"Name":"Pakaian","Description":""},{"ID":74,"Name":"kesehatan","Description":""},{"ID":75,"Name":"kesehatan","Description":""},{"ID":76,"Name":"kesehatan","Description":""},{"ID":77,"Name":"kesehatan","Description":""},{"ID":78,"Name":"kesehatan","Description":""},{"ID":79,"Name":"kesehatan","Description":""},{"ID":80,"Name":"kesehatan","Description":""},{"ID":81,"Name":"Aksesoris","Description":""},{"ID":82,"Name":"kesehatan","Description":""},{"ID":83,"Name":"kesehatan","Description":""},{"ID":84,"Name":"kesehatan","Description":""},{"ID":85,"Name":"kesehatan","Description":""},{"ID":87,"Name":"kesehatan","Description":""},{"ID":88,"Name":"kesehatan","Description":""},{"ID":90,"Name":"kesehatan","Description":""},{"ID":91,"Name":"kesehatan","Description":""},{"ID":92,"Name":"kesehatan","Description":""},{"ID":93,"Name":"kesehatan","Description":""},{"ID":94,"Name":"kesehatan","Description":""},{"ID":95,"Name":"kesehatan","Description":""},{"ID":96,"Name":"kesehatan","Description":""},{"ID":97,"Name":"kesehatan","Description":""},{"ID":98,"Name":"Aksesoris","Description":""},{"ID":99,"Name":"Aksesoris","Description":""},{"ID":100,"Name":"kesehatan","Description":""},{"ID":101,"Name":"kesehatan","Description":""},{"ID":102,"Name":"kesehatan","Description":""},{"ID":103,"Name":"kesehatan","Description":""},{"ID":104,"Name":"kesehatan","Description":""},{"ID":105,"Name":"kesehatan","Description":""},{"ID":106,"Name":"kesehatan","Description":""},{"ID":107,"Name":"kesehatan","Description":""},{"ID":108,"Name":"kesehatan","Description":""},{"ID":109,"Name":"Toko Buah","Description":""},{"ID":111,"Name":"kesehatan","Description":""},{"ID":112,"Name":"kesehatan","Description":""},{"ID":113,"Name":"kesehatan","Description":""},{"ID":114,"Name":"Coba","Description":""},{"ID":115,"Name":"kesehatan","Description":""},{"ID":116,"Name":"kesehatan","Description":""},{"ID":117,"Name":"Toko Buah","Description":""},{"ID":118,"Name":"Toko Buah","Description":""},{"ID":119,"Name":"kesehatan","Description":""},{"ID":120,"Name":"kesehatan","Description":""},{"ID":121,"Name":"kesehatan jantung","Description":""},{"ID":124,"Name":"kesehatan jantung","Description":"123451535"},{"ID":126,"Name":"kesehatan","Description":""},{"ID":127,"Name":"kesehatan","Description":""},{"ID":128,"Name":"kesehatan","Description":""},{"ID":129,"Name":"kesehatan","Description":""},{"ID":130,"Name":"kesehatan","Description":""},{"ID":131,"Name":"kesehatan","Description":""},{"ID":132,"Name":"kesehatan","Description":""},{"ID":133,"Name":"kesehatan","Description":""},{"ID":134,"Name":"kesehatan","Description":""},{"ID":135,"Name":"kesehatan","Description":""},{"ID":136,"Name":"kesehatan","Description":""},{"ID":137,"Name":"kesehatan","Description":""},{"ID":138,"Name":"kesehatan","Description":""},{"ID":139,"Name":"kesehatan","Description":""},{"ID":140,"Name":"kesehatan","Description":""},{"ID":141,"Name":"kesehatan","Description":""},{"ID":142,"Name":"kesehatan","Description":""},{"ID":143,"Name":"kesehatan","Description":""},{"ID":144,"Name":"kesehatan","Description":""},{"ID":145,"Name":"kesehatan","Description":""},{"ID":146,"Name":"kesehatan","Description":""},{"ID":147,"Name":"kesehatan","Description":""},{"ID":148,"Name":"kesehatan","Description":"bagus"},{"ID":149,"Name":"kesehatan","Description":"bagus"},{"ID":150,"Name":"kesehatan","Description":"bagus"},{"ID":151,"Name":"kesehatan","Description":"bagus"},{"ID":154,"Name":"124","Description":"sangat bagus"},{"ID":155,"Name":"@","Description":"sangat bagus"},{"ID":157,"Name":"kesehatan","Description":""},{"ID":158,"Name":"kesehatan","Description":""},{"ID":160,"Name":"kesehatan","Description":""},{"ID":152,"Name":"kesehatan","Description":"sangat bagus"},{"ID":153,"Name":"kesehatan","Description":"sangat bagus"},{"ID":159,"Name":"alat","Description":""},{"ID":163,"Name":"xixixi","Description":""},{"ID":164,"Name":"kesehatan","Description":""},{"ID":165,"Name":"kesehatan","Description":""},{"ID":166,"Name":"kesehatan","Description":""},{"ID":167,"Name":"kesehatan","Description":""},{"ID":168,"Name":"kesehatan","Description":""},{"ID":169,"Name":"Covid-19","Description":""},{"ID":170,"Name":"kesehatan","Description":""},{"ID":171,"Name":"kesehatan","Description":""},{"ID":172,"Name":"kesehatan","Description":""},{"ID":173,"Name":"kesehatan","Description":""},{"ID":174,"Name":"kesehatan","Description":""},{"ID":175,"Name":"kesehatan","Description":""},{"ID":176,"Name":"kesehatan","Description":""},{"ID":177,"Name":"kesehatan","Description":""},{"ID":178,"Name":"kesehatan","Description":""},{"ID":179,"Name":"kesehatan","Description":""},{"ID":180,"Name":"kesehatan","Description":""},{"ID":181,"Name":"kesehatan","Description":""},{"ID":182,"Name":"kesehatan","Description":""},{"ID":183,"Name":"kesehatan","Description":""},{"ID":184,"Name":"kesehatan","Description":""},{"ID":185,"Name":"kesehatan","Description":""},{"ID":186,"Name":"kesehatan","Description":""},{"ID":187,"Name":"Toko Buah","Description":""},{"ID":188,"Name":"Toko Buah","Description":""},{"ID":189,"Name":"Toko Buah","Description":""},{"ID":190,"Name":"Toko Buah","
10:56:37.674 [main] DEBUG org.apache.http.wire -  << ""Description":""},{"ID":191,"Name":"kesehatan","Description":""},{"ID":192,"Name"
10:56:37.674 [main] DEBUG org.apache.http.wire -  << "[\r][\n]"
10:56:37.674 [main] DEBUG org.apache.http.wire -  << "2000[\r][\n]"
10:56:37.675 [main] DEBUG org.apache.http.wire -  << "":"alat","Description":""},{"ID":193,"Name":"kesehatan","Description":""},{"ID":194,"Name":"11","Description":""},{"ID":195,"Name":"69","Description":""},{"ID":196,"Name":"alat","Description":"sangat bagus"},{"ID":197,"Name":"alat","Description":"sangat bagus"},{"ID":198,"Name":"@@","Description":"sangat bagus"},{"ID":200,"Name":"abcdefghijklmnopqrstuvwxyzABCDefGHIJKLMANOP","Description":"sangat bagus"},{"ID":201,"Name":"abcdefghijklmnopqrstuvwxyzABCDefGHIJKLMANOPADSFSFASCFSACFASFFDAFSDF","Description":"sangat bagus"},{"ID":202,"Name":"kesehatan","Description":""},{"ID":203,"Name":"kesehatan jantung","Description":""},{"ID":204,"Name":"kesehatan","Description":""},{"ID":205,"Name":"kesehatan","Description":""},{"ID":206,"Name":"kesehatan","Description":""},{"ID":207,"Name":"kesehatan","Description":""},{"ID":208,"Name":"kecantikan","Description":""},{"ID":209,"Name":"Animal","Description":""},{"ID":210,"Name":"Meta","Description":""},{"ID":211,"Name":"K2","Description":""},{"ID":213,"Name":"Teleskop","Description":""},{"ID":214,"Name":"Gajah","Description":""},{"ID":215,"Name":"Gajah","Description":""},{"ID":216,"Name":"keseaatan","Description":""},{"ID":217,"Name":"gajah","Description":""},{"ID":218,"Name":"cow","Description":""},{"ID":219,"Name":"34","Description":""},{"ID":220,"Name":"kesehatan","Description":""},{"ID":224,"Name":"Animal","Description":""},{"ID":225,"Name":"Ini","Description":""},{"ID":226,"Name":"Toko Buah Elektrik","Description":""},{"ID":227,"Name":"kesehatan","Description":""},{"ID":228,"Name":"kesehatan","Description":""},{"ID":229,"Name":"kesehatan","Description":""},{"ID":230,"Name":"kesehatan","Description":""},{"ID":231,"Name":"kesehatan","Description":""},{"ID":232,"Name":"kesehatan","Description":""},{"ID":233,"Name":"kesehatan","Description":""},{"ID":234,"Name":"kesehatan","Description":""},{"ID":235,"Name":"kesehatan","Description":""},{"ID":236,"Name":"kesehatan","Description":""},{"ID":237,"Name":"kesehatan","Description":""},{"ID":238,"Name":"kesehatan","Description":""},{"ID":239,"Name":"kesehatan","Description":""},{"ID":240,"Name":"kesehatan","Description":""},{"ID":241,"Name":"kesehatan","Description":""},{"ID":242,"Name":"kesehatan","Description":""},{"ID":243,"Name":"kesehatan","Description":""},{"ID":244,"Name":"kesehatan","Description":""},{"ID":245,"Name":"kesehatan","Description":""},{"ID":246,"Name":"kesehatan","Description":""},{"ID":247,"Name":"kesehatan","Description":""},{"ID":248,"Name":"kesehatan","Description":""},{"ID":249,"Name":"kesehatan","Description":""},{"ID":250,"Name":"kesehatan","Description":""},{"ID":251,"Name":"kesehatan","Description":""},{"ID":252,"Name":"kesehatan","Description":""},{"ID":253,"Name":"kesehatan","Description":""},{"ID":254,"Name":"kesehatan","Description":""},{"ID":255,"Name":"kesehatan","Description":""},{"ID":256,"Name":"kesehatan","Description":""},{"ID":257,"Name":"kesehatan","Description":""},{"ID":258,"Name":"kesehatan","Description":""},{"ID":259,"Name":"kesehatan","Description":""},{"ID":260,"Name":"kesehatan","Description":""},{"ID":261,"Name":"kesehatan","Description":""},{"ID":262,"Name":"kesehatan","Description":""},{"ID":263,"Name":"kesehatan","Description":""},{"ID":264,"Name":"kesehatan","Description":""},{"ID":265,"Name":"kesehatan","Description":""},{"ID":266,"Name":"kesehatan","Description":""},{"ID":267,"Name":"kesehatan","Description":""},{"ID":269,"Name":"kesehatan","Description":""},{"ID":270,"Name":"kesehatan","Description":""},{"ID":271,"Name":"kesehatan","Description":""},{"ID":272,"Name":"kesehatan","Description":""},{"ID":273,"Name":"kesehatan","Description":""},{"ID":274,"Name":"kesehatan","Description":""},{"ID":275,"Name":"kesehatan","Description":""},{"ID":276,"Name":"kesehatan","Description":""},{"ID":277,"Name":"kesehatan","Description":""},{"ID":278,"Name":"kesehatan","Description":""},{"ID":279,"Name":"kesehatan","Description":""},{"ID":280,"Name":"kesehatan","Description":""},{"ID":281,"Name":"kesehatan","Description":""},{"ID":282,"Name":"kesehatan","Description":""},{"ID":283,"Name":"kesehatan","Description":""},{"ID":284,"Name":"kesehatan","Description":""},{"ID":285,"Name":"kesehatan","Description":""},{"ID":286,"Name":"kesehatan","Description":""},{"ID":287,"Name":"kesehatan","Description":""},{"ID":288,"Name":"kesehatan","Description":""},{"ID":289,"Name":"kesehatan","Description":""},{"ID":290,"Name":"kesehatan","Description":""},{"ID":291,"Name":"kesehatan","Description":""},{"ID":292,"Name":"kesehatan","Description":""},{"ID":293,"Name":"kesehatan","Description":""},{"ID":294,"Name":"kesehatan","Description":""},{"ID":295,"Name":"kesehatan","Description":""},{"ID":296,"Name":"kesehatan","Description":""},{"ID":297,"Name":"kesehatan","Description":""},{"ID":298,"Name":"kesehatan","Description":""},{"ID":299,"Name":"kesehatan","Description":""},{"ID":302,"Name":"kesehatan","Description":""},{"ID":304,"Name":"kesehatan","Description":""},{"ID":300,"Name":"kesehatan","Description":""},{"ID":301,"Name":"kesehatan","Description":""},{"ID":303,"Name":"kesehatan","Description":""},{"ID":305,"Name":"kesehatan","Description":""},{"ID":306,"Name":"kesehatan","Description":""},{"ID":307,"Name":"Ini","Description":""},{"ID":308,"Name":"kesehatan","Description":""},{"ID":309,"Name":"kesehatan","Description":""},{"ID":310,"Name":"kesehatan","Description":""},{"ID":311,"Name":"Aksesoris","Description":""},{"ID":312,"Name":"kesehatan","Description":""},{"ID":313,"Name":"kesehatan","Description":"health"},{"ID":316,"Name":" ","Description":""},{"ID":318,"Name":"kesehatan","Description":""},{"ID":319,"Name":"kesehatan","Description":""},{"ID":320,"Name":"kesehatan","Description":""},{"ID":321,"Name":"kesehatan","Description":""},{"ID":326,"Name":"kesehatan","Description":""},{"ID":328,"Name":"kesehatan","Description":""},{"ID":329,"Name":"Makanan","Description":""},{"ID":330,"Name":"Kopi","Description":""},{"ID":331,"Name":"Kopi","Description":""},{"ID":332,"Name":"12__@","Description":""},{"ID":333,"Name":"12__@","Description":""},{"ID":334,"Name":"12__@","Description":""},{"ID":335,"Name":"12__@","Description":""},{"ID":336,"Name":"Sport","Description":""},{"ID":337,"Name":"kesehatan","Description":""},{"ID":338,"Name":"health","Description":""},{"ID":340,"Name":"Sport","Description":""},{"ID":341,"Name":"Sport","Description":""},{"ID":342,"Name":"2341","Description":""},{"ID":343,"Name":"Sport","Description":""},{"ID":344,"Name":"kesehatan","Description":""},{"ID":345,"Name":"kesehatan","Description":""},{"ID":346,"Name":"kesehatan","Description":""},{"ID":347,"Name":"kesehatan","Description":""},{"ID":348,"Name":"kesehatan","Description":""},{"ID":349,"Name":"kesehatan","Description":""},{"ID":351,"Name":"kesehatan","Description":""},{"ID":353,"Name":"kesehatan","Description":""},{"ID":355,"Name":"kesehatan","Description":""},{"ID":357,"Name":"trex","Description":""},{"ID":358,"Name":"kesehatan","Description":""},{"ID":360,"Name":"kesehatan","Description":""},{"ID":362,"Name":"kesehatan","Description":""},{"ID":364,"Name":"kesehatan","Description":""},{"ID":366,"Name":"kesehatan","Description":""},{"ID":368,"Name":"kesehatan","Description":""},{"ID":370,"Name":"health","Description":""},{"ID":371,"Name":"health","Description":""},{"ID":372,"Name":"health","Description":""},{"ID":383,"Name":"12__@","Description":""},{"ID":384,"Name":"kesehatan","Description":""},{"ID":386,"Name":"kesehatan","Description":""},{"ID":387,"Name":"kesehatan","Description":""},{"ID":388,"Name":"kesehatan","Description":""},{"ID":389,"Name":"kesehatan","Description":""},{"ID":390,"Name":"kesehatan","Description":""},{"ID":391,"Name":"health","Description":""},{"ID":393,"Name":"Sport","Description":""},{"ID":394,"Name":"Sport","Description":""},{"ID":395,"Name":"Sport","Description":""},{"ID":396,"Name":"Dress wanita","Description":""},{"ID":397,"Name":"Sport","Description":""},{"ID":398,"Name":"Sport","Description":""},{"ID":399,"Name":"Sport","Description":""},{"ID":400,"Name":"Sport","Description":""},{"ID":401,"Name":"Sport","Description":""},{"ID":402,"Nam"
10:56:37.675 [main] DEBUG org.apache.http.wire -  << "e":"Sport","Description":""},{"ID":403,"Name":"Sport","Description":""},{"ID":404,"Name""
10:56:37.675 [main] DEBUG org.apache.http.wire -  << "[\r][\n]"
10:56:37.675 [main] DEBUG org.apache.http.wire -  << "2000[\r][\n]"
10:56:37.675 [main] DEBUG org.apache.http.wire -  << ":"Sport","Description":""},{"ID":405,"Name":"Sport","Description":""},{"ID":406,"Name":"Sport","Description":""},{"ID":407,"Name":"Sport","Description":""},{"ID":408,"Name":"Sport","Description":""},{"ID":409,"Name":"Sport","Description":""},{"ID":410,"Name":"Sport","Description":""},{"ID":411,"Name":"Sport","Description":""},{"ID":412,"Name":"kesehatan","Description":""},{"ID":413,"Name":"kesehatan","Description":""},{"ID":414,"Name":"12__@","Description":""},{"ID":415,"Name":"kesehatan","Description":""},{"ID":416,"Name":"12__@","Description":""},{"ID":417,"Name":"kesehatan","Description":""},{"ID":418,"Name":"12__@","Description":""},{"ID":419,"Name":"Batik wanita","Description":""},{"ID":420,"Name":"Dress Batik","Description":""},{"ID":421,"Name":"Dress Batik","Description":""},{"ID":422,"Name":"Dress Batik Wanita","Description":""},{"ID":423,"Name":"Dress Batik Wanita","Description":""},{"ID":424,"Name":"Dress Batik Wanita","Description":""},{"ID":425,"Name":"Alat Pancing","Description":""},{"ID":426,"Name":"Alat Pancing lagi","Description":""},{"ID":427,"Name":"Alat Pancing Mania","Description":""},{"ID":428,"Name":"kesehatan","Description":""},{"ID":429,"Name":"kesehatan","Description":""},{"ID":430,"Name":"kesehatan","Description":""},{"ID":431,"Name":"kesehatan","Description":""},{"ID":432,"Name":"kesehatan","Description":""},{"ID":433,"Name":"pempek","Description":""},{"ID":434,"Name":"kesehatan","Description":""},{"ID":435,"Name":"565656567","Description":""},{"ID":437,"Name":"kesehatan","Description":""},{"ID":438,"Name":"kesehatan","Description":""},{"ID":439,"Name":"kesehatan","Description":""},{"ID":440,"Name":"Animal","Description":""},{"ID":441,"Name":"pempek","Description":""},{"ID":443,"Name":"123","Description":""},{"ID":445,"Name":"xixixi","Description":""},{"ID":446,"Name":"xixixi","Description":""},{"ID":447,"Name":"xixixi","Description":""},{"ID":448,"Name":"xixixi","Description":""},{"ID":449,"Name":"kesehatan","Description":""},{"ID":450,"Name":"kesehatan","Description":""},{"ID":451,"Name":"keselamatan","Description":""},{"ID":452,"Name":"keselamatan kerja","Description":""},{"ID":453,"Name":"keselamatan kerja","Description":"gunakan masker"},{"ID":455,"Name":"Alat Pancing Mania","Description":""},{"ID":456,"Name":"kehidupan","Description":""},{"ID":457,"Name":"@","Description":""},{"ID":458,"Name":"@kesehatan","Description":""},{"ID":459,"Name":"kesehatan3","Description":""},{"ID":460,"Name":"#123","Description":""},{"ID":461,"Name":"kesehatan3##","Description":""},{"ID":462,"Name":"KESELAMATAN 12","Description":""},{"ID":463,"Name":"KESELAMATAN 12","Description":"memkai masker"},{"ID":464,"Name":"##KESELAMATAN 12","Description":"memkai masker"},{"ID":465,"Name":"Pakaian","Description":""},{"ID":466,"Name":"kesehatan1234","Description":""},{"ID":467,"Name":"kesehatan","Description":""},{"ID":468,"Name":"kesehatan","Description":""},{"ID":469,"Name":"Pakaian","Description":""},{"ID":470,"Name":"kesehatan","Description":""},{"ID":471,"Name":"kesehatan","Description":""},{"ID":473,"Name":"Aksesoris","Description":""},{"ID":472,"Name":"kesehatan","Description":""},{"ID":474,"Name":"Toko Elektrik Pak Amir","Description":""},{"ID":475,"Name":"Toko Elektrik Pak Amir","Description":""},{"ID":476,"Name":"kesehatan","Description":""},{"ID":477,"Name":"kesehatan","Description":""},{"ID":478,"Name":"kesehatan","Description":""},{"ID":479,"Name":"kesehatan","Description":""},{"ID":480,"Name":"kesehatan","Description":""},{"ID":483,"Name":"kesehatan","Description":""},{"ID":484,"Name":"kesehatan","Description":""},{"ID":485,"Name":"kesehatan","Description":"haha"},{"ID":486,"Name":"kesehatan","Description":"haha"},{"ID":487,"Name":"coba","Description":"haha"},{"ID":488,"Name":"coba","Description":"haha"},{"ID":490,"Name":"coba","Description":""},{"ID":491,"Name":"coba","Description":"haha"},{"ID":492,"Name":"coba","Description":""},{"ID":493,"Name":"coba","Description":"ini desc"},{"ID":494,"Name":"coba","Description":"ini desc"},{"ID":495,"Name":"coba","Description":"ini desc"},{"ID":496,"Name":"Sport","Description":""},{"ID":497,"Name":"kesehatan","Description":""},{"ID":500,"Name":"kesehatan jangka panjang","Description":""},{"ID":501,"Name":"sda","Description":""},{"ID":503,"Name":"coba","Description":"ini desc"},{"ID":504,"Name":"coba","Description":""},{"ID":506,"Name":"coba","Description":"ini desc"},{"ID":507,"Name":"coba","Description":""},{"ID":509,"Name":"coba","Description":"ini desc"},{"ID":510,"Name":"coba","Description":""},{"ID":511,"Name":"kesehatan","Description":""},{"ID":512,"Name":"Aksesoris","Description":""},{"ID":513,"Name":"kesehatan","Description":""},{"ID":516,"Name":"Kategori Bersama","Description":""},{"ID":517,"Name":"Kategori Bersama","Description":""},{"ID":518,"Name":"Kategori Bersama","Description":""},{"ID":519,"Name":"Kategori Bersama","Description":""},{"ID":520,"Name":"Kategori Bersama","Description":""},{"ID":521,"Name":"kesehatan","Description":""},{"ID":524,"Name":"Kategori Bersama","Description":""},{"ID":525,"Name":"Kategori Bersama","Description":""},{"ID":526,"Name":"Kategori Bersama","Description":""},{"ID":527,"Name":"Kategori Bersama","Description":""},{"ID":528,"Name":"Kategori Bersama","Description":""},{"ID":529,"Name":"Kategori Bersama","Description":""},{"ID":530,"Name":"Kategori Bersama","Description":""},{"ID":531,"Name":"Kategori Bersama","Description":""},{"ID":532,"Name":"Kategori Bersama","Description":""},{"ID":533,"Name":"Kategori Bersama","Description":""},{"ID":534,"Name":"Kategori Bersama","Description":""},{"ID":535,"Name":"Kategori Bersama","Description":""},{"ID":536,"Name":"Kategori Bersama","Description":""},{"ID":537,"Name":"Kategori Bersama","Description":""},{"ID":538,"Name":"Kategori Bersama","Description":""},{"ID":539,"Name":"Kategori Bersama","Description":""},{"ID":540,"Name":"Kategori Bersama","Description":""},{"ID":541,"Name":"Kategori Bersama","Description":""},{"ID":542,"Name":"Kategori Bersama","Description":""},{"ID":543,"Name":"Kategori Bersama","Description":""},{"ID":544,"Name":"Kategori Bersama","Description":"kategori kebersamaan"},{"ID":545,"Name":"Kategori Bersama","Description":"kategori kebersamaan"},{"ID":546,"Name":"Kategori Bersama","Description":"kategori kebersamaan"},{"ID":547,"Name":"Kategori Bersama","Description":"kategori kebersamaan"},{"ID":548,"Name":"alat","Description":""},{"ID":549,"Name":"Aksesoris","Description":""},{"ID":550,"Name":"Aksesoris","Description":""},{"ID":551,"Name":"Toko Buah","Description":""},{"ID":552,"Name":"Toko Buah","Description":""},{"ID":553,"Name":"Toko Buah","Description":""},{"ID":554,"Name":"Toko Buah","Description":""},{"ID":556,"Name":"Gak Tau Bingung","Description":""},{"ID":559,"Name":"Gak Tau Bingung","Description":""},{"ID":561,"Name":"Alat Pancing Mania","Description":""},{"ID":562,"Name":"kesehatan","Description":""},{"ID":563,"Name":"alat olahraga","Description":""},{"ID":565,"Name":"fashion","Description":""},{"ID":566,"Name":"kesehatan","Description":""},{"ID":567,"Name":"kesehatan","Description":""},{"ID":568,"Name":"kesehatan","Description":""},{"ID":569,"Name":"Elektronik","Description":""},{"ID":570,"Name":"Elektronik","Description":""},{"ID":571,"Name":"Kategori Bersama","Description":"kategori kebersamaan"},{"ID":572,"Name":"Kategori Bersama","Description":"kategori kebersamaan"},{"ID":574,"Name":" ","Description":""},{"ID":576,"Name":"aas1231","Description":""},{"ID":577,"Name":"000","Description":""},{"ID":580,"Name":"a","Description":""},{"ID":581,"Name":"Toko Elektrik Pak Amir","Description":""},{"ID":582,"Name":"kesehatan","Description":""},{"ID":583,"Name":"kesehatan","Description":""},{"ID":584,"Name":"kesehatan","Description":""},{"ID":585,"Name":"kesehatan","Description":""},{"ID":586,"Name":"kesehatan","Description":""},{"ID":587,"Name":"kesehatan","Description":""},{"ID":588,"Name":"kesehatan","Description":""},{"ID":589,"Name":"kesehatan","Description":""},{"ID":590,"Name":"kesehatan","Description":""},{"ID":591,"Name":"kesehatan","Description":""},{"ID":592,"Name":"
10:56:37.675 [main] DEBUG org.apache.http.wire -  << ""kesehatan","Description":""},{"ID":593,"Name":"kesehatan","Description":""},{"ID":594,"Name":"k"
10:56:37.675 [main] DEBUG org.apache.http.wire -  << "[\r][\n]"
10:56:37.675 [main] DEBUG org.apache.http.wire -  << "2000[\r][\n]"
10:56:37.675 [main] DEBUG org.apache.http.wire -  << "esehatan","Description":""},{"ID":595,"Name":"kesehatan","Description":""},{"ID":596,"Name":"kesehatan","Description":""},{"ID":597,"Name":"kesehatan","Description":""},{"ID":598,"Name":"kesehatan","Description":""},{"ID":599,"Name":"kesehatan","Description":""},{"ID":600,"Name":"kesehatan","Description":""},{"ID":601,"Name":"kesehatan","Description":""},{"ID":602,"Name":"kesehatan","Description":""},{"ID":603,"Name":"kesehatan","Description":""},{"ID":604,"Name":"kesehatan","Description":""},{"ID":605,"Name":"kesehatan","Description":""},{"ID":606,"Name":"kesehatan","Description":""},{"ID":608,"Name":"kesehatan","Description":""},{"ID":609,"Name":"kesehatan","Description":""},{"ID":610,"Name":"kesehatan","Description":""},{"ID":611,"Name":"kesehatan","Description":""},{"ID":612,"Name":"kesehatan","Description":""},{"ID":613,"Name":"kesehatan","Description":""},{"ID":614,"Name":"kesehatan","Description":""},{"ID":615,"Name":"kesehatan","Description":""},{"ID":618,"Name":"kesehatan","Description":""},{"ID":619,"Name":"kesehatan","Description":""},{"ID":620,"Name":"kesehatan","Description":""},{"ID":621,"Name":"kesehatan","Description":""},{"ID":622,"Name":"kesehatan","Description":""},{"ID":623,"Name":"kesehatan","Description":""},{"ID":624,"Name":"kesehatan1","Description":""},{"ID":626,"Name":"kesehatan1","Description":""},{"ID":628,"Name":"kesehat@n","Description":""},{"ID":631,"Name":"kesehatan","Description":""},{"ID":633,"Name":"kesehatan","Description":""},{"ID":635,"Name":"kesehatan","Description":""},{"ID":636,"Name":"kesehatan","Description":""},{"ID":649,"Name":"kesehatan","Description":""},{"ID":650,"Name":"kesehatan","Description":""},{"ID":651,"Name":"kesehatan","Description":""},{"ID":652,"Name":"kesehatan","Description":""},{"ID":653,"Name":"kesehatan","Description":""},{"ID":654,"Name":"kesehatan","Description":""},{"ID":656,"Name":"kesehatan","Description":""},{"ID":657,"Name":"kesehatan","Description":""},{"ID":659,"Name":"kesehatan","Description":""},{"ID":665,"Name":"Kategori Bersama","Description":"kategori kebersamaan"},{"ID":667,"Name":"Kategori Bersama","Description":"kategori kebersamaan"},{"ID":668,"Name":"Kategori Bersama","Description":"kategori kebersamaan"},{"ID":669,"Name":"Kategori Bersama","Description":"kategori kebersamaan"},{"ID":625,"Name":"kesehatan1","Description":""},{"ID":627,"Name":"kesehat@n","Description":""},{"ID":630,"Name":"kesehatan","Description":""},{"ID":632,"Name":"kesehatan","Description":""},{"ID":634,"Name":"kesehatan","Description":""},{"ID":637,"Name":"kesehatan","Description":""},{"ID":638,"Name":"kesehatan","Description":""},{"ID":639,"Name":"kesehatan","Description":""},{"ID":640,"Name":"kesehatan","Description":""},{"ID":643,"Name":"kesehatan","Description":""},{"ID":644,"Name":"kesehatan","Description":""},{"ID":645,"Name":"kesehatan","Description":""},{"ID":647,"Name":"kesehatan","Description":""},{"ID":648,"Name":"kesehatan","Description":""},{"ID":655,"Name":"kesehatan","Description":""},{"ID":681,"Name":"kesehatan","Description":""},{"ID":683,"Name":"kesehatan","Description":""},{"ID":685,"Name":"kesehatan","Description":""},{"ID":687,"Name":"kesehatan","Description":""},{"ID":689,"Name":"kesehatan","Description":""},{"ID":691,"Name":"kesehatan","Description":""},{"ID":693,"Name":"kesehatan","Description":""},{"ID":695,"Name":"kesehatan","Description":""},{"ID":697,"Name":"kesehatan","Description":""},{"ID":699,"Name":"kesehatan","Description":""},{"ID":701,"Name":"Makanan","Description":""},{"ID":702,"Name":"Makanan","Description":"Bakso"},{"ID":703,"Name":"Makanan","Description":"Bakso"},{"ID":704,"Name":"Makanan","Description":"Bakso"},{"ID":705,"Name":"Makanan","Description":"Bakso"},{"ID":706,"Name":"Makanan","Description":"Bakso"},{"ID":707,"Name":"kesehatan","Description":""},{"ID":708,"Name":"kesehatan","Description":""},{"ID":709,"Name":"kesehatan","Description":""},{"ID":710,"Name":"kesehatan","Description":""},{"ID":711,"Name":"kesehatan","Description":""},{"ID":712,"Name":"kesehatan","Description":""},{"ID":713,"Name":"kesehatan","Description":""},{"ID":714,"Name":"a","Description":""},{"ID":715,"Name":"Pakaian Pria","Description":""},{"ID":716,"Name":"fashion","Description":""},{"ID":718,"Name":"Pakaian Pria","Description":""},{"ID":723,"Name":"kesehatan","Description":""},{"ID":724,"Name":"kesehatan","Description":""},{"ID":725,"Name":"kesehatan","Description":""},{"ID":726,"Name":"health","Description":""},{"ID":728,"Name":"health","Description":""},{"ID":730,"Name":"Makanan","Description":"Bakso"},{"ID":731,"Name":"health","Description":""},{"ID":733,"Name":"Makanan","Description":"Bakso"},{"ID":734,"Name":"Makanan","Description":"Bakso"},{"ID":735,"Name":"Makanan","Description":"Bakso"},{"ID":736,"Name":"health","Description":""},{"ID":738,"Name":"health","Description":""},{"ID":740,"Name":"health","Description":""},{"ID":742,"Name":"health","Description":""},{"ID":744,"Name":"kesehatan","Description":""},{"ID":746,"Name":"health","Description":""},{"ID":748,"Name":"health","Description":""},{"ID":750,"Name":"health","Description":""},{"ID":752,"Name":"health","Description":""},{"ID":754,"Name":"health","Description":""},{"ID":756,"Name":"gadget","Description":""},{"ID":757,"Name":"gadget","Description":""},{"ID":758,"Name":"gadget","Description":""},{"ID":759,"Name":"gadget","Description":""},{"ID":760,"Name":"gadget","Description":""},{"ID":762,"Name":"gadget","Description":""},{"ID":764,"Name":"gadget","Description":""},{"ID":766,"Name":"gadget","Description":""},{"ID":768,"Name":"gadget","Description":""},{"ID":770,"Name":"gadget","Description":""},{"ID":773,"Name":"gadget","Description":""},{"ID":775,"Name":"gadget","Description":""},{"ID":777,"Name":"Makanan","Description":"Bakso"},{"ID":778,"Name":"Makanan","Description":"Bakso"},{"ID":779,"Name":"kesehatan","Description":""},{"ID":780,"Name":"Makanan","Description":"Bakso"},{"ID":781,"Name":"Fashion","Description":""},{"ID":782,"Name":"Makanan","Description":"Bakso"},{"ID":783,"Name":"Makanan","Description":"Bakso"},{"ID":784,"Name":"Makanan","Description":"Bakso"},{"ID":785,"Name":"Makanan","Description":"Bakso"},{"ID":786,"Name":"Makanan","Description":"Bakso"},{"ID":787,"Name":"Makanan","Description":"Bakso"},{"ID":788,"Name":"Makanan","Description":"Bakso"},{"ID":789,"Name":"Makanan","Description":"Bakso"},{"ID":790,"Name":"Makanan","Description":"Bakso"},{"ID":791,"Name":"Makanan","Description":"Bakso"},{"ID":792,"Name":"kesehatan","Description":""},{"ID":794,"Name":"kesehatan","Description":""},{"ID":796,"Name":"Makanan","Description":"Bakso"},{"ID":797,"Name":"kesehatan","Description":""},{"ID":799,"Name":"kesehatan123","Description":""},{"ID":800,"Name":"Makanan","Description":"Bakso"},{"ID":801,"Name":"kesehatan","Description":""},{"ID":803,"Name":"1234a@@@4141682","Description":""},{"ID":804,"Name":"kesehatan","Description":""},{"ID":806,"Name":"123","Description":""},{"ID":807,"Name":"123","Description":""},{"ID":808,"Name":"@123","Description":""},{"ID":809,"Name":"--1241","Description":""},{"ID":810,"Name":"123","Description":""},{"ID":811,"Name":"@123","Description":""},{"ID":812,"Name":"--1241","Description":""},{"ID":813,"Name":"kesehatan@##","Description":""},{"ID":814,"Name":"Pakaian Pria","Description":""},{"ID":817,"Name":"kesehatan","Description":""},{"ID":819,"Name":"kesehat","Description":""},{"ID":824,"Name":"Kategori Bersama","Description":""},{"ID":825,"Name":"Kategori Bersama","Description":""},{"ID":826,"Name":"Kategori Bersama","Description":""},{"ID":827,"Name":"kesehatan","Description":""},{"ID":828,"Name":"kesehatan","Description":""},{"ID":831,"Name":"Kategori Bersama","Description":""},{"ID":832,"Name":"Kategori Bersama","Description":""},{"ID":833,"Name":"Kategori Bersama","Description":""},{"ID":834,"Name":"Kategori Bersama","Description":""},{"ID":835,"Name":"Kategori Bersama","Description":""},{"ID":836,"Name":"Kategori Bersama","Description":""},{"ID":837,"Name":"Kategori Bersama","Description":""},{"ID":838,"Name":"Kategori Bersama","Description":""},{"ID""
10:56:37.799 [main] DEBUG org.apache.http.wire -  << ":839,"Name":"Kategori Bersama","Description":""},{"ID":840,"Name":"Kategori Bersama","Description":""},{"
10:56:37.799 [main] DEBUG org.apache.http.wire -  << "[\r][\n]"
10:56:37.799 [main] DEBUG org.apache.http.wire -  << "1000[\r][\n]"
10:56:37.799 [main] DEBUG org.apache.http.wire -  << ""ID":841,"Name":"kesehatan","Description":""},{"ID":843,"Name":"kesehatan","Description":""},{"ID":844,"Name":"12__@","Description":""},{"ID":845,"Name":"kesehatan","Description":""},{"ID":846,"Name":"kesehatan","Description":""},{"ID":847,"Name":"123","Description":""},{"ID":848,"Name":"@123","Description":""},{"ID":850,"Name":"kesehatan@##","Description":""},{"ID":851,"Name":"123","Description":""},{"ID":853,"Name":"--1241","Description":""},{"ID":855,"Name":"kesehatan","Description":""},{"ID":857,"Name":"bajuku","Description":""},{"ID":858,"Name":"bajuku","Description":""},{"ID":860,"Name":"bajuku","Description":""},{"ID":862,"Name":"bajuku","Description":""},{"ID":864,"Name":"bajuku","Description":""},{"ID":866,"Name":"bajuku","Description":""},{"ID":867,"Name":"bajuku","Description":""},{"ID":869,"Name":"bajuku","Description":""},{"ID":870,"Name":"bajuku","Description":""},{"ID":874,"Name":"kesehatan jantung","Description":""},{"ID":875,"Name":"Test","Description":""},{"ID":878,"Name":"kesehatan","Description":""},{"ID":879,"Name":"kesehatan","Description":""},{"ID":880,"Name":"Makanan","Description":"Bakso"},{"ID":882,"Name":"Makanan","Description":"Bakso"},{"ID":849,"Name":"--1241","Description":""},{"ID":852,"Name":"@123","Description":""},{"ID":854,"Name":"kesehatan@##","Description":""},{"ID":856,"Name":"pensil","Description":""},{"ID":859,"Name":"bajuku","Description":""},{"ID":861,"Name":"bajuku","Description":""},{"ID":863,"Name":"bajuku","Description":""},{"ID":865,"Name":"bajuku","Description":""},{"ID":868,"Name":"bajuku","Description":""},{"ID":871,"Name":"bajuku","Description":""},{"ID":872,"Name":"kesehatan","Description":""},{"ID":873,"Name":"kesehatan","Description":""},{"ID":877,"Name":"Elektronik","Description":""},{"ID":881,"Name":"kesehatan","Description":""},{"ID":883,"Name":"kesehatan","Description":""},{"ID":884,"Name":"kesehatan","Description":""},{"ID":885,"Name":"kesehatan","Description":""},{"ID":886,"Name":"12__@","Description":""},{"ID":887,"Name":"kesehatan","Description":""},{"ID":888,"Name":"kesehatan","Description":""},{"ID":889,"Name":"kesehatan","Description":""},{"ID":890,"Name":"Kategori Bersama","Description":"kategori kebersamaan"},{"ID":891,"Name":"Kategori Bersama","Description":"kategori kebersamaan"},{"ID":892,"Name":"Kategori Bersama","Description":""},{"ID":893,"Name":"Kategori Bersama","Description":""},{"ID":894,"Name":"Makanan","Description":"Bakso"},{"ID":895,"Name":"kesehatan","Description":""},{"ID":896,"Name":"Makanan","Description":"Bakso"},{"ID":897,"Name":"kesehatan","Description":""},{"ID":898,"Name":"kesehatan","Description":""},{"ID":899,"Name":"kesehatan","Description":""},{"ID":900,"Name":"Kategori Bersama","Description":""},{"ID":901,"Name":"Kategori Bersama","Description":""},{"ID":902,"Name":"elektronik","Description":""},{"ID":903,"Name":"kesehatan","Description":""},{"ID":904,"Name":"kesehatan","Description":""},{"ID":905,"Name":"kesehatan","Description":""},{"ID":906,"Name":"prila","Description":""},{"ID":907,"Name":"Makanan","Description":"Bakso"},{"ID":908,"Name":"prila@","Description":""},{"ID":909,"Name":"prila","Description":""},{"ID":910,"Name":"kesehatan","Description":""},{"ID":911,"Name":"kesehatan","Description":""},{"ID":912,"Name":"kesehatan","Description":""},{"ID":913,"Name":"Permen","Description":""},{"ID":914,"Name":"kesehatan","Description":""},{"ID":915,"Name":"Kategori Bersama","Description":"kategori kebersamaan"},{"ID":916,"Name":"Kategori Bersama","Description":"kategori kebersamaan"},{"ID":917,"Name":"Sample","Description":""},{"ID":918,"Name":"Kategori Bersama","Description":"kategori kebersamaan"},{"ID":919,"Name":"Kategori Bersama","Description":"kategori kebersamaan"},{"ID":920,"Name":"Makanan","Description":"Bakso"},{"ID":921,"Name":"Kategori Bersama","Description":"kategori kebersamaan"},{"ID":922,"Name":"kesehatan","Description":""},{"ID":923,"Name":"Kategori Bersama","Description":"kategori kebersamaan"},{"ID":924,"Name":"kesehatan","Description":""},{"ID":925,"Name":"kesehatan","Description":""},{"ID":926,"Name":"Sample"
10:56:37.799 [main] DEBUG org.apache.http.wire -  << "[\r][\n]"
10:56:37.799 [main] DEBUG org.apache.http.wire -  << "6d31[\r][\n]"
10:56:37.799 [main] DEBUG org.apache.http.wire -  << " Category","Description":""},{"ID":928,"Name":"Sample Category","Description":""},{"ID":929,"Name":"Kategori Bersama","Description":"kategori kebersamaan"},{"ID":930,"Name":"Kategori Bersama","Description":"kategori kebersamaan"},{"ID":931,"Name":"Toko Elektrik Pak Amir","Description":""},{"ID":932,"Name":"Barang Illegal","Description":""},{"ID":934,"Name":"Kategori Bersama","Description":"kategori kebersamaan"},{"ID":935,"Name":"Barang Illegal","Description":""},{"ID":937,"Name":"Makanan","Description":"Bakso"},{"ID":938,"Name":"kesehatan","Description":""},{"ID":939,"Name":"Kategori Bersama","Description":"kategori kebersamaan"},{"ID":940,"Name":"Makanan","Description":"Bakso"},{"ID":941,"Name":"Barang Illegal","Description":""},{"ID":942,"Name":"Kategori Bersama","Description":"kategori kebersamaan"},{"ID":944,"Name":"Kategori Bersama","Description":""},{"ID":945,"Name":"Barang Illegal","Description":""},{"ID":947,"Name":"Kategori Bersama","Description":"kategori kebersamaan"},{"ID":948,"Name":"Kategori Bersama","Description":""},{"ID":949,"Name":"Barang Illegal","Description":""},{"ID":950,"Name":"elektronik","Description":""},{"ID":952,"Name":"elektronik","Description":""},{"ID":953,"Name":"kesehatan","Description":""},{"ID":954,"Name":"Kategori Bersama","Description":""},{"ID":955,"Name":"Barang Illegal","Description":""},{"ID":956,"Name":"Kategori Bersama","Description":""},{"ID":957,"Name":"Kategori Bersama","Description":""},{"ID":958,"Name":"Barang Illegal","Description":""},{"ID":959,"Name":"kesehatan","Description":""},{"ID":960,"Name":"kesehatan","Description":""},{"ID":961,"Name":"kesehatan","Description":""},{"ID":962,"Name":"kesehatan","Description":""},{"ID":963,"Name":"kesehatan","Description":""},{"ID":964,"Name":"kesehatan","Description":""},{"ID":965,"Name":"Barang Illegal","Description":""},{"ID":966,"Name":"elektronik","Description":""},{"ID":967,"Name":"kesehatan","Description":""},{"ID":968,"Name":"Barang Illegal","Description":""},{"ID":969,"Name":"kesehatan","Description":""},{"ID":970,"Name":"kesehatan","Description":""},{"ID":971,"Name":"kesehatan","Description":""},{"ID":972,"Name":"Barang Illegal","Description":""},{"ID":973,"Name":"kesehatan","Description":""},{"ID":974,"Name":"kesehatan","Description":""},{"ID":975,"Name":"kesehatan","Description":""},{"ID":976,"Name":"kesehatan","Description":""},{"ID":977,"Name":"kesehatan","Description":""},{"ID":978,"Name":"Aksesoris","Description":""},{"ID":979,"Name":"kesehatan","Description":""},{"ID":980,"Name":"kesehatan","Description":""},{"ID":981,"Name":"kesehatan","Description":""},{"ID":982,"Name":"kesehatan","Description":""},{"ID":983,"Name":"Kategori Bersama","Description":"kategori kebersamaan"},{"ID":984,"Name":"kesehatan","Description":""},{"ID":985,"Name":"kesehatan","Description":""},{"ID":986,"Name":"kesehatan","Description":""},{"ID":987,"Name":"kesehatan","Description":""},{"ID":988,"Name":"kesehatan","Description":""},{"ID":989,"Name":"Kategori Bersama","Description":"kategori kebersamaan"},{"ID":990,"Name":"Kategori Bersama","Description":"kategori kebersamaan"},{"ID":991,"Name":"Kategori Bersama","Description":"kategori kebersamaan"},{"ID":992,"Name":"Kategori Bersama","Description":"kategori kebersamaan"},{"ID":994,"Name":"kesehatan","Description":""},{"ID":995,"Name":"Kategori Bersama","Description":"kategori kebersamaan"},{"ID":996,"Name":"kesehatan","Description":""},{"ID":997,"Name":"kesehatan","Description":""},{"ID":998,"Name":"kesehatan","Description":""},{"ID":999,"Name":"kesehatan","Description":""},{"ID":1000,"Name":"prila","Description":""},{"ID":1001,"Name":"prila","Description":""},{"ID":1002,"Name":"kesehatan","Description":""},{"ID":1003,"Name":"kesehatan","Description":""},{"ID":1004,"Name":"kesehatan","Description":""},{"ID":1005,"Name":"alat kesehatan","Description":""},{"ID":1006,"Name":"alat kesehatan","Description":""},{"ID":1007,"Name":"kesehatan","Description":""},{"ID":1008,"Name":"kes"
10:56:37.800 [main] DEBUG org.apache.http.wire -  << "ehatan","Description":""},{"ID":1009,"Name":"Kategori Bersama","Description":""},{"ID":1010,"Name":"kesehatan","Description":""},{"ID":1011,"Name":"Makanan","Description":"Bakso"},{"ID":1012,"Name":"Kategori Bersama","Description":""},{"ID":1013,"Name":"Makanan","Description":"Bakso"},{"ID":1014,"Name":"Makanan","Description":"Bakso"},{"ID":1015,"Name":"Kategori Bersama","Description":""},{"ID":1016,"Name":"Makanan","Description":"Bakso"},{"ID":1017,"Name":"Makanan","Description":"Bakso"},{"ID":1018,"Name":"Makanan","Description":"Bakso"},{"ID":1019,"Name":"Kategori Bersama","Description":"kategori kebersamaan"},{"ID":1020,"Name":"kesehatan","Description":""},{"ID":1021,"Name":"Kategori Bersama","Description":"kategori kebersamaan"},{"ID":1022,"Name":"kesehatan","Description":""},{"ID":1024,"Name":"kesehatan","Description":""},{"ID":1025,"Name":"kesehatan","Description":""},{"ID":1026,"Name":"kesehatan","Description":""},{"ID":1028,"Name":"Kategori Bersatu","Description":"kategori bersatu"},{"ID":1029,"Name":"Barang Berat","Description":"berat barang"},{"ID":1030,"Name":"Kategori Bersatu","Description":"kategori bersatu"},{"ID":1031,"Name":"Kategori Bersama","Description":"kategori kebersamaan"},{"ID":1032,"Name":"Kategori Bersama","Description":"kategori kebersamaan"},{"ID":1033,"Name":"Alat Kesehatan","Description":"alat kesehatan terbaik"},{"ID":1034,"Name":"Alat Kesehatan","Description":"alat kesehatan terbaik"},{"ID":1035,"Name":"Barang Berat","Description":"berat barang"},{"ID":1036,"Name":"Barang Berat","Description":"berat barang"},{"ID":1037,"Name":"kesehatan","Description":""},{"ID":1038,"Name":"kesehatan","Description":""},{"ID":1039,"Name":"kesehatan","Description":""},{"ID":1040,"Name":"kesehatan","Description":""},{"ID":1041,"Name":"kesehatan","Description":""},{"ID":1042,"Name":"kesehatan","Description":""},{"ID":1043,"Name":"kesehatan","Description":""},{"ID":1044,"Name":"kesehatan","Description":""},{"ID":1045,"Name":"kesehatan","Description":""},{"ID":1046,"Name":"Barang Berat","Description":"berat barang"},{"ID":1047,"Name":"Kategori Bersama","Description":"kategori kebersamaan"},{"ID":1048,"Name":"kesehatan","Description":""},{"ID":1049,"Name":"Kategori Bersatu","Description":"kategori bersatu"},{"ID":1050,"Name":"kesehatan","Description":""},{"ID":1051,"Name":"kesehatan","Description":""},{"ID":1052,"Name":"Alat Kesehatan","Description":"alat kesehatan terbaik"},{"ID":1053,"Name":"kesehatan","Description":""},{"ID":1054,"Name":"Makanan","Description":"Bakso"},{"ID":1055,"Name":"kesehatan","Description":""},{"ID":1056,"Name":"kesehatan","Description":""},{"ID":1057,"Name":"kesehatan","Description":""},{"ID":1058,"Name":"kesehatan","Description":""},{"ID":1059,"Name":"kesehatan","Description":""},{"ID":1060,"Name":"Makanan","Description":"Bakso"},{"ID":1061,"Name":"Makanan","Description":"Bakso"},{"ID":1062,"Name":"kesehatan","Description":""},{"ID":1063,"Name":"Kategori Bersama","Description":"kategori kebersamaan"},{"ID":1064,"Name":"kesehatan","Description":""},{"ID":1065,"Name":"kategori baru","Description":""},{"ID":1066,"Name":"kategori baru","Description":""},{"ID":1067,"Name":"kategori baru","Description":""},{"ID":1068,"Name":"kategori baru","Description":""},{"ID":1070,"Name":"coba","Description":""},{"ID":1071,"Name":"coba","Description":"ini desc"},{"ID":1072,"Name":"kategori baru","Description":""},{"ID":1073,"Name":"Kategori Bersatu","Description":"kategori bersatu"},{"ID":1074,"Name":"kesehatan","Description":""},{"ID":1075,"Name":"Kategori Bersatu","Description":"kategori bersatu"},{"ID":1076,"Name":"Barang Illegal","Description":""},{"ID":1077,"Name":"noName","Description":""},{"ID":1080,"Name":"coba","Description":""},{"ID":1081,"Name":"coba","Description":"ini desc"},{"ID":1083,"Name":"coba","Description":""},{"ID":1084,"Name":"coba","Description":"ini desc"},{"ID":1085,"Name":"Kategori Bersama","Description":""},{"ID":1086,"Name":"Kategori Bersama","Description":""},{"ID":1087,"Name":"kesehatan","Description":""},{"ID":1088,"Name":"Kategori Bersama","Description":""},{"ID":1089,"Name":"bajuku","Description":""},{"ID":1090,"Name":"bajuku","Description":""},{"ID":1091,"Name":"bajuku","Description":""},{"ID":1092,"Name":"bajuku","Description":""},{"ID":1093,"Name":"bajuku","Description":""},{"ID":1094,"Name":"bajuku","Description":""},{"ID":1095,"Name":"kesehatan","Description":""},{"ID":1096,"Name":"kesehatan","Description":""},{"ID":1097,"Name":"kesehatan","Description":""},{"ID":1098,"Name":"kesehatan","Description":""},{"ID":1099,"Name":"Tensi Darah Elektrik","Description":""},{"ID":1100,"Name":"bajuku","Description":""},{"ID":1101,"Name":"kesehatan","Description":""},{"ID":1102,"Name":"kesehatan","Description":""},{"ID":1103,"Name":"kesehatan","Description":""},{"ID":1104,"Name":"kesehatan","Description":""},{"ID":1105,"Name":"alat","Description":""},{"ID":1106,"Name":"alat","Description":""},{"ID":1107,"Name":"alat","Description":""},{"ID":1108,"Name":"alat","Description":""},{"ID":1109,"Name":"kategori baru","Description":""},{"ID":1110,"Name":"kesehatan","Description":""},{"ID":1111,"Name":"kesehatan","Description":""},{"ID":1112,"Name":"kesehatan","Description":""},{"ID":1113,"Name":"kesehatan","Description":""},{"ID":1114,"Name":"kesehatan","Description":""},{"ID":1115,"Name":"kesehatan","Description":""},{"ID":1116,"Name":"kesehatan","Description":""},{"ID":1117,"Name":"kesehatan","Description":""},{"ID":1118,"Name":"kesehatan","Description":""},{"ID":1119,"Name":"kesehatan","Description":""},{"ID":1120,"Name":"kesehatan","Description":""},{"ID":1121,"Name":"kesehatan","Description":""},{"ID":1122,"Name":"kesehatan","Description":""},{"ID":1123,"Name":"Health Products","Description":""},{"ID":1124,"Name":"12@@@@@","Description":""},{"ID":1125,"Name":"12__@","Description":""},{"ID":1126,"Name":"Minuman","Description":""},{"ID":1128,"Name":"kesehatan","Description":""},{"ID":1130,"Name":"   ","Description":""},{"ID":1134,"Name":"12__@","Description":""},{"ID":1140,"Name":"12__@","Description":""},{"ID":1143,"Name":"12@@@@@","Description":""},{"ID":1145,"Name":"Minuman","Description":""},{"ID":1149,"Name":"Minuman","Description":""},{"ID":1155,"Name":"Barang Illegal","Description":""},{"ID":1157,"Name":"Barang Illegal","Description":""},{"ID":1160,"Name":"kesehatan","Description":""},{"ID":1163,"Name":"Barang Illegal","Description":""},{"ID":1168,"Name":"123","Description":""},{"ID":1169,"Name":"kesehatan","Description":""},{"ID":1171,"Name":"kesehatan","Description":""},{"ID":1173,"Name":"Tensi Darah Elektrik","Description":""},{"ID":1176,"Name":"Elektronik","Description":""},{"ID":1129,"Name":"null","Description":""},{"ID":1131,"Name":"kesehatan","Description":""},{"ID":1133,"Name":"12@@@@@","Description":""},{"ID":1135,"Name":"Minuman","Description":""},{"ID":1137,"Name":"Barang Illegal","Description":""},{"ID":1139,"Name":"12@@@@@","Description":""},{"ID":1141,"Name":"Minuman","Description":""},{"ID":1144,"Name":"12__@","Description":""},{"ID":1147,"Name":"12@@@@@","Description":""},{"ID":1148,"Name":"12__@","Description":""},{"ID":1151,"Name":"Barang Illegal","Description":""},{"ID":1153,"Name":"Barang Illegal","Description":""},{"ID":1161,"Name":"Barang Illegal","Description":""},{"ID":1165,"Name":"Barang Illegal","Description":""},{"ID":1167,"Name":"Pakaian Pria","Description":""},{"ID":1177,"Name":"kesehatan","Description":""},{"ID":1178,"Name":"12@@@@@","Description":""},{"ID":1179,"Name":"12__@","Description":""},{"ID":1180,"Name":"Minuman","Description":""},{"ID":1184,"Name":"kesehatan","Description":""},{"ID":1185,"Name":"12@@@@@","Description":""},{"ID":1186,"Name":"12__@","Description":""},{"ID":1187,"Name":"Minuman","Description":""},{"ID":1191,"Name":"kesehatan","Description":""},{"ID":1192,"Name":"12@@@@@","Description":""},{"ID":1193,"Name":"12__@","Description":""},{"ID":1194,"Name":"Minuman","Description":""},{"ID":1196,"Name":"kesehatan","Description":""},{"ID":1197,"Name":"12@@@@@","Description":""},{"ID":1198,"Name":"12__@","Description":""},{"ID":1199,"Name":"Minuman","Description":""},{"ID":1201,"Name":"kesehatan","Description":""},{"ID":1202,"Name":"12@@@@@","Descript"
10:56:37.803 [main] DEBUG org.apache.http.wire -  << "ion":""},{"ID":1203,"Name":"12__@","Description":""},{"ID":1204,"Name":"Minuman","Description":""},{"ID":1206,"Name":"kesehatan","Description":""},{"ID":1207,"Name":"12@@@@@","Description":""},{"ID":1208,"Name":"12__@","Description":""},{"ID":1209,"Name":"Minuman","Description":""},{"ID":1211,"Name":"Kategori Bersama","Description":"kategori kebersamaan"},{"ID":1212,"Name":"Kategori Bersama","Description":"kategori kebersamaan"},{"ID":1213,"Name":"Barang Berat","Description":"berat barang"},{"ID":1215,"Name":"Barang Berat","Description":"berat barang"},{"ID":1217,"Name":"Kategori Bersama","Description":"kategori kebersamaan"},{"ID":1218,"Name":"Sport","Description":""},{"ID":1219,"Name":"Sport","Description":""},{"ID":1220,"Name":"Barang Berat","Description":"berat barang"},{"ID":1222,"Name":"Barang Berat","Description":"berat barang"},{"ID":1224,"Name":"Barang Berat","Description":"berat barang"},{"ID":1226,"Name":"Barang Berat","Description":"berat barang"},{"ID":1228,"Name":"Makanan","Description":"Bakso"},{"ID":1229,"Name":"kesehatan","Description":""},{"ID":1230,"Name":"kesehatan","Description":""},{"ID":1231,"Name":"kesehatan","Description":""},{"ID":1232,"Name":"kesehatan","Description":""},{"ID":1233,"Name":"kesehatan","Description":""},{"ID":1235,"Name":"kesehatan123","Description":""},{"ID":1236,"Name":"kesehatan","Description":""},{"ID":1238,"Name":"kesehatan","Description":""},{"ID":1239,"Name":"kesehatan","Description":""},{"ID":1240,"Name":"kesehatan","Description":""},{"ID":1241,"Name":"kesehatan","Description":""},{"ID":1242,"Name":"kesehatan","Description":""},{"ID":1243,"Name":"kesehatan","Description":""},{"ID":1244,"Name":"Barang Berat","Description":"berat barang"},{"ID":1246,"Name":"Kesehatan","Description":"Saluran Pernafasan"},{"ID":1247,"Name":"Elektronik","Description":""},{"ID":1248,"Name":"null","Description":""},{"ID":1251,"Name":"kesehatan","Description":""},{"ID":1252,"Name":"Kopi","Description":""},{"ID":1253,"Name":"Kesehatan","Description":"Saluran Pernafasan"},{"ID":1255,"Name":"kesehatan","Description":""},{"ID":1256,"Name":"kesehatan","Description":""},{"ID":1257,"Name":"kesehatan","Description":""},{"ID":1258,"Name":"Kesehatan","Description":"Saluran Pernafasan"},{"ID":1259,"Name":"health","Description":""},{"ID":1261,"Name":"kesehatan","Description":""},{"ID":1263,"Name":"kesehatan","Description":""},{"ID":1265,"Name":"health","Description":""},{"ID":1267,"Name":"kesehatan","Description":""},{"ID":1269,"Name":"health","Description":""},{"ID":1271,"Name":"Elektronik","Description":""},{"ID":1272,"Name":"Kesehatan","Description":"Saluran Pernafasan"},{"ID":1274,"Name":"Kesehatan","Description":"Saluran Pernafasan"},{"ID":1276,"Name":"Kesehatan","Description":"Saluran Pernafasan"},{"ID":1278,"Name":"Kesehatan","Description":"Saluran Pernafasan"},{"ID":1279,"Name":"kesehatan","Description":""},{"ID":1280,"Name":"kesehatan","Description":""},{"ID":1281,"Name":"Alat Pancing Mania","Description":""},{"ID":1282,"Name":"kesehatan","Description":""},{"ID":1283,"Name":"kesehatan","Description":""},{"ID":1284,"Name":"kesehatan","Description":""},{"ID":1285,"Name":"kesehatan","Description":""},{"ID":1286,"Name":"Sport","Description":""},{"ID":1287,"Name":"kesehatan","Description":""},{"ID":1289,"Name":"gadget","Description":""},{"ID":1291,"Name":"gadget","Description":""},{"ID":1293,"Name":"Kopi","Description":""},{"ID":1294,"Name":"Infus","Description":""},{"ID":1295,"Name":"kesehatan","Description":""},{"ID":1296,"Name":"kesehatan","Description":""},{"ID":1297,"Name":"kesehatan","Description":""},{"ID":1298,"Name":"kesehatan","Description":""},{"ID":1299,"Name":"kesehatan","Description":""},{"ID":1300,"Name":"kesehatan","Description":""},{"ID":1301,"Name":"kesehatan","Description":""},{"ID":1302,"Name":"kesehatan","Description":""},{"ID":1303,"Name":"kesehatan","Description":""},{"ID":1304,"Name":"kesehatan","Description":""},{"ID":1305,"Name":"kesehatan","Description":""},{"ID":1306,"Name":"Aksesoris","Description":""},{"ID":1307,"Name":"Aksesoris","Description":""},{"ID":1308,"Name":"kesehatan","Description":""},{"ID":1309,"Name":"alat","Description":""},{"ID":1310,"Name":"Aksesoris","Description":""},{"ID":1311,"Name":"kesehatan","Description":""},{"ID":1312,"Name":"alat","Description":""},{"ID":1313,"Name":"69","Description":""},{"ID":1318,"Name":"alat","Description":""},{"ID":1319,"Name":"alat","Description":""},{"ID":1320,"Name":"alat","Description":""},{"ID":1322,"Name":"69","Description":""},{"ID":1323,"Name":"kesehatan","Description":""},{"ID":1324,"Name":"kesehatan","Description":""},{"ID":1325,"Name":"kesehatan","Description":""},{"ID":1326,"Name":"kesehatan","Description":""},{"ID":1327,"Name":"kategori baru","Description":""},{"ID":1328,"Name":"kategori baru","Description":""},{"ID":1329,"Name":"kesehatan","Description":""},{"ID":1334,"Name":"null","Description":""},{"ID":1345,"Name":"kesehatan","Description":""},{"ID":1346,"Name":"kesehatan","Description":""},{"ID":1347,"Name":"kesehatan","Description":""},{"ID":1348,"Name":"kesehatan","Description":""},{"ID":1349,"Name":"kesehatan","Description":""},{"ID":1350,"Name":"kesehatan","Description":""},{"ID":1351,"Name":"kesehatan","Description":""},{"ID":1352,"Name":"kesehatan","Description":""},{"ID":1353,"Name":"kesehatan","Description":""},{"ID":1354,"Name":"kesehatan","Description":""},{"ID":1355,"Name":"kesehatan","Description":""},{"ID":1356,"Name":"kesehatan","Description":""},{"ID":1358,"Name":"alta","Description":""},{"ID":1361,"Name":" Clothes ","Description":"top and bottom"},{"ID":1362,"Name":" Clothes ","Description":"top and bottom"},{"ID":1370,"Name":" Clothes ","Description":"top and bottom"},{"ID":1371,"Name":"kesehatan","Description":""},{"ID":1372,"Name":"12@@@@@","Description":""},{"ID":1373,"Name":"12__@","Description":""},{"ID":1374,"Name":"Minuman","Description":""},{"ID":1376,"Name":"kesehatan","Description":""},{"ID":1377,"Name":"New","Description":""},{"ID":1378,"Name":"Empty","Description":""},{"ID":1380,"Name":"New","Description":""},{"ID":1381,"Name":"Empty","Description":""},{"ID":1383,"Name":"Set up Office1551005008","Description":""},{"ID":1388,"Name":"Set up Office726787696","Description":""},{"ID":1391,"Name":"kesehatan","Description":""},{"ID":1392,"Name":"kesehatan","Description":""},{"ID":1394,"Name":"kesehatan","Description":""},{"ID":1397,"Name":"kesehatan","Description":""},{"ID":1398,"Name":"kesehatan","Description":""},{"ID":1399,"Name":"kesehatan","Description":""},{"ID":1400,"Name":"kesehatan","Description":""},{"ID":1401,"Name":"kesehatan","Description":""},{"ID":1402,"Name":"kesehatan","Description":""},{"ID":1403,"Name":"kesehatan","Description":""},{"ID":1405,"Name":"kesehatan","Description":""},{"ID":1408,"Name":"kesehatan","Description":""},{"ID":1409,"Name":"kesehatan","Description":""},{"ID":1410,"Name":"kesehatan","Description":""},{"ID":1411,"Name":"kesehatan","Description":""},{"ID":1412,"Name":"kesehatan","Description":""},{"ID":1413,"Name":"kesehatan","Description":""},{"ID":1414,"Name":"kesehatan","Description":""},{"ID":1415,"Name":"kesehatan","Description":""},{"ID":1416,"Name":"kesehatan","Description":""},{"ID":1419,"Name":"kesehatan","Description":""},{"ID":1420,"Name":"kesehatan","Description":""},{"ID":1421,"Name":"kesehatan","Description":""},{"ID":1422,"Name":"kesehatan","Description":""},{"ID":1423,"Name":"kesehatan","Description":""},{"ID":1424,"Name":"kesehatan","Description":""},{"ID":1425,"Name":"kesehatan","Description":""},{"ID":1426,"Name":"kesehatan","Description":""},{"ID":1427,"Name":"kesehatan","Description":""},{"ID":1428,"Name":"kesehatan","Description":""},{"ID":1429,"Name":"kesehatan","Description":""},{"ID":1430,"Name":"kesehatan","Description":""},{"ID":1431,"Name":"kesehatan","Description":""},{"ID":1432,"Name":"kesehatan","Description":""},{"ID":1433,"Name":"kesehatan","Description":""},{"ID":1434,"Name":"kesehatan","Description":""},{"ID":1435,"Name":"kesehatan","Description":""},{"ID":1436,"Name":"kesehatan","Description":""},{"ID":1437,"Name":"kesehatan","Description":""},{"ID":1438,"Name":"kesehatan","Description":""},{"ID":1439,"Name":"kesehatan","Description":""},{"ID":1440,"Name":"kesehatan","Description":""},{"ID":1441,"Name":"kesehatan","Description":""},{"ID":1442,"Name":"kesehatan","Description":""},{"ID":1443,"Name":"kesehatan","Description":""},{"ID":1444,"Name":"kesehatan","Description":""},{"ID":1445,"Name":"kesehatan","Description":""},{"ID":1446,"Name":"Sport","Description":""},{"ID":1448,"Name":"kesehatan","Description":""},{"ID":1449,"Name":"kesehatan","Description":""},{"ID":1450,"Name":"Sport","Description":""},{"ID":1452,"Name":"kesehatan","Description":""},{"ID":1453,"Name":"kesehatan","Description":""},{"ID":1454,"Name":"kesehatan","Description":""},{"ID":1455,"Name":"kesehatan","Description":""},{"ID":1456,"Name":"kesehatan","Description":""},{"ID":1457,"Name":"kesehatan","Description":""},{"ID":1458,"Name":"kesehatan","Description":""},{"ID":1459,"Name":"kesehatan","Description":""},{"ID":1460,"Name":"kesehatan","Description":""},{"ID":1461,"Name":"kesehatan","Description":""},{"ID":1462,"Name":"kesehatan","Description":""},{"ID":1463,"Name":"kesehatan","Description":""},{"ID":1466,"Name":"Sport","Description":""},{"ID":1467,"Name":"kesehatan","Description":""},{"ID":1470,"Name":"Sport","Description":""},{"ID":1472,"Name":"kesehatan","Description":""},{"ID":1473,"Name":"kesehatan masyarakat","Description":""},{"ID":1475,"Name":"Alat Pancing Mania","Description":""},{"ID":1477,"Name":"Alat Pancing Mania","Description":""},{"ID":1479,"Name":"kategori baru","Description":""},{"ID":1480,"Name":"kesehatan","Description":""},{"ID":1481,"Name":"kesehatan","Description":""},{"ID":1482,"Name":"kesehatan","Description":""},{"ID":1483,"Name":"12@@@@@","Description":""},{"ID":1484,"Name":"12__@","Description":""},{"ID":1485,"Name":"Minuman","Description":""},{"ID":1487,"Name":"kesehatan","Description":""},{"ID":1488,"Name":"12@@@@@","Description":""},{"ID":1489,"Name":"12__@","Description":""},{"ID":1490,"Name":"Minuman","Description":""},{"ID":1492,"Name":"Kategori Bersatu","Description":"kategori bersatu"},{"ID":1493,"Name":"kesehatan","Description":""},{"ID":1494,"Name":"Kesehatan","Description":"Saluran Pernafasan"},{"ID":1496,"Name":"Kesehatan","Description":"Saluran Pernafasan"},{"ID":1498,"Name":"alat","Description":""},{"ID":1499,"Name":"69","Description":""},{"ID":1501,"Name":"Kesehatan","Description":"Saluran Pernafasan"},{"ID":1503,"Name":"alat","Description":""},{"ID":1504,"Name":"69","Description":""},{"ID":1506,"Name":"alat","Description":""},{"ID":1507,"Name":"69","Description":""},{"ID":1509,"Name":"Kesehatan","Description":"Saluran Pernafasan"},{"ID":1510,"Name":"Barang Berat","Description":"berat barang"},{"ID":1513,"Name":" Clothes ","Description":"top and bottom"},{"ID":1515,"Name":"Kesehatan","Description":"Saluran Pernafasan"},{"ID":1517,"Name":"Barang Berat","Description":"berat barang"},{"ID":1519,"Name":" Clothes ","Description":"top and bottom"},{"ID":1521,"Name":"Barang Berat","Description":"berat barang"},{"ID":1523,"Name":"kesehatan","Description":""},{"ID":1524,"Name":" Clothes ","Description":"top and bottom"},{"ID":1526,"Name":" Clothes ","Description":"top and bottom"},{"ID":1528,"Name":"kesehatan","Description":""},{"ID":1529,"Name":"Alat Pancing Mania","Description":""},{"ID":1531,"Name":"kesehatan","Description":""},{"ID":1532,"Name":"Kesehatan","Description":"Saluran Pernafasan"},{"ID":1534,"Name":"Kategori Bersatu","Description":"kategori bersatu"},{"ID":1535,"Name":"kesehatan","Description":""},{"ID":1536,"Name":"Alat Pancing Mania","Description":""},{"ID":1538,"Name":"Alat Pancing Mania","Description":""},{"ID":1540,"Name":"Alat Pancing Mania","Description":""},{"ID":1542,"Name":"kesehatan","Description":""},{"ID":1543,"Name":" Clothes ","Description":"top and bottom"},{"ID":1545,"Name":"kesehatan","Description":""},{"ID":1547,"Name":" Clothes ","Description":"top and bottom"},{"ID":1549,"Name":"kesehatan","Description":""},{"ID":1551,"Name":" Clothes ","Description":"top and bottom"},{"ID":1553,"Name":"kesehatan","Description":""},{"ID":1555,"Name":"kesehatan","Description":""},{"ID":1556,"Name":"kesehatan","Description":""},{"ID":1558,"Name":"kesehatan","Description":""},{"ID":1560,"Name":"kesehatan","Description":""},{"ID":1562,"Name":"kesehatan","Description":""},{"ID":1563,"Name":"kesehatan","Description":""},{"ID":1564,"Name":"kesehatan","Description":""},{"ID":1565,"Name":"kesehatan","Description":""},{"ID":1566,"Name":"sakit","Description":""},{"ID":1567,"Name":"kesehatan","Description":""},{"ID":1568,"Name":"kesehatan,","Description":""},{"ID":1569,"Name":"kesehatan88","Description":""},{"ID":1570,"Name":"kesehatan","Description":""},{"ID":1571,"Name":"ke","Description":""},{"ID":1572,"Name":"sagaa123","Description":""},{"ID":1580,"Name":"kesehatan","Description":""},{"ID":1581,"Name":"kesehatan","Description":""},{"ID":1582,"Name":"kesehatan","Description":""},{"ID":1583,"Name":"kesehatan","Description":""},{"ID":1584,"Name":"kesehatan","Description":""},{"ID":1585,"Name":"kesehatan","Description":""},{"ID":1586,"Name":"kesehatan","Description":""},{"ID":1587,"Name":"kesehatan","Description":""},{"ID":1588,"Name":"kesehatan","Description":""},{"ID":1589,"Name":"kesehatan","Description":""},{"ID":1590,"Name":"kesehatan","Description":""},{"ID":1591,"Name":"kesehatan","Description":""},{"ID":1592,"Name":"kesehatan","Description":""},{"ID":1593,"Name":"kesehatan","Description":""},{"ID":1594,"Name":"kesehatan","Description":""},{"ID":1595,"Name":"kesehatan","Description":""},{"ID":1596,"Name":"kesehatan","Description":""},{"ID":1597,"Name":"kesehatan","Description":""},{"ID":1598,"Name":"Kategori Bersama","Description":""},{"ID":1599,"Name":"Kategori Bersama","Description":""},{"ID":1600,"Name":"Kategori Bersama","Description":""},{"ID":1601,"Name":"kesehatan","Description":""},{"ID":1602,"Name":"12@@@@@","Description":""},{"ID":1603,"Name":"12__@","Description":""},{"ID":1604,"Name":"Minuman","Description":""},{"ID":1606,"Name":"kesehatan","Description":""},{"ID":1607,"Name":"12@@@@@","Description":""},{"ID":1608,"Name":"12__@","Description":""},{"ID":1609,"Name":"Minuman","Description":""},{"ID":1611,"Name":"kesehatan","Description":""},{"ID":1613,"Name":"Toko Elektrik Pak Amir","Description":""},{"ID":1614,"Name":"Toko Elektrik Pak Amir","Description":""},{"ID":1615,"Name":"Toko Elektrik Pak Amir","Description":""},{"ID":1616,"Name":"Toko Elektrik Pak Amir","Description":""},{"ID":1617,"Name":"Toko Elektrik Pak Amir","Description":""},{"ID":1618,"Name":"Toko Elektrik Pak Amir","Description":""},{"ID":1619,"Name":"Toko Elektrik Pak Amir","Description":""},{"ID":1620,"Name":"Toko Elektrik Pak Amir","Description":""},{"ID":1621,"Name":"Toko Elektrik Pak Amir","Description":""},{"ID":1622,"Name":"Toko Elektrik Pak Amir","Description":""},{"ID":1623,"Name":"Toko Elektrik Pak Amir","Description":""},{"ID":1624,"Name":"Toko Elektrik Pak Amir","Description":""},{"ID":1625,"Name":"Toko Elektrik Pak Amir","Description":""},{"ID":1626,"Name":"Toko Elektrik Pak Amir","Description":""},{"ID":1627,"Name":"Toko Elektrik Pak Amir","Description":""},{"ID":1628,"Name":"kesehatan","Description":""},{"ID":1629,"Name":"kesehatan1","Description":""},{"ID":1631,"Name":"Kategori Bersama","Description":""},{"ID":1632,"Name":"kesehatan","Description":""},{"ID":1633,"Name":"12@@@@@","Description":""},{"ID":1634,"Name":"12__@","Description":""},{"ID":1635,"Name":"Minuman","Description":""},{"ID":1637,"Name":"kesehatan","Description":""},{"ID":1638,"Name":"12@@@@@","Description":""},{"ID":1639,"Name":"12__@","Description":""},{"ID":1640,"Name":"Minuman","Description":""}]}[\n]"
10:56:37.804 [main] DEBUG org.apache.http.wire -  << "[\r][\n]"
10:56:37.804 [main] DEBUG org.apache.http.wire -  << "0[\r][\n]"
10:56:37.804 [main] DEBUG org.apache.http.wire -  << "[\r][\n]"
10:56:37.804 [main] DEBUG org.apache.http.impl.conn.BasicClientConnectionManager - Releasing connection org.apache.http.impl.conn.ManagedClientConnectionImpl@59c862af
10:56:37.804 [main] DEBUG org.apache.http.impl.conn.BasicClientConnectionManager - Connection can be kept alive indefinitely
10:56:37.850 [Finalizer] DEBUG org.apache.http.impl.conn.DefaultClientConnection - Connection 0.0.0.0:52038<->34.101.186.183:443 closed
10:56:37.853 [main] DEBUG net.thucydides.core.steps.StepInterceptor - STEP DONE: I send Wrong GET HTTP Request_4
  &amp#27;[32mWhen &amp#27;[0m&amp#27;[32mI send Wrong GET HTTP Request_4&amp#27;[0m                      &amp#27;[90m# starter.stepdefinitions.GetSteps.getWrongHttpRequest_4()&amp#27;[0m
10:56:37.855 [Finalizer] DEBUG org.apache.http.impl.conn.DefaultClientConnection - Connection 0.0.0.0:52035<->34.101.186.183:443 closed
10:56:37.857 [Finalizer] DEBUG org.apache.http.impl.conn.DefaultClientConnection - Connection 0.0.0.0:52036<->34.101.186.183:443 closed
10:56:37.858 [Finalizer] DEBUG org.apache.http.impl.conn.DefaultClientConnection - Connection 0.0.0.0:52037<->34.101.186.183:443 closed
10:56:37.860 [Finalizer] DEBUG org.apache.http.impl.conn.DefaultClientConnection - Connection 0.0.0.0:52032<->157.240.218.35:443 closed
10:56:37.861 [Finalizer] DEBUG org.apache.http.impl.conn.DefaultClientConnection - Connection 0.0.0.0:52033<->127.0.0.1:8080 closed
10:56:37.862 [Finalizer] DEBUG org.apache.http.impl.conn.DefaultClientConnection - Connection 0.0.0.0:52034<->34.101.186.183:443 closed
10:56:37.862 [Finalizer] DEBUG org.apache.http.impl.conn.DefaultClientConnection - Connection 0.0.0.0:52030<->34.101.186.183:80 closed
10:56:37.862 [Finalizer] DEBUG org.apache.http.impl.conn.DefaultClientConnection - Connection 0.0.0.0:52031<->127.0.0.1:8080 closed
10:56:37.862 [Finalizer] DEBUG org.apache.http.impl.conn.DefaultClientConnection - Connection 0.0.0.0:52026<->34.101.186.183:443 closed
10:56:37.863 [Finalizer] DEBUG org.apache.http.impl.conn.DefaultClientConnection - Connection 0.0.0.0:52027<->34.101.186.183:443 closed
10:56:37.863 [Finalizer] DEBUG org.apache.http.impl.conn.DefaultClientConnection - Connection 0.0.0.0:52028<->34.101.186.183:443 closed
10:56:37.863 [Finalizer] DEBUG org.apache.http.impl.conn.DefaultClientConnection - Connection 0.0.0.0:52029<->34.101.186.183:443 closed
10:56:37.863 [Finalizer] DEBUG org.apache.http.impl.conn.DefaultClientConnection - Connection 0.0.0.0:52025<->34.101.186.183:443 closed
10:56:37.864 [main] DEBUG net.thucydides.core.steps.StepInterceptor - STARTING STEP: GetSteps.getValidHTTP - I receive valid HTTP response code 200
10:56:37.864 [main] DEBUG net.thucydides.core.steps.StepInterceptor - STEP DONE: I receive valid HTTP response code 200
  &amp#27;[32mThen &amp#27;[0m&amp#27;[32mI receive valid HTTP response code 200&amp#27;[0m               &amp#27;[90m# starter.stepdefinitions.GetSteps.getValidHTTP()&amp#27;[0m
10:56:37.866 [main] INFO  - 
  _____   ___   ___   _____     ___     _     ___   ___   ___   ___  
 |_   _| | __| / __| |_   _|   | _ \   /_\   / __| / __| | __| |   \ 
   | |   | _|  \__ \   | |     |  _/  / _ \  \__ \ \__ \ | _|  | |) |
   |_|   |___| |___/   |_|     |_|   /_/ \_\ |___/ |___/ |___| |___/ 

Get Invalid Categories With Wrong Target Request5
----------------------------------------------------------------------
]]></system-out>
  </testcase>
  <testcase name="Get Invalid Categories With Wrong Target Request6" classname="Get Categories" time="0.351">
    <system-out><![CDATA[
@Wrong-Target-Request-WithID
Scenario: Get Invalid Categories With Wrong Target Request6 &amp#27;[90m# src/test/resources/api/GetCategory.feature:79&amp#27;[0m
10:56:37.888 [main] INFO io.cucumber.core.plugin.SerenityReporter - Running feature from file:///D:/PERKULIAHAN/SEMESTER%206/KAMPUS%20MERDEKA/PROYEK_ALTERRA/TestingAPIALTA/src/test/resources/api/GetCategory.feature
10:56:37.888 [main] WARN io.cucumber.core.plugin.SerenityReporter - Feature from file:///D:/PERKULIAHAN/SEMESTER%206/KAMPUS%20MERDEKA/PROYEK_ALTERRA/TestingAPIALTA/src/test/resources/api/GetCategory.feature is not under the 'features' directory. Requirements report will not be correctly generated!
10:56:37.904 [main] INFO  - 
  _____   ___   ___   _____     ___   _____     _     ___   _____   ___   ___  
 |_   _| | __| / __| |_   _|   / __| |_   _|   /_\   | _ \ |_   _| | __| |   \ 
   | |   | _|  \__ \   | |     \__ \   | |    / _ \  |   /   | |   | _|  | |) |
   |_|   |___| |___/   |_|     |___/   |_|   /_/ \_\ |_|_\   |_|   |___| |___/ 

Get Invalid Categories With Wrong Target Request6(get-categories;get-invalid-categories-with-wrong-target-request6)
--------------------------------------------------------------------------------
10:56:37.947 [main] DEBUG net.thucydides.core.steps.StepInterceptor - STARTING STEP: GetSteps.setWrongGetApi5 - I set wrong GET api endpoints5
10:56:37.947 [main] DEBUG net.thucydides.core.steps.StepInterceptor - STEP DONE: I set wrong GET api endpoints5
  &amp#27;[32mGiven &amp#27;[0m&amp#27;[32mI set wrong GET api endpoints5&amp#27;[0m                      &amp#27;[90m# starter.stepdefinitions.GetSteps.setWrongGetApi5()&amp#27;[0m
10:56:37.953 [main] DEBUG net.thucydides.core.steps.StepInterceptor - STARTING STEP: GetSteps.getWrongHttpRequest_5 - I send Wrong GET HTTP Request_5
10:56:37.956 [main] DEBUG net.thucydides.core.steps.StepInterceptor - STARTING STEP: Get.getWrongHttpRequest_5 - I set wrong GET api endpoints5
10:56:37.956 [main] DEBUG net.thucydides.core.steps.StepInterceptor - STEP DONE: I set wrong GET api endpoints5
10:56:37.966 [main] DEBUG org.apache.http.impl.conn.BasicClientConnectionManager - Get connection for route {s}->https://be-qa.alta.id:443
10:56:37.966 [main] DEBUG org.apache.http.impl.conn.DefaultClientConnectionOperator - Connecting to be-qa.alta.id:443
10:56:38.175 [main] DEBUG org.apache.http.client.protocol.RequestAddCookies - CookieSpec selected: ignoreCookies
10:56:38.176 [main] DEBUG org.apache.http.client.protocol.RequestAuthCache - Auth cache not set in the context
10:56:38.176 [main] DEBUG org.apache.http.client.protocol.RequestTargetAuthentication - Target auth state: UNCHALLENGED
10:56:38.176 [main] DEBUG org.apache.http.client.protocol.RequestProxyAuthentication - Proxy auth state: UNCHALLENGED
10:56:38.176 [main] DEBUG org.apache.http.impl.client.DefaultHttpClient - Attempt 1 to execute request
10:56:38.176 [main] DEBUG org.apache.http.impl.conn.DefaultClientConnection - Sending request: GET /api/categories/12 HTTP/1.1
10:56:38.176 [main] DEBUG org.apache.http.wire -  >> "GET /api/categories/12 HTTP/1.1[\r][\n]"
10:56:38.176 [main] DEBUG org.apache.http.wire -  >> "Accept: */*[\r][\n]"
10:56:38.176 [main] DEBUG org.apache.http.wire -  >> "Host: be-qa.alta.id[\r][\n]"
10:56:38.176 [main] DEBUG org.apache.http.wire -  >> "Connection: Keep-Alive[\r][\n]"
10:56:38.176 [main] DEBUG org.apache.http.wire -  >> "User-Agent: Apache-HttpClient/4.5.13 (Java/1.8.0_241)[\r][\n]"
10:56:38.176 [main] DEBUG org.apache.http.wire -  >> "Accept-Encoding: gzip,deflate[\r][\n]"
10:56:38.176 [main] DEBUG org.apache.http.wire -  >> "[\r][\n]"
10:56:38.176 [main] DEBUG org.apache.http.headers - >> GET /api/categories/12 HTTP/1.1
10:56:38.176 [main] DEBUG org.apache.http.headers - >> Accept: */*
10:56:38.176 [main] DEBUG org.apache.http.headers - >> Host: be-qa.alta.id
10:56:38.176 [main] DEBUG org.apache.http.headers - >> Connection: Keep-Alive
10:56:38.176 [main] DEBUG org.apache.http.headers - >> User-Agent: Apache-HttpClient/4.5.13 (Java/1.8.0_241)
10:56:38.176 [main] DEBUG org.apache.http.headers - >> Accept-Encoding: gzip,deflate
10:56:38.213 [main] DEBUG org.apache.http.wire -  << "HTTP/1.1 200 OK[\r][\n]"
10:56:38.213 [main] DEBUG org.apache.http.wire -  << "Server: nginx/1.14.2[\r][\n]"
10:56:38.213 [main] DEBUG org.apache.http.wire -  << "Date: Sat, 14 May 2022 03:56:37 GMT[\r][\n]"
10:56:38.213 [main] DEBUG org.apache.http.wire -  << "Content-Type: application/json[\r][\n]"
10:56:38.213 [main] DEBUG org.apache.http.wire -  << "Content-Length: 65[\r][\n]"
10:56:38.213 [main] DEBUG org.apache.http.wire -  << "Connection: keep-alive[\r][\n]"
10:56:38.213 [main] DEBUG org.apache.http.wire -  << "[\r][\n]"
10:56:38.213 [main] DEBUG org.apache.http.impl.conn.DefaultClientConnection - Receiving response: HTTP/1.1 200 OK
10:56:38.213 [main] DEBUG org.apache.http.headers - << HTTP/1.1 200 OK
10:56:38.213 [main] DEBUG org.apache.http.headers - << Server: nginx/1.14.2
10:56:38.213 [main] DEBUG org.apache.http.headers - << Date: Sat, 14 May 2022 03:56:37 GMT
10:56:38.213 [main] DEBUG org.apache.http.headers - << Content-Type: application/json
10:56:38.213 [main] DEBUG org.apache.http.headers - << Content-Length: 65
10:56:38.213 [main] DEBUG org.apache.http.headers - << Connection: keep-alive
10:56:38.213 [main] DEBUG org.apache.http.impl.client.DefaultHttpClient - Connection can be kept alive indefinitely
10:56:38.213 [main] DEBUG io.restassured.internal.RequestSpecificationImpl$RestAssuredHttpBuilder - Parsing response as: application/json
10:56:38.213 [main] DEBUG io.restassured.internal.RequestSpecificationImpl$RestAssuredHttpBuilder - Parsed data to instance of: class org.apache.http.conn.EofSensorInputStream
10:56:38.214 [main] DEBUG org.apache.http.wire -  << "{"data":{"ID":12,"Name":"kesehatan jantung","Description":"gg"}}[\n]"
10:56:38.214 [main] DEBUG org.apache.http.impl.conn.BasicClientConnectionManager - Releasing connection org.apache.http.impl.conn.ManagedClientConnectionImpl@614cbec4
10:56:38.214 [main] DEBUG org.apache.http.impl.conn.BasicClientConnectionManager - Connection can be kept alive indefinitely
10:56:38.214 [main] DEBUG net.thucydides.core.steps.StepInterceptor - STEP DONE: I send Wrong GET HTTP Request_5
  &amp#27;[32mWhen &amp#27;[0m&amp#27;[32mI send Wrong GET HTTP Request_5&amp#27;[0m                      &amp#27;[90m# starter.stepdefinitions.GetSteps.getWrongHttpRequest_5()&amp#27;[0m
10:56:38.216 [main] DEBUG net.thucydides.core.steps.StepInterceptor - STARTING STEP: GetSteps.getValidHTTP - I receive valid HTTP response code 200
10:56:38.216 [main] DEBUG net.thucydides.core.steps.StepInterceptor - STEP DONE: I receive valid HTTP response code 200
  &amp#27;[32mThen &amp#27;[0m&amp#27;[32mI receive valid HTTP response code 200&amp#27;[0m               &amp#27;[90m# starter.stepdefinitions.GetSteps.getValidHTTP()&amp#27;[0m
10:56:38.217 [main] INFO  - 
  _____   ___   ___   _____     ___     _     ___   ___   ___   ___  
 |_   _| | __| / __| |_   _|   | _ \   /_\   / __| / __| | __| |   \ 
   | |   | _|  \__ \   | |     |  _/  / _ \  \__ \ \__ \ | _|  | |) |
   |_|   |___| |___/   |_|     |_|   /_/ \_\ |___/ |___/ |___| |___/ 

Get Invalid Categories With Wrong Target Request6
----------------------------------------------------------------------
]]></system-out>
  </testcase>
  <testcase name="Get All Products" classname="Get Products" time="0.995">
    <system-out><![CDATA[10:56:38.218 [main] INFO io.cucumber.core.plugin.SerenityReporter - Running feature from file:///D:/PERKULIAHAN/SEMESTER%206/KAMPUS%20MERDEKA/PROYEK_ALTERRA/TestingAPIALTA/src/test/resources/api/GetProduct.feature
10:56:38.218 [main] WARN io.cucumber.core.plugin.SerenityReporter - Feature from file:///D:/PERKULIAHAN/SEMESTER%206/KAMPUS%20MERDEKA/PROYEK_ALTERRA/TestingAPIALTA/src/test/resources/api/GetProduct.feature is not under the 'features' directory. Requirements report will not be correctly generated!
10:56:38.220 [main] DEBUG net.thucydides.core.steps.StepEventBus - Test suite started for story net.thucydides.core.model.Story@abd1521c
10:56:38.220 [main] INFO  - Test Suite Started: Get Products

@get-all-products
Scenario: Get All Products                    &amp#27;[90m# src/test/resources/api/GetProduct.feature:3&amp#27;[0m
10:56:38.227 [main] INFO io.cucumber.core.plugin.SerenityReporter - Running feature from file:///D:/PERKULIAHAN/SEMESTER%206/KAMPUS%20MERDEKA/PROYEK_ALTERRA/TestingAPIALTA/src/test/resources/api/GetProduct.feature
10:56:38.227 [main] WARN io.cucumber.core.plugin.SerenityReporter - Feature from file:///D:/PERKULIAHAN/SEMESTER%206/KAMPUS%20MERDEKA/PROYEK_ALTERRA/TestingAPIALTA/src/test/resources/api/GetProduct.feature is not under the 'features' directory. Requirements report will not be correctly generated!
10:56:38.228 [main] INFO  - 
  _____   ___   ___   _____     ___   _____     _     ___   _____   ___   ___  
 |_   _| | __| / __| |_   _|   / __| |_   _|   /_\   | _ \ |_   _| | __| |   \ 
   | |   | _|  \__ \   | |     \__ \   | |    / _ \  |   /   | |   | _|  | |) |
   |_|   |___| |___/   |_|     |___/   |_|   /_/ \_\ |_|_\   |_|   |___| |___/ 

Get All Products(get-products;get-all-products)
--------------------------------------------------------------------------------
10:56:38.241 [main] DEBUG net.thucydides.core.steps.StepInterceptor - STARTING STEP: GetProductStep.setGetApiProducts - I set GET api endpoints for products
10:56:38.241 [main] DEBUG net.thucydides.core.steps.StepInterceptor - STEP DONE: I set GET api endpoints for products
  &amp#27;[32mGiven &amp#27;[0m&amp#27;[32mI set GET api endpoints for products&amp#27;[0m  &amp#27;[90m# starter.stepdefinitions.GetProductStep.setGetApiProducts()&amp#27;[0m
10:56:38.242 [main] DEBUG net.thucydides.core.steps.StepInterceptor - STARTING STEP: GetProductStep.getHttpRequestProducts - I send GET HTTP Request for products
10:56:38.243 [main] DEBUG net.thucydides.core.steps.StepInterceptor - STARTING STEP: GetProducts.getHttpRequestProducts - I set GET api endpoints for products
10:56:38.243 [main] DEBUG net.thucydides.core.steps.StepInterceptor - STEP DONE: I set GET api endpoints for products
10:56:38.247 [main] DEBUG org.apache.http.impl.conn.BasicClientConnectionManager - Get connection for route {s}->https://be-qa.alta.id:443
10:56:38.247 [main] DEBUG org.apache.http.impl.conn.DefaultClientConnectionOperator - Connecting to be-qa.alta.id:443
10:56:38.435 [main] DEBUG org.apache.http.client.protocol.RequestAddCookies - CookieSpec selected: ignoreCookies
10:56:38.435 [main] DEBUG org.apache.http.client.protocol.RequestAuthCache - Auth cache not set in the context
10:56:38.435 [main] DEBUG org.apache.http.client.protocol.RequestTargetAuthentication - Target auth state: UNCHALLENGED
10:56:38.435 [main] DEBUG org.apache.http.client.protocol.RequestProxyAuthentication - Proxy auth state: UNCHALLENGED
10:56:38.435 [main] DEBUG org.apache.http.impl.client.DefaultHttpClient - Attempt 1 to execute request
10:56:38.435 [main] DEBUG org.apache.http.impl.conn.DefaultClientConnection - Sending request: GET /api/products HTTP/1.1
10:56:38.435 [main] DEBUG org.apache.http.wire -  >> "GET /api/products HTTP/1.1[\r][\n]"
10:56:38.435 [main] DEBUG org.apache.http.wire -  >> "Accept: */*[\r][\n]"
10:56:38.435 [main] DEBUG org.apache.http.wire -  >> "Host: be-qa.alta.id[\r][\n]"
10:56:38.435 [main] DEBUG org.apache.http.wire -  >> "Connection: Keep-Alive[\r][\n]"
10:56:38.435 [main] DEBUG org.apache.http.wire -  >> "User-Agent: Apache-HttpClient/4.5.13 (Java/1.8.0_241)[\r][\n]"
10:56:38.435 [main] DEBUG org.apache.http.wire -  >> "Accept-Encoding: gzip,deflate[\r][\n]"
10:56:38.435 [main] DEBUG org.apache.http.wire -  >> "[\r][\n]"
10:56:38.435 [main] DEBUG org.apache.http.headers - >> GET /api/products HTTP/1.1
10:56:38.435 [main] DEBUG org.apache.http.headers - >> Accept: */*
10:56:38.435 [main] DEBUG org.apache.http.headers - >> Host: be-qa.alta.id
10:56:38.435 [main] DEBUG org.apache.http.headers - >> Connection: Keep-Alive
10:56:38.435 [main] DEBUG org.apache.http.headers - >> User-Agent: Apache-HttpClient/4.5.13 (Java/1.8.0_241)
10:56:38.435 [main] DEBUG org.apache.http.headers - >> Accept-Encoding: gzip,deflate
10:56:39.084 [main] DEBUG org.apache.http.wire -  << "HTTP/1.1 200 OK[\r][\n]"
10:56:39.084 [main] DEBUG org.apache.http.wire -  << "Server: nginx/1.14.2[\r][\n]"
10:56:39.084 [main] DEBUG org.apache.http.wire -  << "Date: Sat, 14 May 2022 03:56:38 GMT[\r][\n]"
10:56:39.084 [main] DEBUG org.apache.http.wire -  << "Content-Type: application/json[\r][\n]"
10:56:39.084 [main] DEBUG org.apache.http.wire -  << "Transfer-Encoding: chunked[\r][\n]"
10:56:39.084 [main] DEBUG org.apache.http.wire -  << "Connection: keep-alive[\r][\n]"
10:56:39.084 [main] DEBUG org.apache.http.wire -  << "[\r][\n]"
10:56:39.084 [main] DEBUG org.apache.http.impl.conn.DefaultClientConnection - Receiving response: HTTP/1.1 200 OK
10:56:39.084 [main] DEBUG org.apache.http.headers - << HTTP/1.1 200 OK
10:56:39.084 [main] DEBUG org.apache.http.headers - << Server: nginx/1.14.2
10:56:39.084 [main] DEBUG org.apache.http.headers - << Date: Sat, 14 May 2022 03:56:38 GMT
10:56:39.084 [main] DEBUG org.apache.http.headers - << Content-Type: application/json
10:56:39.084 [main] DEBUG org.apache.http.headers - << Transfer-Encoding: chunked
10:56:39.084 [main] DEBUG org.apache.http.headers - << Connection: keep-alive
10:56:39.084 [main] DEBUG org.apache.http.impl.client.DefaultHttpClient - Connection can be kept alive indefinitely
10:56:39.084 [main] DEBUG io.restassured.internal.RequestSpecificationImpl$RestAssuredHttpBuilder - Parsing response as: application/json
10:56:39.084 [main] DEBUG io.restassured.internal.RequestSpecificationImpl$RestAssuredHttpBuilder - Parsed data to instance of: class org.apache.http.conn.EofSensorInputStream
10:56:39.085 [main] DEBUG org.apache.http.wire -  << "1fa8[\r][\n]"
10:56:39.085 [main] DEBUG org.apache.http.wire -  << "{"data":[{"ID":1468,"Name":"Tensi Darah Elektrik","Description":"","Price":240000,"Ratings":0,"Categories":[{"ID":3,"Name":"alat","Description":""},{"ID":6,"Name":"kesehatan","Description":""}]},{"ID":1479,"Name":"Tensi Darah Elektrik","Description":"","Price":240000,"Ratings":0,"Categories":[{"ID":3,"Name":"alat","Description":""},{"ID":6,"Name":"kesehatan","Description":""}]},{"ID":1497,"Name":"Durian Jatuh","Description":"","Price":290000,"Ratings":0,"Categories":[{"ID":3,"Name":"alat","Description":""},{"ID":6,"Name":"kesehatan","Description":""}]},{"ID":1469,"Name":"Tensi Darah Elektrik","Description":"","Price":240000,"Ratings":0,"Categories":[{"ID":3,"Name":"alat","Description":""},{"ID":6,"Name":"kesehatan","Description":""}]},{"ID":1480,"Name":"Tensi Darah Elektrik","Description":"","Price":240000,"Ratings":0,"Categories":[{"ID":3,"Name":"alat","Description":""},{"ID":6,"Name":"kesehatan","Description":""}]},{"ID":1498,"Name":"Durian Jatuh","Description":"","Price":290000,"Ratings":0,"Categories":[{"ID":3,"Name":"alat","Description":""},{"ID":6,"Name":"kesehatan","Description":""}]},{"ID":659,"Name":"Dress","Description":"","Price":12000,"Ratings":0,"Categories":[]},{"ID":660,"Name":"Dress","Description":"","Price":12000,"Ratings":0,"Categories":[]},{"ID":661,"Name":"Dress","Description":"","Price":12000,"Ratings":3,"Categories":[]},{"ID":662,"Name":"Dress","Description":"","Price":12000,"Ratings":0,"Categories":[]},{"ID":663,"Name":"Dress","Description":"","Price":12000,"Ratings":0,"Categories":[]},{"ID":664,"Name":"Dress","Description":"","Price":12000,"Ratings":0,"Categories":[]},{"ID":669,"Name":"Laptop","Description":"","Price":20400000,"Ratings":5,"Categories":[{"ID":3,"Name":"alat","Description":""},{"ID":6,"Name":"kesehatan","Description":""}]},{"ID":670,"Name":"Penjualan Produk","Description":"","Price":120000,"Ratings":0,"Categories":[{"ID":9,"Name":"Tensi Darah Elektrik","Description":""},{"ID":10,"Name":"kesehatan","Description":""}]},{"ID":672,"Name":"Product Risma","Description":"","Price":89999,"Ratings":0,"Categories":[{"ID":3,"Name":"alat","Description":""},{"ID":6,"Name":"kesehatan","Description":""}]},{"ID":674,"Name":"Penjualan Produk","Description":"","Price":120000,"Ratings":0,"Categories":[{"ID":9,"Name":"Tensi Darah Elektrik","Description":""},{"ID":10,"Name":"kesehatan","Description":""}]},{"ID":677,"Name":"Sosis","Description":"","Price":12000,"Ratings":0,"Categories":[{"ID":6,"Name":"kesehatan","Description":""}]},{"ID":678,"Name":"Handphone","Description":"","Price":12000,"Ratings":0,"Categories":[{"ID":6,"Name":"kesehatan","Description":""}]},{"ID":682,"Name":"Handphone","Description":"","Price":12000,"Ratings":0,"Categories":[{"ID":3,"Name":"alat","Description":""}]},{"ID":683,"Name":"Handphone","Description":"","Price":12000,"Ratings":0,"Categories":[{"ID":3,"Name":"alat","Description":""}]},{"ID":684,"Name":"Handphone","Description":"","Price":12000,"Ratings":0,"Categories":[{"ID":3,"Name":"alat","Description":""}]},{"ID":685,"Name":"Handphone","Description":"","Price":12000,"Ratings":0,"Categories":[{"ID":3,"Name":"alat","Description":""}]},{"ID":687,"Name":"Handphone","Description":"","Price":12000,"Ratings":0,"Categories":[{"ID":3,"Name":"alat","Description":""}]},{"ID":690,"Name":"Handphone","Description":"","Price":12000,"Ratings":0,"Categories":[{"ID":3,"Name":"alat","Description":""},{"ID":10,"Name":"kesehatan","Description":""}]},{"ID":691,"Name":"Handphone","Description":"","Price":12000,"Ratings":0,"Categories":[{"ID":3,"Name":"alat","Description":""},{"ID":10,"Name":"kesehatan","Description":""}]},{"ID":692,"Name":"Handphone","Description":"","Price":12000,"Ratings":0,"Categories":[{"ID":3,"Name":"alat","Description":""},{"ID":10,"Name":"kesehatan","Description":""}]},{"ID":693,"Name":"Dress","Description":"","Price":1200000,"Ratings":0,"Categories":[{"ID":3,"Name":"alat","Description":""}]},{"ID":694,"Name":"Tensi Darah Manual","Description":"","Price":1000,"Ratings":0,"Categories":[]},{"ID":695,"Name":"Tensi Darah Manual","Description":"","Price":1000,"Ratings":0,"Categories":[]},{"ID":697,"Name":"Tensi Darah Elektrik","Description":"","Price":1000,"Ratings":0,"Categories":[]},{"ID":698,"Name":"flare skirt","Description":"","Price":250000,"Ratings":0,"Categories":[{"ID":565,"Name":"fashion","Description":""}]},{"ID":699,"Name":"Handphone","Description":"","Price":12000,"Ratings":0,"Categories":[{"ID":3,"Name":"alat","Description":""},{"ID":10,"Name":"kesehatan","Description":""}]},{"ID":703,"Name":"flare skirt","Description":"","Price":250000,"Ratings":0,"Categories":[{"ID":565,"Name":"fashion","Description":""}]},{"ID":706,"Name":"Tensi Elektrik","Description":"","Price":240000,"Ratings":0,"Categories":[{"ID":3,"Name":"alat","Description":""},{"ID":6,"Name":"kesehatan","Description":""}]},{"ID":709,"Name":"Dress","Description":"","Price":12000,"Ratings":0,"Categories":[]},{"ID":710,"Name":"Api","Description":"","Price":32000,"Ratings":0,"Categories":[]},{"ID":711,"Name":"Api","Description":"","Price":32000,"Ratings":0,"Categories":[]},{"ID":712,"Name":"Api","Description":"","Price":32000,"Ratings":0,"Categories":[]},{"ID":718,"Name":"Dress","Description":"","Price":12000,"Ratings":0,"Categories":[]},{"ID":720,"Name":"Api","Description":"","Price":32000,"Ratings":0,"Categories":[]},{"ID":721,"Name":"Dress","Description":"","Price":12000,"Ratings":0,"Categories":[]},{"ID":723,"Name":"Flare Skirt","Description":"","Price":150000,"Ratings":0,"Categories":[]},{"ID":724,"Name":"Dress","Description":"","Price":12000,"Ratings":0,"Categories":[]},{"ID":726,"Name":"Flare Skirt","Description":"","Price":150000,"Ratings":0,"Categories":[]},{"ID":727,"Name":"Api","Description":"","Price":32000,"Ratings":0,"Categories":[]},{"ID":728,"Name":"Skirt","Description":"","Price":250000,"Ratings":0,"Categories":[]},{"ID":729,"Name":"Flare Skirt","Description":"","Price":250000,"Ratings":0,"Categories":[]},{"ID":731,"Name":"Api","Description":"","Price":32000,"Ratings":0,"Categories":[]},{"ID":732,"Name":"Flare Skirt","Description":"","Price":250000,"Ratings":0,"Categories":[]},{"ID":734,"Name":"Product Risma","Description":"","Price":89999,"Ratings":0,"Categories":[{"ID":3,"Name":"alat","Description":""},{"ID":6,"Name":"kesehatan","Description":""}]},{"ID":735,"Name":"Api","Description":"","Price":32000,"Ratings":0,"Categories":[]},{"ID":736,"Name":"Product Risma","Description":"","Price":89999,"Ratings":5,"Categories":[{"ID":3,"Name":"alat","Description":""},{"ID":6,"Name":"kesehatan","Description":""}]},{"ID":737,"Name":"Product Risma","Description":"","Price":89999,"Ratings":0,"Categories":[{"ID":3,"Name":"alat","Description":""},{"ID":6,"Name":"kesehatan","Description":""}]},{"ID":741,"Name":"Product Risma","Description":"","Price":89999,"Ratings":0,"Categories":[{"ID":3,"Name":"alat","Description":""},{"ID":6,"Name":"kesehatan","Description":""}]},{"ID":742,"Name":"Product Risma","Description":"","Price":89999,"Ratings":0,"Categories":[{"ID":3,"Name":"alat","Description":""},{"ID":6,"Name":"kesehatan","Description":""}]},{"ID":743,"Name":"Product Risma","Description":"","Price":89999,"Ratings":0,"Categories":[{"ID":3,"Name":"alat","Description":""},{"ID":6,"Name":"kesehatan","Description":""}]},{"ID":744,"Name":"Product Risma","Description":"","Price":89999,"Ratings":0,"Categories":[{"ID":3,"Name":"alat","Description":""},{"ID":6,"Name":"kesehatan","Description":""}]},{"ID":745,"Name":"Product Risma","Description":"","Price":89999,"Ratings":0,"Categories":[{"ID":3,"Name":"alat","Description":""},{"ID":6,"Name":"kesehatan","Description":""}]},{"ID":746,"Name":"Product Risma","Description":"","Price":89999,"Ratings":0,"Categories":[{"ID":3,"Name":"alat","Description":""},{"ID":6,"Name":"kesehatan","Description":""}]},{"ID":747,"Name":"Product Risma","Description":"","Price":89999,"Ratings":0,"Categories":[{"ID":3,"Name":"alat","Description":""},{"ID":6,"Name":"kesehatan","Description":""}]},{"ID":1470,"Name":"Tensi Darah Elektrik","Desc"
10:56:39.085 [main] DEBUG org.apache.http.wire -  << "ription":"","Price":240000,"Ratings":0,"Categories":[{"ID":3,"Name":"alat","Desc"
10:56:39.085 [main] DEBUG org.apache.http.wire -  << "[\r][\n]"
10:56:39.085 [main] DEBUG org.apache.http.wire -  << "2000[\r][\n]"
10:56:39.085 [main] DEBUG org.apache.http.wire -  << "ription":""},{"ID":6,"Name":"kesehatan","Description":""}]},{"ID":1481,"Name":"Tensi Darah Elektrik","Description":"","Price":240000,"Ratings":0,"Categories":[{"ID":3,"Name":"alat","Description":""},{"ID":6,"Name":"kesehatan","Description":""}]},{"ID":1482,"Name":"Product Risma","Description":"","Price":89999,"Ratings":0,"Categories":[{"ID":3,"Name":"alat","Description":""},{"ID":6,"Name":"kesehatan","Description":""}]},{"ID":1483,"Name":"Product Risma","Description":"","Price":89999,"Ratings":0,"Categories":[{"ID":3,"Name":"alat","Description":""},{"ID":6,"Name":"kesehatan","Description":""}]},{"ID":1486,"Name":"Tensi Darah Elektrik","Description":"","Price":240000,"Ratings":0,"Categories":[{"ID":3,"Name":"alat","Description":""},{"ID":6,"Name":"kesehatan","Description":""}]},{"ID":1489,"Name":"Durian Jatuh","Description":"","Price":290000,"Ratings":0,"Categories":[{"ID":3,"Name":"alat","Description":""},{"ID":6,"Name":"kesehatan","Description":""}]},{"ID":1499,"Name":"Durian Jatuh","Description":"","Price":290000,"Ratings":0,"Categories":[{"ID":3,"Name":"alat","Description":""},{"ID":6,"Name":"kesehatan","Description":""}]},{"ID":665,"Name":"Dress","Description":"","Price":12000,"Ratings":0,"Categories":[]},{"ID":666,"Name":"Dress","Description":"","Price":12000,"Ratings":0,"Categories":[]},{"ID":667,"Name":"Dress","Description":"","Price":12000,"Ratings":0,"Categories":[]},{"ID":668,"Name":"Tensi Darah Elektrik","Description":"","Price":240000,"Ratings":0,"Categories":[{"ID":3,"Name":"alat","Description":""},{"ID":6,"Name":"kesehatan","Description":""}]},{"ID":671,"Name":"Penjualan Produk","Description":"","Price":120000,"Ratings":0,"Categories":[{"ID":9,"Name":"Tensi Darah Elektrik","Description":""},{"ID":10,"Name":"kesehatan","Description":""}]},{"ID":673,"Name":"Product Risma","Description":"","Price":89999,"Ratings":0,"Categories":[{"ID":3,"Name":"alat","Description":""},{"ID":6,"Name":"kesehatan","Description":""}]},{"ID":675,"Name":"Sosis","Description":"","Price":12000,"Ratings":0,"Categories":[{"ID":9,"Name":"Tensi Darah Elektrik","Description":""},{"ID":10,"Name":"kesehatan","Description":""}]},{"ID":676,"Name":"Sosis","Description":"","Price":12000,"Ratings":0,"Categories":[{"ID":9,"Name":"Tensi Darah Elektrik","Description":""},{"ID":10,"Name":"kesehatan","Description":""}]},{"ID":679,"Name":"Handphone","Description":"","Price":12000,"Ratings":0,"Categories":[{"ID":1,"Name":"kesehatan","Description":""},{"ID":3,"Name":"alat","Description":""}]},{"ID":680,"Name":"Handphone","Description":"","Price":12000,"Ratings":0,"Categories":[{"ID":3,"Name":"alat","Description":""}]},{"ID":681,"Name":"Handphone","Description":"","Price":12000,"Ratings":0,"Categories":[{"ID":3,"Name":"alat","Description":""}]},{"ID":686,"Name":"Handphone","Description":"","Price":12000,"Ratings":0,"Categories":[{"ID":3,"Name":"alat","Description":""}]},{"ID":688,"Name":"Handphone","Description":"","Price":12000,"Ratings":0,"Categories":[{"ID":3,"Name":"alat","Description":""}]},{"ID":689,"Name":"Handphone","Description":"","Price":12000,"Ratings":0,"Categories":[{"ID":3,"Name":"alat","Description":""}]},{"ID":696,"Name":"Handphone","Description":"","Price":12000,"Ratings":0,"Categories":[{"ID":3,"Name":"alat","Description":""},{"ID":10,"Name":"kesehatan","Description":""}]},{"ID":700,"Name":"Tensi Darah Elektrik","Description":"","Price":1000,"Ratings":3,"Categories":[]},{"ID":701,"Name":"Tensi Darah Elektrik","Description":"","Price":1000,"Ratings":0,"Categories":[]},{"ID":702,"Name":"Dress","Description":"","Price":12000,"Ratings":0,"Categories":[]},{"ID":704,"Name":"Dress","Description":"","Price":12000,"Ratings":0,"Categories":[]},{"ID":705,"Name":"Tensi Darah Elektrik","Description":"","Price":240000,"Ratings":0,"Categories":[{"ID":3,"Name":"alat","Description":""},{"ID":6,"Name":"kesehatan","Description":""}]},{"ID":707,"Name":"Tensi Elektrik","Description":"","Price":240000,"Ratings":0,"Categories":[{"ID":3,"Name":"alat","Description":""},{"ID":6,"Name":"kesehatan","Description":""}]},{"ID":708,"Name":"Tensi Elektrik","Description":"","Price":25000000,"Ratings":0,"Categories":[{"ID":3,"Name":"alat","Description":""},{"ID":6,"Name":"kesehatan","Description":""}]},{"ID":717,"Name":"Dress","Description":"","Price":12000,"Ratings":0,"Categories":[]},{"ID":748,"Name":"Tensi Darah Elektrik","Description":"","Price":240000,"Ratings":0,"Categories":[{"ID":3,"Name":"alat","Description":""},{"ID":6,"Name":"kesehatan","Description":""}]},{"ID":749,"Name":"Tensi Darah Aja Loh","Description":"","Price":240000,"Ratings":0,"Categories":[{"ID":3,"Name":"alat","Description":""},{"ID":6,"Name":"kesehatan","Description":""}]},{"ID":750,"Name":"Tensi Darah Elektrik","Description":"","Price":240000,"Ratings":0,"Categories":[{"ID":3,"Name":"alat","Description":""},{"ID":6,"Name":"kesehatan","Description":""}]},{"ID":751,"Name":"Tensi Darah Elektrik","Description":"","Price":240000,"Ratings":0,"Categories":[{"ID":3,"Name":"alat","Description":""},{"ID":6,"Name":"kesehatan","Description":""}]},{"ID":752,"Name":"Tensi Darah Elektrik","Description":"","Price":240000,"Ratings":0,"Categories":[{"ID":3,"Name":"alat","Description":""},{"ID":6,"Name":"kesehatan","Description":""}]},{"ID":753,"Name":"Product Risma","Description":"","Price":89999,"Ratings":0,"Categories":[{"ID":3,"Name":"alat","Description":""},{"ID":6,"Name":"kesehatan","Description":""}]},{"ID":754,"Name":"Tensi Darah Elektrik","Description":"","Price":240000,"Ratings":0,"Categories":[{"ID":3,"Name":"alat","Description":""},{"ID":6,"Name":"kesehatan","Description":""}]},{"ID":755,"Name":"Product Risma","Description":"","Price":89999,"Ratings":0,"Categories":[{"ID":3,"Name":"alat","Description":""},{"ID":6,"Name":"kesehatan","Description":""}]},{"ID":756,"Name":"Tensi Darah Elektrik","Description":"","Price":0,"Ratings":0,"Categories":[{"ID":3,"Name":"alat","Description":""},{"ID":6,"Name":"kesehatan","Description":""}]},{"ID":757,"Name":"Tensi Darah Elektrik","Description":"","Price":240000,"Ratings":0,"Categories":[{"ID":3,"Name":"alat","Description":""},{"ID":6,"Name":"kesehatan","Description":""}]},{"ID":758,"Name":"Product Risma","Description":"","Price":89999,"Ratings":0,"Categories":[{"ID":3,"Name":"alat","Description":""},{"ID":6,"Name":"kesehatan","Description":""}]},{"ID":760,"Name":"Tensi Darah Elektrik","Description":"","Price":0,"Ratings":0,"Categories":[{"ID":3,"Name":"alat","Description":""},{"ID":6,"Name":"kesehatan","Description":""}]},{"ID":761,"Name":"Tensi Darah Elektrik","Description":"","Price":240000,"Ratings":0,"Categories":[]},{"ID":762,"Name":"Tensi Darah Elektrik","Description":"","Price":0,"Ratings":0,"Categories":[]},{"ID":763,"Name":"Tensi Darah Elektrik","Description":"","Price":240000,"Ratings":0,"Categories":[]},{"ID":764,"Name":"Api","Description":"","Price":32000,"Ratings":0,"Categories":[]},{"ID":765,"Name":"Tensi Darah Elektrik","Description":"","Price":240000,"Ratings":0,"Categories":[{"ID":3,"Name":"alat","Description":""},{"ID":6,"Name":"kesehatan","Description":""}]},{"ID":766,"Name":"Product Risma","Description":"","Price":89999,"Ratings":0,"Categories":[{"ID":3,"Name":"alat","Description":""},{"ID":6,"Name":"kesehatan","Description":""}]},{"ID":767,"Name":"Tensi Darah Elektrik","Description":"","Price":240000,"Ratings":0,"Categories":[{"ID":3,"Name":"alat","Description":""},{"ID":6,"Name":"kesehatan","Description":""}]},{"ID":768,"Name":"Tensi Darah Elektrik","Description":"","Price":240000,"Ratings":0,"Categories":[{"ID":3,"Name":"alat","Description":""},{"ID":6,"Name":"kesehatan","Description":""}]},{"ID":769,"Name":"Product Risma","Description":"","Price":89999,"Ratings":0,"Categories":[{"ID":3,"Name":"alat","Description":""},{"ID":6,"Name":"kesehatan","Description":""}]},{"ID":770,"Name":"Tensi Darah Elektrik","Description":"","Price":0,"Ratings":0,"Categories":[]},{"ID":771,"Name":"av22","Description":"","Price":240000,"Ratings":0,"Categories":[{"ID":3,"Name":"alat","Description":""},{"ID":6,"Name":"kesehatan","Description":""}]},{"ID":773,"Name":"Product Risma","Description":""
10:56:39.086 [main] DEBUG org.apache.http.wire -  << "","Price":89999,"Ratings":0,"Categories":[{"ID":3,"Name":"alat","Description":""},{"ID":"
10:56:39.086 [main] DEBUG org.apache.http.wire -  << "[\r][\n]"
10:56:39.086 [main] DEBUG org.apache.http.wire -  << "2000[\r][\n]"
10:56:39.086 [main] DEBUG org.apache.http.wire -  << "6,"Name":"kesehatan","Description":""}]},{"ID":774,"Name":" ","Description":"","Price":240000,"Ratings":0,"Categories":[{"ID":3,"Name":"alat","Description":""},{"ID":6,"Name":"kesehatan","Description":""}]},{"ID":776,"Name":"Tensi Darah Elektrik","Description":"","Price":240000,"Ratings":0,"Categories":[{"ID":3,"Name":"alat","Description":""},{"ID":6,"Name":"kesehatan","Description":""}]},{"ID":778,"Name":"Api","Description":"","Price":32000,"Ratings":0,"Categories":[]},{"ID":779,"Name":"Tensi Darah Elektrik","Description":"","Price":240000,"Ratings":0,"Categories":[{"ID":3,"Name":"alat","Description":""},{"ID":6,"Name":"kesehatan","Description":""}]},{"ID":781,"Name":"Api","Description":"","Price":32000,"Ratings":0,"Categories":[]},{"ID":782,"Name":"Api","Description":"","Price":32000,"Ratings":0,"Categories":[]},{"ID":783,"Name":"Api","Description":"","Price":32000,"Ratings":0,"Categories":[]},{"ID":784,"Name":"Api","Description":"","Price":32000,"Ratings":2,"Categories":[]},{"ID":785,"Name":"Tensi Darah Elektrik","Description":"","Price":240000,"Ratings":0,"Categories":[{"ID":3,"Name":"alat","Description":""},{"ID":6,"Name":"kesehatan","Description":""}]},{"ID":786,"Name":"Tensi Darah Elektrik","Description":"","Price":240000,"Ratings":0,"Categories":[{"ID":3,"Name":"alat","Description":""},{"ID":6,"Name":"kesehatan","Description":""}]},{"ID":787,"Name":"Tensi Darah Elektrik","Description":"","Price":240000,"Ratings":0,"Categories":[{"ID":3,"Name":"alat","Description":""},{"ID":6,"Name":"kesehatan","Description":""}]},{"ID":788,"Name":"Tensi Darah Elektrik","Description":"","Price":240000,"Ratings":0,"Categories":[{"ID":3,"Name":"alat","Description":""},{"ID":6,"Name":"kesehatan","Description":""}]},{"ID":789,"Name":"Api","Description":"","Price":32000,"Ratings":4,"Categories":[]},{"ID":790,"Name":"Api","Description":"","Price":32000,"Ratings":0,"Categories":[]},{"ID":791,"Name":"Api","Description":"","Price":32000,"Ratings":0,"Categories":[]},{"ID":792,"Name":"Api","Description":"","Price":32000,"Ratings":0,"Categories":[]},{"ID":793,"Name":"Api","Description":"","Price":32000,"Ratings":0,"Categories":[]},{"ID":794,"Name":"Api","Description":"","Price":32000,"Ratings":0,"Categories":[]},{"ID":795,"Name":"Api","Description":"","Price":32000,"Ratings":0,"Categories":[]},{"ID":796,"Name":"casing ip","Description":"","Price":100000,"Ratings":0,"Categories":[{"ID":1,"Name":"kesehatan","Description":""}]},{"ID":797,"Name":"casing ip","Description":"","Price":100000,"Ratings":0,"Categories":[{"ID":1,"Name":"kesehatan","Description":""}]},{"ID":798,"Name":"casing ip","Description":"","Price":100000,"Ratings":0,"Categories":[{"ID":2,"Name":"kesehatan","Description":""}]},{"ID":799,"Name":"casing ip","Description":"","Price":100000,"Ratings":0,"Categories":[{"ID":1,"Name":"kesehatan","Description":""}]},{"ID":800,"Name":"casing ip","Description":"","Price":100000,"Ratings":5,"Categories":[{"ID":1,"Name":"kesehatan","Description":""}]},{"ID":801,"Name":"casing ip","Description":"","Price":100000,"Ratings":0,"Categories":[{"ID":1,"Name":"kesehatan","Description":""}]},{"ID":802,"Name":"casing ip","Description":"","Price":100000,"Ratings":0,"Categories":[{"ID":1,"Name":"kesehatan","Description":""}]},{"ID":803,"Name":"casing ip","Description":"","Price":100000,"Ratings":0,"Categories":[{"ID":1,"Name":"kesehatan","Description":""}]},{"ID":804,"Name":"Computer","Description":"","Price":250000,"Ratings":0,"Categories":[{"ID":3,"Name":"alat","Description":""},{"ID":6,"Name":"kesehatan","Description":""}]},{"ID":805,"Name":"Tensi Darah Wireless","Description":"","Price":2900000,"Ratings":0,"Categories":[]},{"ID":806,"Name":"Tensi Darah Wireless","Description":"","Price":2900000,"Ratings":0,"Categories":[]},{"ID":807,"Name":"Tensi Darah Wireless","Description":"","Price":2900000,"Ratings":0,"Categories":[]},{"ID":808,"Name":"Tensi Darah Elektrik","Description":"","Price":240000,"Ratings":0,"Categories":[{"ID":3,"Name":"alat","Description":""},{"ID":6,"Name":"kesehatan","Description":""}]},{"ID":809,"Name":"Tensi Darah Elektrik","Description":"","Price":240000,"Ratings":0,"Categories":[{"ID":3,"Name":"alat","Description":""},{"ID":6,"Name":"kesehatan","Description":""}]},{"ID":810,"Name":"Handphone","Description":"","Price":12000,"Ratings":0,"Categories":[{"ID":3,"Name":"alat","Description":""},{"ID":10,"Name":"kesehatan","Description":""}]},{"ID":811,"Name":"Tensi Darah Elektrik","Description":"","Price":240000,"Ratings":0,"Categories":[{"ID":3,"Name":"alat","Description":""},{"ID":6,"Name":"kesehatan","Description":""}]},{"ID":812,"Name":"Handphone","Description":"","Price":12000,"Ratings":0,"Categories":[{"ID":3,"Name":"alat","Description":""},{"ID":10,"Name":"kesehatan","Description":""}]},{"ID":813,"Name":"Tensi Darah Elektrik","Description":"","Price":240000,"Ratings":0,"Categories":[{"ID":3,"Name":"alat","Description":""},{"ID":6,"Name":"kesehatan","Description":""}]},{"ID":814,"Name":"Tensi Darah Elektrik","Description":"","Price":240000,"Ratings":0,"Categories":[{"ID":3,"Name":"alat","Description":""},{"ID":6,"Name":"kesehatan","Description":""}]},{"ID":815,"Name":"Tensi Darah Elektrik","Description":"","Price":240000,"Ratings":0,"Categories":[{"ID":3,"Name":"alat","Description":""},{"ID":6,"Name":"kesehatan","Description":""}]},{"ID":816,"Name":"Tensi Darah Elektrik","Description":"","Price":240000,"Ratings":0,"Categories":[{"ID":3,"Name":"alat","Description":""},{"ID":6,"Name":"kesehatan","Description":""}]},{"ID":817,"Name":"Tensi Darah Elektrik","Description":"","Price":240000,"Ratings":0,"Categories":[{"ID":3,"Name":"alat","Description":""},{"ID":6,"Name":"kesehatan","Description":""}]},{"ID":818,"Name":"Tensi Darah Elektrik","Description":"","Price":240000,"Ratings":0,"Categories":[{"ID":3,"Name":"alat","Description":""},{"ID":6,"Name":"kesehatan","Description":""}]},{"ID":819,"Name":"Tensi Darah Elektrik","Description":"","Price":240000,"Ratings":0,"Categories":[{"ID":3,"Name":"alat","Description":""},{"ID":6,"Name":"kesehatan","Description":""}]},{"ID":820,"Name":"Tensi Darah Elektrik","Description":"","Price":240000,"Ratings":0,"Categories":[{"ID":3,"Name":"alat","Description":""},{"ID":6,"Name":"kesehatan","Description":""}]},{"ID":821,"Name":"Tensi Darah Elektrik","Description":"","Price":240000,"Ratings":0,"Categories":[{"ID":3,"Name":"alat","Description":""},{"ID":6,"Name":"kesehatan","Description":""}]},{"ID":822,"Name":"Tensi Darah Elektrik","Description":"","Price":240000,"Ratings":0,"Categories":[{"ID":3,"Name":"alat","Description":""},{"ID":6,"Name":"kesehatan","Description":""}]},{"ID":823,"Name":"Product Risma","Description":"","Price":89999,"Ratings":0,"Categories":[{"ID":3,"Name":"alat","Description":""},{"ID":6,"Name":"kesehatan","Description":""}]},{"ID":824,"Name":"Product Risma","Description":"","Price":89999,"Ratings":0,"Categories":[{"ID":3,"Name":"alat","Description":""},{"ID":6,"Name":"kesehatan","Description":""}]},{"ID":825,"Name":"Mousepad","Description":"","Price":10000,"Ratings":0,"Categories":[{"ID":3,"Name":"alat","Description":""},{"ID":6,"Name":"kesehatan","Description":""}]},{"ID":826,"Name":"Mousepad","Description":"","Price":10000,"Ratings":0,"Categories":[{"ID":3,"Name":"alat","Description":""},{"ID":6,"Name":"kesehatan","Description":""}]},{"ID":827,"Name":"Mousepad","Description":"","Price":10000,"Ratings":0,"Categories":[{"ID":3,"Name":"alat","Description":""},{"ID":6,"Name":"kesehatan","Description":""}]},{"ID":828,"Name":"Handphone","Description":"","Price":12000,"Ratings":0,"Categories":[{"ID":3,"Name":"alat","Description":""},{"ID":10,"Name":"kesehatan","Description":""}]},{"ID":829,"Name":"produk cindi","Description":"","Price":240000,"Ratings":0,"Categories":[{"ID":3,"Name":"alat","Description":""},{"ID":6,"Name":"kesehatan","Description":""}]},{"ID":830,"Name":"produk cindi","Description":"","Price":240000,"Ratings":0,"Categories":[{"ID":3,"Name":"alat","Description":""},{"ID":6,"Name":"kesehatan","Description":""}]},{"ID":831,"Name":"produk cindi","Description":"","Price":240000,"Ratings":0,"Cate"
10:56:39.087 [main] DEBUG org.apache.http.wire -  << "gories":[{"ID":3,"Name":"alat","Description":""},{"ID":6,"Name":"kesehatan","Description":""}]},"
10:56:39.087 [main] DEBUG org.apache.http.wire -  << "[\r][\n]"
10:56:39.087 [main] DEBUG org.apache.http.wire -  << "2000[\r][\n]"
10:56:39.087 [main] DEBUG org.apache.http.wire -  << "{"ID":832,"Name":" ","Description":"","Price":240000,"Ratings":0,"Categories":[{"ID":3,"Name":"alat","Description":""},{"ID":6,"Name":"kesehatan","Description":""}]},{"ID":833,"Name":"produk cindi","Description":"","Price":240000,"Ratings":0,"Categories":[{"ID":3,"Name":"alat","Description":""},{"ID":6,"Name":"kesehatan","Description":""}]},{"ID":834,"Name":"Handphone","Description":"","Price":12000,"Ratings":0,"Categories":[{"ID":3,"Name":"alat","Description":""},{"ID":10,"Name":"kesehatan","Description":""}]},{"ID":835,"Name":"produk cindi","Description":"","Price":240000,"Ratings":0,"Categories":[{"ID":3,"Name":"alat","Description":""},{"ID":6,"Name":"kesehatan","Description":""}]},{"ID":836,"Name":"produk cindi","Description":"","Price":240000,"Ratings":0,"Categories":[{"ID":3,"Name":"alat","Description":""},{"ID":6,"Name":"kesehatan","Description":""}]},{"ID":837,"Name":"produk cindi","Description":"","Price":240000,"Ratings":0,"Categories":[{"ID":3,"Name":"alat","Description":""},{"ID":6,"Name":"kesehatan","Description":""}]},{"ID":838,"Name":"produk cindi","Description":"","Price":240000,"Ratings":0,"Categories":[{"ID":3,"Name":"alat","Description":""},{"ID":6,"Name":"kesehatan","Description":""}]},{"ID":839,"Name":"produk cindi","Description":"","Price":240000,"Ratings":0,"Categories":[{"ID":3,"Name":"alat","Description":""},{"ID":6,"Name":"kesehatan","Description":""}]},{"ID":840,"Name":"Durian Jatuh","Description":"","Price":290000,"Ratings":0,"Categories":[{"ID":3,"Name":"alat","Description":""},{"ID":6,"Name":"kesehatan","Description":""}]},{"ID":841,"Name":"Handphone","Description":"","Price":12000,"Ratings":0,"Categories":[{"ID":3,"Name":"alat","Description":""},{"ID":10,"Name":"kesehatan","Description":""}]},{"ID":842,"Name":"produk cindi","Description":"","Price":240000,"Ratings":0,"Categories":[{"ID":3,"Name":"alat","Description":""},{"ID":6,"Name":"kesehatan","Description":""}]},{"ID":843,"Name":"Handphone","Description":"","Price":12000,"Ratings":0,"Categories":[{"ID":3,"Name":"alat","Description":""},{"ID":10,"Name":"kesehatan","Description":""}]},{"ID":844,"Name":"produk cindi","Description":"","Price":240000,"Ratings":0,"Categories":[{"ID":3,"Name":"alat","Description":""},{"ID":6,"Name":"kesehatan","Description":""}]},{"ID":845,"Name":"Product Risma","Description":"","Price":89999,"Ratings":0,"Categories":[{"ID":3,"Name":"alat","Description":""},{"ID":6,"Name":"kesehatan","Description":""}]},{"ID":846,"Name":" ","Description":"","Price":240000,"Ratings":0,"Categories":[{"ID":3,"Name":"alat","Description":""},{"ID":6,"Name":"kesehatan","Description":""}]},{"ID":847,"Name":" ","Description":"","Price":220000,"Ratings":0,"Categories":[{"ID":3,"Name":"alat","Description":""},{"ID":6,"Name":"kesehatan","Description":""}]},{"ID":848,"Name":" ","Description":"","Price":220000,"Ratings":0,"Categories":[{"ID":3,"Name":"alat","Description":""},{"ID":6,"Name":"kesehatan","Description":""}]},{"ID":849,"Name":"produk cindi","Description":"","Price":240000,"Ratings":0,"Categories":[{"ID":3,"Name":"alat","Description":""},{"ID":6,"Name":"kesehatan","Description":""}]},{"ID":850,"Name":"Product Risma","Description":"","Price":89999,"Ratings":0,"Categories":[{"ID":3,"Name":"alat","Description":""},{"ID":6,"Name":"kesehatan","Description":""}]},{"ID":851,"Name":"Product Risma","Description":"","Price":89999,"Ratings":0,"Categories":[{"ID":3,"Name":"alat","Description":""},{"ID":6,"Name":"kesehatan","Description":""}]},{"ID":852,"Name":"Product Risma","Description":"","Price":89999,"Ratings":0,"Categories":[{"ID":3,"Name":"alat","Description":""},{"ID":6,"Name":"kesehatan","Description":""}]},{"ID":853,"Name":"Product Risma","Description":"","Price":89999,"Ratings":3,"Categories":[{"ID":3,"Name":"alat","Description":""},{"ID":6,"Name":"kesehatan","Description":""}]},{"ID":854,"Name":"Tensi Darah Elektrik","Description":"","Price":240000,"Ratings":0,"Categories":[{"ID":3,"Name":"alat","Description":""},{"ID":6,"Name":"kesehatan","Description":""}]},{"ID":855,"Name":"Tensi Darah Elektrik","Description":"","Price":240000,"Ratings":0,"Categories":[{"ID":3,"Name":"alat","Description":""},{"ID":6,"Name":"kesehatan","Description":""}]},{"ID":856,"Name":"Tensi Darah Elektrik","Description":"","Price":240000,"Ratings":0,"Categories":[{"ID":3,"Name":"alat","Description":""},{"ID":6,"Name":"kesehatan","Description":""}]},{"ID":857,"Name":"Tensi Darah Elektrik","Description":"","Price":240000,"Ratings":0,"Categories":[{"ID":3,"Name":"alat","Description":""},{"ID":6,"Name":"kesehatan","Description":""}]},{"ID":858,"Name":"Tensi Darah Elektrik","Description":"","Price":240000,"Ratings":0,"Categories":[{"ID":3,"Name":"alat","Description":""},{"ID":6,"Name":"kesehatan","Description":""}]},{"ID":859,"Name":"Tensi Darah Elektrik","Description":"","Price":240000,"Ratings":0,"Categories":[{"ID":3,"Name":"alat","Description":""},{"ID":6,"Name":"kesehatan","Description":""}]},{"ID":860,"Name":"Tensi Darah Elektrik","Description":"","Price":240000,"Ratings":0,"Categories":[{"ID":3,"Name":"alat","Description":""},{"ID":6,"Name":"kesehatan","Description":""}]},{"ID":861,"Name":"Tensi Darah Elektrik","Description":"","Price":240000,"Ratings":0,"Categories":[{"ID":3,"Name":"alat","Description":""},{"ID":6,"Name":"kesehatan","Description":""}]},{"ID":862,"Name":"Tensi Darah Elektrik","Description":"","Price":240000,"Ratings":0,"Categories":[{"ID":3,"Name":"alat","Description":""},{"ID":6,"Name":"kesehatan","Description":""}]},{"ID":863,"Name":"Tensi Darah Elektrik","Description":"","Price":240000,"Ratings":0,"Categories":[{"ID":3,"Name":"alat","Description":""},{"ID":6,"Name":"kesehatan","Description":""}]},{"ID":864,"Name":"Durian Jatuh","Description":"","Price":290000,"Ratings":0,"Categories":[{"ID":3,"Name":"alat","Description":""},{"ID":6,"Name":"kesehatan","Description":""}]},{"ID":865,"Name":"Tensi Darah Elektrik","Description":"","Price":240000,"Ratings":0,"Categories":[{"ID":3,"Name":"alat","Description":""},{"ID":6,"Name":"kesehatan","Description":""}]},{"ID":866,"Name":"Tensi Darah Elektrik","Description":"","Price":240000,"Ratings":0,"Categories":[{"ID":3,"Name":"alat","Description":""},{"ID":6,"Name":"kesehatan","Description":""}]},{"ID":867,"Name":"Cincin Emas","Description":"","Price":1000000000,"Ratings":0,"Categories":[{"ID":99,"Name":"Aksesoris","Description":""}]},{"ID":868,"Name":"Tensi Darah Elektrik","Description":"","Price":240000,"Ratings":1,"Categories":[{"ID":3,"Name":"alat","Description":""},{"ID":6,"Name":"kesehatan","Description":""}]},{"ID":869,"Name":"Tensi Darah Elektrik","Description":"","Price":240000,"Ratings":0,"Categories":[{"ID":3,"Name":"alat","Description":""},{"ID":6,"Name":"kesehatan","Description":""}]},{"ID":870,"Name":" ","Description":"","Price":220000,"Ratings":0,"Categories":[{"ID":3,"Name":"alat","Description":""},{"ID":6,"Name":"kesehatan","Description":""}]},{"ID":871,"Name":"Tensi Darah Elektrik","Description":"","Price":240000,"Ratings":0,"Categories":[{"ID":3,"Name":"alat","Description":""},{"ID":6,"Name":"kesehatan","Description":""}]},{"ID":872,"Name":" ","Description":"","Price":220000,"Ratings":0,"Categories":[{"ID":3,"Name":"alat","Description":""},{"ID":6,"Name":"kesehatan","Description":""}]},{"ID":873,"Name":"Tensi Darah Elektrik","Description":"","Price":240000,"Ratings":0,"Categories":[{"ID":3,"Name":"alat","Description":""},{"ID":6,"Name":"kesehatan","Description":""}]},{"ID":874,"Name":"Handphone","Description":"","Price":12000,"Ratings":0,"Categories":[{"ID":3,"Name":"alat","Description":""},{"ID":10,"Name":"kesehatan","Description":""}]},{"ID":875,"Name":"produk cindi","Description":"","Price":240000,"Ratings":0,"Categories":[{"ID":3,"Name":"alat","Description":""},{"ID":6,"Name":"kesehatan","Description":""}]},{"ID":876,"Name":"Tensi Darah Elektrik","Description":"","Price":240000,"Ratings":0,"Categories":[{"ID":3,"Name":"alat","Description":""},{"ID":6,"Name":"kesehatan","Description":""}]},{"ID":877,"Name":"Tensi Darah Elektrik","Description":"","Price":240000,"Ratings":0,"Categories":[{"I"
10:56:39.122 [main] DEBUG org.apache.http.wire -  << "D":3,"Name":"alat","Description":""},{"ID":6,"Name":"kesehatan","Description":""}]},{"ID":878,"Name":"Te"
10:56:39.122 [main] DEBUG org.apache.http.wire -  << "[\r][\n]"
10:56:39.122 [main] DEBUG org.apache.http.wire -  << "1000[\r][\n]"
10:56:39.122 [main] DEBUG org.apache.http.wire -  << "nsi Darah Elektrik","Description":"","Price":240000,"Ratings":0,"Categories":[{"ID":3,"Name":"alat","Description":""},{"ID":6,"Name":"kesehatan","Description":""}]},{"ID":879,"Name":"Tensi Darah Elektrik","Description":"","Price":240000,"Ratings":0,"Categories":[{"ID":3,"Name":"alat","Description":""},{"ID":6,"Name":"kesehatan","Description":""}]},{"ID":880,"Name":"Tensi Darah Elektrik","Description":"","Price":240000,"Ratings":0,"Categories":[{"ID":3,"Name":"alat","Description":""},{"ID":6,"Name":"kesehatan","Description":""}]},{"ID":881,"Name":"produk cindi","Description":"","Price":240000,"Ratings":0,"Categories":[{"ID":3,"Name":"alat","Description":""},{"ID":6,"Name":"kesehatan","Description":""}]},{"ID":882,"Name":"produk cindi","Description":"","Price":240000,"Ratings":0,"Categories":[{"ID":3,"Name":"alat","Description":""},{"ID":6,"Name":"kesehatan","Description":""}]},{"ID":883,"Name":"Handphone","Description":"","Price":12000,"Ratings":0,"Categories":[{"ID":3,"Name":"alat","Description":""},{"ID":10,"Name":"kesehatan","Description":""}]},{"ID":884,"Name":"produk cindi","Description":"","Price":240000,"Ratings":0,"Categories":[{"ID":3,"Name":"alat","Description":""},{"ID":6,"Name":"kesehatan","Description":""}]},{"ID":885,"Name":"Handphone","Description":"","Price":12000,"Ratings":0,"Categories":[{"ID":3,"Name":"alat","Description":""},{"ID":10,"Name":"kesehatan","Description":""}]},{"ID":886,"Name":"Barbel","Description":"","Price":400000,"Ratings":0,"Categories":[{"ID":3,"Name":"alat","Description":""},{"ID":4,"Name":"alat","Description":"sangat bagus"}]},{"ID":887,"Name":" ","Description":"","Price":220000,"Ratings":0,"Categories":[{"ID":3,"Name":"alat","Description":""},{"ID":6,"Name":"kesehatan","Description":""}]},{"ID":888,"Name":" ","Description":"","Price":220000,"Ratings":2,"Categories":[{"ID":3,"Name":"alat","Description":""},{"ID":6,"Name":"kesehatan","Description":""}]},{"ID":889,"Name":"produk cindi","Description":"","Price":240000,"Ratings":0,"Categories":[{"ID":3,"Name":"alat","Description":""},{"ID":6,"Name":"kesehatan","Description":""}]},{"ID":890,"Name":"Barbel","Description":"","Price":400000,"Ratings":3,"Categories":[{"ID":3,"Name":"alat","Description":""},{"ID":4,"Name":"alat","Description":"sangat bagus"}]},{"ID":891,"Name":"produk cindi","Description":"","Price":240000,"Ratings":0,"Categories":[{"ID":3,"Name":"alat","Description":""},{"ID":6,"Name":"kesehatan","Description":""}]},{"ID":892,"Name":"Tensi Darah Elektrik","Description":"","Price":240000,"Ratings":2,"Categories":[{"ID":3,"Name":"alat","Description":""},{"ID":6,"Name":"kesehatan","Description":""}]},{"ID":893,"Name":"Tensi Darah Elektrik","Description":"","Price":240000,"Ratings":2,"Categories":[{"ID":3,"Name":"alat","Description":""},{"ID":6,"Name":"kesehatan","Description":""}]},{"ID":894,"Name":"Tensi Darah Elektrik","Description":"","Price":240000,"Ratings":0,"Categories":[{"ID":3,"Name":"alat","Description":""},{"ID":6,"Name":"kesehatan","Description":""}]},{"ID":895,"Name":"Tensi Darah Elektrik","Description":"","Price":240000,"Ratings":0,"Categories":[{"ID":3,"Name":"alat","Description":""},{"ID":6,"Name":"kesehatan","Description":""}]},{"ID":896,"Name":"Tensi Darah Elektrik","Description":"","Price":240000,"Ratings":0,"Categories":[{"ID":3,"Name":"alat","Description":""},{"ID":6,"Name":"kesehatan","Description":""}]},{"ID":897,"Name":"Tensi Darah Elektrik","Description":"","Price":240000,"Ratings":0,"Categories":[{"ID":3,"Name":"alat","Description":""},{"ID":6,"Name":"kesehatan","Description":""}]},{"ID":898,"Name":"Tensi Darah Elektrik","Description":"","Price":220000,"Ratings":0,"Categories":[{"ID":3,"Name":"alat","Description":""},{"ID":6,"Name":"kesehatan","Description":""}]},{"ID":899,"Name":"Tensi Darah Elektrik","Description":"","Price":220000,"Ratings":0,"Categories":[{"ID":3,"Name":"alat","Description":""},{"ID":6,"Name":"kesehatan","Description":""}]},{"ID":900,"Name":"Tensi Darah Elektrik","Description":"","Price":240000,"Ratings":0,"Categories":[{"ID":3,"Name":"alat","Description":""},{"ID":6,"Name":"keseha"
10:56:39.122 [main] DEBUG org.apache.http.wire -  << "[\r][\n]"
10:56:39.122 [main] DEBUG org.apache.http.wire -  << "2000[\r][\n]"
10:56:39.122 [main] DEBUG org.apache.http.wire -  << "tan","Description":""}]},{"ID":901,"Name":"Product Risma","Description":"","Price":89999,"Ratings":0,"Categories":[{"ID":3,"Name":"alat","Description":""},{"ID":6,"Name":"kesehatan","Description":""}]},{"ID":902,"Name":"Tensi Darah Elektrik","Description":"","Price":220000,"Ratings":0,"Categories":[{"ID":3,"Name":"alat","Description":""},{"ID":6,"Name":"kesehatan","Description":""}]},{"ID":903,"Name":"Tensi Darah Elektrik","Description":"","Price":240000,"Ratings":0,"Categories":[{"ID":3,"Name":"alat","Description":""},{"ID":6,"Name":"kesehatan","Description":""}]},{"ID":904,"Name":"Handphone","Description":"","Price":12000,"Ratings":0,"Categories":[{"ID":3,"Name":"alat","Description":""},{"ID":10,"Name":"kesehatan","Description":""}]},{"ID":905,"Name":"Product Risma","Description":"","Price":89999,"Ratings":0,"Categories":[{"ID":3,"Name":"alat","Description":""},{"ID":6,"Name":"kesehatan","Description":""}]},{"ID":906,"Name":"Handphone","Description":"","Price":12000,"Ratings":0,"Categories":[{"ID":3,"Name":"alat","Description":""},{"ID":10,"Name":"kesehatan","Description":""}]},{"ID":907,"Name":"Product Risma","Description":"","Price":89999,"Ratings":0,"Categories":[{"ID":3,"Name":"alat","Description":""},{"ID":6,"Name":"kesehatan","Description":""}]},{"ID":908,"Name":"Oksimeter","Description":"","Price":6000,"Ratings":0,"Categories":[{"ID":3,"Name":"alat","Description":""},{"ID":6,"Name":"kesehatan","Description":""}]},{"ID":909,"Name":"Handphone","Description":"","Price":12000,"Ratings":0,"Categories":[{"ID":3,"Name":"alat","Description":""},{"ID":10,"Name":"kesehatan","Description":""}]},{"ID":910,"Name":"kesehatan","Description":"","Price":30000,"Ratings":0,"Categories":[{"ID":11,"Name":"kesehatan","Description":""},{"ID":142,"Name":"kesehatan","Description":""},{"ID":213,"Name":"Teleskop","Description":""}]},{"ID":911,"Name":"Handphone","Description":"","Price":12000,"Ratings":0,"Categories":[{"ID":3,"Name":"alat","Description":""},{"ID":10,"Name":"kesehatan","Description":""}]},{"ID":912,"Name":"Handphone","Description":"","Price":12000,"Ratings":0,"Categories":[{"ID":3,"Name":"alat","Description":""},{"ID":10,"Name":"kesehatan","Description":""}]},{"ID":913,"Name":"produk cindi","Description":"","Price":240000,"Ratings":0,"Categories":[{"ID":3,"Name":"alat","Description":""},{"ID":6,"Name":"kesehatan","Description":""}]},{"ID":914,"Name":"Tensi Darah Elektrik","Description":"","Price":240000,"Ratings":0,"Categories":[{"ID":3,"Name":"alat","Description":""},{"ID":6,"Name":"kesehatan","Description":""}]},{"ID":915,"Name":"produk cindi","Description":"","Price":240000,"Ratings":0,"Categories":[{"ID":3,"Name":"alat","Description":""},{"ID":6,"Name":"kesehatan","Description":""}]},{"ID":916,"Name":"Barbel","Description":"","Price":400000,"Ratings":0,"Categories":[{"ID":3,"Name":"alat","Description":""},{"ID":4,"Name":"alat","Description":"sangat bagus"}]},{"ID":917,"Name":"Barbel","Description":"","Price":400000,"Ratings":0,"Categories":[{"ID":3,"Name":"alat","Description":""},{"ID":4,"Name":"alat","Description":"sangat bagus"}]},{"ID":918,"Name":"Barbel","Description":"","Price":400000,"Ratings":0,"Categories":[{"ID":3,"Name":"alat","Description":""},{"ID":4,"Name":"alat","Description":"sangat bagus"},{"ID":1029,"Name":"Barang Berat","Description":"berat barang"}]},{"ID":919,"Name":"produk cindi","Description":"","Price":240000,"Ratings":0,"Categories":[{"ID":3,"Name":"alat","Description":""},{"ID":6,"Name":"kesehatan","Description":""}]},{"ID":920,"Name":"Barbel","Description":"","Price":400000,"Ratings":0,"Categories":[{"ID":3,"Name":"alat","Description":""},{"ID":4,"Name":"alat","Description":"sangat bagus"},{"ID":1029,"Name":"Barang Berat","Description":"berat barang"}]},{"ID":921,"Name":"Barbel","Description":"","Price":400000,"Ratings":0,"Categories":[{"ID":3,"Name":"alat","Description":""},{"ID":4,"Name":"alat","Description":"sangat bagus"},{"ID":1029,"Name":"Barang Berat","Description":"ber"
10:56:39.122 [main] DEBUG org.apache.http.wire -  << "at barang"}]},{"ID":922,"Name":"Pelampung","Description":"","Price":5000,"Ratings":0,"Categories":[{"ID":3,"Name":"alat","Description":""},{"ID":6,"Name":"kesehatan","Description":""}]},{"ID":930,"Name":"Tensi Darah Elektrik","Description":"","Price":240000,"Ratings":0,"Categories":[{"ID":3,"Name":"alat","Description":""},{"ID":6,"Name":"kesehatan","Description":""}]},{"ID":932,"Name":"Tensi Darah Elektrik","Description":"","Price":240000,"Ratings":0,"Categories":[{"ID":3,"Name":"alat","Description":""},{"ID":6,"Name":"kesehatan","Description":""}]},{"ID":934,"Name":"Tensi Darah Elektrik","Description":"","Price":240000,"Ratings":0,"Categories":[{"ID":3,"Name":"alat","Description":""},{"ID":6,"Name":"kesehatan","Description":""}]},{"ID":935,"Name":"Tensi Darah Elektrik","Description":"","Price":240000,"Ratings":0,"Categories":[{"ID":3,"Name":"alat","Description":""},{"ID":6,"Name":"kesehatan","Description":""}]},{"ID":936,"Name":"Tensi Darah Elektrik","Description":"","Price":240000,"Ratings":0,"Categories":[{"ID":3,"Name":"alat","Description":""},{"ID":6,"Name":"kesehatan","Description":""}]},{"ID":937,"Name":"Tensi Darah Elektrik","Description":"","Price":240000,"Ratings":0,"Categories":[{"ID":3,"Name":"alat","Description":""},{"ID":6,"Name":"kesehatan","Description":""}]},{"ID":938,"Name":"Tensi Darah Elektrik","Description":"","Price":240000,"Ratings":0,"Categories":[{"ID":3,"Name":"alat","Description":""},{"ID":6,"Name":"kesehatan","Description":""}]},{"ID":939,"Name":"Tensi Darah Elektrik","Description":"","Price":240000,"Ratings":0,"Categories":[{"ID":3,"Name":"alat","Description":""},{"ID":6,"Name":"kesehatan","Description":""}]},{"ID":940,"Name":"Oksimeter","Description":"","Price":6000,"Ratings":0,"Categories":[{"ID":3,"Name":"alat","Description":""},{"ID":6,"Name":"kesehatan","Description":""}]},{"ID":941,"Name":"Barbel","Description":"","Price":400000,"Ratings":0,"Categories":[{"ID":3,"Name":"alat","Description":""},{"ID":4,"Name":"alat","Description":"sangat bagus"},{"ID":1029,"Name":"Barang Berat","Description":"berat barang"}]},{"ID":942,"Name":"produk cindi","Description":"","Price":240000,"Ratings":0,"Categories":[{"ID":3,"Name":"alat","Description":""},{"ID":6,"Name":"kesehatan","Description":""}]},{"ID":943,"Name":"Handphone","Description":"","Price":12000,"Ratings":0,"Categories":[{"ID":3,"Name":"alat","Description":""},{"ID":10,"Name":"kesehatan","Description":""}]},{"ID":946,"Name":"Tensi Darah Elektrik","Description":"","Price":220000,"Ratings":0,"Categories":[{"ID":3,"Name":"alat","Description":""},{"ID":6,"Name":"kesehatan","Description":""}]},{"ID":947,"Name":"Tensi Darah Elektrik","Description":"","Price":240000,"Ratings":0,"Categories":[{"ID":3,"Name":"alat","Description":""},{"ID":6,"Name":"kesehatan","Description":""}]},{"ID":948,"Name":"Handphone","Description":"","Price":12000,"Ratings":0,"Categories":[{"ID":3,"Name":"alat","Description":""},{"ID":10,"Name":"kesehatan","Description":""}]},{"ID":949,"Name":"Tensi Darah Elektrik","Description":"","Price":240000,"Ratings":0,"Categories":[{"ID":3,"Name":"alat","Description":""},{"ID":6,"Name":"kesehatan","Description":""}]},{"ID":950,"Name":"Tensi Darah Elektrik","Description":"","Price":240000,"Ratings":0,"Categories":[{"ID":3,"Name":"alat","Description":""},{"ID":6,"Name":"kesehatan","Description":""}]},{"ID":951,"Name":"Tensi Darah Elektrik","Description":"","Price":240000,"Ratings":0,"Categories":[{"ID":3,"Name":"alat","Description":""},{"ID":6,"Name":"kesehatan","Description":""}]},{"ID":952,"Name":"Tensi Darah Elektrik","Description":"","Price":240000,"Ratings":0,"Categories":[{"ID":3,"Name":"alat","Description":""},{"ID":6,"Name":"kesehatan","Description":""}]},{"ID":953,"Name":"Tensi Darah Elektrik","Description":"","Price":240000,"Ratings":0,"Categories":[{"ID":3,"Name":"alat","Description":""},{"ID":6,"Name":"kesehatan","Description":""}]},{"ID":954,"Name":"Handphone","Description":"","Price":12000,"Ratings":0,"Categories":[{"ID":3,"Name":"alat","Description":""},{"ID":10,"Name":"kesehatan","Description":""}]},{"ID":955,"Name":"Tensi Darah Elektrik","Description":"","Price":240000,"Ratings":0,"Categories":[{"ID":3,"Name":"alat","Description":""},{"ID""
10:56:39.122 [main] DEBUG org.apache.http.wire -  << "[\r][\n]"
10:56:39.122 [main] DEBUG org.apache.http.wire -  << "1000[\r][\n]"
10:56:39.122 [main] DEBUG org.apache.http.wire -  << ":6,"Name":"kesehatan","Description":""}]},{"ID":956,"Name":"Tensi Darah Elektrik","Description":"","Price":1000,"Ratings":0,"Categories":[]},{"ID":957,"Name":"Tensi Darah Elektrik","Description":"","Price":1000,"Ratings":0,"Categories":[]},{"ID":958,"Name":"Tensi Darah Elektrik","Description":"","Price":1000,"Ratings":0,"Categories":[]},{"ID":959,"Name":"produk cindi","Description":"","Price":240000,"Ratings":0,"Categories":[{"ID":3,"Name":"alat","Description":""},{"ID":6,"Name":"kesehatan","Description":""}]},{"ID":960,"Name":"Tensi Darah Elektrik","Description":"","Price":1000,"Ratings":0,"Categories":[]},{"ID":961,"Name":"Tensi Darah Elektrik","Description":"","Price":240000,"Ratings":0,"Categories":[{"ID":3,"Name":"alat","Description":""},{"ID":6,"Name":"kesehatan","Description":""}]},{"ID":962,"Name":"casing ip","Description":"","Price":100000,"Ratings":0,"Categories":[{"ID":1,"Name":"kesehatan","Description":""}]},{"ID":963,"Name":"casing ip","Description":"","Price":100000,"Ratings":0,"Categories":[{"ID":1,"Name":"kesehatan","Description":""}]},{"ID":964,"Name":"casing ip","Description":"","Price":100000,"Ratings":0,"Categories":[{"ID":1,"Name":"kesehatan","Description":""}]},{"ID":965,"Name":"casing ip","Description":"","Price":100000,"Ratings":0,"Categories":[{"ID":1,"Name":"kesehatan","Description":""}]},{"ID":966,"Name":"casing ip","Description":"","Price":100000,"Ratings":0,"Categories":[{"ID":1,"Name":"kesehatan","Description":""}]},{"ID":967,"Name":"casing ip","Description":"","Price":100000,"Ratings":0,"Categories":[{"ID":1,"Name":"kesehatan","Description":""}]},{"ID":968,"Name":"casing ip","Description":"","Price":100000,"Ratings":3,"Categories":[{"ID":1,"Name":"kesehatan","Description":""}]},{"ID":969,"Name":"casing ip","Description":"","Price":100000,"Ratings":0,"Categories":[{"ID":1,"Name":"kesehatan","Description":""}]},{"ID":970,"Name":"casing ip","Description":"","Price":100000,"Ratings":0,"Categories":[{"ID":1,"Name":"kesehatan","Description":""}]},{"ID":971,"Name":"casing ip","Description":"","Price":100000,"Ratings":5,"Categories":[{"ID":1,"Name":"kesehatan","Description":""}]},{"ID":972,"Name":"Tensi Darah Elektrik","Description":"","Price":1000,"Ratings":0,"Categories":[]},{"ID":974,"Name":"barang","Description":"","Price":2000,"Ratings":0,"Categories":[{"ID":3,"Name":"alat","Description":""},{"ID":6,"Name":"kesehatan","Description":""}]},{"ID":975,"Name":"barang","Description":"","Price":0,"Ratings":0,"Categories":[]},{"ID":976,"Name":"barang","Description":"","Price":2000,"Ratings":0,"Categories":[]},{"ID":977,"Name":"barang","Description":"","Price":0,"Ratings":0,"Categories":[{"ID":3,"Name":"alat","Description":""},{"ID":6,"Name":"kesehatan","Description":""}]},{"ID":978,"Name":"Tensi Darah Elektrik","Description":"","Price":1000,"Ratings":0,"Categories":[]},{"ID":980,"Name":"Handphone","Description":"","Price":12000,"Ratings":0,"Categories":[{"ID":3,"Name":"alat","Description":""},{"ID":10,"Name":"kesehatan","Description":""}]},{"ID":981,"Name":"Tensi Darah Elektrik","Description":"","Price":240000,"Ratings":0,"Categories":[{"ID":3,"Name":"alat","Description":""},{"ID":6,"Name":"kesehatan","Description":""}]},{"ID":983,"Name":"Tensi Darah Elektrik","Description":"","Price":1000,"Ratings":0,"Categories":[]},{"ID":984,"Name":"kesehatan","Description":"","Price":30000,"Ratings":0,"Categories":[{"ID":11,"Name":"kesehatan","Description":""},{"ID":142,"Name":"kesehatan","Description":""},{"ID":213,"Name":"Teleskop","Description":""}]},{"ID":985,"Name":"kesehatan","Description":"","Price":30000,"Ratings":0,"Categories":[{"ID":11,"Name":"kesehatan","Description":""},{"ID":142,"Name":"kesehatan","Description":""},{"ID":213,"Name":"Teleskop","Description":""}]},{"ID":986,"Name":"kesehatan","Description":"","Price":30000,"Ratings":0,"Categories":[{"ID":11,"Name":"kesehatan","Description":""},{"ID":142,"Name":"kesehatan","Description":""},{"ID":213,"Name":"Teleskop","Descript"
10:56:39.128 [main] DEBUG org.apache.http.wire -  << "ion":""}]},{"ID":987,"Name":"Tensi Darah Elektrik","Description":"","Price":1000,"Ratings":0,"Categories":[{"ID":3,"Name":"alat""
10:56:39.128 [main] DEBUG org.apache.http.wire -  << "[\r][\n]"
10:56:39.128 [main] DEBUG org.apache.http.wire -  << "8000[\r][\n]"
10:56:39.128 [main] DEBUG org.apache.http.wire -  << ","Description":""},{"ID":6,"Name":"kesehatan","Description":""}]},{"ID":989,"Name":"barang","Description":"","Price":2000,"Ratings":0,"Categories":[{"ID":3,"Name":"alat","Description":""},{"ID":6,"Name":"kesehatan","Description":""}]},{"ID":996,"Name":"barang","Description":"","Price":0,"Ratings":0,"Categories":[]},{"ID":997,"Name":"barang","Description":"","Price":0,"Ratings":0,"Categories":[{"ID":3,"Name":"alat","Description":""},{"ID":6,"Name":"kesehatan","Description":""}]},{"ID":1002,"Name":"Product Risma","Description":"","Price":89999,"Ratings":0,"Categories":[{"ID":3,"Name":"alat","Description":""},{"ID":6,"Name":"kesehatan","Description":""}]},{"ID":1003,"Name":"Product Risma","Description":"","Price":89999,"Ratings":0,"Categories":[{"ID":3,"Name":"alat","Description":""},{"ID":6,"Name":"kesehatan","Description":""}]},{"ID":1471,"Name":"Tensi Darah Elektrik","Description":"","Price":240000,"Ratings":0,"Categories":[{"ID":3,"Name":"alat","Description":""},{"ID":6,"Name":"kesehatan","Description":""}]},{"ID":1475,"Name":"Tensi Darah Elektrik","Description":"","Price":240000,"Ratings":0,"Categories":[{"ID":3,"Name":"alat","Description":""},{"ID":6,"Name":"kesehatan","Description":""}]},{"ID":1484,"Name":"Product Risma","Description":"","Price":89999,"Ratings":0,"Categories":[{"ID":3,"Name":"alat","Description":""},{"ID":6,"Name":"kesehatan","Description":""}]},{"ID":1485,"Name":"Tensi Darah Elektrik","Description":"","Price":240000,"Ratings":0,"Categories":[{"ID":3,"Name":"alat","Description":""},{"ID":6,"Name":"kesehatan","Description":""}]},{"ID":1487,"Name":"Tensi Darah Elektrik","Description":"","Price":240000,"Ratings":0,"Categories":[{"ID":3,"Name":"alat","Description":""},{"ID":6,"Name":"kesehatan","Description":""}]},{"ID":1488,"Name":"Durian Jatuh","Description":"","Price":290000,"Ratings":0,"Categories":[{"ID":3,"Name":"alat","Description":""},{"ID":6,"Name":"kesehatan","Description":""}]},{"ID":1490,"Name":"Durian Jatuh","Description":"","Price":290000,"Ratings":0,"Categories":[{"ID":3,"Name":"alat","Description":""},{"ID":6,"Name":"kesehatan","Description":""}]},{"ID":1491,"Name":"Durian Jatuh","Description":"","Price":290000,"Ratings":0,"Categories":[{"ID":3,"Name":"alat","Description":""},{"ID":6,"Name":"kesehatan","Description":""}]},{"ID":1500,"Name":"Durian Jatuh","Description":"","Price":290000,"Ratings":0,"Categories":[{"ID":3,"Name":"alat","Description":""},{"ID":6,"Name":"kesehatan","Description":""}]},{"ID":1501,"Name":"Durian Jatuh","Description":"","Price":290000,"Ratings":0,"Categories":[{"ID":3,"Name":"alat","Description":""},{"ID":6,"Name":"kesehatan","Description":""}]},{"ID":979,"Name":"Tensi Darah Elektrik","Description":"","Price":1000,"Ratings":0,"Categories":[]},{"ID":982,"Name":"Handphone","Description":"","Price":12000,"Ratings":0,"Categories":[{"ID":3,"Name":"alat","Description":""},{"ID":10,"Name":"kesehatan","Description":""}]},{"ID":990,"Name":"barang","Description":"","Price":0,"Ratings":0,"Categories":[]},{"ID":991,"Name":"barang","Description":"","Price":2000,"Ratings":0,"Categories":[]},{"ID":992,"Name":"barang","Description":"","Price":0,"Ratings":0,"Categories":[{"ID":3,"Name":"alat","Description":""},{"ID":6,"Name":"kesehatan","Description":""}]},{"ID":993,"Name":"kesehatan","Description":"","Price":30000,"Ratings":0,"Categories":[{"ID":11,"Name":"kesehatan","Description":""},{"ID":142,"Name":"kesehatan","Description":""},{"ID":213,"Name":"Teleskop","Description":""}]},{"ID":995,"Name":"barang","Description":"","Price":2000,"Ratings":0,"Categories":[{"ID":3,"Name":"alat","Description":""},{"ID":6,"Name":"kesehatan","Description":""}]},{"ID":998,"Name":"barang","Description":"","Price":2000,"Ratings":0,"Categories":[]},{"ID":999,"Name":"casing ip","Description":"","Price":100000,"Ratings":0,"Categories":[{"ID":2,"Name":"kesehatan","Description":""}]},{"ID":1000,"Name":"casing ip","Description":"","Price":100000,"Ratings":0,"Categories":[{"ID":3,"Name":"alat","Description":""}]},{"ID":1001,"Name":"casing ip","Description":"","Price":100000,"Ratings":0,"Categories":[{"ID":3,"Name":"alat","Description":""},{"ID":6,"Name":"kesehatan","Description":""}]},{"ID":1004,"Name":"Tensi Darah Elektrik","Description":"","Price":240000,"Ratings":0,"Categories":[{"ID":3,"Name":"alat","Description":""},{"ID":6,"Name":"kesehatan","Description":""}]},{"ID":1005,"Name":"Product Risma","Description":"","Price":89999,"Ratings":0,"Categories":[{"ID":3,"Name":"alat","Description":""},{"ID":6,"Name":"kesehatan","Description":""}]},{"ID":1006,"Name":"casing ip","Description":"","Price":100000,"Ratings":0,"Categories":[{"ID":3,"Name":"alat","Description":""},{"ID":6,"Name":"kesehatan","Description":""}]},{"ID":1007,"Name":"casing ip","Description":"","Price":100000,"Ratings":0,"Categories":[{"ID":3,"Name":"alat","Description":""},{"ID":6,"Name":"kesehatan","Description":""}]},{"ID":1008,"Name":"casing ip","Description":"","Price":100000,"Ratings":0,"Categories":[{"ID":3,"Name":"alat","Description":""},{"ID":6,"Name":"kesehatan","Description":""}]},{"ID":1009,"Name":"Tensi Darah Elektrik","Description":"","Price":240000,"Ratings":0,"Categories":[{"ID":3,"Name":"alat","Description":""},{"ID":6,"Name":"kesehatan","Description":""}]},{"ID":1010,"Name":"casing ip","Description":"","Price":0,"Ratings":0,"Categories":[{"ID":3,"Name":"alat","Description":""},{"ID":6,"Name":"kesehatan","Description":""}]},{"ID":1011,"Name":"casing ip","Description":"","Price":0,"Ratings":0,"Categories":[]},{"ID":1012,"Name":"casing ip","Description":"","Price":100000,"Ratings":0,"Categories":[{"ID":3,"Name":"alat","Description":""},{"ID":6,"Name":"kesehatan","Description":""}]},{"ID":1013,"Name":"Skirt","Description":"","Price":250000,"Ratings":0,"Categories":[{"ID":1000,"Name":"prila","Description":""}]},{"ID":1014,"Name":"Skirt","Description":"","Price":250000,"Ratings":0,"Categories":[{"ID":1000,"Name":"prila","Description":""}]},{"ID":1015,"Name":"Skirt","Description":"","Price":250000,"Ratings":0,"Categories":[{"ID":3,"Name":"alat","Description":""}]},{"ID":1016,"Name":"Skirt","Description":"","Price":250000,"Ratings":0,"Categories":[]},{"ID":1017,"Name":"Skirt","Description":"","Price":250000,"Ratings":0,"Categories":[{"ID":3,"Name":"alat","Description":""}]},{"ID":1018,"Name":"double categories","Description":"","Price":240000,"Ratings":0,"Categories":[{"ID":3,"Name":"alat","Description":""},{"ID":6,"Name":"kesehatan","Description":""}]},{"ID":1019,"Name":"Flare Skirt","Description":"","Price":250000,"Ratings":0,"Categories":[]},{"ID":1021,"Name":"Flare Skirt","Description":"","Price":250000,"Ratings":0,"Categories":[]},{"ID":1023,"Name":"Flare Skirt","Description":"","Price":250000,"Ratings":0,"Categories":[]},{"ID":1025,"Name":"Flare Skirt","Description":"","Price":250000,"Ratings":0,"Categories":[]},{"ID":1027,"Name":"kesehatan","Description":"","Price":30000,"Ratings":0,"Categories":[{"ID":11,"Name":"kesehatan","Description":""},{"ID":142,"Name":"kesehatan","Description":""},{"ID":213,"Name":"Teleskop","Description":""}]},{"ID":1028,"Name":"Tensi Darah Elektrik","Description":"","Price":240000,"Ratings":0,"Categories":[{"ID":3,"Name":"alat","Description":""},{"ID":6,"Name":"kesehatan","Description":""}]},{"ID":1029,"Name":"Tensi Darah Elektrik","Description":"","Price":240000,"Ratings":0,"Categories":[{"ID":3,"Name":"alat","Description":""},{"ID":6,"Name":"kesehatan","Description":""}]},{"ID":1030,"Name":"Tensi Darah Elektrik","Description":"","Price":240000,"Ratings":0,"Categories":[{"ID":3,"Name":"alat","Description":""},{"ID":6,"Name":"kesehatan","Description":""}]},{"ID":1031,"Name":"Tensi Darah Elektrik","Description":"","Price":240000,"Ratings":0,"Categories":[{"ID":3,"Name":"alat","Description":""},{"ID":6,"Name":"kesehatan","Description":""}]},{"ID":1032,"Name":"Tensi Darah Elektrik","Description":"","Price":240000,"Ratings":0,"Categories":[{"ID":3,"Name":"alat","Description":""},{"ID":6,"Name":"kesehatan","Description":""}]},{"ID":1033,"Name":"Tensi Darah Elektrik","Description":"","Pr"
10:56:39.128 [main] DEBUG org.apache.http.wire -  << "ice":240000,"Ratings":0,"Categories":[{"ID":3,"Name":"alat","Description":""},{"ID":6,"Name":"kesehatan","Description":""}]},{"ID":1034,"Name":"Tensi Darah Elektrik","Description":"","Price":240000,"Ratings":0,"Categories":[{"ID":3,"Name":"alat","Description":""},{"ID":6,"Name":"kesehatan","Description":""}]},{"ID":1035,"Name":"Tensi Darah Elektrik","Description":"","Price":240000,"Ratings":0,"Categories":[{"ID":3,"Name":"alat","Description":""},{"ID":6,"Name":"kesehatan","Description":""}]},{"ID":1036,"Name":"Tensi Darah Elektrik","Description":"","Price":240000,"Ratings":0,"Categories":[{"ID":3,"Name":"alat","Description":""},{"ID":6,"Name":"kesehatan","Description":""}]},{"ID":1037,"Name":"Tensi Darah Elektrik","Description":"","Price":240000,"Ratings":0,"Categories":[{"ID":3,"Name":"alat","Description":""},{"ID":6,"Name":"kesehatan","Description":""}]},{"ID":1038,"Name":"Tensi Darah Elektrik","Description":"","Price":240000,"Ratings":0,"Categories":[{"ID":3,"Name":"alat","Description":""},{"ID":6,"Name":"kesehatan","Description":""}]},{"ID":1039,"Name":"Tensi Darah Elektrik","Description":"","Price":240000,"Ratings":0,"Categories":[{"ID":3,"Name":"alat","Description":""},{"ID":6,"Name":"kesehatan","Description":""}]},{"ID":1040,"Name":"Tensi Darah Elektrik","Description":"","Price":240000,"Ratings":0,"Categories":[{"ID":3,"Name":"alat","Description":""},{"ID":6,"Name":"kesehatan","Description":""}]},{"ID":1041,"Name":"Tensi Darah Elektrik","Description":"","Price":3200000,"Ratings":0,"Categories":[{"ID":1,"Name":"kesehatan","Description":""},{"ID":2,"Name":"kesehatan","Description":""}]},{"ID":1042,"Name":"Tensi Darah Elektrik","Description":"","Price":3200000,"Ratings":0,"Categories":[{"ID":2,"Name":"kesehatan","Description":""},{"ID":1123,"Name":"Health Products","Description":""}]},{"ID":1043,"Name":"Tensi Darah Elektrik","Description":"","Price":240000,"Ratings":0,"Categories":[{"ID":3,"Name":"alat","Description":""},{"ID":6,"Name":"kesehatan","Description":""}]},{"ID":1044,"Name":"Tensi Darah Elektrik","Description":"","Price":23000,"Ratings":0,"Categories":[{"ID":3,"Name":"alat","Description":""},{"ID":6,"Name":"kesehatan","Description":""}]},{"ID":1045,"Name":"anggita","Description":"","Price":23000,"Ratings":0,"Categories":[{"ID":3,"Name":"alat","Description":""},{"ID":6,"Name":"kesehatan","Description":""}]},{"ID":1046,"Name":"anggita","Description":"","Price":23000,"Ratings":0,"Categories":[]},{"ID":1047,"Name":"Kaos Distro","Description":"","Price":99000,"Ratings":0,"Categories":[{"ID":3,"Name":"alat","Description":""},{"ID":6,"Name":"kesehatan","Description":""}]},{"ID":1048,"Name":"Kaos Distro","Description":"","Price":99000,"Ratings":0,"Categories":[]},{"ID":1049,"Name":"Kaos Distro","Description":"","Price":99000,"Ratings":0,"Categories":[]},{"ID":1050,"Name":"Kaos Distro","Description":"","Price":99000,"Ratings":4,"Categories":[]},{"ID":1051,"Name":"Kaos Distro","Description":"","Price":99000,"Ratings":0,"Categories":[]},{"ID":1052,"Name":"Kaos Distro","Description":"","Price":99000,"Ratings":0,"Categories":[]},{"ID":1053,"Name":"Cangkir Unik","Description":"","Price":25000,"Ratings":0,"Categories":[]},{"ID":1054,"Name":"Cangkir Unik","Description":"","Price":25000,"Ratings":0,"Categories":[]},{"ID":1055,"Name":"Cangkir Unik","Description":"","Price":25000,"Ratings":0,"Categories":[]},{"ID":1056,"Name":"Cangkir Unik","Description":"","Price":25000,"Ratings":0,"Categories":[]},{"ID":1057,"Name":"Cangkir Unik","Description":"","Price":25000,"Ratings":0,"Categories":[]},{"ID":1058,"Name":"Cangkir Unik","Description":"","Price":25000,"Ratings":0,"Categories":[]},{"ID":1059,"Name":"Tensi Darah Elektrik","Description":"","Price":1000,"Ratings":0,"Categories":[{"ID":3,"Name":"alat","Description":""},{"ID":6,"Name":"kesehatan","Description":""}]},{"ID":1060,"Name":"Tensi Darah Elektrik","Description":"","Price":1000,"Ratings":0,"Categories":[{"ID":3,"Name":"alat","Description":""},{"ID":6,"Name":"kesehatan","Description":""}]},{"ID":1061,"Name":"Tensi Darah Elektrik","Description":"","Price":1000,"Ratings":0,"Categories":[{"ID":3,"Name":"alat","Description":""},{"ID":6,"Name":"kesehatan","Description":""}]},{"ID":1062,"Name":"Tensi Darah Elektrik","Description":"","Price":1000,"Ratings":0,"Categories":[{"ID":3,"Name":"alat","Description":""},{"ID":6,"Name":"kesehatan","Description":""}]},{"ID":1063,"Name":"Tensi Darah Elektrik","Description":"","Price":1000,"Ratings":2,"Categories":[{"ID":3,"Name":"alat","Description":""},{"ID":6,"Name":"kesehatan","Description":""}]},{"ID":1065,"Name":"Bawang Merah","Description":"","Price":50000,"Ratings":0,"Categories":[]},{"ID":1066,"Name":"Sweater Crewneck","Description":"","Price":199000,"Ratings":0,"Categories":[]},{"ID":1067,"Name":"Tensi Darah Elektrik","Description":"","Price":1000,"Ratings":2,"Categories":[{"ID":3,"Name":"alat","Description":""},{"ID":6,"Name":"kesehatan","Description":""}]},{"ID":1070,"Name":"Bawang Merah","Description":"","Price":0,"Ratings":0,"Categories":[]},{"ID":1071,"Name":"Bawang Merah","Description":"","Price":50000,"Ratings":0,"Categories":[]},{"ID":1072,"Name":"Sweater Crewneck","Description":"","Price":199000,"Ratings":0,"Categories":[]},{"ID":1073,"Name":"Tensi Darah Elektrik","Description":"","Price":1000,"Ratings":2,"Categories":[{"ID":3,"Name":"alat","Description":""},{"ID":6,"Name":"kesehatan","Description":""}]},{"ID":1074,"Name":"Tensi Darah Elektrik","Description":"","Price":1000,"Ratings":1,"Categories":[{"ID":3,"Name":"alat","Description":""},{"ID":6,"Name":"kesehatan","Description":""}]},{"ID":1075,"Name":"Tensi Darah Elektrik","Description":"","Price":1000,"Ratings":2,"Categories":[{"ID":3,"Name":"alat","Description":""},{"ID":6,"Name":"kesehatan","Description":""}]},{"ID":1076,"Name":"Tensi Darah Elektrik","Description":"","Price":1000,"Ratings":2,"Categories":[{"ID":3,"Name":"alat","Description":""},{"ID":6,"Name":"kesehatan","Description":""}]},{"ID":1077,"Name":"Tensi Darah Elektrik","Description":"","Price":240000,"Ratings":0,"Categories":[{"ID":3,"Name":"alat","Description":""},{"ID":6,"Name":"kesehatan","Description":""}]},{"ID":1078,"Name":"Laptop","Description":"","Price":20400000,"Ratings":0,"Categories":[{"ID":3,"Name":"alat","Description":""},{"ID":6,"Name":"kesehatan","Description":""}]},{"ID":1079,"Name":"Laptop","Description":"","Price":20400000,"Ratings":0,"Categories":[{"ID":3,"Name":"alat","Description":""},{"ID":6,"Name":"kesehatan","Description":""}]},{"ID":1080,"Name":"Laptop","Description":"","Price":20400000,"Ratings":0,"Categories":[{"ID":3,"Name":"alat","Description":""},{"ID":6,"Name":"kesehatan","Description":""}]},{"ID":1081,"Name":"Oksimeter","Description":"","Price":6000,"Ratings":5,"Categories":[{"ID":3,"Name":"alat","Description":""},{"ID":6,"Name":"kesehatan","Description":""}]},{"ID":1082,"Name":"Flare Skirt","Description":"","Price":250000,"Ratings":0,"Categories":[]},{"ID":1084,"Name":"Flare Skirt","Description":"","Price":250000,"Ratings":0,"Categories":[]},{"ID":1086,"Name":"Oksimeter","Description":"","Price":6000,"Ratings":0,"Categories":[{"ID":3,"Name":"alat","Description":""},{"ID":6,"Name":"kesehatan","Description":""}]},{"ID":1088,"Name":"Oksimeter","Description":"","Price":6000,"Ratings":0,"Categories":[{"ID":3,"Name":"alat","Description":""},{"ID":6,"Name":"kesehatan","Description":""}]},{"ID":1089,"Name":"Oksimeter","Description":"","Price":6000,"Ratings":0,"Categories":[{"ID":3,"Name":"alat","Description":""},{"ID":6,"Name":"kesehatan","Description":""}]},{"ID":1092,"Name":"Pelampung","Description":"","Price":6000,"Ratings":0,"Categories":[{"ID":3,"Name":"alat","Description":""},{"ID":6,"Name":"kesehatan","Description":""}]},{"ID":1093,"Name":"Flare Skirt","Description":"","Price":250000,"Ratings":0,"Categories":[]},{"ID":1095,"Name":"Pelampung","Description":"","Price":6000,"Ratings":0,"Categories":[{"ID":3,"Name":"alat","Description":""},{"ID":6,"Name":"kesehatan","Description":""}]},{"ID":1096,"Name":"Pelampung","Description":"","Price":6000,"Ratings":0,"Categories":[{"ID":3,"Name":"alat","Description":""},{"ID":6,"Name":"kesehatan","Description":""}]},{"ID":1097,"Name":"Flare Skirt","Descr"
10:56:39.129 [main] DEBUG org.apache.http.wire -  << "iption":"","Price":250000,"Ratings":0,"Categories":[]},{"ID":1099,"Name":"Tensi Darah Elektrik","Description":"","Price":240000,"Ratings":0,"Categories":[{"ID":3,"Name":"alat","Description":""},{"ID":6,"Name":"kesehatan","Description":""}]},{"ID":1100,"Name":"Pelampung","Description":"","Price":6000,"Ratings":5,"Categories":[{"ID":3,"Name":"alat","Description":""},{"ID":6,"Name":"kesehatan","Description":""}]},{"ID":1101,"Name":"Tensi Darah Elektrik","Description":"","Price":240000,"Ratings":0,"Categories":[{"ID":3,"Name":"alat","Description":""},{"ID":6,"Name":"kesehatan","Description":""}]},{"ID":1102,"Name":"Tensi Darah Elektrik","Description":"","Price":1000,"Ratings":2,"Categories":[{"ID":3,"Name":"alat","Description":""},{"ID":6,"Name":"kesehatan","Description":""}]},{"ID":1103,"Name":"Flare Skirt","Description":"","Price":250000,"Ratings":0,"Categories":[]},{"ID":1105,"Name":"Tensi Darah Elektrik","Description":"","Price":1000,"Ratings":2,"Categories":[{"ID":3,"Name":"alat","Description":""},{"ID":6,"Name":"kesehatan","Description":""}]},{"ID":1106,"Name":"Tensi Darah Elektrik","Description":"","Price":1000,"Ratings":0,"Categories":[{"ID":3,"Name":"alat","Description":""},{"ID":6,"Name":"kesehatan","Description":""}]},{"ID":1107,"Name":"Tensi Darah Elektrik","Description":"","Price":1000,"Ratings":2,"Categories":[{"ID":3,"Name":"alat","Description":""},{"ID":6,"Name":"kesehatan","Description":""}]},{"ID":1108,"Name":"Flare Skirt","Description":"","Price":250000,"Ratings":0,"Categories":[]},{"ID":1110,"Name":"Flare Skirt","Description":"","Price":250000,"Ratings":0,"Categories":[]},{"ID":1112,"Name":"Flare Skirt","Description":"","Price":250000,"Ratings":0,"Categories":[]},{"ID":1114,"Name":"Tensi Darah Elektrik","Description":"","Price":1000,"Ratings":2,"Categories":[{"ID":3,"Name":"alat","Description":""},{"ID":6,"Name":"kesehatan","Description":""}]},{"ID":1115,"Name":"Tensi Darah Elektrik","Description":"","Price":1000,"Ratings":0,"Categories":[{"ID":3,"Name":"alat","Description":""},{"ID":6,"Name":"kesehatan","Description":""}]},{"ID":1116,"Name":"Flare Skirt","Description":"","Price":250000,"Ratings":0,"Categories":[]},{"ID":1118,"Name":"Flare Skirt","Description":"","Price":250000,"Ratings":0,"Categories":[]},{"ID":1120,"Name":"Tensi Darah Elektrik","Description":"","Price":240000,"Ratings":0,"Categories":[{"ID":3,"Name":"alat","Description":""},{"ID":6,"Name":"kesehatan","Description":""}]},{"ID":1124,"Name":"Tensi Darah Elektrik","Description":"","Price":1000,"Ratings":0,"Categories":[{"ID":3,"Name":"alat","Description":""},{"ID":6,"Name":"kesehatan","Description":""}]},{"ID":1129,"Name":"Tensi Darah Elektrik","Description":"","Price":240000,"Ratings":0,"Categories":[{"ID":3,"Name":"alat","Description":""},{"ID":6,"Name":"kesehatan","Description":""}]},{"ID":1132,"Name":"produk cindi","Description":"","Price":240000,"Ratings":0,"Categories":[{"ID":3,"Name":"alat","Description":""},{"ID":6,"Name":"kesehatan","Description":""}]},{"ID":1133,"Name":"Barbel","Description":"","Price":400000,"Ratings":0,"Categories":[{"ID":3,"Name":"alat","Description":""},{"ID":4,"Name":"alat","Description":"sangat bagus"},{"ID":1029,"Name":"Barang Berat","Description":"berat barang"}]},{"ID":1134,"Name":"Barbel","Description":"","Price":400000,"Ratings":0,"Categories":[{"ID":3,"Name":"alat","Description":""},{"ID":4,"Name":"alat","Description":"sangat bagus"},{"ID":1029,"Name":"Barang Berat","Description":"berat barang"}]},{"ID":1472,"Name":"Tensi Darah Elektrik","Description":"","Price":240000,"Ratings":0,"Categories":[{"ID":3,"Name":"alat","Description":""},{"ID":6,"Name":"kesehatan","Description":""}]},{"ID":1473,"Name":"Tensi Darah Elektrik","Description":"","Price":240000,"Ratings":0,"Categories":[{"ID":3,"Name":"alat","Description":""},{"ID":6,"Name":"kesehatan","Description":""}]},{"ID":1474,"Name":"Tensi Darah Elektrik","Description":"","Price":240000,"Ratings":0,"Categories":[{"ID":3,"Name":"alat","Description":""},{"ID":6,"Name":"kesehatan","Description":""}]},{"ID":1492,"Name":"Durian Jatuh","Description":"","Price":290000,"Ratings":0,"Categories":[{"ID":3,"Name":"alat","Description":""},{"ID":6,"Name":"kesehatan","Description":""}]},{"ID":1502,"Name":"Durian Jatuh","Description":"","Price":290000,"Ratings":0,"Categories":[{"ID":3,"Name":"alat","Description":""},{"ID":6,"Name":"kesehatan","Description":""}]},{"ID":1503,"Name":"Tensi Darah Elektrik","Description":"","Price":240000,"Ratings":0,"Categories":[{"ID":3,"Name":"alat","Description":""},{"ID":6,"Name":"kesehatan","Description":""}]},{"ID":1505,"Name":"Tensi Darah Elektrik","Description":"","Price":240000,"Ratings":0,"Categories":[{"ID":3,"Name":"alat","Description":""},{"ID":6,"Name":"kesehatan","Description":""}]},{"ID":1121,"Name":"Tensi Darah Elektrik","Description":"","Price":240000,"Ratings":0,"Categories":[{"ID":3,"Name":"alat","Description":""},{"ID":6,"Name":"kesehatan","Description":""}]},{"ID":1122,"Name":"Tensi Darah Elektrik","Description":"","Price":1000,"Ratings":0,"Categories":[{"ID":3,"Name":"alat","Description":""},{"ID":6,"Name":"kesehatan","Description":""}]},{"ID":1123,"Name":"Tensi Darah Elektrik","Description":"","Price":240000,"Ratings":0,"Categories":[{"ID":3,"Name":"alat","Description":""},{"ID":6,"Name":"kesehatan","Description":""}]},{"ID":1125,"Name":"Tensi Darah Elektrik","Description":"","Price":240000,"Ratings":0,"Categories":[{"ID":3,"Name":"alat","Description":""},{"ID":6,"Name":"kesehatan","Description":""}]},{"ID":1126,"Name":"Barbel","Description":"","Price":400000,"Ratings":0,"Categories":[{"ID":3,"Name":"alat","Description":""},{"ID":4,"Name":"alat","Description":"sangat bagus"},{"ID":1029,"Name":"Barang Berat","Description":"berat barang"}]},{"ID":1127,"Name":"Barbel","Description":"","Price":400000,"Ratings":0,"Categories":[{"ID":3,"Name":"alat","Description":""},{"ID":4,"Name":"alat","Description":"sangat bagus"},{"ID":1029,"Name":"Barang Berat","Description":"berat barang"}]},{"ID":1128,"Name":"Tensi Darah Elektrik","Description":"","Price":240000,"Ratings":0,"Categories":[{"ID":3,"Name":"alat","Description":""},{"ID":6,"Name":"kesehatan","Description":""}]},{"ID":1130,"Name":"Barbel","Description":"","Price":400000,"Ratings":0,"Categories":[{"ID":3,"Name":"alat","Description":""},{"ID":4,"Name":"alat","Description":"sangat bagus"},{"ID":1029,"Name":"Barang Berat","Description":"berat barang"}]},{"ID":1131,"Name":"produk cindi","Description":"","Price":240000,"Ratings":0,"Categories":[{"ID":3,"Name":"alat","Description":""},{"ID":6,"Name":"kesehatan","Description":""}]},{"ID":1135,"Name":"produk cindi","Description":"","Price":240000,"Ratings":0,"Categories":[{"ID":3,"Name":"alat","Description":""},{"ID":6,"Name":"kesehatan","Description":""}]},{"ID":1136,"Name":"Light Stick","Description":"","Price":32000,"Ratings":0,"Categories":[]},{"ID":1137,"Name":"Light Stick","Description":"","Price":32000,"Ratings":0,"Categories":[]},{"ID":1138,"Name":"Barbel","Description":"","Price":400000,"Ratings":0,"Categories":[{"ID":3,"Name":"alat","Description":""},{"ID":4,"Name":"alat","Description":"sangat bagus"},{"ID":1029,"Name":"Barang Berat","Description":"berat barang"}]},{"ID":1139,"Name":"Barbel","Description":"","Price":400000,"Ratings":0,"Categories":[{"ID":3,"Name":"alat","Description":""},{"ID":4,"Name":"alat","Description":"sangat bagus"},{"ID":1029,"Name":"Barang Berat","Description":"berat barang"}]},{"ID":1140,"Name":"Barbel","Description":"","Price":400000,"Ratings":0,"Categories":[{"ID":3,"Name":"alat","Description":""},{"ID":4,"Name":"alat","Description":"sangat bagus"},{"ID":1029,"Name":"Barang Berat","Description":"berat barang"}]},{"ID":1141,"Name":"Flare Skirt","Description":"","Price":250000,"Ratings":0,"Categories":[]},{"ID":1143,"Name":"double categories","Description":"","Price":240000,"Ratings":0,"Categories":[{"ID":3,"Name":"alat","Description":""},{"ID":6,"Name":"kesehatan","Description":""}]},{"ID":1144,"Name":"Barbel","Description":"","Price":400000,"Ratings":0,"Categories":[{"ID":3,"Name":"alat","Description":""},{"ID":4,"Name":"alat","Description":"sangat bagus"},{"ID":1029,"Name":"Barang Berat","Description":"berat barang"}]},{"ID":1145,"Name":"Light Stick","Description":"","Price":32000,"Ratings":4,"Categories":[]},{"ID":1146,"Name":"Light Stick","Description":"","Price":32000,"Ratings":0,"Categories":[]},{"ID":1147,"Name":"Handphone","Description":"","Price":12000,"Ratings":0,"Categories":[{"ID":3,"Name":"alat","Description":""},{"ID":10,"Name":"kesehatan","Description":""}]},{"ID":1149,"Name":"Tensi Darah Elektrik","Description":"","Price":240000,"Ratings":0,"Categories":[{"ID":3,"Name":"alat","Description":""},{"ID":6,"Name":"kesehatan","Description":""}]},{"ID":1150,"Name":"Tensi Darah Elektrik","Description":"","Price":240000,"Ratings":0,"Categories":[{"ID":3,"Name":"alat","Description":""},{"ID":6,"Name":"kesehatan","Description":""}]},{"ID":1151,"Name":"Mousepad","Description":"","Price":10000,"Ratings":0,"Categories":[{"ID":3,"Name":"alat","Description":""},{"ID":6,"Name":"kesehatan","Description":""}]},{"ID":1152,"Name":"Tensi Darah Elektrik","Description":"","Price":240000,"Ratings":0,"Categories":[{"ID":3,"Name":"alat","Description":""},{"ID":6,"Name":"kesehatan","Description":""}]},{"ID":1154,"Name":"Tensi Darah Elektrik","Description":"","Price":240000,"Ratings":0,"Categories":[{"ID":3,"Name":"alat","Description":""},{"ID":6,"Name":"kesehatan","Description":""}]},{"ID":1157,"Name":"Mousepad","Description":"","Price":10000,"Ratings":0,"Categories":[{"ID":3,"Name":"alat","Description":""},{"ID":6,"Name":"kesehatan","Description":""}]},{"ID":1158,"Name":"Mousepad","Description":"","Price":10000,"Ratings":0,"Categories":[{"ID":3,"Name":"alat","Description":""},{"ID":6,"Name":"kesehatan","Description":""}]},{"ID":1159,"Name":"Mousepad","Description":"","Price":10000,"Ratings":0,"Categories":[{"ID":3,"Name":"alat","Description":""},{"ID":6,"Name":"kesehatan","Description":""}]},{"ID":1160,"Name":"Mousepad","Description":"","Price":10000,"Ratings":0,"Categories":[{"ID":3,"Name":"alat","Description":""},{"ID":6,"Name":"kesehatan","Description":""}]},{"ID":1161,"Name":"Mousepad","Description":"","Price":10000,"Ratings":0,"Categories":[{"ID":3,"Name":"alat","Description":""},{"ID":6,"Name":"kesehatan","Description":""}]},{"ID":1162,"Name":"Mousepad","Description":"","Price":10000,"Ratings":0,"Categories":[{"ID":3,"Name":"alat","Description":""},{"ID":6,"Name":"kesehatan","Description":""}]},{"ID":1163,"Name":"Light Stick","Description":"","Price":32000,"Ratings":0,"Categories":[{"ID":4,"Name":"alat","Description":"sangat bagus"},{"ID":6,"Name":"kesehatan","Description":""}]},{"ID":1164,"Name":"Obat Paracetamol","Description":"","Price":32000,"Ratings":0,"Categories":[{"ID":4,"Name":"alat","Description":"sangat bagus"},{"ID":6,"Name":"kesehatan","Description":""}]},{"ID":1165,"Name":"Obat Paracetamol","Description":"","Price":32000,"Ratings":0,"Categories":[{"ID":4,"Name":"alat","Description":"sangat bagus"},{"ID":6,"Name":"kesehatan","Description":""}]},{"ID":1166,"Name":"Inhaler","Description":"","Price":32000,"Ratings":0,"Categories":[{"ID":4,"Name":"alat","Description":"sangat bagus"},{"ID":6,"Name":"kesehatan","Description":""}]},{"ID":1167,"Name":"Tensi Darah Elektrik","Description":"","Price":240000,"Ratings":0,"Categories":[{"ID":3,"Name":"alat","Description":""},{"ID":6,"Name":"kesehatan","Description":""}]},{"ID":1168,"Name":"Oksimeter","Description":"","Price":6000,"Ratings":0,"Categories":[{"ID":3,"Name":"alat","Description":""},{"ID":6,"Name":"kesehatan","Description":""}]},{"ID":1169,"Name":"Oksimeter","Description":"","Price":6000,"Ratings":0,"Categories":[{"ID":3,"Name":"alat","Description":""},{"ID":6,"Name":"kesehatan","Description":""}]},{"ID":1170,"Name":"Barbel","Description":"","Price":400000,"Ratings":0,"Categories":[{"ID":3,"Name":"alat","Description":""},{"ID":4,"Name":"alat","Description":"sangat bagus"},{"ID":1029,"Name":"Barang Berat","Description":"berat barang"}]},{"ID":1171,"Name":"Tensi Darah Elektrik","Description":"","Price":1000,"Ratings":0,"Categories":[{"ID":3,"Name":"alat","Description":""},{"ID":6,"Name":"kesehatan","Description":""}]},{"ID":1172,"Name":"Oksimeter","Description":"","Price":6000,"Ratings":4,"Categories":[{"ID":3,"Name":"alat","Description":""},{"ID":6,"Name":"kesehatan","Description":""},{"ID":1258,"Name":"Kesehatan","Description":"Saluran Pernafasan"}]},{"ID":1173,"Name":"Tensi Darah Elektrik","Description":"","Price":3200000,"Ratings":0,"Categories":[{"ID":1,"Name":"kesehatan","Description":""},{"ID":2,"Name":"kesehatan","Description":""}]},{"ID":1175,"Name":"Tensi Darah Elektrik","Description":"","Price":1000,"Ratings":2,"Categories":[{"ID":3,"Name":"alat","Description":""},{"ID":6,"Name":"kesehatan","Description":""}]},{"ID":1176,"Name":"Tensi Darah Elektrik","Description":"","Price":1000,"Ratings":2,"Categories":[{"ID":3,"Name":"alat","Description":""},{"ID":6,"Name":"kesehatan","Description":""}]},{"ID":1177,"Name":"Tensi Darah Elektrik","Description":"","Price":1000,"Ratings":0,"Categories":[{"ID":3,"Name":"alat","Description":""},{"ID":6,"Name":"kesehatan","Description":""}]},{"ID":1178,"Name":"Tensi Darah Elektrik","Description":"","Price":3200000,"Ratings":0,"Categories":[{"ID":1,"Name":"kesehatan","Description":""},{"ID":2,"Name":"kesehatan","Description":""}]},{"ID":1180,"Name":"Tensi Darah Elektrik","Description":"","Price":3200000,"Ratings":0,"Categories":[{"ID":1,"Name":"kesehatan","Description":""},{"ID":2,"Name":"kesehatan","Description":""}]},{"ID":1182,"Name":"Oksimeter","Description":"","Price":6000,"Ratings":0,"Categories":[{"ID":3,"Name":"alat","Description":""},{"ID":6,"Name":"kesehatan","Description":""},{"ID":1258,"Name":"Kesehatan","Description":"Saluran Pernafasan"}]},{"ID":1183,"Name":"Oksimeter","Description":"","Price":6000,"Ratings":0,"Categories":[{"ID":3,"Name":"alat","Description":""},{"ID":6,"Name":"kesehatan","Description":""},{"ID":1258,"Name":"Kesehatan","Description":"Saluran Pernafasan"}]},{"ID":1184,"Name":"Oksimeter","Description":"","Price":6000,"Ratings":0,"Categories":[{"ID":3,"Name":"alat","Description":""},{"ID":6,"Name":"kesehatan","Description":""},{"ID":1258,"Name":"Kesehatan","Description":"Saluran Pernafasan"}]},{"ID":1185,"Name":"Tensi Darah Elektrik","Description":"","Price":240000,"Ratings":0,"Categories":[{"ID":3,"Name":"alat","Description":""},{"ID":6,"Name":"kesehatan","Description":""}]},{"ID":1187,"Name":"Tensi Darah Elektrik","Description":"","Price":240000,"Ratings":0,"Categories":[{"ID":3,"Name":"alat","Description":""},{"ID":1001,"Name":"prila","Description":""}]},{"ID":1188,"Name":"Tensi Darah Elektrik","Description":"","Price":240000,"Ratings":0,"Categories":[{"ID":3,"Name":"alat","Description":""},{"ID":1001,"Name":"prila","Description":""}]},{"ID":1190,"Name":"Mesin Jahit","Description":"","Price":25000,"Ratings":0,"Categories":[]},{"ID":1191,"Name":"Tensi Darah Elektrik","Description":"","Price":240000,"Ratings":0,"Categories":[{"ID":3,"Name":"alat","Description":""},{"ID":6,"Name":"kesehatan","Description":""}]},{"ID":1192,"Name":"Tensi Darah Elektrik","Description":"","Price":240000,"Ratings":0,"Categories":[{"ID":3,"Name":"alat","Description":""},{"ID":6,"Name":"kesehatan","Description":""}]},{"ID":1193,"Name":"Tensi Darah Elektrik","Description":"","Price":240000,"Ratings":0,"Categories":[{"ID":3,"Name":"alat","Description":""},{"ID":6,"Name":"kesehatan","Description":""}]},{"ID":1194,"Name":"Tensi Darah Elektrik","Description":"","Price":240000,"Ratings":0,"Categories":[{"ID":3,"Name":"alat","Description":""},{"ID":6,"Name":"kesehatan","Description":""}]},{"ID":1195,"Name":"Inhaler","Description":"","Price":32000,"Ratings":5,"Categories":[{"ID":4,"Name":"alat","Description":"sangat bagus"},{"ID":6,"Name":"kesehatan","Description":""}]},{"ID":1196,"Name":"Tensi Darah Elektrik","Description":"","Price":240000,"Ratings":0,"Categories":[{"ID":3,"Name":"alat","Description":""},{"ID":6,"Name":"kesehatan","Description":""}]},{"ID":1198,"Name":"Flare Skirt","Description":"","Price":250000,"Ratings":0,"Categories":[]},{"ID":1200,"Name":"Flare Skirt","Description":"","Price":250000,"Ratings":0,"Categories":[]},{"ID":1202,"Name":"Tensi Darah Elektrik","Description":"","Price":240000,"Ratings":0,"Categories":[{"ID":3,"Name":"ala"
10:56:39.163 [main] DEBUG org.apache.http.wire -  << "t","Description":""},{"ID":6,"Name":"kesehatan","Description":""}]},{"ID":1203,"Name":"Tensi Darah Elektrik","Description":"","Price":24"
10:56:39.163 [main] DEBUG org.apache.http.wire -  << "[\r][\n]"
10:56:39.163 [main] DEBUG org.apache.http.wire -  << "2000[\r][\n]"
10:56:39.163 [main] DEBUG org.apache.http.wire -  << "0000,"Ratings":0,"Categories":[{"ID":3,"Name":"alat","Description":""},{"ID":6,"Name":"kesehatan","Description":""}]},{"ID":1204,"Name":"Tensi Darah Elektrik","Description":"","Price":240000,"Ratings":0,"Categories":[{"ID":3,"Name":"alat","Description":""},{"ID":6,"Name":"kesehatan","Description":""}]},{"ID":1205,"Name":"Tensi Darah Elektrik","Description":"","Price":240000,"Ratings":0,"Categories":[{"ID":3,"Name":"alat","Description":""},{"ID":6,"Name":"kesehatan","Description":""}]},{"ID":1206,"Name":"Tensi Darah Elektrik","Description":"","Price":240000,"Ratings":0,"Categories":[{"ID":3,"Name":"alat","Description":""},{"ID":6,"Name":"kesehatan","Description":""}]},{"ID":1207,"Name":"Tensi Darah Elektrik","Description":"","Price":240000,"Ratings":0,"Categories":[{"ID":3,"Name":"alat","Description":""},{"ID":6,"Name":"kesehatan","Description":""}]},{"ID":1208,"Name":"Tensi Darah Elektrik","Description":"","Price":240000,"Ratings":0,"Categories":[{"ID":3,"Name":"alat","Description":""},{"ID":6,"Name":"kesehatan","Description":""}]},{"ID":1209,"Name":"Tensi Darah Elektrik","Description":"","Price":240000,"Ratings":0,"Categories":[{"ID":3,"Name":"alat","Description":""},{"ID":6,"Name":"kesehatan","Description":""}]},{"ID":1210,"Name":"Tensi Darah Elektrik","Description":"","Price":240000,"Ratings":0,"Categories":[{"ID":3,"Name":"alat","Description":""},{"ID":6,"Name":"kesehatan","Description":""}]},{"ID":1211,"Name":"Tensi Darah wireless","Description":"","Price":2900000,"Ratings":0,"Categories":[{"ID":3,"Name":"alat","Description":""},{"ID":6,"Name":"kesehatan","Description":""},{"ID":34,"Name":"kesehatan","Description":""}]},{"ID":1212,"Name":"Tensi Darah Elektrik","Description":"","Price":240000,"Ratings":0,"Categories":[{"ID":3,"Name":"alat","Description":""},{"ID":6,"Name":"kesehatan","Description":""}]},{"ID":1213,"Name":"Tensi Darah Elektrik","Description":"","Price":240000,"Ratings":0,"Categories":[{"ID":3,"Name":"alat","Description":""},{"ID":6,"Name":"kesehatan","Description":""}]},{"ID":1214,"Name":"Cincin Emas","Description":"","Price":1000000000,"Ratings":0,"Categories":[{"ID":99,"Name":"Aksesoris","Description":""}]},{"ID":1215,"Name":"Cincin Emas","Description":"","Price":1000000000,"Ratings":0,"Categories":[{"ID":99,"Name":"Aksesoris","Description":""}]},{"ID":1216,"Name":"Tensi Darah Elektrik","Description":"","Price":240000,"Ratings":0,"Categories":[{"ID":3,"Name":"alat","Description":""},{"ID":6,"Name":"kesehatan","Description":""}]},{"ID":1217,"Name":"Cincin Emas","Description":"","Price":1000000000,"Ratings":0,"Categories":[{"ID":99,"Name":"Aksesoris","Description":""}]},{"ID":1218,"Name":"Tensi Darah Elektrik","Description":"","Price":240000,"Ratings":0,"Categories":[{"ID":3,"Name":"alat","Description":""},{"ID":6,"Name":"kesehatan","Description":""}]},{"ID":1219,"Name":"produkku","Description":"","Price":240000,"Ratings":0,"Categories":[{"ID":3,"Name":"alat","Description":""}]},{"ID":1220,"Name":"produkku","Description":"","Price":240000,"Ratings":0,"Categories":[{"ID":3,"Name":"alat","Description":""}]},{"ID":1221,"Name":"produkku","Description":"","Price":240000,"Ratings":0,"Categories":[]},{"ID":1222,"Name":"produkku","Description":"","Price":240000,"Ratings":0,"Categories":[{"ID":2,"Name":"kesehatan","Description":""}]},{"ID":1223,"Name":"produkku","Description":"","Price":240000,"Ratings":0,"Categories":[{"ID":2,"Name":"kesehatan","Description":""},{"ID":3,"Name":"alat","Description":""}]},{"ID":1224,"Name":"produkku","Description":"","Price":240000,"Ratings":0,"Categories":[{"ID":2,"Name":"kesehatan","Description":""},{"ID":3,"Name":"alat","Description":""}]},{"ID":1225,"Name":"produkku","Description":"","Price":240000,"Ratings":0,"Categories":[{"ID":2,"Name":"kesehatan","Description":""},{"ID":3,"Name":"alat","Description":""}]},{"ID":1226,"Name":"produkku","Description":"","Price":240000,"Ratings":0,"Categories":[{"ID":2,"Name":"kesehatan","Description":""},{"ID":3,"Name":"alat","Description":""}]},{"ID":1227,"Name":"produkku","Description":"","Price":240000,"Ratings":0,"Categories":[{"ID":2,"Name":"kesehatan","Description":""},{"ID":3,"Name":"alat","Description":""}]},{"ID":1228,"Name":"produkku","Description":"","Price":240000,"Ratings":0,"Categories":[{"ID":2,"Name":"kesehatan","Description":""},{"ID":3,"Name":"alat","Description":""}]},{"ID":1229,"Name":"produkku","Description":"","Price":240000,"Ratings":0,"Categories":[{"ID":2,"Name":"kesehatan","Description":""},{"ID":3,"Name":"alat","Description":""}]},{"ID":1230,"Name":"produkku","Description":"","Price":240000,"Ratings":0,"Categories":[{"ID":2,"Name":"kesehatan","Description":""},{"ID":3,"Name":"alat","Description":""}]},{"ID":1233,"Name":"Tensi Darah Elektrik","Description":"","Price":240000,"Ratings":0,"Categories":[{"ID":3,"Name":"alat","Description":""},{"ID":6,"Name":"kesehatan","Description":""}]},{"ID":1234,"Name":"Tensi Darah Elektrik","Description":"","Price":240000,"Ratings":0,"Categories":[{"ID":3,"Name":"alat","Description":""},{"ID":6,"Name":"kesehatan","Description":""}]},{"ID":1235,"Name":"Tensi Darah Elektrik","Description":"","Price":240000,"Ratings":0,"Categories":[{"ID":3,"Name":"alat","Description":""},{"ID":6,"Name":"kesehatan","Description":""}]},{"ID":1236,"Name":"Tensi Darah Elektrik","Description":"","Price":240000,"Ratings":0,"Categories":[{"ID":3,"Name":"alat","Description":""},{"ID":6,"Name":"kesehatan","Description":""}]},{"ID":1237,"Name":"kesehatan","Description":"","Price":30000,"Ratings":4,"Categories":[{"ID":11,"Name":"kesehatan","Description":""},{"ID":142,"Name":"kesehatan","Description":""},{"ID":213,"Name":"Teleskop","Description":""}]},{"ID":1238,"Name":"kesehatan","Description":"","Price":30000,"Ratings":4,"Categories":[{"ID":11,"Name":"kesehatan","Description":""},{"ID":142,"Name":"kesehatan","Description":""},{"ID":213,"Name":"Teleskop","Description":""}]},{"ID":1240,"Name":"kombat","Description":"","Price":100000,"Ratings":0,"Categories":[{"ID":3,"Name":"alat","Description":""}]},{"ID":1242,"Name":"dress martina","Description":"","Price":0,"Ratings":0,"Categories":[{"ID":3,"Name":"alat","Description":""}]},{"ID":1243,"Name":"dress martina","Description":"","Price":9,"Ratings":0,"Categories":[]},{"ID":1244,"Name":"Tensi Darah Elektrik","Description":"","Price":240000,"Ratings":0,"Categories":[{"ID":3,"Name":"alat","Description":""},{"ID":6,"Name":"kesehatan","Description":""}]},{"ID":1245,"Name":"Tensi Darah Elektrik","Description":"","Price":240000,"Ratings":0,"Categories":[{"ID":3,"Name":"alat","Description":""},{"ID":6,"Name":"kesehatan","Description":""}]},{"ID":1246,"Name":"Tensi Darah Elektrik","Description":"","Price":240000,"Ratings":0,"Categories":[{"ID":3,"Name":"alat","Description":""},{"ID":6,"Name":"kesehatan","Description":""}]},{"ID":1247,"Name":"Tensi Darah Elektrik","Description":"","Price":240000,"Ratings":0,"Categories":[{"ID":3,"Name":"alat","Description":""},{"ID":6,"Name":"kesehatan","Description":""}]},{"ID":1248,"Name":"Tensi Darah Elektrik","Description":"","Price":240000,"Ratings":0,"Categories":[{"ID":3,"Name":"alat","Description":""},{"ID":6,"Name":"kesehatan","Description":""}]},{"ID":1249,"Name":"Tensi Darah Elektrik","Description":"","Price":240000,"Ratings":0,"Categories":[{"ID":3,"Name":"alat","Description":""},{"ID":6,"Name":"kesehatan","Description":""}]},{"ID":1250,"Name":"Tensi Darah Elektrik","Description":"","Price":240000,"Ratings":0,"Categories":[{"ID":3,"Name":"alat","Description":""},{"ID":6,"Name":"kesehatan","Description":""}]},{"ID":1251,"Name":"Tensi Darah Elektrik","Description":"","Price":240000,"Ratings":0,"Categories":[{"ID":3,"Name":"alat","Description":""},{"ID":6,"Name":"kesehatan","Description":""}]},{"ID":1253,"Name":"Tensi Darah Elektrik","Description":"","Price":240000,"Ratings":0,"Categories":[{"ID":3,"Name":"alat","Description":""},{"ID":6,"Name":"kesehatan","Description":""}]},{"ID":1254,"Name":"Tensi Darah Elektrik","Description":"","Price":240000,"Ratings":0,"Categories":[{"ID":3,"Name":"alat","Descripti"
10:56:39.163 [main] DEBUG org.apache.http.wire -  << "on":""},{"ID":6,"Name":"kesehatan","Description":""}]},{"ID":1476,"Name":"Tensi Darah Elektrik","Description":"","Price":240000,"Ratings":0,"Cat"
10:56:39.163 [main] DEBUG org.apache.http.wire -  << "[\r][\n]"
10:56:39.163 [main] DEBUG org.apache.http.wire -  << "6870[\r][\n]"
10:56:39.163 [main] DEBUG org.apache.http.wire -  << "egories":[{"ID":3,"Name":"alat","Description":""},{"ID":6,"Name":"kesehatan","Description":""}]},{"ID":1493,"Name":"Durian Jatuh","Description":"","Price":290000,"Ratings":0,"Categories":[{"ID":3,"Name":"alat","Description":""},{"ID":6,"Name":"kesehatan","Description":""}]},{"ID":1494,"Name":"Durian Jatuh","Description":"","Price":290000,"Ratings":0,"Categories":[{"ID":3,"Name":"alat","Description":""},{"ID":6,"Name":"kesehatan","Description":""}]},{"ID":1504,"Name":"Product Risma","Description":"","Price":89999,"Ratings":0,"Categories":[{"ID":3,"Name":"alat","Description":""},{"ID":6,"Name":"kesehatan","Description":""}]},{"ID":1506,"Name":"Tensi Darah Elektrik","Description":"","Price":240000,"Ratings":0,"Categories":[{"ID":3,"Name":"alat","Description":""},{"ID":6,"Name":"kesehatan","Description":""}]},{"ID":1252,"Name":"Tensi Darah Elektrik","Description":"","Price":240000,"Ratings":0,"Categories":[{"ID":3,"Name":"alat","Description":""},{"ID":6,"Name":"kesehatan","Description":""}]},{"ID":1255,"Name":"Tensi Darah Elektrik","Description":"","Price":240000,"Ratings":0,"Categories":[{"ID":3,"Name":"alat","Description":""},{"ID":6,"Name":"kesehatan","Description":""}]},{"ID":1256,"Name":"Tensi Darah Elektrik","Description":"","Price":240000,"Ratings":5,"Categories":[{"ID":3,"Name":"alat","Description":""},{"ID":6,"Name":"kesehatan","Description":""}]},{"ID":1258,"Name":"white shirt","Description":"","Price":240000,"Ratings":4,"Categories":[{"ID":3,"Name":"alat","Description":""},{"ID":6,"Name":"kesehatan","Description":""}]},{"ID":1259,"Name":"Tensi Darah Elektrik","Description":"","Price":240000,"Ratings":0,"Categories":[{"ID":3,"Name":"alat","Description":""},{"ID":6,"Name":"kesehatan","Description":""}]},{"ID":1262,"Name":"Bawang Merah","Description":"","Price":0,"Ratings":0,"Categories":[]},{"ID":1263,"Name":"Sweater Crewneck","Description":"","Price":199000,"Ratings":0,"Categories":[]},{"ID":1266,"Name":"Bawang Merah","Description":"","Price":0,"Ratings":0,"Categories":[]},{"ID":1267,"Name":"Sweater Crewneck","Description":"","Price":199000,"Ratings":0,"Categories":[]},{"ID":1268,"Name":"Tensi Elektrik","Description":"","Price":250000,"Ratings":0,"Categories":[{"ID":3,"Name":"alat","Description":""},{"ID":6,"Name":"kesehatan","Description":""}]},{"ID":1271,"Name":"Bawang Merah","Description":"","Price":0,"Ratings":0,"Categories":[]},{"ID":1272,"Name":"Sweater Crewneck","Description":"","Price":199000,"Ratings":0,"Categories":[]},{"ID":1275,"Name":"Abc","Description":"","Price":0,"Ratings":0,"Categories":[]},{"ID":1276,"Name":"Abc","Description":"","Price":0,"Ratings":0,"Categories":[]},{"ID":1278,"Name":"Sweater Crewneck","Description":"","Price":199000,"Ratings":0,"Categories":[]},{"ID":1280,"Name":"Sweater Crewneck","Description":"","Price":199000,"Ratings":0,"Categories":[]},{"ID":1283,"Name":"Sweater Crewneck","Description":"","Price":199000,"Ratings":0,"Categories":[]},{"ID":1286,"Name":"Bawang Merah","Description":"","Price":0,"Ratings":0,"Categories":[]},{"ID":1287,"Name":"Sweater Crewneck","Description":"","Price":199000,"Ratings":0,"Categories":[]},{"ID":1290,"Name":"Bawang Merah","Description":"","Price":0,"Ratings":0,"Categories":[]},{"ID":1291,"Name":"Sweater Crewneck","Description":"","Price":199000,"Ratings":0,"Categories":[]},{"ID":1294,"Name":"Sweater Crewneck","Description":"","Price":199000,"Ratings":0,"Categories":[]},{"ID":1296,"Name":"Tensi Darah Elektrik","Description":"","Price":240000,"Ratings":0,"Categories":[{"ID":3,"Name":"alat","Description":""},{"ID":6,"Name":"kesehatan","Description":""}]},{"ID":1297,"Name":"Tensi Darah Elektrik","Description":"","Price":240000,"Ratings":0,"Categories":[{"ID":3,"Name":"alat","Description":""},{"ID":6,"Name":"kesehatan","Description":""}]},{"ID":1298,"Name":"Tensi Elektrical","Description":"","Price":250000,"Ratings":0,"Categories":[{"ID":3,"Name":"alat","Description":""},{"ID":6,"Name":"kesehatan","Description":""}]},{"ID":1299,"Name":"Tensi Darah Elektrik","Description":"","Price":240000,"Ratings":0,"Categories":[{"ID":3,"Name":"alat","Description":""},{"ID":6,"Name":"kesehatan","Description":""}]},{"ID":1300,"Name":"Tensi Darah Elektrik","Description":"","Price":240000,"Ratings":0,"Categories":[{"ID":3,"Name":"alat","Description":""},{"ID":6,"Name":"kesehatan","Description":""}]},{"ID":1301,"Name":"Tensi Darah Elektrik","Description":"","Price":240000,"Ratings":0,"Categories":[{"ID":3,"Name":"alat","Description":""},{"ID":6,"Name":"kesehatan","Description":""}]},{"ID":1302,"Name":"Tensi Darah Elektrik","Description":"","Price":240000,"Ratings":0,"Categories":[{"ID":3,"Name":"alat","Description":""},{"ID":6,"Name":"kesehatan","Description":""}]},{"ID":1303,"Name":"Tensi Darah Elektrik","Description":"","Price":240000,"Ratings":0,"Categories":[{"ID":3,"Name":"alat","Description":""},{"ID":6,"Name":"kesehatan","Description":""}]},{"ID":1304,"Name":"Tensi Darah Elektrik","Description":"","Price":240000,"Ratings":0,"Categories":[{"ID":3,"Name":"alat","Description":""},{"ID":6,"Name":"kesehatan","Description":""}]},{"ID":1305,"Name":"Tensi Darah Elektrik","Description":"","Price":240000,"Ratings":0,"Categories":[{"ID":3,"Name":"alat","Description":""},{"ID":6,"Name":"kesehatan","Description":""}]},{"ID":1306,"Name":"Tensi Darah Elektrik","Description":"","Price":240000,"Ratings":0,"Categories":[{"ID":3,"Name":"alat","Description":""},{"ID":6,"Name":"kesehatan","Description":""}]},{"ID":1307,"Name":"Personal Computer188078694","Description":"","Price":250000,"Ratings":0,"Categories":[{"ID":3,"Name":"alat","Description":""},{"ID":6,"Name":"kesehatan","Description":""}]},{"ID":1309,"Name":"Personal Computer-612953994","Description":"","Price":250000,"Ratings":0,"Categories":[{"ID":3,"Name":"alat","Description":""},{"ID":6,"Name":"kesehatan","Description":""}]},{"ID":1311,"Name":"Tensi Darah Elektrik","Description":"","Price":240000,"Ratings":0,"Categories":[{"ID":3,"Name":"alat","Description":""},{"ID":6,"Name":"kesehatan","Description":""}]},{"ID":1312,"Name":"Treadmill","Description":"","Price":1000000,"Ratings":0,"Categories":[{"ID":1450,"Name":"Sport","Description":""}]},{"ID":1313,"Name":"milk","Description":"","Price":0,"Ratings":0,"Categories":[{"ID":1450,"Name":"Sport","Description":""}]},{"ID":1314,"Name":"Tensi Darah Elektrik","Description":"","Price":240000,"Ratings":0,"Categories":[{"ID":3,"Name":"alat","Description":""},{"ID":6,"Name":"kesehatan","Description":""}]},{"ID":1316,"Name":"Tensi Darah Elektrik","Description":"","Price":240000,"Ratings":0,"Categories":[{"ID":3,"Name":"alat","Description":""},{"ID":6,"Name":"kesehatan","Description":""}]},{"ID":1317,"Name":"Personal Computer1298484091","Description":"","Price":250000,"Ratings":0,"Categories":[{"ID":3,"Name":"alat","Description":""},{"ID":6,"Name":"kesehatan","Description":""}]},{"ID":1319,"Name":"Personal Computer-241059757","Description":"","Price":250000,"Ratings":0,"Categories":[{"ID":3,"Name":"alat","Description":""},{"ID":6,"Name":"kesehatan","Description":""}]},{"ID":1321,"Name":"Personal Computer-475248208","Description":"","Price":250000,"Ratings":0,"Categories":[{"ID":3,"Name":"alat","Description":""},{"ID":6,"Name":"kesehatan","Description":""}]},{"ID":1323,"Name":"Personal Computer-1065355454","Description":"","Price":250000,"Ratings":0,"Categories":[{"ID":3,"Name":"alat","Description":""},{"ID":6,"Name":"kesehatan","Description":""}]},{"ID":1325,"Name":"Tensi Darah Elektrik","Description":"","Price":240000,"Ratings":0,"Categories":[{"ID":3,"Name":"alat","Description":""},{"ID":6,"Name":"kesehatan","Description":""}]},{"ID":1326,"Name":"Tensi Darah Elektrik","Description":"","Price":240000,"Ratings":0,"Categories":[{"ID":3,"Name":"alat","Description":""},{"ID":6,"Name":"kesehatan","Description":""}]},{"ID":1327,"Name":"Tensi Darah Elektrik","Description":"","Price":240000,"Ratings":0,"Categories":[{"ID":3,"Name":"alat","Description":""},{"ID":6,"Name":"kesehatan","Description":""}]},{"ID":1328,"Name":"Personal Computer1579221017","Description"
10:56:39.164 [main] DEBUG org.apache.http.wire -  << "":"","Price":250000,"Ratings":0,"Categories":[{"ID":3,"Name":"alat","Description":""},{"ID":6,"Name":"kesehatan","Description":""}]},{"ID":1330,"Name":"Personal Computer1318042185","Description":"","Price":250000,"Ratings":0,"Categories":[{"ID":3,"Name":"alat","Description":""},{"ID":6,"Name":"kesehatan","Description":""}]},{"ID":1333,"Name":"Tensi Darah Elektrik","Description":"","Price":240000,"Ratings":0,"Categories":[{"ID":3,"Name":"alat","Description":""},{"ID":6,"Name":"kesehatan","Description":""}]},{"ID":1334,"Name":"Personal Computer64860510","Description":"","Price":250000,"Ratings":0,"Categories":[{"ID":3,"Name":"alat","Description":""},{"ID":6,"Name":"kesehatan","Description":""}]},{"ID":1337,"Name":"Tensi Darah Elektrik","Description":"","Price":240000,"Ratings":0,"Categories":[{"ID":3,"Name":"alat","Description":""},{"ID":6,"Name":"kesehatan","Description":""}]},{"ID":1338,"Name":"Personal Computer-1873081793","Description":"","Price":250000,"Ratings":0,"Categories":[{"ID":3,"Name":"alat","Description":""},{"ID":6,"Name":"kesehatan","Description":""}]},{"ID":1340,"Name":"Personal Computer838834212","Description":"","Price":250000,"Ratings":0,"Categories":[{"ID":3,"Name":"alat","Description":""},{"ID":6,"Name":"kesehatan","Description":""}]},{"ID":1343,"Name":"Personal Computer-191093681","Description":"","Price":250000,"Ratings":0,"Categories":[{"ID":3,"Name":"alat","Description":""},{"ID":6,"Name":"kesehatan","Description":""}]},{"ID":1345,"Name":"Tensi Darah Elektrik","Description":"","Price":0,"Ratings":0,"Categories":[]},{"ID":1346,"Name":"Personal Computer-16423801","Description":"","Price":250000,"Ratings":0,"Categories":[{"ID":3,"Name":"alat","Description":""},{"ID":6,"Name":"kesehatan","Description":""}]},{"ID":1348,"Name":"Personal Computer-911814723","Description":"","Price":250000,"Ratings":0,"Categories":[{"ID":3,"Name":"alat","Description":""},{"ID":6,"Name":"kesehatan","Description":""}]},{"ID":1350,"Name":"Personal Computer1785509957","Description":"","Price":250000,"Ratings":0,"Categories":[{"ID":3,"Name":"alat","Description":""},{"ID":6,"Name":"kesehatan","Description":""}]},{"ID":1353,"Name":"Personal Computer-546300572","Description":"","Price":250000,"Ratings":0,"Categories":[{"ID":3,"Name":"alat","Description":""},{"ID":6,"Name":"kesehatan","Description":""}]},{"ID":1355,"Name":"Personal Computer738590464","Description":"","Price":250000,"Ratings":0,"Categories":[{"ID":3,"Name":"alat","Description":""},{"ID":6,"Name":"kesehatan","Description":""}]},{"ID":1358,"Name":"Personal Computer-1775520485","Description":"","Price":250000,"Ratings":0,"Categories":[{"ID":3,"Name":"alat","Description":""},{"ID":6,"Name":"kesehatan","Description":""}]},{"ID":1361,"Name":"Personal Computer-1094554085","Description":"","Price":250000,"Ratings":0,"Categories":[{"ID":3,"Name":"alat","Description":""},{"ID":6,"Name":"kesehatan","Description":""}]},{"ID":1363,"Name":"Tensi Darah Elektrik","Description":"","Price":0,"Ratings":0,"Categories":[]},{"ID":1364,"Name":"Personal Computer-1923759853","Description":"","Price":250000,"Ratings":0,"Categories":[{"ID":3,"Name":"alat","Description":""},{"ID":6,"Name":"kesehatan","Description":""}]},{"ID":1366,"Name":"Tensi Darah Elektrik","Description":"","Price":240000,"Ratings":0,"Categories":[{"ID":3,"Name":"alat","Description":""},{"ID":6,"Name":"kesehatan","Description":""}]},{"ID":1367,"Name":"Treadmill","Description":"","Price":1000000,"Ratings":0,"Categories":[{"ID":1450,"Name":"Sport","Description":""}]},{"ID":1368,"Name":"Personal Computer541643980","Description":"","Price":250000,"Ratings":0,"Categories":[{"ID":3,"Name":"alat","Description":""},{"ID":6,"Name":"kesehatan","Description":""}]},{"ID":1371,"Name":"Personal Computer-822130143","Description":"","Price":250000,"Ratings":0,"Categories":[{"ID":3,"Name":"alat","Description":""},{"ID":6,"Name":"kesehatan","Description":""}]},{"ID":1374,"Name":"Personal Computer197258623","Description":"","Price":250000,"Ratings":0,"Categories":[{"ID":3,"Name":"alat","Description":""},{"ID":6,"Name":"kesehatan","Description":""}]},{"ID":1376,"Name":"kunci","Description":"","Price":0,"Ratings":0,"Categories":[]},{"ID":1377,"Name":"Tensi Darah Elektrik","Description":"","Price":240000,"Ratings":0,"Categories":[{"ID":3,"Name":"alat","Description":""},{"ID":6,"Name":"kesehatan","Description":""}]},{"ID":1378,"Name":"Treadmill","Description":"","Price":1000000,"Ratings":0,"Categories":[{"ID":1450,"Name":"Sport","Description":""}]},{"ID":1379,"Name":"Tensi Darah Elektrik","Description":"","Price":240000,"Ratings":0,"Categories":[{"ID":3,"Name":"alat","Description":""},{"ID":6,"Name":"kesehatan","Description":""}]},{"ID":1380,"Name":"Personal Computer1108396186","Description":"","Price":250000,"Ratings":0,"Categories":[{"ID":3,"Name":"alat","Description":""},{"ID":6,"Name":"kesehatan","Description":""}]},{"ID":1382,"Name":"Personal Computer767483771","Description":"","Price":250000,"Ratings":0,"Categories":[{"ID":3,"Name":"alat","Description":""},{"ID":6,"Name":"kesehatan","Description":""}]},{"ID":1384,"Name":"Personal Computer-1166174361","Description":"","Price":250000,"Ratings":0,"Categories":[{"ID":3,"Name":"alat","Description":""},{"ID":6,"Name":"kesehatan","Description":""}]},{"ID":1386,"Name":"Personal Computer457169845","Description":"","Price":250000,"Ratings":0,"Categories":[{"ID":3,"Name":"alat","Description":""},{"ID":6,"Name":"kesehatan","Description":""}]},{"ID":1388,"Name":"Tensi Darah Elektrik","Description":"","Price":240000,"Ratings":0,"Categories":[{"ID":3,"Name":"alat","Description":""},{"ID":6,"Name":"kesehatan","Description":""}]},{"ID":1389,"Name":"Personal Computer1347610144","Description":"","Price":250000,"Ratings":0,"Categories":[{"ID":3,"Name":"alat","Description":""},{"ID":6,"Name":"kesehatan","Description":""}]},{"ID":1391,"Name":"Mesin Jahit","Description":"","Price":25000,"Ratings":0,"Categories":[]},{"ID":1393,"Name":"Mesin Jahit","Description":"","Price":25000,"Ratings":0,"Categories":[]},{"ID":1395,"Name":"kesehatan","Description":"","Price":30000,"Ratings":4,"Categories":[{"ID":11,"Name":"kesehatan","Description":""},{"ID":142,"Name":"kesehatan","Description":""},{"ID":213,"Name":"Teleskop","Description":""}]},{"ID":1396,"Name":"Tensi Darah Elektrik","Description":"","Price":240000,"Ratings":0,"Categories":[{"ID":3,"Name":"alat","Description":""},{"ID":6,"Name":"kesehatan","Description":""}]},{"ID":1397,"Name":"Tensi Darah Elektrik","Description":"","Price":240000,"Ratings":0,"Categories":[{"ID":3,"Name":"alat","Description":""},{"ID":6,"Name":"kesehatan","Description":""}]},{"ID":1398,"Name":"Tensi Darah Elektrik","Description":"","Price":240000,"Ratings":0,"Categories":[{"ID":3,"Name":"alat","Description":""},{"ID":6,"Name":"kesehatan","Description":""}]},{"ID":1399,"Name":"Tensi Darah Elektrik","Description":"","Price":240000,"Ratings":0,"Categories":[{"ID":3,"Name":"alat","Description":""},{"ID":6,"Name":"kesehatan","Description":""}]},{"ID":1400,"Name":"Tensi Darah Elektrik","Description":"","Price":240000,"Ratings":0,"Categories":[{"ID":3,"Name":"alat","Description":""},{"ID":6,"Name":"kesehatan","Description":""}]},{"ID":1401,"Name":"Tensi Darah Elektrik","Description":"","Price":240000,"Ratings":0,"Categories":[{"ID":3,"Name":"alat","Description":""},{"ID":6,"Name":"kesehatan","Description":""}]},{"ID":1402,"Name":"Tensi Darah Elektrik","Description":"","Price":240000,"Ratings":0,"Categories":[{"ID":3,"Name":"alat","Description":""},{"ID":6,"Name":"kesehatan","Description":""}]},{"ID":1403,"Name":"Handphone","Description":"","Price":12000,"Ratings":0,"Categories":[{"ID":3,"Name":"alat","Description":""},{"ID":10,"Name":"kesehatan","Description":""}]},{"ID":1404,"Name":"Tensi Darah Elektrik","Description":"","Price":240000,"Ratings":0,"Categories":[{"ID":3,"Name":"alat","Description":""},{"ID":6,"Name":"kesehatan","Description":""}]},{"ID":1405,"Name":"Oksimeter","Description":"","Price":6000,"Ratings":0,"Categories":[{"ID":3,"Name":"alat","Description":""},{"ID":6,"Name":"kesehatan","Description":""},{"ID":1258,"Name":"Kesehatan","Description":"Saluran Pernafasan"}]},{"ID":1406,"Name":"produkku","Description":"","Price":240000,"Ratings":0,"Categories":[{"ID":2,"Name":"kesehatan","Description":""},{"ID":3,"Name":"alat","Description":""}]},{"ID":1408,"Name":"Oksimeter","Description":"","Price":6000,"Ratings":0,"Categories":[{"ID":3,"Name":"alat","Description":""},{"ID":6,"Name":"kesehatan","Description":""},{"ID":1258,"Name":"Kesehatan","Description":"Saluran Pernafasan"}]},{"ID":1409,"Name":"produkku","Description":"","Price":240000,"Ratings":5,"Categories":[{"ID":2,"Name":"kesehatan","Description":""},{"ID":3,"Name":"alat","Description":""}]},{"ID":1410,"Name":"produkku","Description":"","Price":240000,"Ratings":0,"Categories":[{"ID":2,"Name":"kesehatan","Description":""},{"ID":3,"Name":"alat","Description":""}]},{"ID":1412,"Name":"produkku","Description":"","Price":240000,"Ratings":0,"Categories":[{"ID":2,"Name":"kesehatan","Description":""},{"ID":3,"Name":"alat","Description":""}]},{"ID":1414,"Name":"Oksimeter","Description":"","Price":6000,"Ratings":0,"Categories":[{"ID":3,"Name":"alat","Description":""},{"ID":6,"Name":"kesehatan","Description":""},{"ID":1258,"Name":"Kesehatan","Description":"Saluran Pernafasan"}]},{"ID":1415,"Name":"Barbel","Description":"","Price":400000,"Ratings":0,"Categories":[{"ID":3,"Name":"alat","Description":""},{"ID":4,"Name":"alat","Description":"sangat bagus"},{"ID":1029,"Name":"Barang Berat","Description":"berat barang"}]},{"ID":1416,"Name":"white shirt","Description":"","Price":240000,"Ratings":0,"Categories":[{"ID":3,"Name":"alat","Description":""},{"ID":6,"Name":"kesehatan","Description":""}]},{"ID":1417,"Name":"Oksimeter","Description":"","Price":6000,"Ratings":0,"Categories":[{"ID":3,"Name":"alat","Description":""},{"ID":6,"Name":"kesehatan","Description":""},{"ID":1258,"Name":"Kesehatan","Description":"Saluran Pernafasan"}]},{"ID":1418,"Name":"Barbel","Description":"","Price":400000,"Ratings":0,"Categories":[{"ID":3,"Name":"alat","Description":""},{"ID":4,"Name":"alat","Description":"sangat bagus"},{"ID":1029,"Name":"Barang Berat","Description":"berat barang"}]},{"ID":1477,"Name":"Tensi Darah Elektrik","Description":"","Price":240000,"Ratings":0,"Categories":[{"ID":3,"Name":"alat","Description":""},{"ID":6,"Name":"kesehatan","Description":""}]},{"ID":1495,"Name":"Durian Jatuh","Description":"","Price":290000,"Ratings":0,"Categories":[{"ID":3,"Name":"alat","Description":""},{"ID":6,"Name":"kesehatan","Description":""}]},{"ID":1419,"Name":"white shirt","Description":"","Price":240000,"Ratings":0,"Categories":[{"ID":3,"Name":"alat","Description":""},{"ID":6,"Name":"kesehatan","Description":""}]},{"ID":1420,"Name":"white shirt","Description":"","Price":240000,"Ratings":0,"Categories":[{"ID":3,"Name":"alat","Description":""},{"ID":6,"Name":"kesehatan","Description":""}]},{"ID":1421,"Name":"white shirt","Description":"","Price":240000,"Ratings":0,"Categories":[{"ID":3,"Name":"alat","Description":""},{"ID":6,"Name":"kesehatan","Description":""}]},{"ID":1422,"Name":"Barbel","Description":"","Price":400000,"Ratings":0,"Categories":[{"ID":3,"Name":"alat","Description":""},{"ID":4,"Name":"alat","Description":"sangat bagus"},{"ID":1029,"Name":"Barang Berat","Description":"berat barang"}]},{"ID":1423,"Name":"white shirt","Description":"","Price":240000,"Ratings":0,"Categories":[{"ID":3,"Name":"alat","Description":""},{"ID":6,"Name":"kesehatan","Description":""}]},{"ID":1424,"Name":"white shirt","Description":"","Price":240000,"Ratings":0,"Categories":[{"ID":3,"Name":"alat","Description":""},{"ID":6,"Name":"kesehatan","Description":""}]},{"ID":1425,"Name":"Tensi Darah Elektrik","Description":"","Price":240000,"Ratings":0,"Categories":[{"ID":3,"Name":"alat","Description":""},{"ID":6,"Name":"kesehatan","Description":""}]},{"ID":1426,"Name":"Tensi Darah Elektrik","Description":"","Price":240000,"Ratings":0,"Categories":[{"ID":3,"Name":"alat","Description":""},{"ID":6,"Name":"kesehatan","Description":""}]},{"ID":1427,"Name":"Mesin Jahit","Description":"","Price":25000,"Ratings":0,"Categories":[]},{"ID":1429,"Name":"Tensi Darah Elektrik","Description":"","Price":240000,"Ratings":0,"Categories":[{"ID":3,"Name":"alat","Description":""},{"ID":6,"Name":"kesehatan","Description":""}]},{"ID":1430,"Name":"Roti","Description":"","Price":12000,"Ratings":0,"Categories":[{"ID":3,"Name":"alat","Description":""},{"ID":10,"Name":"kesehatan","Description":""}]},{"ID":1431,"Name":"Roti","Description":"","Price":12000,"Ratings":0,"Categories":[{"ID":3,"Name":"alat","Description":""},{"ID":10,"Name":"kesehatan","Description":""}]},{"ID":1432,"Name":"Oksimeter","Description":"","Price":6000,"Ratings":0,"Categories":[{"ID":3,"Name":"alat","Description":""},{"ID":6,"Name":"kesehatan","Description":""},{"ID":1258,"Name":"Kesehatan","Description":"Saluran Pernafasan"}]},{"ID":1433,"Name":"Handphone","Description":"","Price":12000,"Ratings":0,"Categories":[{"ID":3,"Name":"alat","Description":""},{"ID":10,"Name":"kesehatan","Description":""}]},{"ID":1434,"Name":"Takoyaki","Description":"","Price":240000,"Ratings":3,"Categories":[{"ID":9,"Name":"Tensi Darah Elektrik","Description":""}]},{"ID":1435,"Name":"Tensi Darah Elektrik","Description":"","Price":240000,"Ratings":0,"Categories":[{"ID":3,"Name":"alat","Description":""},{"ID":6,"Name":"kesehatan","Description":""}]},{"ID":1436,"Name":"Mesin Jahit","Description":"","Price":25000,"Ratings":0,"Categories":[]},{"ID":1438,"Name":"Mesin Jahit","Description":"","Price":25000,"Ratings":0,"Categories":[]},{"ID":1440,"Name":"Mesin Jahit","Description":"","Price":25000,"Ratings":0,"Categories":[]},{"ID":1442,"Name":"Tensi Darah Elektrik","Description":"","Price":240000,"Ratings":0,"Categories":[{"ID":3,"Name":"alat","Description":""},{"ID":6,"Name":"kesehatan","Description":""}]},{"ID":1443,"Name":"white shirt","Description":"","Price":240000,"Ratings":0,"Categories":[{"ID":3,"Name":"alat","Description":""},{"ID":6,"Name":"kesehatan","Description":""}]},{"ID":1444,"Name":"Tensi Darah Elektrik","Description":"","Price":240000,"Ratings":0,"Categories":[{"ID":2,"Name":"kesehatan","Description":""}]},{"ID":1445,"Name":"Tensi Darah Elektrik","Description":"","Price":240000,"Ratings":0,"Categories":[{"ID":2,"Name":"kesehatan","Description":""},{"ID":2,"Name":"kesehatan","Description":""}]},{"ID":1446,"Name":"Tensi Darah Elektrik","Description":"","Price":1000,"Ratings":2,"Categories":[{"ID":3,"Name":"alat","Description":""},{"ID":6,"Name":"kesehatan","Description":""}]},{"ID":1447,"Name":"white shirt","Description":"","Price":240000,"Ratings":0,"Categories":[{"ID":3,"Name":"alat","Description":""},{"ID":6,"Name":"kesehatan","Description":""}]},{"ID":1448,"Name":"Tensi Darah Elektrik","Description":"","Price":1000,"Ratings":2,"Categories":[{"ID":3,"Name":"alat","Description":""},{"ID":6,"Name":"kesehatan","Description":""}]},{"ID":1449,"Name":"white shirt","Description":"","Price":240000,"Ratings":0,"Categories":[{"ID":3,"Name":"alat","Description":""},{"ID":6,"Name":"kesehatan","Description":""}]},{"ID":1450,"Name":"Tensi Darah Elektrik","Description":"","Price":1000,"Ratings":2,"Categories":[{"ID":3,"Name":"alat","Description":""},{"ID":6,"Name":"kesehatan","Description":""}]},{"ID":1451,"Name":"Tensi Darah Wireless","Description":"","Price":2900000,"Ratings":0,"Categories":[]},{"ID":1452,"Name":"Tensi Darah Elektrik","Description":"","Price":1000,"Ratings":2,"Categories":[{"ID":3,"Name":"alat","Description":""},{"ID":6,"Name":"kesehatan","Description":""}]},{"ID":1453,"Name":"Tensi Darah Elektrik","Description":"","Price":1000,"Ratings":2,"Categories":[{"ID":3,"Name":"alat","Description":""},{"ID":6,"Name":"kesehatan","Description":""}]},{"ID":1454,"Name":"Tensi Darah Elektrik","Description":"","Price":1000,"Ratings":0,"Categories":[{"ID":3,"Name":"alat","Description":""},{"ID":6,"Name":"kesehatan","Description":""}]},{"ID":1455,"Name":"Tensi Darah Elektrik","Description":"","Price":240000,"Ratings":0,"Categories":[{"ID":3,"Name":"alat","Description":""},{"ID":6,"Name":"kesehatan","Description":""}]},{"ID":1456,"Name":"Tensi Darah Elektrik","Description":"","Price":240000,"Ratings":0,"Categories":[{"ID":3,"Name":"alat","Description":""},{"ID":6,"Name":"kesehatan","Description":""}]},{"ID":1457,"Name""
10:56:39.164 [main] DEBUG org.apache.http.wire -  << ":"Tensi Darah Elektrik","Description":"","Price":240000,"Ratings":0,"Categories":[{"ID":3,"Name":"alat","Description":""},{"ID":6,"Name":"kesehatan","Description":""}]},{"ID":1458,"Name":"Tensi Darah Elektrik","Description":"","Price":240000,"Ratings":0,"Categories":[{"ID":3,"Name":"alat","Description":""},{"ID":6,"Name":"kesehatan","Description":""}]},{"ID":1459,"Name":"Tensi Darah Elektrik","Description":"","Price":240000,"Ratings":0,"Categories":[{"ID":3,"Name":"alat","Description":""},{"ID":6,"Name":"kesehatan","Description":""}]},{"ID":1460,"Name":"Tensi Darah Elektrik","Description":"","Price":240000,"Ratings":0,"Categories":[{"ID":3,"Name":"alat","Description":""},{"ID":6,"Name":"kesehatan","Description":""}]},{"ID":1461,"Name":"Tensi Darah Wireless","Description":"","Price":2900000,"Ratings":0,"Categories":[]},{"ID":1462,"Name":"Tensi Darah Elektrik","Description":"","Price":240000,"Ratings":0,"Categories":[{"ID":3,"Name":"alat","Description":""},{"ID":6,"Name":"kesehatan","Description":""}]},{"ID":1463,"Name":"Tensi Darah Elektrik","Description":"","Price":240000,"Ratings":0,"Categories":[{"ID":3,"Name":"alat","Description":""},{"ID":6,"Name":"kesehatan","Description":""}]},{"ID":1464,"Name":"Tensi Darah Elektrik","Description":"","Price":240000,"Ratings":0,"Categories":[{"ID":3,"Name":"alat","Description":""},{"ID":6,"Name":"kesehatan","Description":""}]},{"ID":1465,"Name":"Tensi Darah Elektrik","Description":"","Price":240000,"Ratings":0,"Categories":[{"ID":3,"Name":"alat","Description":""},{"ID":6,"Name":"kesehatan","Description":""}]},{"ID":1466,"Name":"Tensi Darah Elektrik","Description":"","Price":240000,"Ratings":0,"Categories":[{"ID":3,"Name":"alat","Description":""},{"ID":6,"Name":"kesehatan","Description":""}]},{"ID":1467,"Name":"Tensi Darah Elektrik","Description":"","Price":240000,"Ratings":0,"Categories":[{"ID":3,"Name":"alat","Description":""},{"ID":6,"Name":"kesehatan","Description":""}]},{"ID":1478,"Name":"Tensi Darah Elektrik","Description":"","Price":240000,"Ratings":0,"Categories":[{"ID":3,"Name":"alat","Description":""},{"ID":6,"Name":"kesehatan","Description":""}]},{"ID":1496,"Name":"Durian Jatuh","Description":"","Price":290000,"Ratings":0,"Categories":[{"ID":3,"Name":"alat","Description":""},{"ID":6,"Name":"kesehatan","Description":""}]}]}[\n]"
10:56:39.164 [main] DEBUG org.apache.http.wire -  << "[\r][\n]"
10:56:39.164 [main] DEBUG org.apache.http.wire -  << "0[\r][\n]"
10:56:39.164 [main] DEBUG org.apache.http.wire -  << "[\r][\n]"
10:56:39.165 [main] DEBUG org.apache.http.impl.conn.BasicClientConnectionManager - Releasing connection org.apache.http.impl.conn.ManagedClientConnectionImpl@20fa5277
10:56:39.165 [main] DEBUG org.apache.http.impl.conn.BasicClientConnectionManager - Connection can be kept alive indefinitely
10:56:39.207 [main] DEBUG net.thucydides.core.steps.StepInterceptor - STEP DONE: I send GET HTTP Request for products
  &amp#27;[32mWhen &amp#27;[0m&amp#27;[32mI send GET HTTP Request for products&amp#27;[0m   &amp#27;[90m# starter.stepdefinitions.GetProductStep.getHttpRequestProducts()&amp#27;[0m
10:56:39.212 [main] DEBUG net.thucydides.core.steps.StepInterceptor - STARTING STEP: GetSteps.getValidHTTP - I receive valid HTTP response code 200
10:56:39.213 [main] DEBUG net.thucydides.core.steps.StepInterceptor - STEP DONE: I receive valid HTTP response code 200
  &amp#27;[32mThen &amp#27;[0m&amp#27;[32mI receive valid HTTP response code 200&amp#27;[0m &amp#27;[90m# starter.stepdefinitions.GetSteps.getValidHTTP()&amp#27;[0m
10:56:39.215 [main] INFO  - 
  _____   ___   ___   _____     ___     _     ___   ___   ___   ___  
 |_   _| | __| / __| |_   _|   | _ \   /_\   / __| / __| | __| |   \ 
   | |   | _|  \__ \   | |     |  _/  / _ \  \__ \ \__ \ | _|  | |) |
   |_|   |___| |___/   |_|     |_|   /_/ \_\ |___/ |___/ |___| |___/ 

Get All Products
----------------------------------------------------------------------
]]></system-out>
  </testcase>
  <testcase name="Get All Products By Id" classname="Get Products" time="1.005">
    <system-out><![CDATA[
@get-products-by-id
Scenario: Get All Products By Id                   &amp#27;[90m# src/test/resources/api/GetProduct.feature:9&amp#27;[0m
10:56:39.224 [main] INFO io.cucumber.core.plugin.SerenityReporter - Running feature from file:///D:/PERKULIAHAN/SEMESTER%206/KAMPUS%20MERDEKA/PROYEK_ALTERRA/TestingAPIALTA/src/test/resources/api/GetProduct.feature
10:56:39.224 [main] WARN io.cucumber.core.plugin.SerenityReporter - Feature from file:///D:/PERKULIAHAN/SEMESTER%206/KAMPUS%20MERDEKA/PROYEK_ALTERRA/TestingAPIALTA/src/test/resources/api/GetProduct.feature is not under the 'features' directory. Requirements report will not be correctly generated!
10:56:39.225 [main] INFO  - 
  _____   ___   ___   _____     ___   _____     _     ___   _____   ___   ___  
 |_   _| | __| / __| |_   _|   / __| |_   _|   /_\   | _ \ |_   _| | __| |   \ 
   | |   | _|  \__ \   | |     \__ \   | |    / _ \  |   /   | |   | _|  | |) |
   |_|   |___| |___/   |_|     |___/   |_|   /_/ \_\ |_|_\   |_|   |___| |___/ 

Get All Products By Id(get-products;get-all-products-by-id)
--------------------------------------------------------------------------------
10:56:39.228 [main] DEBUG net.thucydides.core.steps.StepInterceptor - STARTING STEP: GetProductStep.setGetAPIProductById - I set GET api endpoints for products by id
10:56:39.228 [main] DEBUG net.thucydides.core.steps.StepInterceptor - STEP DONE: I set GET api endpoints for products by id
  &amp#27;[32mGiven &amp#27;[0m&amp#27;[32mI set GET api endpoints for products by id&amp#27;[0m &amp#27;[90m# starter.stepdefinitions.GetProductStep.setGetAPIProductById()&amp#27;[0m
10:56:39.230 [main] DEBUG net.thucydides.core.steps.StepInterceptor - STARTING STEP: GetProductStep.getHTTPRequestforId - I send GET HTTP Request for products by id
10:56:39.231 [main] DEBUG net.thucydides.core.steps.StepInterceptor - STARTING STEP: GetProducts.getHttpRequestProductsById - I set GET api endpoints for products by id
10:56:39.231 [main] DEBUG net.thucydides.core.steps.StepInterceptor - STEP DONE: I set GET api endpoints for products by id
10:56:39.277 [main] DEBUG org.apache.http.impl.conn.BasicClientConnectionManager - Get connection for route {s}->https://be-qa.alta.id:443
10:56:39.277 [main] DEBUG org.apache.http.impl.conn.DefaultClientConnectionOperator - Connecting to be-qa.alta.id:443
10:56:39.470 [main] DEBUG org.apache.http.client.protocol.RequestAddCookies - CookieSpec selected: ignoreCookies
10:56:39.470 [main] DEBUG org.apache.http.client.protocol.RequestAuthCache - Auth cache not set in the context
10:56:39.470 [main] DEBUG org.apache.http.client.protocol.RequestTargetAuthentication - Target auth state: UNCHALLENGED
10:56:39.470 [main] DEBUG org.apache.http.client.protocol.RequestProxyAuthentication - Proxy auth state: UNCHALLENGED
10:56:39.470 [main] DEBUG org.apache.http.impl.client.DefaultHttpClient - Attempt 1 to execute request
10:56:39.470 [main] DEBUG org.apache.http.impl.conn.DefaultClientConnection - Sending request: GET /api/products?id HTTP/1.1
10:56:39.470 [main] DEBUG org.apache.http.wire -  >> "GET /api/products?id HTTP/1.1[\r][\n]"
10:56:39.470 [main] DEBUG org.apache.http.wire -  >> "Accept: */*[\r][\n]"
10:56:39.470 [main] DEBUG org.apache.http.wire -  >> "Host: be-qa.alta.id[\r][\n]"
10:56:39.470 [main] DEBUG org.apache.http.wire -  >> "Connection: Keep-Alive[\r][\n]"
10:56:39.470 [main] DEBUG org.apache.http.wire -  >> "User-Agent: Apache-HttpClient/4.5.13 (Java/1.8.0_241)[\r][\n]"
10:56:39.470 [main] DEBUG org.apache.http.wire -  >> "Accept-Encoding: gzip,deflate[\r][\n]"
10:56:39.470 [main] DEBUG org.apache.http.wire -  >> "[\r][\n]"
10:56:39.470 [main] DEBUG org.apache.http.headers - >> GET /api/products?id HTTP/1.1
10:56:39.470 [main] DEBUG org.apache.http.headers - >> Accept: */*
10:56:39.470 [main] DEBUG org.apache.http.headers - >> Host: be-qa.alta.id
10:56:39.470 [main] DEBUG org.apache.http.headers - >> Connection: Keep-Alive
10:56:39.470 [main] DEBUG org.apache.http.headers - >> User-Agent: Apache-HttpClient/4.5.13 (Java/1.8.0_241)
10:56:39.470 [main] DEBUG org.apache.http.headers - >> Accept-Encoding: gzip,deflate
10:56:40.087 [main] DEBUG org.apache.http.wire -  << "HTTP/1.1 200 OK[\r][\n]"
10:56:40.087 [main] DEBUG org.apache.http.wire -  << "Server: nginx/1.14.2[\r][\n]"
10:56:40.087 [main] DEBUG org.apache.http.wire -  << "Date: Sat, 14 May 2022 03:56:39 GMT[\r][\n]"
10:56:40.087 [main] DEBUG org.apache.http.wire -  << "Content-Type: application/json[\r][\n]"
10:56:40.087 [main] DEBUG org.apache.http.wire -  << "Transfer-Encoding: chunked[\r][\n]"
10:56:40.087 [main] DEBUG org.apache.http.wire -  << "Connection: keep-alive[\r][\n]"
10:56:40.087 [main] DEBUG org.apache.http.wire -  << "[\r][\n]"
10:56:40.087 [main] DEBUG org.apache.http.impl.conn.DefaultClientConnection - Receiving response: HTTP/1.1 200 OK
10:56:40.087 [main] DEBUG org.apache.http.headers - << HTTP/1.1 200 OK
10:56:40.087 [main] DEBUG org.apache.http.headers - << Server: nginx/1.14.2
10:56:40.087 [main] DEBUG org.apache.http.headers - << Date: Sat, 14 May 2022 03:56:39 GMT
10:56:40.087 [main] DEBUG org.apache.http.headers - << Content-Type: application/json
10:56:40.087 [main] DEBUG org.apache.http.headers - << Transfer-Encoding: chunked
10:56:40.087 [main] DEBUG org.apache.http.headers - << Connection: keep-alive
10:56:40.087 [main] DEBUG org.apache.http.impl.client.DefaultHttpClient - Connection can be kept alive indefinitely
10:56:40.087 [main] DEBUG io.restassured.internal.RequestSpecificationImpl$RestAssuredHttpBuilder - Parsing response as: application/json
10:56:40.087 [main] DEBUG io.restassured.internal.RequestSpecificationImpl$RestAssuredHttpBuilder - Parsed data to instance of: class org.apache.http.conn.EofSensorInputStream
10:56:40.088 [main] DEBUG org.apache.http.wire -  << "1fa8[\r][\n]"
10:56:40.088 [main] DEBUG org.apache.http.wire -  << "{"data":[{"ID":1468,"Name":"Tensi Darah Elektrik","Description":"","Price":240000,"Ratings":0,"Categories":[{"ID":3,"Name":"alat","Description":""},{"ID":6,"Name":"kesehatan","Description":""}]},{"ID":1479,"Name":"Tensi Darah Elektrik","Description":"","Price":240000,"Ratings":0,"Categories":[{"ID":3,"Name":"alat","Description":""},{"ID":6,"Name":"kesehatan","Description":""}]},{"ID":1497,"Name":"Durian Jatuh","Description":"","Price":290000,"Ratings":0,"Categories":[{"ID":3,"Name":"alat","Description":""},{"ID":6,"Name":"kesehatan","Description":""}]},{"ID":1469,"Name":"Tensi Darah Elektrik","Description":"","Price":240000,"Ratings":0,"Categories":[{"ID":3,"Name":"alat","Description":""},{"ID":6,"Name":"kesehatan","Description":""}]},{"ID":1480,"Name":"Tensi Darah Elektrik","Description":"","Price":240000,"Ratings":0,"Categories":[{"ID":3,"Name":"alat","Description":""},{"ID":6,"Name":"kesehatan","Description":""}]},{"ID":1498,"Name":"Durian Jatuh","Description":"","Price":290000,"Ratings":0,"Categories":[{"ID":3,"Name":"alat","Description":""},{"ID":6,"Name":"kesehatan","Description":""}]},{"ID":659,"Name":"Dress","Description":"","Price":12000,"Ratings":0,"Categories":[]},{"ID":660,"Name":"Dress","Description":"","Price":12000,"Ratings":0,"Categories":[]},{"ID":661,"Name":"Dress","Description":"","Price":12000,"Ratings":3,"Categories":[]},{"ID":662,"Name":"Dress","Description":"","Price":12000,"Ratings":0,"Categories":[]},{"ID":663,"Name":"Dress","Description":"","Price":12000,"Ratings":0,"Categories":[]},{"ID":664,"Name":"Dress","Description":"","Price":12000,"Ratings":0,"Categories":[]},{"ID":669,"Name":"Laptop","Description":"","Price":20400000,"Ratings":5,"Categories":[{"ID":3,"Name":"alat","Description":""},{"ID":6,"Name":"kesehatan","Description":""}]},{"ID":670,"Name":"Penjualan Produk","Description":"","Price":120000,"Ratings":0,"Categories":[{"ID":9,"Name":"Tensi Darah Elektrik","Description":""},{"ID":10,"Name":"kesehatan","Description":""}]},{"ID":672,"Name":"Product Risma","Description":"","Price":89999,"Ratings":0,"Categories":[{"ID":3,"Name":"alat","Description":""},{"ID":6,"Name":"kesehatan","Description":""}]},{"ID":674,"Name":"Penjualan Produk","Description":"","Price":120000,"Ratings":0,"Categories":[{"ID":9,"Name":"Tensi Darah Elektrik","Description":""},{"ID":10,"Name":"kesehatan","Description":""}]},{"ID":677,"Name":"Sosis","Description":"","Price":12000,"Ratings":0,"Categories":[{"ID":6,"Name":"kesehatan","Description":""}]},{"ID":678,"Name":"Handphone","Description":"","Price":12000,"Ratings":0,"Categories":[{"ID":6,"Name":"kesehatan","Description":""}]},{"ID":682,"Name":"Handphone","Description":"","Price":12000,"Ratings":0,"Categories":[{"ID":3,"Name":"alat","Description":""}]},{"ID":683,"Name":"Handphone","Description":"","Price":12000,"Ratings":0,"Categories":[{"ID":3,"Name":"alat","Description":""}]},{"ID":684,"Name":"Handphone","Description":"","Price":12000,"Ratings":0,"Categories":[{"ID":3,"Name":"alat","Description":""}]},{"ID":685,"Name":"Handphone","Description":"","Price":12000,"Ratings":0,"Categories":[{"ID":3,"Name":"alat","Description":""}]},{"ID":687,"Name":"Handphone","Description":"","Price":12000,"Ratings":0,"Categories":[{"ID":3,"Name":"alat","Description":""}]},{"ID":690,"Name":"Handphone","Description":"","Price":12000,"Ratings":0,"Categories":[{"ID":3,"Name":"alat","Description":""},{"ID":10,"Name":"kesehatan","Description":""}]},{"ID":691,"Name":"Handphone","Description":"","Price":12000,"Ratings":0,"Categories":[{"ID":3,"Name":"alat","Description":""},{"ID":10,"Name":"kesehatan","Description":""}]},{"ID":692,"Name":"Handphone","Description":"","Price":12000,"Ratings":0,"Categories":[{"ID":3,"Name":"alat","Description":""},{"ID":10,"Name":"kesehatan","Description":""}]},{"ID":693,"Name":"Dress","Description":"","Price":1200000,"Ratings":0,"Categories":[{"ID":3,"Name":"alat","Description":""}]},{"ID":694,"Name":"Tensi Darah Manual","Description":"","Price":1000,"Ratings":0,"Categories":[]},{"ID":695,"Name":"Tensi Darah Manual","Description":"","Price":1000,"Ratings":0,"Categories":[]},{"ID":697,"Name":"Tensi Darah Elektrik","Description":"","Price":1000,"Ratings":0,"Categories":[]},{"ID":698,"Name":"flare skirt","Description":"","Price":250000,"Ratings":0,"Categories":[{"ID":565,"Name":"fashion","Description":""}]},{"ID":699,"Name":"Handphone","Description":"","Price":12000,"Ratings":0,"Categories":[{"ID":3,"Name":"alat","Description":""},{"ID":10,"Name":"kesehatan","Description":""}]},{"ID":703,"Name":"flare skirt","Description":"","Price":250000,"Ratings":0,"Categories":[{"ID":565,"Name":"fashion","Description":""}]},{"ID":706,"Name":"Tensi Elektrik","Description":"","Price":240000,"Ratings":0,"Categories":[{"ID":3,"Name":"alat","Description":""},{"ID":6,"Name":"kesehatan","Description":""}]},{"ID":709,"Name":"Dress","Description":"","Price":12000,"Ratings":0,"Categories":[]},{"ID":710,"Name":"Api","Description":"","Price":32000,"Ratings":0,"Categories":[]},{"ID":711,"Name":"Api","Description":"","Price":32000,"Ratings":0,"Categories":[]},{"ID":712,"Name":"Api","Description":"","Price":32000,"Ratings":0,"Categories":[]},{"ID":718,"Name":"Dress","Description":"","Price":12000,"Ratings":0,"Categories":[]},{"ID":720,"Name":"Api","Description":"","Price":32000,"Ratings":0,"Categories":[]},{"ID":721,"Name":"Dress","Description":"","Price":12000,"Ratings":0,"Categories":[]},{"ID":723,"Name":"Flare Skirt","Description":"","Price":150000,"Ratings":0,"Categories":[]},{"ID":724,"Name":"Dress","Description":"","Price":12000,"Ratings":0,"Categories":[]},{"ID":726,"Name":"Flare Skirt","Description":"","Price":150000,"Ratings":0,"Categories":[]},{"ID":727,"Name":"Api","Description":"","Price":32000,"Ratings":0,"Categories":[]},{"ID":728,"Name":"Skirt","Description":"","Price":250000,"Ratings":0,"Categories":[]},{"ID":729,"Name":"Flare Skirt","Description":"","Price":250000,"Ratings":0,"Categories":[]},{"ID":731,"Name":"Api","Description":"","Price":32000,"Ratings":0,"Categories":[]},{"ID":732,"Name":"Flare Skirt","Description":"","Price":250000,"Ratings":0,"Categories":[]},{"ID":734,"Name":"Product Risma","Description":"","Price":89999,"Ratings":0,"Categories":[{"ID":3,"Name":"alat","Description":""},{"ID":6,"Name":"kesehatan","Description":""}]},{"ID":735,"Name":"Api","Description":"","Price":32000,"Ratings":0,"Categories":[]},{"ID":736,"Name":"Product Risma","Description":"","Price":89999,"Ratings":5,"Categories":[{"ID":3,"Name":"alat","Description":""},{"ID":6,"Name":"kesehatan","Description":""}]},{"ID":737,"Name":"Product Risma","Description":"","Price":89999,"Ratings":0,"Categories":[{"ID":3,"Name":"alat","Description":""},{"ID":6,"Name":"kesehatan","Description":""}]},{"ID":741,"Name":"Product Risma","Description":"","Price":89999,"Ratings":0,"Categories":[{"ID":3,"Name":"alat","Description":""},{"ID":6,"Name":"kesehatan","Description":""}]},{"ID":742,"Name":"Product Risma","Description":"","Price":89999,"Ratings":0,"Categories":[{"ID":3,"Name":"alat","Description":""},{"ID":6,"Name":"kesehatan","Description":""}]},{"ID":743,"Name":"Product Risma","Description":"","Price":89999,"Ratings":0,"Categories":[{"ID":3,"Name":"alat","Description":""},{"ID":6,"Name":"kesehatan","Description":""}]},{"ID":744,"Name":"Product Risma","Description":"","Price":89999,"Ratings":0,"Categories":[{"ID":3,"Name":"alat","Description":""},{"ID":6,"Name":"kesehatan","Description":""}]},{"ID":745,"Name":"Product Risma","Description":"","Price":89999,"Ratings":0,"Categories":[{"ID":3,"Name":"alat","Description":""},{"ID":6,"Name":"kesehatan","Description":""}]},{"ID":746,"Name":"Product Risma","Description":"","Price":89999,"Ratings":0,"Categories":[{"ID":3,"Name":"alat","Description":""},{"ID":6,"Name":"kesehatan","Description":""}]},{"ID":747,"Name":"Product Risma","Description":"","Price":89999,"Ratings":0,"Categories":[{"ID":3,"Name":"alat","Description":""},{"ID":6,"Name":"kesehatan","Description":""}]},{"ID":1470,"Name":"Tensi Darah Elektrik","Desc"
10:56:40.088 [main] DEBUG org.apache.http.wire -  << "ription":"","Price":240000,"Ratings":0,"Categories":[{"ID":3,"Name":"alat","Desc"
10:56:40.088 [main] DEBUG org.apache.http.wire -  << "[\r][\n]"
10:56:40.088 [main] DEBUG org.apache.http.wire -  << "2000[\r][\n]"
10:56:40.088 [main] DEBUG org.apache.http.wire -  << "ription":""},{"ID":6,"Name":"kesehatan","Description":""}]},{"ID":1481,"Name":"Tensi Darah Elektrik","Description":"","Price":240000,"Ratings":0,"Categories":[{"ID":3,"Name":"alat","Description":""},{"ID":6,"Name":"kesehatan","Description":""}]},{"ID":1482,"Name":"Product Risma","Description":"","Price":89999,"Ratings":0,"Categories":[{"ID":3,"Name":"alat","Description":""},{"ID":6,"Name":"kesehatan","Description":""}]},{"ID":1483,"Name":"Product Risma","Description":"","Price":89999,"Ratings":0,"Categories":[{"ID":3,"Name":"alat","Description":""},{"ID":6,"Name":"kesehatan","Description":""}]},{"ID":1486,"Name":"Tensi Darah Elektrik","Description":"","Price":240000,"Ratings":0,"Categories":[{"ID":3,"Name":"alat","Description":""},{"ID":6,"Name":"kesehatan","Description":""}]},{"ID":1489,"Name":"Durian Jatuh","Description":"","Price":290000,"Ratings":0,"Categories":[{"ID":3,"Name":"alat","Description":""},{"ID":6,"Name":"kesehatan","Description":""}]},{"ID":1499,"Name":"Durian Jatuh","Description":"","Price":290000,"Ratings":0,"Categories":[{"ID":3,"Name":"alat","Description":""},{"ID":6,"Name":"kesehatan","Description":""}]},{"ID":665,"Name":"Dress","Description":"","Price":12000,"Ratings":0,"Categories":[]},{"ID":666,"Name":"Dress","Description":"","Price":12000,"Ratings":0,"Categories":[]},{"ID":667,"Name":"Dress","Description":"","Price":12000,"Ratings":0,"Categories":[]},{"ID":668,"Name":"Tensi Darah Elektrik","Description":"","Price":240000,"Ratings":0,"Categories":[{"ID":3,"Name":"alat","Description":""},{"ID":6,"Name":"kesehatan","Description":""}]},{"ID":671,"Name":"Penjualan Produk","Description":"","Price":120000,"Ratings":0,"Categories":[{"ID":9,"Name":"Tensi Darah Elektrik","Description":""},{"ID":10,"Name":"kesehatan","Description":""}]},{"ID":673,"Name":"Product Risma","Description":"","Price":89999,"Ratings":0,"Categories":[{"ID":3,"Name":"alat","Description":""},{"ID":6,"Name":"kesehatan","Description":""}]},{"ID":675,"Name":"Sosis","Description":"","Price":12000,"Ratings":0,"Categories":[{"ID":9,"Name":"Tensi Darah Elektrik","Description":""},{"ID":10,"Name":"kesehatan","Description":""}]},{"ID":676,"Name":"Sosis","Description":"","Price":12000,"Ratings":0,"Categories":[{"ID":9,"Name":"Tensi Darah Elektrik","Description":""},{"ID":10,"Name":"kesehatan","Description":""}]},{"ID":679,"Name":"Handphone","Description":"","Price":12000,"Ratings":0,"Categories":[{"ID":1,"Name":"kesehatan","Description":""},{"ID":3,"Name":"alat","Description":""}]},{"ID":680,"Name":"Handphone","Description":"","Price":12000,"Ratings":0,"Categories":[{"ID":3,"Name":"alat","Description":""}]},{"ID":681,"Name":"Handphone","Description":"","Price":12000,"Ratings":0,"Categories":[{"ID":3,"Name":"alat","Description":""}]},{"ID":686,"Name":"Handphone","Description":"","Price":12000,"Ratings":0,"Categories":[{"ID":3,"Name":"alat","Description":""}]},{"ID":688,"Name":"Handphone","Description":"","Price":12000,"Ratings":0,"Categories":[{"ID":3,"Name":"alat","Description":""}]},{"ID":689,"Name":"Handphone","Description":"","Price":12000,"Ratings":0,"Categories":[{"ID":3,"Name":"alat","Description":""}]},{"ID":696,"Name":"Handphone","Description":"","Price":12000,"Ratings":0,"Categories":[{"ID":3,"Name":"alat","Description":""},{"ID":10,"Name":"kesehatan","Description":""}]},{"ID":700,"Name":"Tensi Darah Elektrik","Description":"","Price":1000,"Ratings":3,"Categories":[]},{"ID":701,"Name":"Tensi Darah Elektrik","Description":"","Price":1000,"Ratings":0,"Categories":[]},{"ID":702,"Name":"Dress","Description":"","Price":12000,"Ratings":0,"Categories":[]},{"ID":704,"Name":"Dress","Description":"","Price":12000,"Ratings":0,"Categories":[]},{"ID":705,"Name":"Tensi Darah Elektrik","Description":"","Price":240000,"Ratings":0,"Categories":[{"ID":3,"Name":"alat","Description":""},{"ID":6,"Name":"kesehatan","Description":""}]},{"ID":707,"Name":"Tensi Elektrik","Description":"","Price":240000,"Ratings":0,"Categories":[{"ID":3,"Name":"alat","Description":""},{"ID":6,"Name":"kesehatan","Description":""}]},{"ID":708,"Name":"Tensi Elektrik","Description":"","Price":25000000,"Ratings":0,"Categories":[{"ID":3,"Name":"alat","Description":""},{"ID":6,"Name":"kesehatan","Description":""}]},{"ID":717,"Name":"Dress","Description":"","Price":12000,"Ratings":0,"Categories":[]},{"ID":748,"Name":"Tensi Darah Elektrik","Description":"","Price":240000,"Ratings":0,"Categories":[{"ID":3,"Name":"alat","Description":""},{"ID":6,"Name":"kesehatan","Description":""}]},{"ID":749,"Name":"Tensi Darah Aja Loh","Description":"","Price":240000,"Ratings":0,"Categories":[{"ID":3,"Name":"alat","Description":""},{"ID":6,"Name":"kesehatan","Description":""}]},{"ID":750,"Name":"Tensi Darah Elektrik","Description":"","Price":240000,"Ratings":0,"Categories":[{"ID":3,"Name":"alat","Description":""},{"ID":6,"Name":"kesehatan","Description":""}]},{"ID":751,"Name":"Tensi Darah Elektrik","Description":"","Price":240000,"Ratings":0,"Categories":[{"ID":3,"Name":"alat","Description":""},{"ID":6,"Name":"kesehatan","Description":""}]},{"ID":752,"Name":"Tensi Darah Elektrik","Description":"","Price":240000,"Ratings":0,"Categories":[{"ID":3,"Name":"alat","Description":""},{"ID":6,"Name":"kesehatan","Description":""}]},{"ID":753,"Name":"Product Risma","Description":"","Price":89999,"Ratings":0,"Categories":[{"ID":3,"Name":"alat","Description":""},{"ID":6,"Name":"kesehatan","Description":""}]},{"ID":754,"Name":"Tensi Darah Elektrik","Description":"","Price":240000,"Ratings":0,"Categories":[{"ID":3,"Name":"alat","Description":""},{"ID":6,"Name":"kesehatan","Description":""}]},{"ID":755,"Name":"Product Risma","Description":"","Price":89999,"Ratings":0,"Categories":[{"ID":3,"Name":"alat","Description":""},{"ID":6,"Name":"kesehatan","Description":""}]},{"ID":756,"Name":"Tensi Darah Elektrik","Description":"","Price":0,"Ratings":0,"Categories":[{"ID":3,"Name":"alat","Description":""},{"ID":6,"Name":"kesehatan","Description":""}]},{"ID":757,"Name":"Tensi Darah Elektrik","Description":"","Price":240000,"Ratings":0,"Categories":[{"ID":3,"Name":"alat","Description":""},{"ID":6,"Name":"kesehatan","Description":""}]},{"ID":758,"Name":"Product Risma","Description":"","Price":89999,"Ratings":0,"Categories":[{"ID":3,"Name":"alat","Description":""},{"ID":6,"Name":"kesehatan","Description":""}]},{"ID":760,"Name":"Tensi Darah Elektrik","Description":"","Price":0,"Ratings":0,"Categories":[{"ID":3,"Name":"alat","Description":""},{"ID":6,"Name":"kesehatan","Description":""}]},{"ID":761,"Name":"Tensi Darah Elektrik","Description":"","Price":240000,"Ratings":0,"Categories":[]},{"ID":762,"Name":"Tensi Darah Elektrik","Description":"","Price":0,"Ratings":0,"Categories":[]},{"ID":763,"Name":"Tensi Darah Elektrik","Description":"","Price":240000,"Ratings":0,"Categories":[]},{"ID":764,"Name":"Api","Description":"","Price":32000,"Ratings":0,"Categories":[]},{"ID":765,"Name":"Tensi Darah Elektrik","Description":"","Price":240000,"Ratings":0,"Categories":[{"ID":3,"Name":"alat","Description":""},{"ID":6,"Name":"kesehatan","Description":""}]},{"ID":766,"Name":"Product Risma","Description":"","Price":89999,"Ratings":0,"Categories":[{"ID":3,"Name":"alat","Description":""},{"ID":6,"Name":"kesehatan","Description":""}]},{"ID":767,"Name":"Tensi Darah Elektrik","Description":"","Price":240000,"Ratings":0,"Categories":[{"ID":3,"Name":"alat","Description":""},{"ID":6,"Name":"kesehatan","Description":""}]},{"ID":768,"Name":"Tensi Darah Elektrik","Description":"","Price":240000,"Ratings":0,"Categories":[{"ID":3,"Name":"alat","Description":""},{"ID":6,"Name":"kesehatan","Description":""}]},{"ID":769,"Name":"Product Risma","Description":"","Price":89999,"Ratings":0,"Categories":[{"ID":3,"Name":"alat","Description":""},{"ID":6,"Name":"kesehatan","Description":""}]},{"ID":770,"Name":"Tensi Darah Elektrik","Description":"","Price":0,"Ratings":0,"Categories":[]},{"ID":771,"Name":"av22","Description":"","Price":240000,"Ratings":0,"Categories":[{"ID":3,"Name":"alat","Description":""},{"ID":6,"Name":"kesehatan","Description":""}]},{"ID":773,"Name":"Product Risma","Description":""
10:56:40.089 [main] DEBUG org.apache.http.wire -  << "","Price":89999,"Ratings":0,"Categories":[{"ID":3,"Name":"alat","Description":""},{"ID":"
10:56:40.089 [main] DEBUG org.apache.http.wire -  << "[\r][\n]"
10:56:40.089 [main] DEBUG org.apache.http.wire -  << "2000[\r][\n]"
10:56:40.089 [main] DEBUG org.apache.http.wire -  << "6,"Name":"kesehatan","Description":""}]},{"ID":774,"Name":" ","Description":"","Price":240000,"Ratings":0,"Categories":[{"ID":3,"Name":"alat","Description":""},{"ID":6,"Name":"kesehatan","Description":""}]},{"ID":776,"Name":"Tensi Darah Elektrik","Description":"","Price":240000,"Ratings":0,"Categories":[{"ID":3,"Name":"alat","Description":""},{"ID":6,"Name":"kesehatan","Description":""}]},{"ID":778,"Name":"Api","Description":"","Price":32000,"Ratings":0,"Categories":[]},{"ID":779,"Name":"Tensi Darah Elektrik","Description":"","Price":240000,"Ratings":0,"Categories":[{"ID":3,"Name":"alat","Description":""},{"ID":6,"Name":"kesehatan","Description":""}]},{"ID":781,"Name":"Api","Description":"","Price":32000,"Ratings":0,"Categories":[]},{"ID":782,"Name":"Api","Description":"","Price":32000,"Ratings":0,"Categories":[]},{"ID":783,"Name":"Api","Description":"","Price":32000,"Ratings":0,"Categories":[]},{"ID":784,"Name":"Api","Description":"","Price":32000,"Ratings":2,"Categories":[]},{"ID":785,"Name":"Tensi Darah Elektrik","Description":"","Price":240000,"Ratings":0,"Categories":[{"ID":3,"Name":"alat","Description":""},{"ID":6,"Name":"kesehatan","Description":""}]},{"ID":786,"Name":"Tensi Darah Elektrik","Description":"","Price":240000,"Ratings":0,"Categories":[{"ID":3,"Name":"alat","Description":""},{"ID":6,"Name":"kesehatan","Description":""}]},{"ID":787,"Name":"Tensi Darah Elektrik","Description":"","Price":240000,"Ratings":0,"Categories":[{"ID":3,"Name":"alat","Description":""},{"ID":6,"Name":"kesehatan","Description":""}]},{"ID":788,"Name":"Tensi Darah Elektrik","Description":"","Price":240000,"Ratings":0,"Categories":[{"ID":3,"Name":"alat","Description":""},{"ID":6,"Name":"kesehatan","Description":""}]},{"ID":789,"Name":"Api","Description":"","Price":32000,"Ratings":4,"Categories":[]},{"ID":790,"Name":"Api","Description":"","Price":32000,"Ratings":0,"Categories":[]},{"ID":791,"Name":"Api","Description":"","Price":32000,"Ratings":0,"Categories":[]},{"ID":792,"Name":"Api","Description":"","Price":32000,"Ratings":0,"Categories":[]},{"ID":793,"Name":"Api","Description":"","Price":32000,"Ratings":0,"Categories":[]},{"ID":794,"Name":"Api","Description":"","Price":32000,"Ratings":0,"Categories":[]},{"ID":795,"Name":"Api","Description":"","Price":32000,"Ratings":0,"Categories":[]},{"ID":796,"Name":"casing ip","Description":"","Price":100000,"Ratings":0,"Categories":[{"ID":1,"Name":"kesehatan","Description":""}]},{"ID":797,"Name":"casing ip","Description":"","Price":100000,"Ratings":0,"Categories":[{"ID":1,"Name":"kesehatan","Description":""}]},{"ID":798,"Name":"casing ip","Description":"","Price":100000,"Ratings":0,"Categories":[{"ID":2,"Name":"kesehatan","Description":""}]},{"ID":799,"Name":"casing ip","Description":"","Price":100000,"Ratings":0,"Categories":[{"ID":1,"Name":"kesehatan","Description":""}]},{"ID":800,"Name":"casing ip","Description":"","Price":100000,"Ratings":5,"Categories":[{"ID":1,"Name":"kesehatan","Description":""}]},{"ID":801,"Name":"casing ip","Description":"","Price":100000,"Ratings":0,"Categories":[{"ID":1,"Name":"kesehatan","Description":""}]},{"ID":802,"Name":"casing ip","Description":"","Price":100000,"Ratings":0,"Categories":[{"ID":1,"Name":"kesehatan","Description":""}]},{"ID":803,"Name":"casing ip","Description":"","Price":100000,"Ratings":0,"Categories":[{"ID":1,"Name":"kesehatan","Description":""}]},{"ID":804,"Name":"Computer","Description":"","Price":250000,"Ratings":0,"Categories":[{"ID":3,"Name":"alat","Description":""},{"ID":6,"Name":"kesehatan","Description":""}]},{"ID":805,"Name":"Tensi Darah Wireless","Description":"","Price":2900000,"Ratings":0,"Categories":[]},{"ID":806,"Name":"Tensi Darah Wireless","Description":"","Price":2900000,"Ratings":0,"Categories":[]},{"ID":807,"Name":"Tensi Darah Wireless","Description":"","Price":2900000,"Ratings":0,"Categories":[]},{"ID":808,"Name":"Tensi Darah Elektrik","Description":"","Price":240000,"Ratings":0,"Categories":[{"ID":3,"Name":"alat","Description":""},{"ID":6,"Name":"kesehatan","Description":""}]},{"ID":809,"Name":"Tensi Darah Elektrik","Description":"","Price":240000,"Ratings":0,"Categories":[{"ID":3,"Name":"alat","Description":""},{"ID":6,"Name":"kesehatan","Description":""}]},{"ID":810,"Name":"Handphone","Description":"","Price":12000,"Ratings":0,"Categories":[{"ID":3,"Name":"alat","Description":""},{"ID":10,"Name":"kesehatan","Description":""}]},{"ID":811,"Name":"Tensi Darah Elektrik","Description":"","Price":240000,"Ratings":0,"Categories":[{"ID":3,"Name":"alat","Description":""},{"ID":6,"Name":"kesehatan","Description":""}]},{"ID":812,"Name":"Handphone","Description":"","Price":12000,"Ratings":0,"Categories":[{"ID":3,"Name":"alat","Description":""},{"ID":10,"Name":"kesehatan","Description":""}]},{"ID":813,"Name":"Tensi Darah Elektrik","Description":"","Price":240000,"Ratings":0,"Categories":[{"ID":3,"Name":"alat","Description":""},{"ID":6,"Name":"kesehatan","Description":""}]},{"ID":814,"Name":"Tensi Darah Elektrik","Description":"","Price":240000,"Ratings":0,"Categories":[{"ID":3,"Name":"alat","Description":""},{"ID":6,"Name":"kesehatan","Description":""}]},{"ID":815,"Name":"Tensi Darah Elektrik","Description":"","Price":240000,"Ratings":0,"Categories":[{"ID":3,"Name":"alat","Description":""},{"ID":6,"Name":"kesehatan","Description":""}]},{"ID":816,"Name":"Tensi Darah Elektrik","Description":"","Price":240000,"Ratings":0,"Categories":[{"ID":3,"Name":"alat","Description":""},{"ID":6,"Name":"kesehatan","Description":""}]},{"ID":817,"Name":"Tensi Darah Elektrik","Description":"","Price":240000,"Ratings":0,"Categories":[{"ID":3,"Name":"alat","Description":""},{"ID":6,"Name":"kesehatan","Description":""}]},{"ID":818,"Name":"Tensi Darah Elektrik","Description":"","Price":240000,"Ratings":0,"Categories":[{"ID":3,"Name":"alat","Description":""},{"ID":6,"Name":"kesehatan","Description":""}]},{"ID":819,"Name":"Tensi Darah Elektrik","Description":"","Price":240000,"Ratings":0,"Categories":[{"ID":3,"Name":"alat","Description":""},{"ID":6,"Name":"kesehatan","Description":""}]},{"ID":820,"Name":"Tensi Darah Elektrik","Description":"","Price":240000,"Ratings":0,"Categories":[{"ID":3,"Name":"alat","Description":""},{"ID":6,"Name":"kesehatan","Description":""}]},{"ID":821,"Name":"Tensi Darah Elektrik","Description":"","Price":240000,"Ratings":0,"Categories":[{"ID":3,"Name":"alat","Description":""},{"ID":6,"Name":"kesehatan","Description":""}]},{"ID":822,"Name":"Tensi Darah Elektrik","Description":"","Price":240000,"Ratings":0,"Categories":[{"ID":3,"Name":"alat","Description":""},{"ID":6,"Name":"kesehatan","Description":""}]},{"ID":823,"Name":"Product Risma","Description":"","Price":89999,"Ratings":0,"Categories":[{"ID":3,"Name":"alat","Description":""},{"ID":6,"Name":"kesehatan","Description":""}]},{"ID":824,"Name":"Product Risma","Description":"","Price":89999,"Ratings":0,"Categories":[{"ID":3,"Name":"alat","Description":""},{"ID":6,"Name":"kesehatan","Description":""}]},{"ID":825,"Name":"Mousepad","Description":"","Price":10000,"Ratings":0,"Categories":[{"ID":3,"Name":"alat","Description":""},{"ID":6,"Name":"kesehatan","Description":""}]},{"ID":826,"Name":"Mousepad","Description":"","Price":10000,"Ratings":0,"Categories":[{"ID":3,"Name":"alat","Description":""},{"ID":6,"Name":"kesehatan","Description":""}]},{"ID":827,"Name":"Mousepad","Description":"","Price":10000,"Ratings":0,"Categories":[{"ID":3,"Name":"alat","Description":""},{"ID":6,"Name":"kesehatan","Description":""}]},{"ID":828,"Name":"Handphone","Description":"","Price":12000,"Ratings":0,"Categories":[{"ID":3,"Name":"alat","Description":""},{"ID":10,"Name":"kesehatan","Description":""}]},{"ID":829,"Name":"produk cindi","Description":"","Price":240000,"Ratings":0,"Categories":[{"ID":3,"Name":"alat","Description":""},{"ID":6,"Name":"kesehatan","Description":""}]},{"ID":830,"Name":"produk cindi","Description":"","Price":240000,"Ratings":0,"Categories":[{"ID":3,"Name":"alat","Description":""},{"ID":6,"Name":"kesehatan","Description":""}]},{"ID":831,"Name":"produk cindi","Description":"","Price":240000,"Ratings":0,"Cate"
10:56:40.089 [main] DEBUG org.apache.http.wire -  << "gories":[{"ID":3,"Name":"alat","Description":""},{"ID":6,"Name":"kesehatan","Description":""}]},"
10:56:40.089 [main] DEBUG org.apache.http.wire -  << "[\r][\n]"
10:56:40.089 [main] DEBUG org.apache.http.wire -  << "2000[\r][\n]"
10:56:40.089 [main] DEBUG org.apache.http.wire -  << "{"ID":832,"Name":" ","Description":"","Price":240000,"Ratings":0,"Categories":[{"ID":3,"Name":"alat","Description":""},{"ID":6,"Name":"kesehatan","Description":""}]},{"ID":833,"Name":"produk cindi","Description":"","Price":240000,"Ratings":0,"Categories":[{"ID":3,"Name":"alat","Description":""},{"ID":6,"Name":"kesehatan","Description":""}]},{"ID":834,"Name":"Handphone","Description":"","Price":12000,"Ratings":0,"Categories":[{"ID":3,"Name":"alat","Description":""},{"ID":10,"Name":"kesehatan","Description":""}]},{"ID":835,"Name":"produk cindi","Description":"","Price":240000,"Ratings":0,"Categories":[{"ID":3,"Name":"alat","Description":""},{"ID":6,"Name":"kesehatan","Description":""}]},{"ID":836,"Name":"produk cindi","Description":"","Price":240000,"Ratings":0,"Categories":[{"ID":3,"Name":"alat","Description":""},{"ID":6,"Name":"kesehatan","Description":""}]},{"ID":837,"Name":"produk cindi","Description":"","Price":240000,"Ratings":0,"Categories":[{"ID":3,"Name":"alat","Description":""},{"ID":6,"Name":"kesehatan","Description":""}]},{"ID":838,"Name":"produk cindi","Description":"","Price":240000,"Ratings":0,"Categories":[{"ID":3,"Name":"alat","Description":""},{"ID":6,"Name":"kesehatan","Description":""}]},{"ID":839,"Name":"produk cindi","Description":"","Price":240000,"Ratings":0,"Categories":[{"ID":3,"Name":"alat","Description":""},{"ID":6,"Name":"kesehatan","Description":""}]},{"ID":840,"Name":"Durian Jatuh","Description":"","Price":290000,"Ratings":0,"Categories":[{"ID":3,"Name":"alat","Description":""},{"ID":6,"Name":"kesehatan","Description":""}]},{"ID":841,"Name":"Handphone","Description":"","Price":12000,"Ratings":0,"Categories":[{"ID":3,"Name":"alat","Description":""},{"ID":10,"Name":"kesehatan","Description":""}]},{"ID":842,"Name":"produk cindi","Description":"","Price":240000,"Ratings":0,"Categories":[{"ID":3,"Name":"alat","Description":""},{"ID":6,"Name":"kesehatan","Description":""}]},{"ID":843,"Name":"Handphone","Description":"","Price":12000,"Ratings":0,"Categories":[{"ID":3,"Name":"alat","Description":""},{"ID":10,"Name":"kesehatan","Description":""}]},{"ID":844,"Name":"produk cindi","Description":"","Price":240000,"Ratings":0,"Categories":[{"ID":3,"Name":"alat","Description":""},{"ID":6,"Name":"kesehatan","Description":""}]},{"ID":845,"Name":"Product Risma","Description":"","Price":89999,"Ratings":0,"Categories":[{"ID":3,"Name":"alat","Description":""},{"ID":6,"Name":"kesehatan","Description":""}]},{"ID":846,"Name":" ","Description":"","Price":240000,"Ratings":0,"Categories":[{"ID":3,"Name":"alat","Description":""},{"ID":6,"Name":"kesehatan","Description":""}]},{"ID":847,"Name":" ","Description":"","Price":220000,"Ratings":0,"Categories":[{"ID":3,"Name":"alat","Description":""},{"ID":6,"Name":"kesehatan","Description":""}]},{"ID":848,"Name":" ","Description":"","Price":220000,"Ratings":0,"Categories":[{"ID":3,"Name":"alat","Description":""},{"ID":6,"Name":"kesehatan","Description":""}]},{"ID":849,"Name":"produk cindi","Description":"","Price":240000,"Ratings":0,"Categories":[{"ID":3,"Name":"alat","Description":""},{"ID":6,"Name":"kesehatan","Description":""}]},{"ID":850,"Name":"Product Risma","Description":"","Price":89999,"Ratings":0,"Categories":[{"ID":3,"Name":"alat","Description":""},{"ID":6,"Name":"kesehatan","Description":""}]},{"ID":851,"Name":"Product Risma","Description":"","Price":89999,"Ratings":0,"Categories":[{"ID":3,"Name":"alat","Description":""},{"ID":6,"Name":"kesehatan","Description":""}]},{"ID":852,"Name":"Product Risma","Description":"","Price":89999,"Ratings":0,"Categories":[{"ID":3,"Name":"alat","Description":""},{"ID":6,"Name":"kesehatan","Description":""}]},{"ID":853,"Name":"Product Risma","Description":"","Price":89999,"Ratings":3,"Categories":[{"ID":3,"Name":"alat","Description":""},{"ID":6,"Name":"kesehatan","Description":""}]},{"ID":854,"Name":"Tensi Darah Elektrik","Description":"","Price":240000,"Ratings":0,"Categories":[{"ID":3,"Name":"alat","Description":""},{"ID":6,"Name":"kesehatan","Description":""}]},{"ID":855,"Name":"Tensi Darah Elektrik","Description":"","Price":240000,"Ratings":0,"Categories":[{"ID":3,"Name":"alat","Description":""},{"ID":6,"Name":"kesehatan","Description":""}]},{"ID":856,"Name":"Tensi Darah Elektrik","Description":"","Price":240000,"Ratings":0,"Categories":[{"ID":3,"Name":"alat","Description":""},{"ID":6,"Name":"kesehatan","Description":""}]},{"ID":857,"Name":"Tensi Darah Elektrik","Description":"","Price":240000,"Ratings":0,"Categories":[{"ID":3,"Name":"alat","Description":""},{"ID":6,"Name":"kesehatan","Description":""}]},{"ID":858,"Name":"Tensi Darah Elektrik","Description":"","Price":240000,"Ratings":0,"Categories":[{"ID":3,"Name":"alat","Description":""},{"ID":6,"Name":"kesehatan","Description":""}]},{"ID":859,"Name":"Tensi Darah Elektrik","Description":"","Price":240000,"Ratings":0,"Categories":[{"ID":3,"Name":"alat","Description":""},{"ID":6,"Name":"kesehatan","Description":""}]},{"ID":860,"Name":"Tensi Darah Elektrik","Description":"","Price":240000,"Ratings":0,"Categories":[{"ID":3,"Name":"alat","Description":""},{"ID":6,"Name":"kesehatan","Description":""}]},{"ID":861,"Name":"Tensi Darah Elektrik","Description":"","Price":240000,"Ratings":0,"Categories":[{"ID":3,"Name":"alat","Description":""},{"ID":6,"Name":"kesehatan","Description":""}]},{"ID":862,"Name":"Tensi Darah Elektrik","Description":"","Price":240000,"Ratings":0,"Categories":[{"ID":3,"Name":"alat","Description":""},{"ID":6,"Name":"kesehatan","Description":""}]},{"ID":863,"Name":"Tensi Darah Elektrik","Description":"","Price":240000,"Ratings":0,"Categories":[{"ID":3,"Name":"alat","Description":""},{"ID":6,"Name":"kesehatan","Description":""}]},{"ID":864,"Name":"Durian Jatuh","Description":"","Price":290000,"Ratings":0,"Categories":[{"ID":3,"Name":"alat","Description":""},{"ID":6,"Name":"kesehatan","Description":""}]},{"ID":865,"Name":"Tensi Darah Elektrik","Description":"","Price":240000,"Ratings":0,"Categories":[{"ID":3,"Name":"alat","Description":""},{"ID":6,"Name":"kesehatan","Description":""}]},{"ID":866,"Name":"Tensi Darah Elektrik","Description":"","Price":240000,"Ratings":0,"Categories":[{"ID":3,"Name":"alat","Description":""},{"ID":6,"Name":"kesehatan","Description":""}]},{"ID":867,"Name":"Cincin Emas","Description":"","Price":1000000000,"Ratings":0,"Categories":[{"ID":99,"Name":"Aksesoris","Description":""}]},{"ID":868,"Name":"Tensi Darah Elektrik","Description":"","Price":240000,"Ratings":1,"Categories":[{"ID":3,"Name":"alat","Description":""},{"ID":6,"Name":"kesehatan","Description":""}]},{"ID":869,"Name":"Tensi Darah Elektrik","Description":"","Price":240000,"Ratings":0,"Categories":[{"ID":3,"Name":"alat","Description":""},{"ID":6,"Name":"kesehatan","Description":""}]},{"ID":870,"Name":" ","Description":"","Price":220000,"Ratings":0,"Categories":[{"ID":3,"Name":"alat","Description":""},{"ID":6,"Name":"kesehatan","Description":""}]},{"ID":871,"Name":"Tensi Darah Elektrik","Description":"","Price":240000,"Ratings":0,"Categories":[{"ID":3,"Name":"alat","Description":""},{"ID":6,"Name":"kesehatan","Description":""}]},{"ID":872,"Name":" ","Description":"","Price":220000,"Ratings":0,"Categories":[{"ID":3,"Name":"alat","Description":""},{"ID":6,"Name":"kesehatan","Description":""}]},{"ID":873,"Name":"Tensi Darah Elektrik","Description":"","Price":240000,"Ratings":0,"Categories":[{"ID":3,"Name":"alat","Description":""},{"ID":6,"Name":"kesehatan","Description":""}]},{"ID":874,"Name":"Handphone","Description":"","Price":12000,"Ratings":0,"Categories":[{"ID":3,"Name":"alat","Description":""},{"ID":10,"Name":"kesehatan","Description":""}]},{"ID":875,"Name":"produk cindi","Description":"","Price":240000,"Ratings":0,"Categories":[{"ID":3,"Name":"alat","Description":""},{"ID":6,"Name":"kesehatan","Description":""}]},{"ID":876,"Name":"Tensi Darah Elektrik","Description":"","Price":240000,"Ratings":0,"Categories":[{"ID":3,"Name":"alat","Description":""},{"ID":6,"Name":"kesehatan","Description":""}]},{"ID":877,"Name":"Tensi Darah Elektrik","Description":"","Price":240000,"Ratings":0,"Categories":[{"I"
10:56:40.127 [main] DEBUG org.apache.http.wire -  << "D":3,"Name":"alat","Description":""},{"ID":6,"Name":"kesehatan","Description":""}]},{"ID":878,"Name":"Te"
10:56:40.127 [main] DEBUG org.apache.http.wire -  << "[\r][\n]"
10:56:40.127 [main] DEBUG org.apache.http.wire -  << "1000[\r][\n]"
10:56:40.127 [main] DEBUG org.apache.http.wire -  << "nsi Darah Elektrik","Description":"","Price":240000,"Ratings":0,"Categories":[{"ID":3,"Name":"alat","Description":""},{"ID":6,"Name":"kesehatan","Description":""}]},{"ID":879,"Name":"Tensi Darah Elektrik","Description":"","Price":240000,"Ratings":0,"Categories":[{"ID":3,"Name":"alat","Description":""},{"ID":6,"Name":"kesehatan","Description":""}]},{"ID":880,"Name":"Tensi Darah Elektrik","Description":"","Price":240000,"Ratings":0,"Categories":[{"ID":3,"Name":"alat","Description":""},{"ID":6,"Name":"kesehatan","Description":""}]},{"ID":881,"Name":"produk cindi","Description":"","Price":240000,"Ratings":0,"Categories":[{"ID":3,"Name":"alat","Description":""},{"ID":6,"Name":"kesehatan","Description":""}]},{"ID":882,"Name":"produk cindi","Description":"","Price":240000,"Ratings":0,"Categories":[{"ID":3,"Name":"alat","Description":""},{"ID":6,"Name":"kesehatan","Description":""}]},{"ID":883,"Name":"Handphone","Description":"","Price":12000,"Ratings":0,"Categories":[{"ID":3,"Name":"alat","Description":""},{"ID":10,"Name":"kesehatan","Description":""}]},{"ID":884,"Name":"produk cindi","Description":"","Price":240000,"Ratings":0,"Categories":[{"ID":3,"Name":"alat","Description":""},{"ID":6,"Name":"kesehatan","Description":""}]},{"ID":885,"Name":"Handphone","Description":"","Price":12000,"Ratings":0,"Categories":[{"ID":3,"Name":"alat","Description":""},{"ID":10,"Name":"kesehatan","Description":""}]},{"ID":886,"Name":"Barbel","Description":"","Price":400000,"Ratings":0,"Categories":[{"ID":3,"Name":"alat","Description":""},{"ID":4,"Name":"alat","Description":"sangat bagus"}]},{"ID":887,"Name":" ","Description":"","Price":220000,"Ratings":0,"Categories":[{"ID":3,"Name":"alat","Description":""},{"ID":6,"Name":"kesehatan","Description":""}]},{"ID":888,"Name":" ","Description":"","Price":220000,"Ratings":2,"Categories":[{"ID":3,"Name":"alat","Description":""},{"ID":6,"Name":"kesehatan","Description":""}]},{"ID":889,"Name":"produk cindi","Description":"","Price":240000,"Ratings":0,"Categories":[{"ID":3,"Name":"alat","Description":""},{"ID":6,"Name":"kesehatan","Description":""}]},{"ID":890,"Name":"Barbel","Description":"","Price":400000,"Ratings":3,"Categories":[{"ID":3,"Name":"alat","Description":""},{"ID":4,"Name":"alat","Description":"sangat bagus"}]},{"ID":891,"Name":"produk cindi","Description":"","Price":240000,"Ratings":0,"Categories":[{"ID":3,"Name":"alat","Description":""},{"ID":6,"Name":"kesehatan","Description":""}]},{"ID":892,"Name":"Tensi Darah Elektrik","Description":"","Price":240000,"Ratings":2,"Categories":[{"ID":3,"Name":"alat","Description":""},{"ID":6,"Name":"kesehatan","Description":""}]},{"ID":893,"Name":"Tensi Darah Elektrik","Description":"","Price":240000,"Ratings":2,"Categories":[{"ID":3,"Name":"alat","Description":""},{"ID":6,"Name":"kesehatan","Description":""}]},{"ID":894,"Name":"Tensi Darah Elektrik","Description":"","Price":240000,"Ratings":0,"Categories":[{"ID":3,"Name":"alat","Description":""},{"ID":6,"Name":"kesehatan","Description":""}]},{"ID":895,"Name":"Tensi Darah Elektrik","Description":"","Price":240000,"Ratings":0,"Categories":[{"ID":3,"Name":"alat","Description":""},{"ID":6,"Name":"kesehatan","Description":""}]},{"ID":896,"Name":"Tensi Darah Elektrik","Description":"","Price":240000,"Ratings":0,"Categories":[{"ID":3,"Name":"alat","Description":""},{"ID":6,"Name":"kesehatan","Description":""}]},{"ID":897,"Name":"Tensi Darah Elektrik","Description":"","Price":240000,"Ratings":0,"Categories":[{"ID":3,"Name":"alat","Description":""},{"ID":6,"Name":"kesehatan","Description":""}]},{"ID":898,"Name":"Tensi Darah Elektrik","Description":"","Price":220000,"Ratings":0,"Categories":[{"ID":3,"Name":"alat","Description":""},{"ID":6,"Name":"kesehatan","Description":""}]},{"ID":899,"Name":"Tensi Darah Elektrik","Description":"","Price":220000,"Ratings":0,"Categories":[{"ID":3,"Name":"alat","Description":""},{"ID":6,"Name":"kesehatan","Description":""}]},{"ID":900,"Name":"Tensi Darah Elektrik","Description":"","Price":240000,"Ratings":0,"Categories":[{"ID":3,"Name":"alat","Description":""},{"ID":6,"Name":"keseha"
10:56:40.127 [main] DEBUG org.apache.http.wire -  << "[\r][\n]"
10:56:40.127 [main] DEBUG org.apache.http.wire -  << "2000[\r][\n]"
10:56:40.127 [main] DEBUG org.apache.http.wire -  << "tan","Description":""}]},{"ID":901,"Name":"Product Risma","Description":"","Price":89999,"Ratings":0,"Categories":[{"ID":3,"Name":"alat","Description":""},{"ID":6,"Name":"kesehatan","Description":""}]},{"ID":902,"Name":"Tensi Darah Elektrik","Description":"","Price":220000,"Ratings":0,"Categories":[{"ID":3,"Name":"alat","Description":""},{"ID":6,"Name":"kesehatan","Description":""}]},{"ID":903,"Name":"Tensi Darah Elektrik","Description":"","Price":240000,"Ratings":0,"Categories":[{"ID":3,"Name":"alat","Description":""},{"ID":6,"Name":"kesehatan","Description":""}]},{"ID":904,"Name":"Handphone","Description":"","Price":12000,"Ratings":0,"Categories":[{"ID":3,"Name":"alat","Description":""},{"ID":10,"Name":"kesehatan","Description":""}]},{"ID":905,"Name":"Product Risma","Description":"","Price":89999,"Ratings":0,"Categories":[{"ID":3,"Name":"alat","Description":""},{"ID":6,"Name":"kesehatan","Description":""}]},{"ID":906,"Name":"Handphone","Description":"","Price":12000,"Ratings":0,"Categories":[{"ID":3,"Name":"alat","Description":""},{"ID":10,"Name":"kesehatan","Description":""}]},{"ID":907,"Name":"Product Risma","Description":"","Price":89999,"Ratings":0,"Categories":[{"ID":3,"Name":"alat","Description":""},{"ID":6,"Name":"kesehatan","Description":""}]},{"ID":908,"Name":"Oksimeter","Description":"","Price":6000,"Ratings":0,"Categories":[{"ID":3,"Name":"alat","Description":""},{"ID":6,"Name":"kesehatan","Description":""}]},{"ID":909,"Name":"Handphone","Description":"","Price":12000,"Ratings":0,"Categories":[{"ID":3,"Name":"alat","Description":""},{"ID":10,"Name":"kesehatan","Description":""}]},{"ID":910,"Name":"kesehatan","Description":"","Price":30000,"Ratings":0,"Categories":[{"ID":11,"Name":"kesehatan","Description":""},{"ID":142,"Name":"kesehatan","Description":""},{"ID":213,"Name":"Teleskop","Description":""}]},{"ID":911,"Name":"Handphone","Description":"","Price":12000,"Ratings":0,"Categories":[{"ID":3,"Name":"alat","Description":""},{"ID":10,"Name":"kesehatan","Description":""}]},{"ID":912,"Name":"Handphone","Description":"","Price":12000,"Ratings":0,"Categories":[{"ID":3,"Name":"alat","Description":""},{"ID":10,"Name":"kesehatan","Description":""}]},{"ID":913,"Name":"produk cindi","Description":"","Price":240000,"Ratings":0,"Categories":[{"ID":3,"Name":"alat","Description":""},{"ID":6,"Name":"kesehatan","Description":""}]},{"ID":914,"Name":"Tensi Darah Elektrik","Description":"","Price":240000,"Ratings":0,"Categories":[{"ID":3,"Name":"alat","Description":""},{"ID":6,"Name":"kesehatan","Description":""}]},{"ID":915,"Name":"produk cindi","Description":"","Price":240000,"Ratings":0,"Categories":[{"ID":3,"Name":"alat","Description":""},{"ID":6,"Name":"kesehatan","Description":""}]},{"ID":916,"Name":"Barbel","Description":"","Price":400000,"Ratings":0,"Categories":[{"ID":3,"Name":"alat","Description":""},{"ID":4,"Name":"alat","Description":"sangat bagus"}]},{"ID":917,"Name":"Barbel","Description":"","Price":400000,"Ratings":0,"Categories":[{"ID":3,"Name":"alat","Description":""},{"ID":4,"Name":"alat","Description":"sangat bagus"}]},{"ID":918,"Name":"Barbel","Description":"","Price":400000,"Ratings":0,"Categories":[{"ID":3,"Name":"alat","Description":""},{"ID":4,"Name":"alat","Description":"sangat bagus"},{"ID":1029,"Name":"Barang Berat","Description":"berat barang"}]},{"ID":919,"Name":"produk cindi","Description":"","Price":240000,"Ratings":0,"Categories":[{"ID":3,"Name":"alat","Description":""},{"ID":6,"Name":"kesehatan","Description":""}]},{"ID":920,"Name":"Barbel","Description":"","Price":400000,"Ratings":0,"Categories":[{"ID":3,"Name":"alat","Description":""},{"ID":4,"Name":"alat","Description":"sangat bagus"},{"ID":1029,"Name":"Barang Berat","Description":"berat barang"}]},{"ID":921,"Name":"Barbel","Description":"","Price":400000,"Ratings":0,"Categories":[{"ID":3,"Name":"alat","Description":""},{"ID":4,"Name":"alat","Description":"sangat bagus"},{"ID":1029,"Name":"Barang Berat","Description":"ber"
10:56:40.127 [main] DEBUG org.apache.http.wire -  << "at barang"}]},{"ID":922,"Name":"Pelampung","Description":"","Price":5000,"Ratings":0,"Categories":[{"ID":3,"Name":"alat","Description":""},{"ID":6,"Name":"kesehatan","Description":""}]},{"ID":930,"Name":"Tensi Darah Elektrik","Description":"","Price":240000,"Ratings":0,"Categories":[{"ID":3,"Name":"alat","Description":""},{"ID":6,"Name":"kesehatan","Description":""}]},{"ID":932,"Name":"Tensi Darah Elektrik","Description":"","Price":240000,"Ratings":0,"Categories":[{"ID":3,"Name":"alat","Description":""},{"ID":6,"Name":"kesehatan","Description":""}]},{"ID":934,"Name":"Tensi Darah Elektrik","Description":"","Price":240000,"Ratings":0,"Categories":[{"ID":3,"Name":"alat","Description":""},{"ID":6,"Name":"kesehatan","Description":""}]},{"ID":935,"Name":"Tensi Darah Elektrik","Description":"","Price":240000,"Ratings":0,"Categories":[{"ID":3,"Name":"alat","Description":""},{"ID":6,"Name":"kesehatan","Description":""}]},{"ID":936,"Name":"Tensi Darah Elektrik","Description":"","Price":240000,"Ratings":0,"Categories":[{"ID":3,"Name":"alat","Description":""},{"ID":6,"Name":"kesehatan","Description":""}]},{"ID":937,"Name":"Tensi Darah Elektrik","Description":"","Price":240000,"Ratings":0,"Categories":[{"ID":3,"Name":"alat","Description":""},{"ID":6,"Name":"kesehatan","Description":""}]},{"ID":938,"Name":"Tensi Darah Elektrik","Description":"","Price":240000,"Ratings":0,"Categories":[{"ID":3,"Name":"alat","Description":""},{"ID":6,"Name":"kesehatan","Description":""}]},{"ID":939,"Name":"Tensi Darah Elektrik","Description":"","Price":240000,"Ratings":0,"Categories":[{"ID":3,"Name":"alat","Description":""},{"ID":6,"Name":"kesehatan","Description":""}]},{"ID":940,"Name":"Oksimeter","Description":"","Price":6000,"Ratings":0,"Categories":[{"ID":3,"Name":"alat","Description":""},{"ID":6,"Name":"kesehatan","Description":""}]},{"ID":941,"Name":"Barbel","Description":"","Price":400000,"Ratings":0,"Categories":[{"ID":3,"Name":"alat","Description":""},{"ID":4,"Name":"alat","Description":"sangat bagus"},{"ID":1029,"Name":"Barang Berat","Description":"berat barang"}]},{"ID":942,"Name":"produk cindi","Description":"","Price":240000,"Ratings":0,"Categories":[{"ID":3,"Name":"alat","Description":""},{"ID":6,"Name":"kesehatan","Description":""}]},{"ID":943,"Name":"Handphone","Description":"","Price":12000,"Ratings":0,"Categories":[{"ID":3,"Name":"alat","Description":""},{"ID":10,"Name":"kesehatan","Description":""}]},{"ID":946,"Name":"Tensi Darah Elektrik","Description":"","Price":220000,"Ratings":0,"Categories":[{"ID":3,"Name":"alat","Description":""},{"ID":6,"Name":"kesehatan","Description":""}]},{"ID":947,"Name":"Tensi Darah Elektrik","Description":"","Price":240000,"Ratings":0,"Categories":[{"ID":3,"Name":"alat","Description":""},{"ID":6,"Name":"kesehatan","Description":""}]},{"ID":948,"Name":"Handphone","Description":"","Price":12000,"Ratings":0,"Categories":[{"ID":3,"Name":"alat","Description":""},{"ID":10,"Name":"kesehatan","Description":""}]},{"ID":949,"Name":"Tensi Darah Elektrik","Description":"","Price":240000,"Ratings":0,"Categories":[{"ID":3,"Name":"alat","Description":""},{"ID":6,"Name":"kesehatan","Description":""}]},{"ID":950,"Name":"Tensi Darah Elektrik","Description":"","Price":240000,"Ratings":0,"Categories":[{"ID":3,"Name":"alat","Description":""},{"ID":6,"Name":"kesehatan","Description":""}]},{"ID":951,"Name":"Tensi Darah Elektrik","Description":"","Price":240000,"Ratings":0,"Categories":[{"ID":3,"Name":"alat","Description":""},{"ID":6,"Name":"kesehatan","Description":""}]},{"ID":952,"Name":"Tensi Darah Elektrik","Description":"","Price":240000,"Ratings":0,"Categories":[{"ID":3,"Name":"alat","Description":""},{"ID":6,"Name":"kesehatan","Description":""}]},{"ID":953,"Name":"Tensi Darah Elektrik","Description":"","Price":240000,"Ratings":0,"Categories":[{"ID":3,"Name":"alat","Description":""},{"ID":6,"Name":"kesehatan","Description":""}]},{"ID":954,"Name":"Handphone","Description":"","Price":12000,"Ratings":0,"Categories":[{"ID":3,"Name":"alat","Description":""},{"ID":10,"Name":"kesehatan","Description":""}]},{"ID":955,"Name":"Tensi Darah Elektrik","Description":"","Price":240000,"Ratings":0,"Categories":[{"ID":3,"Name":"alat","Description":""},{"ID""
10:56:40.127 [main] DEBUG org.apache.http.wire -  << "[\r][\n]"
10:56:40.127 [main] DEBUG org.apache.http.wire -  << "1000[\r][\n]"
10:56:40.127 [main] DEBUG org.apache.http.wire -  << ":6,"Name":"kesehatan","Description":""}]},{"ID":956,"Name":"Tensi Darah Elektrik","Description":"","Price":1000,"Ratings":0,"Categories":[]},{"ID":957,"Name":"Tensi Darah Elektrik","Description":"","Price":1000,"Ratings":0,"Categories":[]},{"ID":958,"Name":"Tensi Darah Elektrik","Description":"","Price":1000,"Ratings":0,"Categories":[]},{"ID":959,"Name":"produk cindi","Description":"","Price":240000,"Ratings":0,"Categories":[{"ID":3,"Name":"alat","Description":""},{"ID":6,"Name":"kesehatan","Description":""}]},{"ID":960,"Name":"Tensi Darah Elektrik","Description":"","Price":1000,"Ratings":0,"Categories":[]},{"ID":961,"Name":"Tensi Darah Elektrik","Description":"","Price":240000,"Ratings":0,"Categories":[{"ID":3,"Name":"alat","Description":""},{"ID":6,"Name":"kesehatan","Description":""}]},{"ID":962,"Name":"casing ip","Description":"","Price":100000,"Ratings":0,"Categories":[{"ID":1,"Name":"kesehatan","Description":""}]},{"ID":963,"Name":"casing ip","Description":"","Price":100000,"Ratings":0,"Categories":[{"ID":1,"Name":"kesehatan","Description":""}]},{"ID":964,"Name":"casing ip","Description":"","Price":100000,"Ratings":0,"Categories":[{"ID":1,"Name":"kesehatan","Description":""}]},{"ID":965,"Name":"casing ip","Description":"","Price":100000,"Ratings":0,"Categories":[{"ID":1,"Name":"kesehatan","Description":""}]},{"ID":966,"Name":"casing ip","Description":"","Price":100000,"Ratings":0,"Categories":[{"ID":1,"Name":"kesehatan","Description":""}]},{"ID":967,"Name":"casing ip","Description":"","Price":100000,"Ratings":0,"Categories":[{"ID":1,"Name":"kesehatan","Description":""}]},{"ID":968,"Name":"casing ip","Description":"","Price":100000,"Ratings":3,"Categories":[{"ID":1,"Name":"kesehatan","Description":""}]},{"ID":969,"Name":"casing ip","Description":"","Price":100000,"Ratings":0,"Categories":[{"ID":1,"Name":"kesehatan","Description":""}]},{"ID":970,"Name":"casing ip","Description":"","Price":100000,"Ratings":0,"Categories":[{"ID":1,"Name":"kesehatan","Description":""}]},{"ID":971,"Name":"casing ip","Description":"","Price":100000,"Ratings":5,"Categories":[{"ID":1,"Name":"kesehatan","Description":""}]},{"ID":972,"Name":"Tensi Darah Elektrik","Description":"","Price":1000,"Ratings":0,"Categories":[]},{"ID":974,"Name":"barang","Description":"","Price":2000,"Ratings":0,"Categories":[{"ID":3,"Name":"alat","Description":""},{"ID":6,"Name":"kesehatan","Description":""}]},{"ID":975,"Name":"barang","Description":"","Price":0,"Ratings":0,"Categories":[]},{"ID":976,"Name":"barang","Description":"","Price":2000,"Ratings":0,"Categories":[]},{"ID":977,"Name":"barang","Description":"","Price":0,"Ratings":0,"Categories":[{"ID":3,"Name":"alat","Description":""},{"ID":6,"Name":"kesehatan","Description":""}]},{"ID":978,"Name":"Tensi Darah Elektrik","Description":"","Price":1000,"Ratings":0,"Categories":[]},{"ID":980,"Name":"Handphone","Description":"","Price":12000,"Ratings":0,"Categories":[{"ID":3,"Name":"alat","Description":""},{"ID":10,"Name":"kesehatan","Description":""}]},{"ID":981,"Name":"Tensi Darah Elektrik","Description":"","Price":240000,"Ratings":0,"Categories":[{"ID":3,"Name":"alat","Description":""},{"ID":6,"Name":"kesehatan","Description":""}]},{"ID":983,"Name":"Tensi Darah Elektrik","Description":"","Price":1000,"Ratings":0,"Categories":[]},{"ID":984,"Name":"kesehatan","Description":"","Price":30000,"Ratings":0,"Categories":[{"ID":11,"Name":"kesehatan","Description":""},{"ID":142,"Name":"kesehatan","Description":""},{"ID":213,"Name":"Teleskop","Description":""}]},{"ID":985,"Name":"kesehatan","Description":"","Price":30000,"Ratings":0,"Categories":[{"ID":11,"Name":"kesehatan","Description":""},{"ID":142,"Name":"kesehatan","Description":""},{"ID":213,"Name":"Teleskop","Description":""}]},{"ID":986,"Name":"kesehatan","Description":"","Price":30000,"Ratings":0,"Categories":[{"ID":11,"Name":"kesehatan","Description":""},{"ID":142,"Name":"kesehatan","Description":""},{"ID":213,"Name":"Teleskop","Descript"
10:56:40.128 [main] DEBUG org.apache.http.wire -  << "ion":""}]},{"ID":987,"Name":"Tensi Darah Elektrik","Description":"","Price":1000,"Ratings":0,"Categories":[{"ID":3,"Name":"alat""
10:56:40.128 [main] DEBUG org.apache.http.wire -  << "[\r][\n]"
10:56:40.128 [main] DEBUG org.apache.http.wire -  << "8000[\r][\n]"
10:56:40.128 [main] DEBUG org.apache.http.wire -  << ","Description":""},{"ID":6,"Name":"kesehatan","Description":""}]},{"ID":989,"Name":"barang","Description":"","Price":2000,"Ratings":0,"Categories":[{"ID":3,"Name":"alat","Description":""},{"ID":6,"Name":"kesehatan","Description":""}]},{"ID":996,"Name":"barang","Description":"","Price":0,"Ratings":0,"Categories":[]},{"ID":997,"Name":"barang","Description":"","Price":0,"Ratings":0,"Categories":[{"ID":3,"Name":"alat","Description":""},{"ID":6,"Name":"kesehatan","Description":""}]},{"ID":1002,"Name":"Product Risma","Description":"","Price":89999,"Ratings":0,"Categories":[{"ID":3,"Name":"alat","Description":""},{"ID":6,"Name":"kesehatan","Description":""}]},{"ID":1003,"Name":"Product Risma","Description":"","Price":89999,"Ratings":0,"Categories":[{"ID":3,"Name":"alat","Description":""},{"ID":6,"Name":"kesehatan","Description":""}]},{"ID":1471,"Name":"Tensi Darah Elektrik","Description":"","Price":240000,"Ratings":0,"Categories":[{"ID":3,"Name":"alat","Description":""},{"ID":6,"Name":"kesehatan","Description":""}]},{"ID":1475,"Name":"Tensi Darah Elektrik","Description":"","Price":240000,"Ratings":0,"Categories":[{"ID":3,"Name":"alat","Description":""},{"ID":6,"Name":"kesehatan","Description":""}]},{"ID":1484,"Name":"Product Risma","Description":"","Price":89999,"Ratings":0,"Categories":[{"ID":3,"Name":"alat","Description":""},{"ID":6,"Name":"kesehatan","Description":""}]},{"ID":1485,"Name":"Tensi Darah Elektrik","Description":"","Price":240000,"Ratings":0,"Categories":[{"ID":3,"Name":"alat","Description":""},{"ID":6,"Name":"kesehatan","Description":""}]},{"ID":1487,"Name":"Tensi Darah Elektrik","Description":"","Price":240000,"Ratings":0,"Categories":[{"ID":3,"Name":"alat","Description":""},{"ID":6,"Name":"kesehatan","Description":""}]},{"ID":1488,"Name":"Durian Jatuh","Description":"","Price":290000,"Ratings":0,"Categories":[{"ID":3,"Name":"alat","Description":""},{"ID":6,"Name":"kesehatan","Description":""}]},{"ID":1490,"Name":"Durian Jatuh","Description":"","Price":290000,"Ratings":0,"Categories":[{"ID":3,"Name":"alat","Description":""},{"ID":6,"Name":"kesehatan","Description":""}]},{"ID":1491,"Name":"Durian Jatuh","Description":"","Price":290000,"Ratings":0,"Categories":[{"ID":3,"Name":"alat","Description":""},{"ID":6,"Name":"kesehatan","Description":""}]},{"ID":1500,"Name":"Durian Jatuh","Description":"","Price":290000,"Ratings":0,"Categories":[{"ID":3,"Name":"alat","Description":""},{"ID":6,"Name":"kesehatan","Description":""}]},{"ID":1501,"Name":"Durian Jatuh","Description":"","Price":290000,"Ratings":0,"Categories":[{"ID":3,"Name":"alat","Description":""},{"ID":6,"Name":"kesehatan","Description":""}]},{"ID":979,"Name":"Tensi Darah Elektrik","Description":"","Price":1000,"Ratings":0,"Categories":[]},{"ID":982,"Name":"Handphone","Description":"","Price":12000,"Ratings":0,"Categories":[{"ID":3,"Name":"alat","Description":""},{"ID":10,"Name":"kesehatan","Description":""}]},{"ID":990,"Name":"barang","Description":"","Price":0,"Ratings":0,"Categories":[]},{"ID":991,"Name":"barang","Description":"","Price":2000,"Ratings":0,"Categories":[]},{"ID":992,"Name":"barang","Description":"","Price":0,"Ratings":0,"Categories":[{"ID":3,"Name":"alat","Description":""},{"ID":6,"Name":"kesehatan","Description":""}]},{"ID":993,"Name":"kesehatan","Description":"","Price":30000,"Ratings":0,"Categories":[{"ID":11,"Name":"kesehatan","Description":""},{"ID":142,"Name":"kesehatan","Description":""},{"ID":213,"Name":"Teleskop","Description":""}]},{"ID":995,"Name":"barang","Description":"","Price":2000,"Ratings":0,"Categories":[{"ID":3,"Name":"alat","Description":""},{"ID":6,"Name":"kesehatan","Description":""}]},{"ID":998,"Name":"barang","Description":"","Price":2000,"Ratings":0,"Categories":[]},{"ID":999,"Name":"casing ip","Description":"","Price":100000,"Ratings":0,"Categories":[{"ID":2,"Name":"kesehatan","Description":""}]},{"ID":1000,"Name":"casing ip","Description":"","Price":100000,"Ratings":0,"Categories":[{"ID":3,"Name":"alat","Description":""}]},{"ID":1001,"Name":"casing ip","Description":"","Price":100000,"Ratings":0,"Categories":[{"ID":3,"Name":"alat","Description":""},{"ID":6,"Name":"kesehatan","Description":""}]},{"ID":1004,"Name":"Tensi Darah Elektrik","Description":"","Price":240000,"Ratings":0,"Categories":[{"ID":3,"Name":"alat","Description":""},{"ID":6,"Name":"kesehatan","Description":""}]},{"ID":1005,"Name":"Product Risma","Description":"","Price":89999,"Ratings":0,"Categories":[{"ID":3,"Name":"alat","Description":""},{"ID":6,"Name":"kesehatan","Description":""}]},{"ID":1006,"Name":"casing ip","Description":"","Price":100000,"Ratings":0,"Categories":[{"ID":3,"Name":"alat","Description":""},{"ID":6,"Name":"kesehatan","Description":""}]},{"ID":1007,"Name":"casing ip","Description":"","Price":100000,"Ratings":0,"Categories":[{"ID":3,"Name":"alat","Description":""},{"ID":6,"Name":"kesehatan","Description":""}]},{"ID":1008,"Name":"casing ip","Description":"","Price":100000,"Ratings":0,"Categories":[{"ID":3,"Name":"alat","Description":""},{"ID":6,"Name":"kesehatan","Description":""}]},{"ID":1009,"Name":"Tensi Darah Elektrik","Description":"","Price":240000,"Ratings":0,"Categories":[{"ID":3,"Name":"alat","Description":""},{"ID":6,"Name":"kesehatan","Description":""}]},{"ID":1010,"Name":"casing ip","Description":"","Price":0,"Ratings":0,"Categories":[{"ID":3,"Name":"alat","Description":""},{"ID":6,"Name":"kesehatan","Description":""}]},{"ID":1011,"Name":"casing ip","Description":"","Price":0,"Ratings":0,"Categories":[]},{"ID":1012,"Name":"casing ip","Description":"","Price":100000,"Ratings":0,"Categories":[{"ID":3,"Name":"alat","Description":""},{"ID":6,"Name":"kesehatan","Description":""}]},{"ID":1013,"Name":"Skirt","Description":"","Price":250000,"Ratings":0,"Categories":[{"ID":1000,"Name":"prila","Description":""}]},{"ID":1014,"Name":"Skirt","Description":"","Price":250000,"Ratings":0,"Categories":[{"ID":1000,"Name":"prila","Description":""}]},{"ID":1015,"Name":"Skirt","Description":"","Price":250000,"Ratings":0,"Categories":[{"ID":3,"Name":"alat","Description":""}]},{"ID":1016,"Name":"Skirt","Description":"","Price":250000,"Ratings":0,"Categories":[]},{"ID":1017,"Name":"Skirt","Description":"","Price":250000,"Ratings":0,"Categories":[{"ID":3,"Name":"alat","Description":""}]},{"ID":1018,"Name":"double categories","Description":"","Price":240000,"Ratings":0,"Categories":[{"ID":3,"Name":"alat","Description":""},{"ID":6,"Name":"kesehatan","Description":""}]},{"ID":1019,"Name":"Flare Skirt","Description":"","Price":250000,"Ratings":0,"Categories":[]},{"ID":1021,"Name":"Flare Skirt","Description":"","Price":250000,"Ratings":0,"Categories":[]},{"ID":1023,"Name":"Flare Skirt","Description":"","Price":250000,"Ratings":0,"Categories":[]},{"ID":1025,"Name":"Flare Skirt","Description":"","Price":250000,"Ratings":0,"Categories":[]},{"ID":1027,"Name":"kesehatan","Description":"","Price":30000,"Ratings":0,"Categories":[{"ID":11,"Name":"kesehatan","Description":""},{"ID":142,"Name":"kesehatan","Description":""},{"ID":213,"Name":"Teleskop","Description":""}]},{"ID":1028,"Name":"Tensi Darah Elektrik","Description":"","Price":240000,"Ratings":0,"Categories":[{"ID":3,"Name":"alat","Description":""},{"ID":6,"Name":"kesehatan","Description":""}]},{"ID":1029,"Name":"Tensi Darah Elektrik","Description":"","Price":240000,"Ratings":0,"Categories":[{"ID":3,"Name":"alat","Description":""},{"ID":6,"Name":"kesehatan","Description":""}]},{"ID":1030,"Name":"Tensi Darah Elektrik","Description":"","Price":240000,"Ratings":0,"Categories":[{"ID":3,"Name":"alat","Description":""},{"ID":6,"Name":"kesehatan","Description":""}]},{"ID":1031,"Name":"Tensi Darah Elektrik","Description":"","Price":240000,"Ratings":0,"Categories":[{"ID":3,"Name":"alat","Description":""},{"ID":6,"Name":"kesehatan","Description":""}]},{"ID":1032,"Name":"Tensi Darah Elektrik","Description":"","Price":240000,"Ratings":0,"Categories":[{"ID":3,"Name":"alat","Description":""},{"ID":6,"Name":"kesehatan","Description":""}]},{"ID":1033,"Name":"Tensi Darah Elektrik","Description":"","Pr"
10:56:40.128 [main] DEBUG org.apache.http.wire -  << "ice":240000,"Ratings":0,"Categories":[{"ID":3,"Name":"alat","Description":""},{"ID":6,"Name":"kesehatan","Description":""}]},{"ID":1034,"Name":"Tensi Darah Elektrik","Description":"","Price":240000,"Ratings":0,"Categories":[{"ID":3,"Name":"alat","Description":""},{"ID":6,"Name":"kesehatan","Description":""}]},{"ID":1035,"Name":"Tensi Darah Elektrik","Description":"","Price":240000,"Ratings":0,"Categories":[{"ID":3,"Name":"alat","Description":""},{"ID":6,"Name":"kesehatan","Description":""}]},{"ID":1036,"Name":"Tensi Darah Elektrik","Description":"","Price":240000,"Ratings":0,"Categories":[{"ID":3,"Name":"alat","Description":""},{"ID":6,"Name":"kesehatan","Description":""}]},{"ID":1037,"Name":"Tensi Darah Elektrik","Description":"","Price":240000,"Ratings":0,"Categories":[{"ID":3,"Name":"alat","Description":""},{"ID":6,"Name":"kesehatan","Description":""}]},{"ID":1038,"Name":"Tensi Darah Elektrik","Description":"","Price":240000,"Ratings":0,"Categories":[{"ID":3,"Name":"alat","Description":""},{"ID":6,"Name":"kesehatan","Description":""}]},{"ID":1039,"Name":"Tensi Darah Elektrik","Description":"","Price":240000,"Ratings":0,"Categories":[{"ID":3,"Name":"alat","Description":""},{"ID":6,"Name":"kesehatan","Description":""}]},{"ID":1040,"Name":"Tensi Darah Elektrik","Description":"","Price":240000,"Ratings":0,"Categories":[{"ID":3,"Name":"alat","Description":""},{"ID":6,"Name":"kesehatan","Description":""}]},{"ID":1041,"Name":"Tensi Darah Elektrik","Description":"","Price":3200000,"Ratings":0,"Categories":[{"ID":1,"Name":"kesehatan","Description":""},{"ID":2,"Name":"kesehatan","Description":""}]},{"ID":1042,"Name":"Tensi Darah Elektrik","Description":"","Price":3200000,"Ratings":0,"Categories":[{"ID":2,"Name":"kesehatan","Description":""},{"ID":1123,"Name":"Health Products","Description":""}]},{"ID":1043,"Name":"Tensi Darah Elektrik","Description":"","Price":240000,"Ratings":0,"Categories":[{"ID":3,"Name":"alat","Description":""},{"ID":6,"Name":"kesehatan","Description":""}]},{"ID":1044,"Name":"Tensi Darah Elektrik","Description":"","Price":23000,"Ratings":0,"Categories":[{"ID":3,"Name":"alat","Description":""},{"ID":6,"Name":"kesehatan","Description":""}]},{"ID":1045,"Name":"anggita","Description":"","Price":23000,"Ratings":0,"Categories":[{"ID":3,"Name":"alat","Description":""},{"ID":6,"Name":"kesehatan","Description":""}]},{"ID":1046,"Name":"anggita","Description":"","Price":23000,"Ratings":0,"Categories":[]},{"ID":1047,"Name":"Kaos Distro","Description":"","Price":99000,"Ratings":0,"Categories":[{"ID":3,"Name":"alat","Description":""},{"ID":6,"Name":"kesehatan","Description":""}]},{"ID":1048,"Name":"Kaos Distro","Description":"","Price":99000,"Ratings":0,"Categories":[]},{"ID":1049,"Name":"Kaos Distro","Description":"","Price":99000,"Ratings":0,"Categories":[]},{"ID":1050,"Name":"Kaos Distro","Description":"","Price":99000,"Ratings":4,"Categories":[]},{"ID":1051,"Name":"Kaos Distro","Description":"","Price":99000,"Ratings":0,"Categories":[]},{"ID":1052,"Name":"Kaos Distro","Description":"","Price":99000,"Ratings":0,"Categories":[]},{"ID":1053,"Name":"Cangkir Unik","Description":"","Price":25000,"Ratings":0,"Categories":[]},{"ID":1054,"Name":"Cangkir Unik","Description":"","Price":25000,"Ratings":0,"Categories":[]},{"ID":1055,"Name":"Cangkir Unik","Description":"","Price":25000,"Ratings":0,"Categories":[]},{"ID":1056,"Name":"Cangkir Unik","Description":"","Price":25000,"Ratings":0,"Categories":[]},{"ID":1057,"Name":"Cangkir Unik","Description":"","Price":25000,"Ratings":0,"Categories":[]},{"ID":1058,"Name":"Cangkir Unik","Description":"","Price":25000,"Ratings":0,"Categories":[]},{"ID":1059,"Name":"Tensi Darah Elektrik","Description":"","Price":1000,"Ratings":0,"Categories":[{"ID":3,"Name":"alat","Description":""},{"ID":6,"Name":"kesehatan","Description":""}]},{"ID":1060,"Name":"Tensi Darah Elektrik","Description":"","Price":1000,"Ratings":0,"Categories":[{"ID":3,"Name":"alat","Description":""},{"ID":6,"Name":"kesehatan","Description":""}]},{"ID":1061,"Name":"Tensi Darah Elektrik","Description":"","Price":1000,"Ratings":0,"Categories":[{"ID":3,"Name":"alat","Description":""},{"ID":6,"Name":"kesehatan","Description":""}]},{"ID":1062,"Name":"Tensi Darah Elektrik","Description":"","Price":1000,"Ratings":0,"Categories":[{"ID":3,"Name":"alat","Description":""},{"ID":6,"Name":"kesehatan","Description":""}]},{"ID":1063,"Name":"Tensi Darah Elektrik","Description":"","Price":1000,"Ratings":2,"Categories":[{"ID":3,"Name":"alat","Description":""},{"ID":6,"Name":"kesehatan","Description":""}]},{"ID":1065,"Name":"Bawang Merah","Description":"","Price":50000,"Ratings":0,"Categories":[]},{"ID":1066,"Name":"Sweater Crewneck","Description":"","Price":199000,"Ratings":0,"Categories":[]},{"ID":1067,"Name":"Tensi Darah Elektrik","Description":"","Price":1000,"Ratings":2,"Categories":[{"ID":3,"Name":"alat","Description":""},{"ID":6,"Name":"kesehatan","Description":""}]},{"ID":1070,"Name":"Bawang Merah","Description":"","Price":0,"Ratings":0,"Categories":[]},{"ID":1071,"Name":"Bawang Merah","Description":"","Price":50000,"Ratings":0,"Categories":[]},{"ID":1072,"Name":"Sweater Crewneck","Description":"","Price":199000,"Ratings":0,"Categories":[]},{"ID":1073,"Name":"Tensi Darah Elektrik","Description":"","Price":1000,"Ratings":2,"Categories":[{"ID":3,"Name":"alat","Description":""},{"ID":6,"Name":"kesehatan","Description":""}]},{"ID":1074,"Name":"Tensi Darah Elektrik","Description":"","Price":1000,"Ratings":1,"Categories":[{"ID":3,"Name":"alat","Description":""},{"ID":6,"Name":"kesehatan","Description":""}]},{"ID":1075,"Name":"Tensi Darah Elektrik","Description":"","Price":1000,"Ratings":2,"Categories":[{"ID":3,"Name":"alat","Description":""},{"ID":6,"Name":"kesehatan","Description":""}]},{"ID":1076,"Name":"Tensi Darah Elektrik","Description":"","Price":1000,"Ratings":2,"Categories":[{"ID":3,"Name":"alat","Description":""},{"ID":6,"Name":"kesehatan","Description":""}]},{"ID":1077,"Name":"Tensi Darah Elektrik","Description":"","Price":240000,"Ratings":0,"Categories":[{"ID":3,"Name":"alat","Description":""},{"ID":6,"Name":"kesehatan","Description":""}]},{"ID":1078,"Name":"Laptop","Description":"","Price":20400000,"Ratings":0,"Categories":[{"ID":3,"Name":"alat","Description":""},{"ID":6,"Name":"kesehatan","Description":""}]},{"ID":1079,"Name":"Laptop","Description":"","Price":20400000,"Ratings":0,"Categories":[{"ID":3,"Name":"alat","Description":""},{"ID":6,"Name":"kesehatan","Description":""}]},{"ID":1080,"Name":"Laptop","Description":"","Price":20400000,"Ratings":0,"Categories":[{"ID":3,"Name":"alat","Description":""},{"ID":6,"Name":"kesehatan","Description":""}]},{"ID":1081,"Name":"Oksimeter","Description":"","Price":6000,"Ratings":5,"Categories":[{"ID":3,"Name":"alat","Description":""},{"ID":6,"Name":"kesehatan","Description":""}]},{"ID":1082,"Name":"Flare Skirt","Description":"","Price":250000,"Ratings":0,"Categories":[]},{"ID":1084,"Name":"Flare Skirt","Description":"","Price":250000,"Ratings":0,"Categories":[]},{"ID":1086,"Name":"Oksimeter","Description":"","Price":6000,"Ratings":0,"Categories":[{"ID":3,"Name":"alat","Description":""},{"ID":6,"Name":"kesehatan","Description":""}]},{"ID":1088,"Name":"Oksimeter","Description":"","Price":6000,"Ratings":0,"Categories":[{"ID":3,"Name":"alat","Description":""},{"ID":6,"Name":"kesehatan","Description":""}]},{"ID":1089,"Name":"Oksimeter","Description":"","Price":6000,"Ratings":0,"Categories":[{"ID":3,"Name":"alat","Description":""},{"ID":6,"Name":"kesehatan","Description":""}]},{"ID":1092,"Name":"Pelampung","Description":"","Price":6000,"Ratings":0,"Categories":[{"ID":3,"Name":"alat","Description":""},{"ID":6,"Name":"kesehatan","Description":""}]},{"ID":1093,"Name":"Flare Skirt","Description":"","Price":250000,"Ratings":0,"Categories":[]},{"ID":1095,"Name":"Pelampung","Description":"","Price":6000,"Ratings":0,"Categories":[{"ID":3,"Name":"alat","Description":""},{"ID":6,"Name":"kesehatan","Description":""}]},{"ID":1096,"Name":"Pelampung","Description":"","Price":6000,"Ratings":0,"Categories":[{"ID":3,"Name":"alat","Description":""},{"ID":6,"Name":"kesehatan","Description":""}]},{"ID":1097,"Name":"Flare Skirt","Descr"
10:56:40.129 [main] DEBUG org.apache.http.wire -  << "iption":"","Price":250000,"Ratings":0,"Categories":[]},{"ID":1099,"Name":"Tensi Darah Elektrik","Description":"","Price":240000,"Ratings":0,"Categories":[{"ID":3,"Name":"alat","Description":""},{"ID":6,"Name":"kesehatan","Description":""}]},{"ID":1100,"Name":"Pelampung","Description":"","Price":6000,"Ratings":5,"Categories":[{"ID":3,"Name":"alat","Description":""},{"ID":6,"Name":"kesehatan","Description":""}]},{"ID":1101,"Name":"Tensi Darah Elektrik","Description":"","Price":240000,"Ratings":0,"Categories":[{"ID":3,"Name":"alat","Description":""},{"ID":6,"Name":"kesehatan","Description":""}]},{"ID":1102,"Name":"Tensi Darah Elektrik","Description":"","Price":1000,"Ratings":2,"Categories":[{"ID":3,"Name":"alat","Description":""},{"ID":6,"Name":"kesehatan","Description":""}]},{"ID":1103,"Name":"Flare Skirt","Description":"","Price":250000,"Ratings":0,"Categories":[]},{"ID":1105,"Name":"Tensi Darah Elektrik","Description":"","Price":1000,"Ratings":2,"Categories":[{"ID":3,"Name":"alat","Description":""},{"ID":6,"Name":"kesehatan","Description":""}]},{"ID":1106,"Name":"Tensi Darah Elektrik","Description":"","Price":1000,"Ratings":0,"Categories":[{"ID":3,"Name":"alat","Description":""},{"ID":6,"Name":"kesehatan","Description":""}]},{"ID":1107,"Name":"Tensi Darah Elektrik","Description":"","Price":1000,"Ratings":2,"Categories":[{"ID":3,"Name":"alat","Description":""},{"ID":6,"Name":"kesehatan","Description":""}]},{"ID":1108,"Name":"Flare Skirt","Description":"","Price":250000,"Ratings":0,"Categories":[]},{"ID":1110,"Name":"Flare Skirt","Description":"","Price":250000,"Ratings":0,"Categories":[]},{"ID":1112,"Name":"Flare Skirt","Description":"","Price":250000,"Ratings":0,"Categories":[]},{"ID":1114,"Name":"Tensi Darah Elektrik","Description":"","Price":1000,"Ratings":2,"Categories":[{"ID":3,"Name":"alat","Description":""},{"ID":6,"Name":"kesehatan","Description":""}]},{"ID":1115,"Name":"Tensi Darah Elektrik","Description":"","Price":1000,"Ratings":0,"Categories":[{"ID":3,"Name":"alat","Description":""},{"ID":6,"Name":"kesehatan","Description":""}]},{"ID":1116,"Name":"Flare Skirt","Description":"","Price":250000,"Ratings":0,"Categories":[]},{"ID":1118,"Name":"Flare Skirt","Description":"","Price":250000,"Ratings":0,"Categories":[]},{"ID":1120,"Name":"Tensi Darah Elektrik","Description":"","Price":240000,"Ratings":0,"Categories":[{"ID":3,"Name":"alat","Description":""},{"ID":6,"Name":"kesehatan","Description":""}]},{"ID":1124,"Name":"Tensi Darah Elektrik","Description":"","Price":1000,"Ratings":0,"Categories":[{"ID":3,"Name":"alat","Description":""},{"ID":6,"Name":"kesehatan","Description":""}]},{"ID":1129,"Name":"Tensi Darah Elektrik","Description":"","Price":240000,"Ratings":0,"Categories":[{"ID":3,"Name":"alat","Description":""},{"ID":6,"Name":"kesehatan","Description":""}]},{"ID":1132,"Name":"produk cindi","Description":"","Price":240000,"Ratings":0,"Categories":[{"ID":3,"Name":"alat","Description":""},{"ID":6,"Name":"kesehatan","Description":""}]},{"ID":1133,"Name":"Barbel","Description":"","Price":400000,"Ratings":0,"Categories":[{"ID":3,"Name":"alat","Description":""},{"ID":4,"Name":"alat","Description":"sangat bagus"},{"ID":1029,"Name":"Barang Berat","Description":"berat barang"}]},{"ID":1134,"Name":"Barbel","Description":"","Price":400000,"Ratings":0,"Categories":[{"ID":3,"Name":"alat","Description":""},{"ID":4,"Name":"alat","Description":"sangat bagus"},{"ID":1029,"Name":"Barang Berat","Description":"berat barang"}]},{"ID":1472,"Name":"Tensi Darah Elektrik","Description":"","Price":240000,"Ratings":0,"Categories":[{"ID":3,"Name":"alat","Description":""},{"ID":6,"Name":"kesehatan","Description":""}]},{"ID":1473,"Name":"Tensi Darah Elektrik","Description":"","Price":240000,"Ratings":0,"Categories":[{"ID":3,"Name":"alat","Description":""},{"ID":6,"Name":"kesehatan","Description":""}]},{"ID":1474,"Name":"Tensi Darah Elektrik","Description":"","Price":240000,"Ratings":0,"Categories":[{"ID":3,"Name":"alat","Description":""},{"ID":6,"Name":"kesehatan","Description":""}]},{"ID":1492,"Name":"Durian Jatuh","Description":"","Price":290000,"Ratings":0,"Categories":[{"ID":3,"Name":"alat","Description":""},{"ID":6,"Name":"kesehatan","Description":""}]},{"ID":1502,"Name":"Durian Jatuh","Description":"","Price":290000,"Ratings":0,"Categories":[{"ID":3,"Name":"alat","Description":""},{"ID":6,"Name":"kesehatan","Description":""}]},{"ID":1503,"Name":"Tensi Darah Elektrik","Description":"","Price":240000,"Ratings":0,"Categories":[{"ID":3,"Name":"alat","Description":""},{"ID":6,"Name":"kesehatan","Description":""}]},{"ID":1505,"Name":"Tensi Darah Elektrik","Description":"","Price":240000,"Ratings":0,"Categories":[{"ID":3,"Name":"alat","Description":""},{"ID":6,"Name":"kesehatan","Description":""}]},{"ID":1121,"Name":"Tensi Darah Elektrik","Description":"","Price":240000,"Ratings":0,"Categories":[{"ID":3,"Name":"alat","Description":""},{"ID":6,"Name":"kesehatan","Description":""}]},{"ID":1122,"Name":"Tensi Darah Elektrik","Description":"","Price":1000,"Ratings":0,"Categories":[{"ID":3,"Name":"alat","Description":""},{"ID":6,"Name":"kesehatan","Description":""}]},{"ID":1123,"Name":"Tensi Darah Elektrik","Description":"","Price":240000,"Ratings":0,"Categories":[{"ID":3,"Name":"alat","Description":""},{"ID":6,"Name":"kesehatan","Description":""}]},{"ID":1125,"Name":"Tensi Darah Elektrik","Description":"","Price":240000,"Ratings":0,"Categories":[{"ID":3,"Name":"alat","Description":""},{"ID":6,"Name":"kesehatan","Description":""}]},{"ID":1126,"Name":"Barbel","Description":"","Price":400000,"Ratings":0,"Categories":[{"ID":3,"Name":"alat","Description":""},{"ID":4,"Name":"alat","Description":"sangat bagus"},{"ID":1029,"Name":"Barang Berat","Description":"berat barang"}]},{"ID":1127,"Name":"Barbel","Description":"","Price":400000,"Ratings":0,"Categories":[{"ID":3,"Name":"alat","Description":""},{"ID":4,"Name":"alat","Description":"sangat bagus"},{"ID":1029,"Name":"Barang Berat","Description":"berat barang"}]},{"ID":1128,"Name":"Tensi Darah Elektrik","Description":"","Price":240000,"Ratings":0,"Categories":[{"ID":3,"Name":"alat","Description":""},{"ID":6,"Name":"kesehatan","Description":""}]},{"ID":1130,"Name":"Barbel","Description":"","Price":400000,"Ratings":0,"Categories":[{"ID":3,"Name":"alat","Description":""},{"ID":4,"Name":"alat","Description":"sangat bagus"},{"ID":1029,"Name":"Barang Berat","Description":"berat barang"}]},{"ID":1131,"Name":"produk cindi","Description":"","Price":240000,"Ratings":0,"Categories":[{"ID":3,"Name":"alat","Description":""},{"ID":6,"Name":"kesehatan","Description":""}]},{"ID":1135,"Name":"produk cindi","Description":"","Price":240000,"Ratings":0,"Categories":[{"ID":3,"Name":"alat","Description":""},{"ID":6,"Name":"kesehatan","Description":""}]},{"ID":1136,"Name":"Light Stick","Description":"","Price":32000,"Ratings":0,"Categories":[]},{"ID":1137,"Name":"Light Stick","Description":"","Price":32000,"Ratings":0,"Categories":[]},{"ID":1138,"Name":"Barbel","Description":"","Price":400000,"Ratings":0,"Categories":[{"ID":3,"Name":"alat","Description":""},{"ID":4,"Name":"alat","Description":"sangat bagus"},{"ID":1029,"Name":"Barang Berat","Description":"berat barang"}]},{"ID":1139,"Name":"Barbel","Description":"","Price":400000,"Ratings":0,"Categories":[{"ID":3,"Name":"alat","Description":""},{"ID":4,"Name":"alat","Description":"sangat bagus"},{"ID":1029,"Name":"Barang Berat","Description":"berat barang"}]},{"ID":1140,"Name":"Barbel","Description":"","Price":400000,"Ratings":0,"Categories":[{"ID":3,"Name":"alat","Description":""},{"ID":4,"Name":"alat","Description":"sangat bagus"},{"ID":1029,"Name":"Barang Berat","Description":"berat barang"}]},{"ID":1141,"Name":"Flare Skirt","Description":"","Price":250000,"Ratings":0,"Categories":[]},{"ID":1143,"Name":"double categories","Description":"","Price":240000,"Ratings":0,"Categories":[{"ID":3,"Name":"alat","Description":""},{"ID":6,"Name":"kesehatan","Description":""}]},{"ID":1144,"Name":"Barbel","Description":"","Price":400000,"Ratings":0,"Categories":[{"ID":3,"Name":"alat","Description":""},{"ID":4,"Name":"alat","Description":"sangat bagus"},{"ID":1029,"Name":"Barang Berat","Description":"berat barang"}]},{"ID":1145,"Name":"Light Stick","Description":"","Price":32000,"Ratings":4,"Categories":[]},{"ID":1146,"Name":"Light Stick","Description":"","Price":32000,"Ratings":0,"Categories":[]},{"ID":1147,"Name":"Handphone","Description":"","Price":12000,"Ratings":0,"Categories":[{"ID":3,"Name":"alat","Description":""},{"ID":10,"Name":"kesehatan","Description":""}]},{"ID":1149,"Name":"Tensi Darah Elektrik","Description":"","Price":240000,"Ratings":0,"Categories":[{"ID":3,"Name":"alat","Description":""},{"ID":6,"Name":"kesehatan","Description":""}]},{"ID":1150,"Name":"Tensi Darah Elektrik","Description":"","Price":240000,"Ratings":0,"Categories":[{"ID":3,"Name":"alat","Description":""},{"ID":6,"Name":"kesehatan","Description":""}]},{"ID":1151,"Name":"Mousepad","Description":"","Price":10000,"Ratings":0,"Categories":[{"ID":3,"Name":"alat","Description":""},{"ID":6,"Name":"kesehatan","Description":""}]},{"ID":1152,"Name":"Tensi Darah Elektrik","Description":"","Price":240000,"Ratings":0,"Categories":[{"ID":3,"Name":"alat","Description":""},{"ID":6,"Name":"kesehatan","Description":""}]},{"ID":1154,"Name":"Tensi Darah Elektrik","Description":"","Price":240000,"Ratings":0,"Categories":[{"ID":3,"Name":"alat","Description":""},{"ID":6,"Name":"kesehatan","Description":""}]},{"ID":1157,"Name":"Mousepad","Description":"","Price":10000,"Ratings":0,"Categories":[{"ID":3,"Name":"alat","Description":""},{"ID":6,"Name":"kesehatan","Description":""}]},{"ID":1158,"Name":"Mousepad","Description":"","Price":10000,"Ratings":0,"Categories":[{"ID":3,"Name":"alat","Description":""},{"ID":6,"Name":"kesehatan","Description":""}]},{"ID":1159,"Name":"Mousepad","Description":"","Price":10000,"Ratings":0,"Categories":[{"ID":3,"Name":"alat","Description":""},{"ID":6,"Name":"kesehatan","Description":""}]},{"ID":1160,"Name":"Mousepad","Description":"","Price":10000,"Ratings":0,"Categories":[{"ID":3,"Name":"alat","Description":""},{"ID":6,"Name":"kesehatan","Description":""}]},{"ID":1161,"Name":"Mousepad","Description":"","Price":10000,"Ratings":0,"Categories":[{"ID":3,"Name":"alat","Description":""},{"ID":6,"Name":"kesehatan","Description":""}]},{"ID":1162,"Name":"Mousepad","Description":"","Price":10000,"Ratings":0,"Categories":[{"ID":3,"Name":"alat","Description":""},{"ID":6,"Name":"kesehatan","Description":""}]},{"ID":1163,"Name":"Light Stick","Description":"","Price":32000,"Ratings":0,"Categories":[{"ID":4,"Name":"alat","Description":"sangat bagus"},{"ID":6,"Name":"kesehatan","Description":""}]},{"ID":1164,"Name":"Obat Paracetamol","Description":"","Price":32000,"Ratings":0,"Categories":[{"ID":4,"Name":"alat","Description":"sangat bagus"},{"ID":6,"Name":"kesehatan","Description":""}]},{"ID":1165,"Name":"Obat Paracetamol","Description":"","Price":32000,"Ratings":0,"Categories":[{"ID":4,"Name":"alat","Description":"sangat bagus"},{"ID":6,"Name":"kesehatan","Description":""}]},{"ID":1166,"Name":"Inhaler","Description":"","Price":32000,"Ratings":0,"Categories":[{"ID":4,"Name":"alat","Description":"sangat bagus"},{"ID":6,"Name":"kesehatan","Description":""}]},{"ID":1167,"Name":"Tensi Darah Elektrik","Description":"","Price":240000,"Ratings":0,"Categories":[{"ID":3,"Name":"alat","Description":""},{"ID":6,"Name":"kesehatan","Description":""}]},{"ID":1168,"Name":"Oksimeter","Description":"","Price":6000,"Ratings":0,"Categories":[{"ID":3,"Name":"alat","Description":""},{"ID":6,"Name":"kesehatan","Description":""}]},{"ID":1169,"Name":"Oksimeter","Description":"","Price":6000,"Ratings":0,"Categories":[{"ID":3,"Name":"alat","Description":""},{"ID":6,"Name":"kesehatan","Description":""}]},{"ID":1170,"Name":"Barbel","Description":"","Price":400000,"Ratings":0,"Categories":[{"ID":3,"Name":"alat","Description":""},{"ID":4,"Name":"alat","Description":"sangat bagus"},{"ID":1029,"Name":"Barang Berat","Description":"berat barang"}]},{"ID":1171,"Name":"Tensi Darah Elektrik","Description":"","Price":1000,"Ratings":0,"Categories":[{"ID":3,"Name":"alat","Description":""},{"ID":6,"Name":"kesehatan","Description":""}]},{"ID":1172,"Name":"Oksimeter","Description":"","Price":6000,"Ratings":4,"Categories":[{"ID":3,"Name":"alat","Description":""},{"ID":6,"Name":"kesehatan","Description":""},{"ID":1258,"Name":"Kesehatan","Description":"Saluran Pernafasan"}]},{"ID":1173,"Name":"Tensi Darah Elektrik","Description":"","Price":3200000,"Ratings":0,"Categories":[{"ID":1,"Name":"kesehatan","Description":""},{"ID":2,"Name":"kesehatan","Description":""}]},{"ID":1175,"Name":"Tensi Darah Elektrik","Description":"","Price":1000,"Ratings":2,"Categories":[{"ID":3,"Name":"alat","Description":""},{"ID":6,"Name":"kesehatan","Description":""}]},{"ID":1176,"Name":"Tensi Darah Elektrik","Description":"","Price":1000,"Ratings":2,"Categories":[{"ID":3,"Name":"alat","Description":""},{"ID":6,"Name":"kesehatan","Description":""}]},{"ID":1177,"Name":"Tensi Darah Elektrik","Description":"","Price":1000,"Ratings":0,"Categories":[{"ID":3,"Name":"alat","Description":""},{"ID":6,"Name":"kesehatan","Description":""}]},{"ID":1178,"Name":"Tensi Darah Elektrik","Description":"","Price":3200000,"Ratings":0,"Categories":[{"ID":1,"Name":"kesehatan","Description":""},{"ID":2,"Name":"kesehatan","Description":""}]},{"ID":1180,"Name":"Tensi Darah Elektrik","Description":"","Price":3200000,"Ratings":0,"Categories":[{"ID":1,"Name":"kesehatan","Description":""},{"ID":2,"Name":"kesehatan","Description":""}]},{"ID":1182,"Name":"Oksimeter","Description":"","Price":6000,"Ratings":0,"Categories":[{"ID":3,"Name":"alat","Description":""},{"ID":6,"Name":"kesehatan","Description":""},{"ID":1258,"Name":"Kesehatan","Description":"Saluran Pernafasan"}]},{"ID":1183,"Name":"Oksimeter","Description":"","Price":6000,"Ratings":0,"Categories":[{"ID":3,"Name":"alat","Description":""},{"ID":6,"Name":"kesehatan","Description":""},{"ID":1258,"Name":"Kesehatan","Description":"Saluran Pernafasan"}]},{"ID":1184,"Name":"Oksimeter","Description":"","Price":6000,"Ratings":0,"Categories":[{"ID":3,"Name":"alat","Description":""},{"ID":6,"Name":"kesehatan","Description":""},{"ID":1258,"Name":"Kesehatan","Description":"Saluran Pernafasan"}]},{"ID":1185,"Name":"Tensi Darah Elektrik","Description":"","Price":240000,"Ratings":0,"Categories":[{"ID":3,"Name":"alat","Description":""},{"ID":6,"Name":"kesehatan","Description":""}]},{"ID":1187,"Name":"Tensi Darah Elektrik","Description":"","Price":240000,"Ratings":0,"Categories":[{"ID":3,"Name":"alat","Description":""},{"ID":1001,"Name":"prila","Description":""}]},{"ID":1188,"Name":"Tensi Darah Elektrik","Description":"","Price":240000,"Ratings":0,"Categories":[{"ID":3,"Name":"alat","Description":""},{"ID":1001,"Name":"prila","Description":""}]},{"ID":1190,"Name":"Mesin Jahit","Description":"","Price":25000,"Ratings":0,"Categories":[]},{"ID":1191,"Name":"Tensi Darah Elektrik","Description":"","Price":240000,"Ratings":0,"Categories":[{"ID":3,"Name":"alat","Description":""},{"ID":6,"Name":"kesehatan","Description":""}]},{"ID":1192,"Name":"Tensi Darah Elektrik","Description":"","Price":240000,"Ratings":0,"Categories":[{"ID":3,"Name":"alat","Description":""},{"ID":6,"Name":"kesehatan","Description":""}]},{"ID":1193,"Name":"Tensi Darah Elektrik","Description":"","Price":240000,"Ratings":0,"Categories":[{"ID":3,"Name":"alat","Description":""},{"ID":6,"Name":"kesehatan","Description":""}]},{"ID":1194,"Name":"Tensi Darah Elektrik","Description":"","Price":240000,"Ratings":0,"Categories":[{"ID":3,"Name":"alat","Description":""},{"ID":6,"Name":"kesehatan","Description":""}]},{"ID":1195,"Name":"Inhaler","Description":"","Price":32000,"Ratings":5,"Categories":[{"ID":4,"Name":"alat","Description":"sangat bagus"},{"ID":6,"Name":"kesehatan","Description":""}]},{"ID":1196,"Name":"Tensi Darah Elektrik","Description":"","Price":240000,"Ratings":0,"Categories":[{"ID":3,"Name":"alat","Description":""},{"ID":6,"Name":"kesehatan","Description":""}]},{"ID":1198,"Name":"Flare Skirt","Description":"","Price":250000,"Ratings":0,"Categories":[]},{"ID":1200,"Name":"Flare Skirt","Description":"","Price":250000,"Ratings":0,"Categories":[]},{"ID":1202,"Name":"Tensi Darah Elektrik","Description":"","Price":240000,"Ratings":0,"Categories":[{"ID":3,"Name":"ala"
10:56:40.164 [main] DEBUG org.apache.http.wire -  << "t","Description":""},{"ID":6,"Name":"kesehatan","Description":""}]},{"ID":1203,"Name":"Tensi Darah Elektrik","Description":"","Price":24"
10:56:40.164 [main] DEBUG org.apache.http.wire -  << "[\r][\n]"
10:56:40.164 [main] DEBUG org.apache.http.wire -  << "2000[\r][\n]"
10:56:40.164 [main] DEBUG org.apache.http.wire -  << "0000,"Ratings":0,"Categories":[{"ID":3,"Name":"alat","Description":""},{"ID":6,"Name":"kesehatan","Description":""}]},{"ID":1204,"Name":"Tensi Darah Elektrik","Description":"","Price":240000,"Ratings":0,"Categories":[{"ID":3,"Name":"alat","Description":""},{"ID":6,"Name":"kesehatan","Description":""}]},{"ID":1205,"Name":"Tensi Darah Elektrik","Description":"","Price":240000,"Ratings":0,"Categories":[{"ID":3,"Name":"alat","Description":""},{"ID":6,"Name":"kesehatan","Description":""}]},{"ID":1206,"Name":"Tensi Darah Elektrik","Description":"","Price":240000,"Ratings":0,"Categories":[{"ID":3,"Name":"alat","Description":""},{"ID":6,"Name":"kesehatan","Description":""}]},{"ID":1207,"Name":"Tensi Darah Elektrik","Description":"","Price":240000,"Ratings":0,"Categories":[{"ID":3,"Name":"alat","Description":""},{"ID":6,"Name":"kesehatan","Description":""}]},{"ID":1208,"Name":"Tensi Darah Elektrik","Description":"","Price":240000,"Ratings":0,"Categories":[{"ID":3,"Name":"alat","Description":""},{"ID":6,"Name":"kesehatan","Description":""}]},{"ID":1209,"Name":"Tensi Darah Elektrik","Description":"","Price":240000,"Ratings":0,"Categories":[{"ID":3,"Name":"alat","Description":""},{"ID":6,"Name":"kesehatan","Description":""}]},{"ID":1210,"Name":"Tensi Darah Elektrik","Description":"","Price":240000,"Ratings":0,"Categories":[{"ID":3,"Name":"alat","Description":""},{"ID":6,"Name":"kesehatan","Description":""}]},{"ID":1211,"Name":"Tensi Darah wireless","Description":"","Price":2900000,"Ratings":0,"Categories":[{"ID":3,"Name":"alat","Description":""},{"ID":6,"Name":"kesehatan","Description":""},{"ID":34,"Name":"kesehatan","Description":""}]},{"ID":1212,"Name":"Tensi Darah Elektrik","Description":"","Price":240000,"Ratings":0,"Categories":[{"ID":3,"Name":"alat","Description":""},{"ID":6,"Name":"kesehatan","Description":""}]},{"ID":1213,"Name":"Tensi Darah Elektrik","Description":"","Price":240000,"Ratings":0,"Categories":[{"ID":3,"Name":"alat","Description":""},{"ID":6,"Name":"kesehatan","Description":""}]},{"ID":1214,"Name":"Cincin Emas","Description":"","Price":1000000000,"Ratings":0,"Categories":[{"ID":99,"Name":"Aksesoris","Description":""}]},{"ID":1215,"Name":"Cincin Emas","Description":"","Price":1000000000,"Ratings":0,"Categories":[{"ID":99,"Name":"Aksesoris","Description":""}]},{"ID":1216,"Name":"Tensi Darah Elektrik","Description":"","Price":240000,"Ratings":0,"Categories":[{"ID":3,"Name":"alat","Description":""},{"ID":6,"Name":"kesehatan","Description":""}]},{"ID":1217,"Name":"Cincin Emas","Description":"","Price":1000000000,"Ratings":0,"Categories":[{"ID":99,"Name":"Aksesoris","Description":""}]},{"ID":1218,"Name":"Tensi Darah Elektrik","Description":"","Price":240000,"Ratings":0,"Categories":[{"ID":3,"Name":"alat","Description":""},{"ID":6,"Name":"kesehatan","Description":""}]},{"ID":1219,"Name":"produkku","Description":"","Price":240000,"Ratings":0,"Categories":[{"ID":3,"Name":"alat","Description":""}]},{"ID":1220,"Name":"produkku","Description":"","Price":240000,"Ratings":0,"Categories":[{"ID":3,"Name":"alat","Description":""}]},{"ID":1221,"Name":"produkku","Description":"","Price":240000,"Ratings":0,"Categories":[]},{"ID":1222,"Name":"produkku","Description":"","Price":240000,"Ratings":0,"Categories":[{"ID":2,"Name":"kesehatan","Description":""}]},{"ID":1223,"Name":"produkku","Description":"","Price":240000,"Ratings":0,"Categories":[{"ID":2,"Name":"kesehatan","Description":""},{"ID":3,"Name":"alat","Description":""}]},{"ID":1224,"Name":"produkku","Description":"","Price":240000,"Ratings":0,"Categories":[{"ID":2,"Name":"kesehatan","Description":""},{"ID":3,"Name":"alat","Description":""}]},{"ID":1225,"Name":"produkku","Description":"","Price":240000,"Ratings":0,"Categories":[{"ID":2,"Name":"kesehatan","Description":""},{"ID":3,"Name":"alat","Description":""}]},{"ID":1226,"Name":"produkku","Description":"","Price":240000,"Ratings":0,"Categories":[{"ID":2,"Name":"kesehatan","Description":""},{"ID":3,"Name":"alat","Description":""}]},{"ID":1227,"Name":"produkku","Description":"","Price":240000,"Ratings":0,"Categories":[{"ID":2,"Name":"kesehatan","Description":""},{"ID":3,"Name":"alat","Description":""}]},{"ID":1228,"Name":"produkku","Description":"","Price":240000,"Ratings":0,"Categories":[{"ID":2,"Name":"kesehatan","Description":""},{"ID":3,"Name":"alat","Description":""}]},{"ID":1229,"Name":"produkku","Description":"","Price":240000,"Ratings":0,"Categories":[{"ID":2,"Name":"kesehatan","Description":""},{"ID":3,"Name":"alat","Description":""}]},{"ID":1230,"Name":"produkku","Description":"","Price":240000,"Ratings":0,"Categories":[{"ID":2,"Name":"kesehatan","Description":""},{"ID":3,"Name":"alat","Description":""}]},{"ID":1233,"Name":"Tensi Darah Elektrik","Description":"","Price":240000,"Ratings":0,"Categories":[{"ID":3,"Name":"alat","Description":""},{"ID":6,"Name":"kesehatan","Description":""}]},{"ID":1234,"Name":"Tensi Darah Elektrik","Description":"","Price":240000,"Ratings":0,"Categories":[{"ID":3,"Name":"alat","Description":""},{"ID":6,"Name":"kesehatan","Description":""}]},{"ID":1235,"Name":"Tensi Darah Elektrik","Description":"","Price":240000,"Ratings":0,"Categories":[{"ID":3,"Name":"alat","Description":""},{"ID":6,"Name":"kesehatan","Description":""}]},{"ID":1236,"Name":"Tensi Darah Elektrik","Description":"","Price":240000,"Ratings":0,"Categories":[{"ID":3,"Name":"alat","Description":""},{"ID":6,"Name":"kesehatan","Description":""}]},{"ID":1237,"Name":"kesehatan","Description":"","Price":30000,"Ratings":4,"Categories":[{"ID":11,"Name":"kesehatan","Description":""},{"ID":142,"Name":"kesehatan","Description":""},{"ID":213,"Name":"Teleskop","Description":""}]},{"ID":1238,"Name":"kesehatan","Description":"","Price":30000,"Ratings":4,"Categories":[{"ID":11,"Name":"kesehatan","Description":""},{"ID":142,"Name":"kesehatan","Description":""},{"ID":213,"Name":"Teleskop","Description":""}]},{"ID":1240,"Name":"kombat","Description":"","Price":100000,"Ratings":0,"Categories":[{"ID":3,"Name":"alat","Description":""}]},{"ID":1242,"Name":"dress martina","Description":"","Price":0,"Ratings":0,"Categories":[{"ID":3,"Name":"alat","Description":""}]},{"ID":1243,"Name":"dress martina","Description":"","Price":9,"Ratings":0,"Categories":[]},{"ID":1244,"Name":"Tensi Darah Elektrik","Description":"","Price":240000,"Ratings":0,"Categories":[{"ID":3,"Name":"alat","Description":""},{"ID":6,"Name":"kesehatan","Description":""}]},{"ID":1245,"Name":"Tensi Darah Elektrik","Description":"","Price":240000,"Ratings":0,"Categories":[{"ID":3,"Name":"alat","Description":""},{"ID":6,"Name":"kesehatan","Description":""}]},{"ID":1246,"Name":"Tensi Darah Elektrik","Description":"","Price":240000,"Ratings":0,"Categories":[{"ID":3,"Name":"alat","Description":""},{"ID":6,"Name":"kesehatan","Description":""}]},{"ID":1247,"Name":"Tensi Darah Elektrik","Description":"","Price":240000,"Ratings":0,"Categories":[{"ID":3,"Name":"alat","Description":""},{"ID":6,"Name":"kesehatan","Description":""}]},{"ID":1248,"Name":"Tensi Darah Elektrik","Description":"","Price":240000,"Ratings":0,"Categories":[{"ID":3,"Name":"alat","Description":""},{"ID":6,"Name":"kesehatan","Description":""}]},{"ID":1249,"Name":"Tensi Darah Elektrik","Description":"","Price":240000,"Ratings":0,"Categories":[{"ID":3,"Name":"alat","Description":""},{"ID":6,"Name":"kesehatan","Description":""}]},{"ID":1250,"Name":"Tensi Darah Elektrik","Description":"","Price":240000,"Ratings":0,"Categories":[{"ID":3,"Name":"alat","Description":""},{"ID":6,"Name":"kesehatan","Description":""}]},{"ID":1251,"Name":"Tensi Darah Elektrik","Description":"","Price":240000,"Ratings":0,"Categories":[{"ID":3,"Name":"alat","Description":""},{"ID":6,"Name":"kesehatan","Description":""}]},{"ID":1253,"Name":"Tensi Darah Elektrik","Description":"","Price":240000,"Ratings":0,"Categories":[{"ID":3,"Name":"alat","Description":""},{"ID":6,"Name":"kesehatan","Description":""}]},{"ID":1254,"Name":"Tensi Darah Elektrik","Description":"","Price":240000,"Ratings":0,"Categories":[{"ID":3,"Name":"alat","Descripti"
10:56:40.165 [main] DEBUG org.apache.http.wire -  << "on":""},{"ID":6,"Name":"kesehatan","Description":""}]},{"ID":1476,"Name":"Tensi Darah Elektrik","Description":"","Price":240000,"Ratings":0,"Cat"
10:56:40.165 [main] DEBUG org.apache.http.wire -  << "[\r][\n]"
10:56:40.165 [main] DEBUG org.apache.http.wire -  << "6870[\r][\n]"
10:56:40.165 [main] DEBUG org.apache.http.wire -  << "egories":[{"ID":3,"Name":"alat","Description":""},{"ID":6,"Name":"kesehatan","Description":""}]},{"ID":1493,"Name":"Durian Jatuh","Description":"","Price":290000,"Ratings":0,"Categories":[{"ID":3,"Name":"alat","Description":""},{"ID":6,"Name":"kesehatan","Description":""}]},{"ID":1494,"Name":"Durian Jatuh","Description":"","Price":290000,"Ratings":0,"Categories":[{"ID":3,"Name":"alat","Description":""},{"ID":6,"Name":"kesehatan","Description":""}]},{"ID":1504,"Name":"Product Risma","Description":"","Price":89999,"Ratings":0,"Categories":[{"ID":3,"Name":"alat","Description":""},{"ID":6,"Name":"kesehatan","Description":""}]},{"ID":1506,"Name":"Tensi Darah Elektrik","Description":"","Price":240000,"Ratings":0,"Categories":[{"ID":3,"Name":"alat","Description":""},{"ID":6,"Name":"kesehatan","Description":""}]},{"ID":1252,"Name":"Tensi Darah Elektrik","Description":"","Price":240000,"Ratings":0,"Categories":[{"ID":3,"Name":"alat","Description":""},{"ID":6,"Name":"kesehatan","Description":""}]},{"ID":1255,"Name":"Tensi Darah Elektrik","Description":"","Price":240000,"Ratings":0,"Categories":[{"ID":3,"Name":"alat","Description":""},{"ID":6,"Name":"kesehatan","Description":""}]},{"ID":1256,"Name":"Tensi Darah Elektrik","Description":"","Price":240000,"Ratings":5,"Categories":[{"ID":3,"Name":"alat","Description":""},{"ID":6,"Name":"kesehatan","Description":""}]},{"ID":1258,"Name":"white shirt","Description":"","Price":240000,"Ratings":4,"Categories":[{"ID":3,"Name":"alat","Description":""},{"ID":6,"Name":"kesehatan","Description":""}]},{"ID":1259,"Name":"Tensi Darah Elektrik","Description":"","Price":240000,"Ratings":0,"Categories":[{"ID":3,"Name":"alat","Description":""},{"ID":6,"Name":"kesehatan","Description":""}]},{"ID":1262,"Name":"Bawang Merah","Description":"","Price":0,"Ratings":0,"Categories":[]},{"ID":1263,"Name":"Sweater Crewneck","Description":"","Price":199000,"Ratings":0,"Categories":[]},{"ID":1266,"Name":"Bawang Merah","Description":"","Price":0,"Ratings":0,"Categories":[]},{"ID":1267,"Name":"Sweater Crewneck","Description":"","Price":199000,"Ratings":0,"Categories":[]},{"ID":1268,"Name":"Tensi Elektrik","Description":"","Price":250000,"Ratings":0,"Categories":[{"ID":3,"Name":"alat","Description":""},{"ID":6,"Name":"kesehatan","Description":""}]},{"ID":1271,"Name":"Bawang Merah","Description":"","Price":0,"Ratings":0,"Categories":[]},{"ID":1272,"Name":"Sweater Crewneck","Description":"","Price":199000,"Ratings":0,"Categories":[]},{"ID":1275,"Name":"Abc","Description":"","Price":0,"Ratings":0,"Categories":[]},{"ID":1276,"Name":"Abc","Description":"","Price":0,"Ratings":0,"Categories":[]},{"ID":1278,"Name":"Sweater Crewneck","Description":"","Price":199000,"Ratings":0,"Categories":[]},{"ID":1280,"Name":"Sweater Crewneck","Description":"","Price":199000,"Ratings":0,"Categories":[]},{"ID":1283,"Name":"Sweater Crewneck","Description":"","Price":199000,"Ratings":0,"Categories":[]},{"ID":1286,"Name":"Bawang Merah","Description":"","Price":0,"Ratings":0,"Categories":[]},{"ID":1287,"Name":"Sweater Crewneck","Description":"","Price":199000,"Ratings":0,"Categories":[]},{"ID":1290,"Name":"Bawang Merah","Description":"","Price":0,"Ratings":0,"Categories":[]},{"ID":1291,"Name":"Sweater Crewneck","Description":"","Price":199000,"Ratings":0,"Categories":[]},{"ID":1294,"Name":"Sweater Crewneck","Description":"","Price":199000,"Ratings":0,"Categories":[]},{"ID":1296,"Name":"Tensi Darah Elektrik","Description":"","Price":240000,"Ratings":0,"Categories":[{"ID":3,"Name":"alat","Description":""},{"ID":6,"Name":"kesehatan","Description":""}]},{"ID":1297,"Name":"Tensi Darah Elektrik","Description":"","Price":240000,"Ratings":0,"Categories":[{"ID":3,"Name":"alat","Description":""},{"ID":6,"Name":"kesehatan","Description":""}]},{"ID":1298,"Name":"Tensi Elektrical","Description":"","Price":250000,"Ratings":0,"Categories":[{"ID":3,"Name":"alat","Description":""},{"ID":6,"Name":"kesehatan","Description":""}]},{"ID":1299,"Name":"Tensi Darah Elektrik","Description":"","Price":240000,"Ratings":0,"Categories":[{"ID":3,"Name":"alat","Description":""},{"ID":6,"Name":"kesehatan","Description":""}]},{"ID":1300,"Name":"Tensi Darah Elektrik","Description":"","Price":240000,"Ratings":0,"Categories":[{"ID":3,"Name":"alat","Description":""},{"ID":6,"Name":"kesehatan","Description":""}]},{"ID":1301,"Name":"Tensi Darah Elektrik","Description":"","Price":240000,"Ratings":0,"Categories":[{"ID":3,"Name":"alat","Description":""},{"ID":6,"Name":"kesehatan","Description":""}]},{"ID":1302,"Name":"Tensi Darah Elektrik","Description":"","Price":240000,"Ratings":0,"Categories":[{"ID":3,"Name":"alat","Description":""},{"ID":6,"Name":"kesehatan","Description":""}]},{"ID":1303,"Name":"Tensi Darah Elektrik","Description":"","Price":240000,"Ratings":0,"Categories":[{"ID":3,"Name":"alat","Description":""},{"ID":6,"Name":"kesehatan","Description":""}]},{"ID":1304,"Name":"Tensi Darah Elektrik","Description":"","Price":240000,"Ratings":0,"Categories":[{"ID":3,"Name":"alat","Description":""},{"ID":6,"Name":"kesehatan","Description":""}]},{"ID":1305,"Name":"Tensi Darah Elektrik","Description":"","Price":240000,"Ratings":0,"Categories":[{"ID":3,"Name":"alat","Description":""},{"ID":6,"Name":"kesehatan","Description":""}]},{"ID":1306,"Name":"Tensi Darah Elektrik","Description":"","Price":240000,"Ratings":0,"Categories":[{"ID":3,"Name":"alat","Description":""},{"ID":6,"Name":"kesehatan","Description":""}]},{"ID":1307,"Name":"Personal Computer188078694","Description":"","Price":250000,"Ratings":0,"Categories":[{"ID":3,"Name":"alat","Description":""},{"ID":6,"Name":"kesehatan","Description":""}]},{"ID":1309,"Name":"Personal Computer-612953994","Description":"","Price":250000,"Ratings":0,"Categories":[{"ID":3,"Name":"alat","Description":""},{"ID":6,"Name":"kesehatan","Description":""}]},{"ID":1311,"Name":"Tensi Darah Elektrik","Description":"","Price":240000,"Ratings":0,"Categories":[{"ID":3,"Name":"alat","Description":""},{"ID":6,"Name":"kesehatan","Description":""}]},{"ID":1312,"Name":"Treadmill","Description":"","Price":1000000,"Ratings":0,"Categories":[{"ID":1450,"Name":"Sport","Description":""}]},{"ID":1313,"Name":"milk","Description":"","Price":0,"Ratings":0,"Categories":[{"ID":1450,"Name":"Sport","Description":""}]},{"ID":1314,"Name":"Tensi Darah Elektrik","Description":"","Price":240000,"Ratings":0,"Categories":[{"ID":3,"Name":"alat","Description":""},{"ID":6,"Name":"kesehatan","Description":""}]},{"ID":1316,"Name":"Tensi Darah Elektrik","Description":"","Price":240000,"Ratings":0,"Categories":[{"ID":3,"Name":"alat","Description":""},{"ID":6,"Name":"kesehatan","Description":""}]},{"ID":1317,"Name":"Personal Computer1298484091","Description":"","Price":250000,"Ratings":0,"Categories":[{"ID":3,"Name":"alat","Description":""},{"ID":6,"Name":"kesehatan","Description":""}]},{"ID":1319,"Name":"Personal Computer-241059757","Description":"","Price":250000,"Ratings":0,"Categories":[{"ID":3,"Name":"alat","Description":""},{"ID":6,"Name":"kesehatan","Description":""}]},{"ID":1321,"Name":"Personal Computer-475248208","Description":"","Price":250000,"Ratings":0,"Categories":[{"ID":3,"Name":"alat","Description":""},{"ID":6,"Name":"kesehatan","Description":""}]},{"ID":1323,"Name":"Personal Computer-1065355454","Description":"","Price":250000,"Ratings":0,"Categories":[{"ID":3,"Name":"alat","Description":""},{"ID":6,"Name":"kesehatan","Description":""}]},{"ID":1325,"Name":"Tensi Darah Elektrik","Description":"","Price":240000,"Ratings":0,"Categories":[{"ID":3,"Name":"alat","Description":""},{"ID":6,"Name":"kesehatan","Description":""}]},{"ID":1326,"Name":"Tensi Darah Elektrik","Description":"","Price":240000,"Ratings":0,"Categories":[{"ID":3,"Name":"alat","Description":""},{"ID":6,"Name":"kesehatan","Description":""}]},{"ID":1327,"Name":"Tensi Darah Elektrik","Description":"","Price":240000,"Ratings":0,"Categories":[{"ID":3,"Name":"alat","Description":""},{"ID":6,"Name":"kesehatan","Description":""}]},{"ID":1328,"Name":"Personal Computer1579221017","Description"
10:56:40.168 [main] DEBUG org.apache.http.wire -  << "":"","Price":250000,"Ratings":0,"Categories":[{"ID":3,"Name":"alat","Description":""},{"ID":6,"Name":"kesehatan","Description":""}]},{"ID":1330,"Name":"Personal Computer1318042185","Description":"","Price":250000,"Ratings":0,"Categories":[{"ID":3,"Name":"alat","Description":""},{"ID":6,"Name":"kesehatan","Description":""}]},{"ID":1333,"Name":"Tensi Darah Elektrik","Description":"","Price":240000,"Ratings":0,"Categories":[{"ID":3,"Name":"alat","Description":""},{"ID":6,"Name":"kesehatan","Description":""}]},{"ID":1334,"Name":"Personal Computer64860510","Description":"","Price":250000,"Ratings":0,"Categories":[{"ID":3,"Name":"alat","Description":""},{"ID":6,"Name":"kesehatan","Description":""}]},{"ID":1337,"Name":"Tensi Darah Elektrik","Description":"","Price":240000,"Ratings":0,"Categories":[{"ID":3,"Name":"alat","Description":""},{"ID":6,"Name":"kesehatan","Description":""}]},{"ID":1338,"Name":"Personal Computer-1873081793","Description":"","Price":250000,"Ratings":0,"Categories":[{"ID":3,"Name":"alat","Description":""},{"ID":6,"Name":"kesehatan","Description":""}]},{"ID":1340,"Name":"Personal Computer838834212","Description":"","Price":250000,"Ratings":0,"Categories":[{"ID":3,"Name":"alat","Description":""},{"ID":6,"Name":"kesehatan","Description":""}]},{"ID":1343,"Name":"Personal Computer-191093681","Description":"","Price":250000,"Ratings":0,"Categories":[{"ID":3,"Name":"alat","Description":""},{"ID":6,"Name":"kesehatan","Description":""}]},{"ID":1345,"Name":"Tensi Darah Elektrik","Description":"","Price":0,"Ratings":0,"Categories":[]},{"ID":1346,"Name":"Personal Computer-16423801","Description":"","Price":250000,"Ratings":0,"Categories":[{"ID":3,"Name":"alat","Description":""},{"ID":6,"Name":"kesehatan","Description":""}]},{"ID":1348,"Name":"Personal Computer-911814723","Description":"","Price":250000,"Ratings":0,"Categories":[{"ID":3,"Name":"alat","Description":""},{"ID":6,"Name":"kesehatan","Description":""}]},{"ID":1350,"Name":"Personal Computer1785509957","Description":"","Price":250000,"Ratings":0,"Categories":[{"ID":3,"Name":"alat","Description":""},{"ID":6,"Name":"kesehatan","Description":""}]},{"ID":1353,"Name":"Personal Computer-546300572","Description":"","Price":250000,"Ratings":0,"Categories":[{"ID":3,"Name":"alat","Description":""},{"ID":6,"Name":"kesehatan","Description":""}]},{"ID":1355,"Name":"Personal Computer738590464","Description":"","Price":250000,"Ratings":0,"Categories":[{"ID":3,"Name":"alat","Description":""},{"ID":6,"Name":"kesehatan","Description":""}]},{"ID":1358,"Name":"Personal Computer-1775520485","Description":"","Price":250000,"Ratings":0,"Categories":[{"ID":3,"Name":"alat","Description":""},{"ID":6,"Name":"kesehatan","Description":""}]},{"ID":1361,"Name":"Personal Computer-1094554085","Description":"","Price":250000,"Ratings":0,"Categories":[{"ID":3,"Name":"alat","Description":""},{"ID":6,"Name":"kesehatan","Description":""}]},{"ID":1363,"Name":"Tensi Darah Elektrik","Description":"","Price":0,"Ratings":0,"Categories":[]},{"ID":1364,"Name":"Personal Computer-1923759853","Description":"","Price":250000,"Ratings":0,"Categories":[{"ID":3,"Name":"alat","Description":""},{"ID":6,"Name":"kesehatan","Description":""}]},{"ID":1366,"Name":"Tensi Darah Elektrik","Description":"","Price":240000,"Ratings":0,"Categories":[{"ID":3,"Name":"alat","Description":""},{"ID":6,"Name":"kesehatan","Description":""}]},{"ID":1367,"Name":"Treadmill","Description":"","Price":1000000,"Ratings":0,"Categories":[{"ID":1450,"Name":"Sport","Description":""}]},{"ID":1368,"Name":"Personal Computer541643980","Description":"","Price":250000,"Ratings":0,"Categories":[{"ID":3,"Name":"alat","Description":""},{"ID":6,"Name":"kesehatan","Description":""}]},{"ID":1371,"Name":"Personal Computer-822130143","Description":"","Price":250000,"Ratings":0,"Categories":[{"ID":3,"Name":"alat","Description":""},{"ID":6,"Name":"kesehatan","Description":""}]},{"ID":1374,"Name":"Personal Computer197258623","Description":"","Price":250000,"Ratings":0,"Categories":[{"ID":3,"Name":"alat","Description":""},{"ID":6,"Name":"kesehatan","Description":""}]},{"ID":1376,"Name":"kunci","Description":"","Price":0,"Ratings":0,"Categories":[]},{"ID":1377,"Name":"Tensi Darah Elektrik","Description":"","Price":240000,"Ratings":0,"Categories":[{"ID":3,"Name":"alat","Description":""},{"ID":6,"Name":"kesehatan","Description":""}]},{"ID":1378,"Name":"Treadmill","Description":"","Price":1000000,"Ratings":0,"Categories":[{"ID":1450,"Name":"Sport","Description":""}]},{"ID":1379,"Name":"Tensi Darah Elektrik","Description":"","Price":240000,"Ratings":0,"Categories":[{"ID":3,"Name":"alat","Description":""},{"ID":6,"Name":"kesehatan","Description":""}]},{"ID":1380,"Name":"Personal Computer1108396186","Description":"","Price":250000,"Ratings":0,"Categories":[{"ID":3,"Name":"alat","Description":""},{"ID":6,"Name":"kesehatan","Description":""}]},{"ID":1382,"Name":"Personal Computer767483771","Description":"","Price":250000,"Ratings":0,"Categories":[{"ID":3,"Name":"alat","Description":""},{"ID":6,"Name":"kesehatan","Description":""}]},{"ID":1384,"Name":"Personal Computer-1166174361","Description":"","Price":250000,"Ratings":0,"Categories":[{"ID":3,"Name":"alat","Description":""},{"ID":6,"Name":"kesehatan","Description":""}]},{"ID":1386,"Name":"Personal Computer457169845","Description":"","Price":250000,"Ratings":0,"Categories":[{"ID":3,"Name":"alat","Description":""},{"ID":6,"Name":"kesehatan","Description":""}]},{"ID":1388,"Name":"Tensi Darah Elektrik","Description":"","Price":240000,"Ratings":0,"Categories":[{"ID":3,"Name":"alat","Description":""},{"ID":6,"Name":"kesehatan","Description":""}]},{"ID":1389,"Name":"Personal Computer1347610144","Description":"","Price":250000,"Ratings":0,"Categories":[{"ID":3,"Name":"alat","Description":""},{"ID":6,"Name":"kesehatan","Description":""}]},{"ID":1391,"Name":"Mesin Jahit","Description":"","Price":25000,"Ratings":0,"Categories":[]},{"ID":1393,"Name":"Mesin Jahit","Description":"","Price":25000,"Ratings":0,"Categories":[]},{"ID":1395,"Name":"kesehatan","Description":"","Price":30000,"Ratings":4,"Categories":[{"ID":11,"Name":"kesehatan","Description":""},{"ID":142,"Name":"kesehatan","Description":""},{"ID":213,"Name":"Teleskop","Description":""}]},{"ID":1396,"Name":"Tensi Darah Elektrik","Description":"","Price":240000,"Ratings":0,"Categories":[{"ID":3,"Name":"alat","Description":""},{"ID":6,"Name":"kesehatan","Description":""}]},{"ID":1397,"Name":"Tensi Darah Elektrik","Description":"","Price":240000,"Ratings":0,"Categories":[{"ID":3,"Name":"alat","Description":""},{"ID":6,"Name":"kesehatan","Description":""}]},{"ID":1398,"Name":"Tensi Darah Elektrik","Description":"","Price":240000,"Ratings":0,"Categories":[{"ID":3,"Name":"alat","Description":""},{"ID":6,"Name":"kesehatan","Description":""}]},{"ID":1399,"Name":"Tensi Darah Elektrik","Description":"","Price":240000,"Ratings":0,"Categories":[{"ID":3,"Name":"alat","Description":""},{"ID":6,"Name":"kesehatan","Description":""}]},{"ID":1400,"Name":"Tensi Darah Elektrik","Description":"","Price":240000,"Ratings":0,"Categories":[{"ID":3,"Name":"alat","Description":""},{"ID":6,"Name":"kesehatan","Description":""}]},{"ID":1401,"Name":"Tensi Darah Elektrik","Description":"","Price":240000,"Ratings":0,"Categories":[{"ID":3,"Name":"alat","Description":""},{"ID":6,"Name":"kesehatan","Description":""}]},{"ID":1402,"Name":"Tensi Darah Elektrik","Description":"","Price":240000,"Ratings":0,"Categories":[{"ID":3,"Name":"alat","Description":""},{"ID":6,"Name":"kesehatan","Description":""}]},{"ID":1403,"Name":"Handphone","Description":"","Price":12000,"Ratings":0,"Categories":[{"ID":3,"Name":"alat","Description":""},{"ID":10,"Name":"kesehatan","Description":""}]},{"ID":1404,"Name":"Tensi Darah Elektrik","Description":"","Price":240000,"Ratings":0,"Categories":[{"ID":3,"Name":"alat","Description":""},{"ID":6,"Name":"kesehatan","Description":""}]},{"ID":1405,"Name":"Oksimeter","Description":"","Price":6000,"Ratings":0,"Categories":[{"ID":3,"Name":"alat","Description":""},{"ID":6,"Name":"kesehatan","Description":""},{"ID":1258,"Name":"Kesehatan","Description":"Saluran Pernafasan"}]},{"ID":1406,"Name":"produkku","Description":"","Price":240000,"Ratings":0,"Categories":[{"ID":2,"Name":"kesehatan","Description":""},{"ID":3,"Name":"alat","Description":""}]},{"ID":1408,"Name":"Oksimeter","Description":"","Price":6000,"Ratings":0,"Categories":[{"ID":3,"Name":"alat","Description":""},{"ID":6,"Name":"kesehatan","Description":""},{"ID":1258,"Name":"Kesehatan","Description":"Saluran Pernafasan"}]},{"ID":1409,"Name":"produkku","Description":"","Price":240000,"Ratings":5,"Categories":[{"ID":2,"Name":"kesehatan","Description":""},{"ID":3,"Name":"alat","Description":""}]},{"ID":1410,"Name":"produkku","Description":"","Price":240000,"Ratings":0,"Categories":[{"ID":2,"Name":"kesehatan","Description":""},{"ID":3,"Name":"alat","Description":""}]},{"ID":1412,"Name":"produkku","Description":"","Price":240000,"Ratings":0,"Categories":[{"ID":2,"Name":"kesehatan","Description":""},{"ID":3,"Name":"alat","Description":""}]},{"ID":1414,"Name":"Oksimeter","Description":"","Price":6000,"Ratings":0,"Categories":[{"ID":3,"Name":"alat","Description":""},{"ID":6,"Name":"kesehatan","Description":""},{"ID":1258,"Name":"Kesehatan","Description":"Saluran Pernafasan"}]},{"ID":1415,"Name":"Barbel","Description":"","Price":400000,"Ratings":0,"Categories":[{"ID":3,"Name":"alat","Description":""},{"ID":4,"Name":"alat","Description":"sangat bagus"},{"ID":1029,"Name":"Barang Berat","Description":"berat barang"}]},{"ID":1416,"Name":"white shirt","Description":"","Price":240000,"Ratings":0,"Categories":[{"ID":3,"Name":"alat","Description":""},{"ID":6,"Name":"kesehatan","Description":""}]},{"ID":1417,"Name":"Oksimeter","Description":"","Price":6000,"Ratings":0,"Categories":[{"ID":3,"Name":"alat","Description":""},{"ID":6,"Name":"kesehatan","Description":""},{"ID":1258,"Name":"Kesehatan","Description":"Saluran Pernafasan"}]},{"ID":1418,"Name":"Barbel","Description":"","Price":400000,"Ratings":0,"Categories":[{"ID":3,"Name":"alat","Description":""},{"ID":4,"Name":"alat","Description":"sangat bagus"},{"ID":1029,"Name":"Barang Berat","Description":"berat barang"}]},{"ID":1477,"Name":"Tensi Darah Elektrik","Description":"","Price":240000,"Ratings":0,"Categories":[{"ID":3,"Name":"alat","Description":""},{"ID":6,"Name":"kesehatan","Description":""}]},{"ID":1495,"Name":"Durian Jatuh","Description":"","Price":290000,"Ratings":0,"Categories":[{"ID":3,"Name":"alat","Description":""},{"ID":6,"Name":"kesehatan","Description":""}]},{"ID":1419,"Name":"white shirt","Description":"","Price":240000,"Ratings":0,"Categories":[{"ID":3,"Name":"alat","Description":""},{"ID":6,"Name":"kesehatan","Description":""}]},{"ID":1420,"Name":"white shirt","Description":"","Price":240000,"Ratings":0,"Categories":[{"ID":3,"Name":"alat","Description":""},{"ID":6,"Name":"kesehatan","Description":""}]},{"ID":1421,"Name":"white shirt","Description":"","Price":240000,"Ratings":0,"Categories":[{"ID":3,"Name":"alat","Description":""},{"ID":6,"Name":"kesehatan","Description":""}]},{"ID":1422,"Name":"Barbel","Description":"","Price":400000,"Ratings":0,"Categories":[{"ID":3,"Name":"alat","Description":""},{"ID":4,"Name":"alat","Description":"sangat bagus"},{"ID":1029,"Name":"Barang Berat","Description":"berat barang"}]},{"ID":1423,"Name":"white shirt","Description":"","Price":240000,"Ratings":0,"Categories":[{"ID":3,"Name":"alat","Description":""},{"ID":6,"Name":"kesehatan","Description":""}]},{"ID":1424,"Name":"white shirt","Description":"","Price":240000,"Ratings":0,"Categories":[{"ID":3,"Name":"alat","Description":""},{"ID":6,"Name":"kesehatan","Description":""}]},{"ID":1425,"Name":"Tensi Darah Elektrik","Description":"","Price":240000,"Ratings":0,"Categories":[{"ID":3,"Name":"alat","Description":""},{"ID":6,"Name":"kesehatan","Description":""}]},{"ID":1426,"Name":"Tensi Darah Elektrik","Description":"","Price":240000,"Ratings":0,"Categories":[{"ID":3,"Name":"alat","Description":""},{"ID":6,"Name":"kesehatan","Description":""}]},{"ID":1427,"Name":"Mesin Jahit","Description":"","Price":25000,"Ratings":0,"Categories":[]},{"ID":1429,"Name":"Tensi Darah Elektrik","Description":"","Price":240000,"Ratings":0,"Categories":[{"ID":3,"Name":"alat","Description":""},{"ID":6,"Name":"kesehatan","Description":""}]},{"ID":1430,"Name":"Roti","Description":"","Price":12000,"Ratings":0,"Categories":[{"ID":3,"Name":"alat","Description":""},{"ID":10,"Name":"kesehatan","Description":""}]},{"ID":1431,"Name":"Roti","Description":"","Price":12000,"Ratings":0,"Categories":[{"ID":3,"Name":"alat","Description":""},{"ID":10,"Name":"kesehatan","Description":""}]},{"ID":1432,"Name":"Oksimeter","Description":"","Price":6000,"Ratings":0,"Categories":[{"ID":3,"Name":"alat","Description":""},{"ID":6,"Name":"kesehatan","Description":""},{"ID":1258,"Name":"Kesehatan","Description":"Saluran Pernafasan"}]},{"ID":1433,"Name":"Handphone","Description":"","Price":12000,"Ratings":0,"Categories":[{"ID":3,"Name":"alat","Description":""},{"ID":10,"Name":"kesehatan","Description":""}]},{"ID":1434,"Name":"Takoyaki","Description":"","Price":240000,"Ratings":3,"Categories":[{"ID":9,"Name":"Tensi Darah Elektrik","Description":""}]},{"ID":1435,"Name":"Tensi Darah Elektrik","Description":"","Price":240000,"Ratings":0,"Categories":[{"ID":3,"Name":"alat","Description":""},{"ID":6,"Name":"kesehatan","Description":""}]},{"ID":1436,"Name":"Mesin Jahit","Description":"","Price":25000,"Ratings":0,"Categories":[]},{"ID":1438,"Name":"Mesin Jahit","Description":"","Price":25000,"Ratings":0,"Categories":[]},{"ID":1440,"Name":"Mesin Jahit","Description":"","Price":25000,"Ratings":0,"Categories":[]},{"ID":1442,"Name":"Tensi Darah Elektrik","Description":"","Price":240000,"Ratings":0,"Categories":[{"ID":3,"Name":"alat","Description":""},{"ID":6,"Name":"kesehatan","Description":""}]},{"ID":1443,"Name":"white shirt","Description":"","Price":240000,"Ratings":0,"Categories":[{"ID":3,"Name":"alat","Description":""},{"ID":6,"Name":"kesehatan","Description":""}]},{"ID":1444,"Name":"Tensi Darah Elektrik","Description":"","Price":240000,"Ratings":0,"Categories":[{"ID":2,"Name":"kesehatan","Description":""}]},{"ID":1445,"Name":"Tensi Darah Elektrik","Description":"","Price":240000,"Ratings":0,"Categories":[{"ID":2,"Name":"kesehatan","Description":""},{"ID":2,"Name":"kesehatan","Description":""}]},{"ID":1446,"Name":"Tensi Darah Elektrik","Description":"","Price":1000,"Ratings":2,"Categories":[{"ID":3,"Name":"alat","Description":""},{"ID":6,"Name":"kesehatan","Description":""}]},{"ID":1447,"Name":"white shirt","Description":"","Price":240000,"Ratings":0,"Categories":[{"ID":3,"Name":"alat","Description":""},{"ID":6,"Name":"kesehatan","Description":""}]},{"ID":1448,"Name":"Tensi Darah Elektrik","Description":"","Price":1000,"Ratings":2,"Categories":[{"ID":3,"Name":"alat","Description":""},{"ID":6,"Name":"kesehatan","Description":""}]},{"ID":1449,"Name":"white shirt","Description":"","Price":240000,"Ratings":0,"Categories":[{"ID":3,"Name":"alat","Description":""},{"ID":6,"Name":"kesehatan","Description":""}]},{"ID":1450,"Name":"Tensi Darah Elektrik","Description":"","Price":1000,"Ratings":2,"Categories":[{"ID":3,"Name":"alat","Description":""},{"ID":6,"Name":"kesehatan","Description":""}]},{"ID":1451,"Name":"Tensi Darah Wireless","Description":"","Price":2900000,"Ratings":0,"Categories":[]},{"ID":1452,"Name":"Tensi Darah Elektrik","Description":"","Price":1000,"Ratings":2,"Categories":[{"ID":3,"Name":"alat","Description":""},{"ID":6,"Name":"kesehatan","Description":""}]},{"ID":1453,"Name":"Tensi Darah Elektrik","Description":"","Price":1000,"Ratings":2,"Categories":[{"ID":3,"Name":"alat","Description":""},{"ID":6,"Name":"kesehatan","Description":""}]},{"ID":1454,"Name":"Tensi Darah Elektrik","Description":"","Price":1000,"Ratings":0,"Categories":[{"ID":3,"Name":"alat","Description":""},{"ID":6,"Name":"kesehatan","Description":""}]},{"ID":1455,"Name":"Tensi Darah Elektrik","Description":"","Price":240000,"Ratings":0,"Categories":[{"ID":3,"Name":"alat","Description":""},{"ID":6,"Name":"kesehatan","Description":""}]},{"ID":1456,"Name":"Tensi Darah Elektrik","Description":"","Price":240000,"Ratings":0,"Categories":[{"ID":3,"Name":"alat","Description":""},{"ID":6,"Name":"kesehatan","Description":""}]},{"ID":1457,"Name""
10:56:40.168 [main] DEBUG org.apache.http.wire -  << ":"Tensi Darah Elektrik","Description":"","Price":240000,"Ratings":0,"Categories":[{"ID":3,"Name":"alat","Description":""},{"ID":6,"Name":"kesehatan","Description":""}]},{"ID":1458,"Name":"Tensi Darah Elektrik","Description":"","Price":240000,"Ratings":0,"Categories":[{"ID":3,"Name":"alat","Description":""},{"ID":6,"Name":"kesehatan","Description":""}]},{"ID":1459,"Name":"Tensi Darah Elektrik","Description":"","Price":240000,"Ratings":0,"Categories":[{"ID":3,"Name":"alat","Description":""},{"ID":6,"Name":"kesehatan","Description":""}]},{"ID":1460,"Name":"Tensi Darah Elektrik","Description":"","Price":240000,"Ratings":0,"Categories":[{"ID":3,"Name":"alat","Description":""},{"ID":6,"Name":"kesehatan","Description":""}]},{"ID":1461,"Name":"Tensi Darah Wireless","Description":"","Price":2900000,"Ratings":0,"Categories":[]},{"ID":1462,"Name":"Tensi Darah Elektrik","Description":"","Price":240000,"Ratings":0,"Categories":[{"ID":3,"Name":"alat","Description":""},{"ID":6,"Name":"kesehatan","Description":""}]},{"ID":1463,"Name":"Tensi Darah Elektrik","Description":"","Price":240000,"Ratings":0,"Categories":[{"ID":3,"Name":"alat","Description":""},{"ID":6,"Name":"kesehatan","Description":""}]},{"ID":1464,"Name":"Tensi Darah Elektrik","Description":"","Price":240000,"Ratings":0,"Categories":[{"ID":3,"Name":"alat","Description":""},{"ID":6,"Name":"kesehatan","Description":""}]},{"ID":1465,"Name":"Tensi Darah Elektrik","Description":"","Price":240000,"Ratings":0,"Categories":[{"ID":3,"Name":"alat","Description":""},{"ID":6,"Name":"kesehatan","Description":""}]},{"ID":1466,"Name":"Tensi Darah Elektrik","Description":"","Price":240000,"Ratings":0,"Categories":[{"ID":3,"Name":"alat","Description":""},{"ID":6,"Name":"kesehatan","Description":""}]},{"ID":1467,"Name":"Tensi Darah Elektrik","Description":"","Price":240000,"Ratings":0,"Categories":[{"ID":3,"Name":"alat","Description":""},{"ID":6,"Name":"kesehatan","Description":""}]},{"ID":1478,"Name":"Tensi Darah Elektrik","Description":"","Price":240000,"Ratings":0,"Categories":[{"ID":3,"Name":"alat","Description":""},{"ID":6,"Name":"kesehatan","Description":""}]},{"ID":1496,"Name":"Durian Jatuh","Description":"","Price":290000,"Ratings":0,"Categories":[{"ID":3,"Name":"alat","Description":""},{"ID":6,"Name":"kesehatan","Description":""}]}]}[\n]"
10:56:40.168 [main] DEBUG org.apache.http.wire -  << "[\r][\n]"
10:56:40.168 [main] DEBUG org.apache.http.wire -  << "0[\r][\n]"
10:56:40.168 [main] DEBUG org.apache.http.wire -  << "[\r][\n]"
10:56:40.169 [main] DEBUG org.apache.http.impl.conn.BasicClientConnectionManager - Releasing connection org.apache.http.impl.conn.ManagedClientConnectionImpl@29ccab93
10:56:40.169 [main] DEBUG org.apache.http.impl.conn.BasicClientConnectionManager - Connection can be kept alive indefinitely
10:56:40.196 [main] DEBUG net.thucydides.core.steps.StepInterceptor - STEP DONE: I send GET HTTP Request for products by id
  &amp#27;[32mWhen &amp#27;[0m&amp#27;[32mI send GET HTTP Request for products by id&amp#27;[0m  &amp#27;[90m# starter.stepdefinitions.GetProductStep.getHTTPRequestforId()&amp#27;[0m
10:56:40.211 [main] DEBUG net.thucydides.core.steps.StepInterceptor - STARTING STEP: GetSteps.getValidHTTP - I receive valid HTTP response code 200
10:56:40.213 [main] DEBUG net.thucydides.core.steps.StepInterceptor - STEP DONE: I receive valid HTTP response code 200
  &amp#27;[32mThen &amp#27;[0m&amp#27;[32mI receive valid HTTP response code 200&amp#27;[0m      &amp#27;[90m# starter.stepdefinitions.GetSteps.getValidHTTP()&amp#27;[0m
10:56:40.219 [main] INFO  - 
  _____   ___   ___   _____     ___     _     ___   ___   ___   ___  
 |_   _| | __| / __| |_   _|   | _ \   /_\   / __| / __| | __| |   \ 
   | |   | _|  \__ \   | |     |  _/  / _ \  \__ \ \__ \ | _|  | |) |
   |_|   |___| |___/   |_|     |_|   /_/ \_\ |___/ |___/ |___| |___/ 

Get All Products By Id
----------------------------------------------------------------------
]]></system-out>
  </testcase>
  <testcase name="Get Invalid All Products 1" classname="Get Products" time="0.289">
    <system-out><![CDATA[
@get-invalid-product
Scenario: Get Invalid All Products 1               &amp#27;[90m# src/test/resources/api/GetProduct.feature:16&amp#27;[0m
10:56:40.227 [main] INFO io.cucumber.core.plugin.SerenityReporter - Running feature from file:///D:/PERKULIAHAN/SEMESTER%206/KAMPUS%20MERDEKA/PROYEK_ALTERRA/TestingAPIALTA/src/test/resources/api/GetProduct.feature
10:56:40.227 [main] WARN io.cucumber.core.plugin.SerenityReporter - Feature from file:///D:/PERKULIAHAN/SEMESTER%206/KAMPUS%20MERDEKA/PROYEK_ALTERRA/TestingAPIALTA/src/test/resources/api/GetProduct.feature is not under the 'features' directory. Requirements report will not be correctly generated!
10:56:40.231 [main] INFO  - 
  _____   ___   ___   _____     ___   _____     _     ___   _____   ___   ___  
 |_   _| | __| / __| |_   _|   / __| |_   _|   /_\   | _ \ |_   _| | __| |   \ 
   | |   | _|  \__ \   | |     \__ \   | |    / _ \  |   /   | |   | _|  | |) |
   |_|   |___| |___/   |_|     |___/   |_|   /_/ \_\ |_|_\   |_|   |___| |___/ 

Get Invalid All Products 1(get-products;get-invalid-all-products-1)
--------------------------------------------------------------------------------
10:56:40.242 [main] DEBUG net.thucydides.core.steps.StepInterceptor - STARTING STEP: GetProductStep.setWrongGetApiProduct - I set wrong GET api endpoints for product1
10:56:40.242 [main] DEBUG net.thucydides.core.steps.StepInterceptor - STEP DONE: I set wrong GET api endpoints for product1
  &amp#27;[32mGiven &amp#27;[0m&amp#27;[32mI set wrong GET api endpoints for product1&amp#27;[0m &amp#27;[90m# starter.stepdefinitions.GetProductStep.setWrongGetApiProduct()&amp#27;[0m
10:56:40.247 [main] DEBUG net.thucydides.core.steps.StepInterceptor - STARTING STEP: GetProductStep.getWrongHttpRequestProducts - When I send Wrong GET HTTP Request for product
10:56:40.248 [main] DEBUG net.thucydides.core.steps.StepInterceptor - STARTING STEP: GetProducts.getWrongHttpRequestProducts - I set wrong GET api endpoints for product1
10:56:40.248 [main] DEBUG net.thucydides.core.steps.StepInterceptor - STEP DONE: I set wrong GET api endpoints for product1
10:56:40.266 [main] DEBUG org.apache.http.impl.conn.BasicClientConnectionManager - Get connection for route {s}->https://be-qa.alta.id:443
10:56:40.266 [main] DEBUG org.apache.http.impl.conn.DefaultClientConnectionOperator - Connecting to be-qa.alta.id:443
10:56:40.469 [main] DEBUG org.apache.http.client.protocol.RequestAddCookies - CookieSpec selected: ignoreCookies
10:56:40.469 [main] DEBUG org.apache.http.client.protocol.RequestAuthCache - Auth cache not set in the context
10:56:40.469 [main] DEBUG org.apache.http.client.protocol.RequestTargetAuthentication - Target auth state: UNCHALLENGED
10:56:40.469 [main] DEBUG org.apache.http.client.protocol.RequestProxyAuthentication - Proxy auth state: UNCHALLENGED
10:56:40.469 [main] DEBUG org.apache.http.impl.client.DefaultHttpClient - Attempt 1 to execute request
10:56:40.469 [main] DEBUG org.apache.http.impl.conn.DefaultClientConnection - Sending request: GET /api/produc HTTP/1.1
10:56:40.469 [main] DEBUG org.apache.http.wire -  >> "GET /api/produc HTTP/1.1[\r][\n]"
10:56:40.469 [main] DEBUG org.apache.http.wire -  >> "Accept: */*[\r][\n]"
10:56:40.469 [main] DEBUG org.apache.http.wire -  >> "Host: be-qa.alta.id[\r][\n]"
10:56:40.469 [main] DEBUG org.apache.http.wire -  >> "Connection: Keep-Alive[\r][\n]"
10:56:40.469 [main] DEBUG org.apache.http.wire -  >> "User-Agent: Apache-HttpClient/4.5.13 (Java/1.8.0_241)[\r][\n]"
10:56:40.469 [main] DEBUG org.apache.http.wire -  >> "Accept-Encoding: gzip,deflate[\r][\n]"
10:56:40.469 [main] DEBUG org.apache.http.wire -  >> "[\r][\n]"
10:56:40.469 [main] DEBUG org.apache.http.headers - >> GET /api/produc HTTP/1.1
10:56:40.469 [main] DEBUG org.apache.http.headers - >> Accept: */*
10:56:40.469 [main] DEBUG org.apache.http.headers - >> Host: be-qa.alta.id
10:56:40.469 [main] DEBUG org.apache.http.headers - >> Connection: Keep-Alive
10:56:40.469 [main] DEBUG org.apache.http.headers - >> User-Agent: Apache-HttpClient/4.5.13 (Java/1.8.0_241)
10:56:40.469 [main] DEBUG org.apache.http.headers - >> Accept-Encoding: gzip,deflate
10:56:40.505 [main] DEBUG org.apache.http.wire -  << "HTTP/1.1 404 Not Found[\r][\n]"
10:56:40.505 [main] DEBUG org.apache.http.wire -  << "Server: nginx/1.14.2[\r][\n]"
10:56:40.505 [main] DEBUG org.apache.http.wire -  << "Date: Sat, 14 May 2022 03:56:39 GMT[\r][\n]"
10:56:40.505 [main] DEBUG org.apache.http.wire -  << "Content-Type: text/plain; charset=utf-8[\r][\n]"
10:56:40.505 [main] DEBUG org.apache.http.wire -  << "Content-Length: 10[\r][\n]"
10:56:40.505 [main] DEBUG org.apache.http.wire -  << "Connection: keep-alive[\r][\n]"
10:56:40.505 [main] DEBUG org.apache.http.wire -  << "[\r][\n]"
10:56:40.505 [main] DEBUG org.apache.http.impl.conn.DefaultClientConnection - Receiving response: HTTP/1.1 404 Not Found
10:56:40.505 [main] DEBUG org.apache.http.headers - << HTTP/1.1 404 Not Found
10:56:40.505 [main] DEBUG org.apache.http.headers - << Server: nginx/1.14.2
10:56:40.505 [main] DEBUG org.apache.http.headers - << Date: Sat, 14 May 2022 03:56:39 GMT
10:56:40.505 [main] DEBUG org.apache.http.headers - << Content-Type: text/plain; charset=utf-8
10:56:40.505 [main] DEBUG org.apache.http.headers - << Content-Length: 10
10:56:40.505 [main] DEBUG org.apache.http.headers - << Connection: keep-alive
10:56:40.505 [main] DEBUG org.apache.http.impl.client.DefaultHttpClient - Connection can be kept alive indefinitely
10:56:40.505 [main] DEBUG io.restassured.internal.RequestSpecificationImpl$RestAssuredHttpBuilder - Parsing response as: text/plain; charset=utf-8
10:56:40.505 [main] DEBUG io.restassured.internal.RequestSpecificationImpl$RestAssuredHttpBuilder - Parsed data to instance of: class org.apache.http.conn.EofSensorInputStream
10:56:40.506 [main] DEBUG org.apache.http.wire -  << "not found[\n]"
10:56:40.506 [main] DEBUG org.apache.http.impl.conn.BasicClientConnectionManager - Releasing connection org.apache.http.impl.conn.ManagedClientConnectionImpl@6eab92f3
10:56:40.506 [main] DEBUG org.apache.http.impl.conn.BasicClientConnectionManager - Connection can be kept alive indefinitely
10:56:40.506 [main] DEBUG net.thucydides.core.steps.StepInterceptor - STEP DONE: When I send Wrong GET HTTP Request for product
  &amp#27;[32mWhen &amp#27;[0m&amp#27;[32mI send Wrong GET HTTP Request for product&amp#27;[0m   &amp#27;[90m# starter.stepdefinitions.GetProductStep.getWrongHttpRequestProducts()&amp#27;[0m
10:56:40.509 [main] DEBUG net.thucydides.core.steps.StepInterceptor - STARTING STEP: GetSteps.validHTTPResponse - I receive valid HTTP response code 404
10:56:40.510 [main] DEBUG net.thucydides.core.steps.StepInterceptor - STEP DONE: I receive valid HTTP response code 404
  &amp#27;[32mThen &amp#27;[0m&amp#27;[32mI receive valid HTTP response code 404&amp#27;[0m      &amp#27;[90m# starter.stepdefinitions.GetSteps.validHTTPResponse()&amp#27;[0m
10:56:40.510 [main] INFO  - 
  _____   ___   ___   _____     ___     _     ___   ___   ___   ___  
 |_   _| | __| / __| |_   _|   | _ \   /_\   / __| / __| | __| |   \ 
   | |   | _|  \__ \   | |     |  _/  / _ \  \__ \ \__ \ | _|  | |) |
   |_|   |___| |___/   |_|     |_|   /_/ \_\ |___/ |___/ |___| |___/ 

Get Invalid All Products 1
----------------------------------------------------------------------
]]></system-out>
  </testcase>
  <testcase name="Get All Transaction" classname="Get All Transaction" time="0.297">
    <system-out><![CDATA[10:56:40.511 [main] INFO io.cucumber.core.plugin.SerenityReporter - Running feature from file:///D:/PERKULIAHAN/SEMESTER%206/KAMPUS%20MERDEKA/PROYEK_ALTERRA/TestingAPIALTA/src/test/resources/api/GetTransaction.feature
10:56:40.511 [main] WARN io.cucumber.core.plugin.SerenityReporter - Feature from file:///D:/PERKULIAHAN/SEMESTER%206/KAMPUS%20MERDEKA/PROYEK_ALTERRA/TestingAPIALTA/src/test/resources/api/GetTransaction.feature is not under the 'features' directory. Requirements report will not be correctly generated!
10:56:40.513 [main] DEBUG net.thucydides.core.steps.StepEventBus - Test suite started for story net.thucydides.core.model.Story@d95beecb
10:56:40.513 [main] INFO  - Test Suite Started: Get All Transaction

@get-all-transaction
Scenario: Get All Transaction                              &amp#27;[90m# src/test/resources/api/GetTransaction.feature:3&amp#27;[0m
10:56:40.518 [main] INFO io.cucumber.core.plugin.SerenityReporter - Running feature from file:///D:/PERKULIAHAN/SEMESTER%206/KAMPUS%20MERDEKA/PROYEK_ALTERRA/TestingAPIALTA/src/test/resources/api/GetTransaction.feature
10:56:40.518 [main] WARN io.cucumber.core.plugin.SerenityReporter - Feature from file:///D:/PERKULIAHAN/SEMESTER%206/KAMPUS%20MERDEKA/PROYEK_ALTERRA/TestingAPIALTA/src/test/resources/api/GetTransaction.feature is not under the 'features' directory. Requirements report will not be correctly generated!
10:56:40.519 [main] INFO  - 
  _____   ___   ___   _____     ___   _____     _     ___   _____   ___   ___  
 |_   _| | __| / __| |_   _|   / __| |_   _|   /_\   | _ \ |_   _| | __| |   \ 
   | |   | _|  \__ \   | |     \__ \   | |    / _ \  |   /   | |   | _|  | |) |
   |_|   |___| |___/   |_|     |___/   |_|   /_/ \_\ |_|_\   |_|   |___| |___/ 

Get All Transaction(get-all-transaction;get-all-transaction)
--------------------------------------------------------------------------------
10:56:40.523 [main] DEBUG net.thucydides.core.steps.StepInterceptor - STARTING STEP: GetTransactions.setGetAllTransaction - I send GET HTTP Request for for get all transaction
10:56:40.524 [main] DEBUG net.thucydides.core.steps.StepInterceptor - STARTING STEP: GetTransaction.getAllTransaction - I set GET api endpoints for get all transaction
10:56:40.524 [main] DEBUG net.thucydides.core.steps.StepInterceptor - STEP DONE: I set GET api endpoints for get all transaction
10:56:40.527 [main] DEBUG org.apache.http.impl.conn.BasicClientConnectionManager - Get connection for route {s}->https://be-qa.alta.id:443
10:56:40.527 [main] DEBUG org.apache.http.impl.conn.DefaultClientConnectionOperator - Connecting to be-qa.alta.id:443
10:56:40.750 [main] DEBUG org.apache.http.client.protocol.RequestAddCookies - CookieSpec selected: ignoreCookies
10:56:40.750 [main] DEBUG org.apache.http.client.protocol.RequestAuthCache - Auth cache not set in the context
10:56:40.750 [main] DEBUG org.apache.http.client.protocol.RequestProxyAuthentication - Proxy auth state: UNCHALLENGED
10:56:40.750 [main] DEBUG org.apache.http.impl.client.DefaultHttpClient - Attempt 1 to execute request
10:56:40.750 [main] DEBUG org.apache.http.impl.conn.DefaultClientConnection - Sending request: GET /api/orders/407 HTTP/1.1
10:56:40.750 [main] DEBUG org.apache.http.wire -  >> "GET /api/orders/407 HTTP/1.1[\r][\n]"
10:56:40.750 [main] DEBUG org.apache.http.wire -  >> "Authorization: Bearer eyJhbGciOiJIUzI1NiIsInR5cCI6IkpXVCJ9.eyJGdWxsbmFtZSI6IkFsZXggVW5kZXIiLCJFbWFpbCI6ImFuaXRhbGFzbWFyaWFAZ21haWwuY29tIn0.hBBhAuPzWCW9alS5kZSou2p-O1TtPz0W1CmGlUwXz_4[\r][\n]"
10:56:40.750 [main] DEBUG org.apache.http.wire -  >> "Accept: */*[\r][\n]"
10:56:40.750 [main] DEBUG org.apache.http.wire -  >> "Host: be-qa.alta.id[\r][\n]"
10:56:40.750 [main] DEBUG org.apache.http.wire -  >> "Connection: Keep-Alive[\r][\n]"
10:56:40.750 [main] DEBUG org.apache.http.wire -  >> "User-Agent: Apache-HttpClient/4.5.13 (Java/1.8.0_241)[\r][\n]"
10:56:40.750 [main] DEBUG org.apache.http.wire -  >> "Accept-Encoding: gzip,deflate[\r][\n]"
10:56:40.750 [main] DEBUG org.apache.http.wire -  >> "[\r][\n]"
10:56:40.750 [main] DEBUG org.apache.http.headers - >> GET /api/orders/407 HTTP/1.1
10:56:40.750 [main] DEBUG org.apache.http.headers - >> Authorization: Bearer eyJhbGciOiJIUzI1NiIsInR5cCI6IkpXVCJ9.eyJGdWxsbmFtZSI6IkFsZXggVW5kZXIiLCJFbWFpbCI6ImFuaXRhbGFzbWFyaWFAZ21haWwuY29tIn0.hBBhAuPzWCW9alS5kZSou2p-O1TtPz0W1CmGlUwXz_4
10:56:40.750 [main] DEBUG org.apache.http.headers - >> Accept: */*
10:56:40.750 [main] DEBUG org.apache.http.headers - >> Host: be-qa.alta.id
10:56:40.750 [main] DEBUG org.apache.http.headers - >> Connection: Keep-Alive
10:56:40.750 [main] DEBUG org.apache.http.headers - >> User-Agent: Apache-HttpClient/4.5.13 (Java/1.8.0_241)
10:56:40.750 [main] DEBUG org.apache.http.headers - >> Accept-Encoding: gzip,deflate
10:56:40.804 [main] DEBUG org.apache.http.wire -  << "HTTP/1.1 200 OK[\r][\n]"
10:56:40.804 [main] DEBUG org.apache.http.wire -  << "Server: nginx/1.14.2[\r][\n]"
10:56:40.804 [main] DEBUG org.apache.http.wire -  << "Date: Sat, 14 May 2022 03:56:40 GMT[\r][\n]"
10:56:40.804 [main] DEBUG org.apache.http.wire -  << "Content-Type: application/json[\r][\n]"
10:56:40.804 [main] DEBUG org.apache.http.wire -  << "Content-Length: 111[\r][\n]"
10:56:40.804 [main] DEBUG org.apache.http.wire -  << "Connection: keep-alive[\r][\n]"
10:56:40.804 [main] DEBUG org.apache.http.wire -  << "[\r][\n]"
10:56:40.804 [main] DEBUG org.apache.http.impl.conn.DefaultClientConnection - Receiving response: HTTP/1.1 200 OK
10:56:40.804 [main] DEBUG org.apache.http.headers - << HTTP/1.1 200 OK
10:56:40.804 [main] DEBUG org.apache.http.headers - << Server: nginx/1.14.2
10:56:40.804 [main] DEBUG org.apache.http.headers - << Date: Sat, 14 May 2022 03:56:40 GMT
10:56:40.804 [main] DEBUG org.apache.http.headers - << Content-Type: application/json
10:56:40.804 [main] DEBUG org.apache.http.headers - << Content-Length: 111
10:56:40.804 [main] DEBUG org.apache.http.headers - << Connection: keep-alive
10:56:40.804 [main] DEBUG org.apache.http.impl.client.DefaultHttpClient - Connection can be kept alive indefinitely
10:56:40.804 [main] DEBUG io.restassured.internal.RequestSpecificationImpl$RestAssuredHttpBuilder - Parsing response as: application/json
10:56:40.804 [main] DEBUG io.restassured.internal.RequestSpecificationImpl$RestAssuredHttpBuilder - Parsed data to instance of: class org.apache.http.conn.EofSensorInputStream
10:56:40.805 [main] DEBUG org.apache.http.wire -  << "{"data":{"ID":407,"User":{"ID":895,"Fullname":"qq","Email":"qq","Password":"qq"},"Product":null,"Quantity":2}}[\n]"
10:56:40.805 [main] DEBUG org.apache.http.impl.conn.BasicClientConnectionManager - Releasing connection org.apache.http.impl.conn.ManagedClientConnectionImpl@3c46e6f6
10:56:40.805 [main] DEBUG org.apache.http.impl.conn.BasicClientConnectionManager - Connection can be kept alive indefinitely
10:56:40.805 [main] DEBUG net.thucydides.core.steps.StepInterceptor - STEP DONE: I send GET HTTP Request for for get all transaction
  &amp#27;[32mGiven &amp#27;[0m&amp#27;[32mI set GET api endpoints for get all transaction&amp#27;[0m    &amp#27;[90m# starter.stepdefinitions.GetTransactions.setGetAllTransaction()&amp#27;[0m
10:56:40.806 [main] DEBUG net.thucydides.core.steps.StepInterceptor - STARTING STEP: GetTransactions.getHttpRequestAllTransaction - I set GET api endpoints for get all transaction
10:56:40.806 [main] DEBUG net.thucydides.core.steps.StepInterceptor - STEP DONE: I set GET api endpoints for get all transaction
  &amp#27;[32mWhen &amp#27;[0m&amp#27;[32mI send GET HTTP Request for for get all transaction&amp#27;[0m &amp#27;[90m# starter.stepdefinitions.GetTransactions.getHttpRequestAllTransaction()&amp#27;[0m
10:56:40.809 [main] DEBUG net.thucydides.core.steps.StepInterceptor - STARTING STEP: GetSteps.getValidHTTP - I receive valid HTTP response code 200
10:56:40.810 [main] DEBUG net.thucydides.core.steps.StepInterceptor - STEP DONE: I receive valid HTTP response code 200
  &amp#27;[32mThen &amp#27;[0m&amp#27;[32mI receive valid HTTP response code 200&amp#27;[0m              &amp#27;[90m# starter.stepdefinitions.GetSteps.getValidHTTP()&amp#27;[0m
10:56:40.810 [main] INFO  - 
  _____   ___   ___   _____     ___     _     ___   ___   ___   ___  
 |_   _| | __| / __| |_   _|   | _ \   /_\   / __| / __| | __| |   \ 
   | |   | _|  \__ \   | |     |  _/  / _ \  \__ \ \__ \ | _|  | |) |
   |_|   |___| |___/   |_|     |_|   /_/ \_\ |___/ |___/ |___| |___/ 

Get All Transaction
----------------------------------------------------------------------
]]></system-out>
  </testcase>
  <testcase name="Get All Transaction With Invalid Transaction" classname="Get All Transaction" time="0.498">
    <system-out><![CDATA[
@get-invalid-all-transaction
Scenario: Get All Transaction With Invalid Transaction           &amp#27;[90m# src/test/resources/api/GetTransaction.feature:9&amp#27;[0m
10:56:40.814 [main] INFO io.cucumber.core.plugin.SerenityReporter - Running feature from file:///D:/PERKULIAHAN/SEMESTER%206/KAMPUS%20MERDEKA/PROYEK_ALTERRA/TestingAPIALTA/src/test/resources/api/GetTransaction.feature
10:56:40.814 [main] WARN io.cucumber.core.plugin.SerenityReporter - Feature from file:///D:/PERKULIAHAN/SEMESTER%206/KAMPUS%20MERDEKA/PROYEK_ALTERRA/TestingAPIALTA/src/test/resources/api/GetTransaction.feature is not under the 'features' directory. Requirements report will not be correctly generated!
10:56:40.815 [main] INFO  - 
  _____   ___   ___   _____     ___   _____     _     ___   _____   ___   ___  
 |_   _| | __| / __| |_   _|   / __| |_   _|   /_\   | _ \ |_   _| | __| |   \ 
   | |   | _|  \__ \   | |     \__ \   | |    / _ \  |   /   | |   | _|  | |) |
   |_|   |___| |___/   |_|     |___/   |_|   /_/ \_\ |_|_\   |_|   |___| |___/ 

Get All Transaction With Invalid Transaction(get-all-transaction;get-all-transaction-with-invalid-transaction)
--------------------------------------------------------------------------------
10:56:40.819 [main] DEBUG net.thucydides.core.steps.StepInterceptor - STARTING STEP: GetTransactions.setGetAllTransaction - I send GET HTTP Request for for get all transaction
10:56:40.820 [main] DEBUG net.thucydides.core.steps.StepInterceptor - STARTING STEP: GetTransaction.getAllTransaction - I set GET api endpoints for get all transaction
10:56:40.820 [main] DEBUG net.thucydides.core.steps.StepInterceptor - STEP DONE: I set GET api endpoints for get all transaction
10:56:40.823 [main] DEBUG org.apache.http.impl.conn.BasicClientConnectionManager - Get connection for route {s}->https://be-qa.alta.id:443
10:56:40.823 [main] DEBUG org.apache.http.impl.conn.DefaultClientConnectionOperator - Connecting to be-qa.alta.id:443
10:56:41.024 [main] DEBUG org.apache.http.client.protocol.RequestAddCookies - CookieSpec selected: ignoreCookies
10:56:41.024 [main] DEBUG org.apache.http.client.protocol.RequestAuthCache - Auth cache not set in the context
10:56:41.025 [main] DEBUG org.apache.http.client.protocol.RequestProxyAuthentication - Proxy auth state: UNCHALLENGED
10:56:41.025 [main] DEBUG org.apache.http.impl.client.DefaultHttpClient - Attempt 1 to execute request
10:56:41.025 [main] DEBUG org.apache.http.impl.conn.DefaultClientConnection - Sending request: GET /api/orders/407 HTTP/1.1
10:56:41.025 [main] DEBUG org.apache.http.wire -  >> "GET /api/orders/407 HTTP/1.1[\r][\n]"
10:56:41.025 [main] DEBUG org.apache.http.wire -  >> "Authorization: Bearer eyJhbGciOiJIUzI1NiIsInR5cCI6IkpXVCJ9.eyJGdWxsbmFtZSI6IkFsZXggVW5kZXIiLCJFbWFpbCI6ImFuaXRhbGFzbWFyaWFAZ21haWwuY29tIn0.hBBhAuPzWCW9alS5kZSou2p-O1TtPz0W1CmGlUwXz_4[\r][\n]"
10:56:41.025 [main] DEBUG org.apache.http.wire -  >> "Accept: */*[\r][\n]"
10:56:41.025 [main] DEBUG org.apache.http.wire -  >> "Host: be-qa.alta.id[\r][\n]"
10:56:41.025 [main] DEBUG org.apache.http.wire -  >> "Connection: Keep-Alive[\r][\n]"
10:56:41.025 [main] DEBUG org.apache.http.wire -  >> "User-Agent: Apache-HttpClient/4.5.13 (Java/1.8.0_241)[\r][\n]"
10:56:41.025 [main] DEBUG org.apache.http.wire -  >> "Accept-Encoding: gzip,deflate[\r][\n]"
10:56:41.025 [main] DEBUG org.apache.http.wire -  >> "[\r][\n]"
10:56:41.025 [main] DEBUG org.apache.http.headers - >> GET /api/orders/407 HTTP/1.1
10:56:41.025 [main] DEBUG org.apache.http.headers - >> Authorization: Bearer eyJhbGciOiJIUzI1NiIsInR5cCI6IkpXVCJ9.eyJGdWxsbmFtZSI6IkFsZXggVW5kZXIiLCJFbWFpbCI6ImFuaXRhbGFzbWFyaWFAZ21haWwuY29tIn0.hBBhAuPzWCW9alS5kZSou2p-O1TtPz0W1CmGlUwXz_4
10:56:41.025 [main] DEBUG org.apache.http.headers - >> Accept: */*
10:56:41.025 [main] DEBUG org.apache.http.headers - >> Host: be-qa.alta.id
10:56:41.025 [main] DEBUG org.apache.http.headers - >> Connection: Keep-Alive
10:56:41.025 [main] DEBUG org.apache.http.headers - >> User-Agent: Apache-HttpClient/4.5.13 (Java/1.8.0_241)
10:56:41.025 [main] DEBUG org.apache.http.headers - >> Accept-Encoding: gzip,deflate
10:56:41.065 [main] DEBUG org.apache.http.wire -  << "HTTP/1.1 200 OK[\r][\n]"
10:56:41.065 [main] DEBUG org.apache.http.wire -  << "Server: nginx/1.14.2[\r][\n]"
10:56:41.065 [main] DEBUG org.apache.http.wire -  << "Date: Sat, 14 May 2022 03:56:40 GMT[\r][\n]"
10:56:41.065 [main] DEBUG org.apache.http.wire -  << "Content-Type: application/json[\r][\n]"
10:56:41.065 [main] DEBUG org.apache.http.wire -  << "Content-Length: 111[\r][\n]"
10:56:41.065 [main] DEBUG org.apache.http.wire -  << "Connection: keep-alive[\r][\n]"
10:56:41.065 [main] DEBUG org.apache.http.wire -  << "[\r][\n]"
10:56:41.065 [main] DEBUG org.apache.http.impl.conn.DefaultClientConnection - Receiving response: HTTP/1.1 200 OK
10:56:41.065 [main] DEBUG org.apache.http.headers - << HTTP/1.1 200 OK
10:56:41.065 [main] DEBUG org.apache.http.headers - << Server: nginx/1.14.2
10:56:41.065 [main] DEBUG org.apache.http.headers - << Date: Sat, 14 May 2022 03:56:40 GMT
10:56:41.065 [main] DEBUG org.apache.http.headers - << Content-Type: application/json
10:56:41.065 [main] DEBUG org.apache.http.headers - << Content-Length: 111
10:56:41.065 [main] DEBUG org.apache.http.headers - << Connection: keep-alive
10:56:41.065 [main] DEBUG org.apache.http.impl.client.DefaultHttpClient - Connection can be kept alive indefinitely
10:56:41.065 [main] DEBUG io.restassured.internal.RequestSpecificationImpl$RestAssuredHttpBuilder - Parsing response as: application/json
10:56:41.065 [main] DEBUG io.restassured.internal.RequestSpecificationImpl$RestAssuredHttpBuilder - Parsed data to instance of: class org.apache.http.conn.EofSensorInputStream
10:56:41.066 [main] DEBUG org.apache.http.wire -  << "{"data":{"ID":407,"User":{"ID":895,"Fullname":"qq","Email":"qq","Password":"qq"},"Product":null,"Quantity":2}}[\n]"
10:56:41.066 [main] DEBUG org.apache.http.impl.conn.BasicClientConnectionManager - Releasing connection org.apache.http.impl.conn.ManagedClientConnectionImpl@443253a6
10:56:41.066 [main] DEBUG org.apache.http.impl.conn.BasicClientConnectionManager - Connection can be kept alive indefinitely
10:56:41.066 [main] DEBUG net.thucydides.core.steps.StepInterceptor - STEP DONE: I send GET HTTP Request for for get all transaction
  &amp#27;[32mGiven &amp#27;[0m&amp#27;[32mI set GET api endpoints for get all transaction&amp#27;[0m          &amp#27;[90m# starter.stepdefinitions.GetTransactions.setGetAllTransaction()&amp#27;[0m
10:56:41.068 [main] DEBUG net.thucydides.core.steps.StepInterceptor - STARTING STEP: GetTransactions.getWrongAllTransaction - I send Wrong GET HTTP Request for for get all transaction
10:56:41.068 [main] DEBUG net.thucydides.core.steps.StepInterceptor - STARTING STEP: GetTransaction.getWrongAllTransaction - I set GET api endpoints for get all transaction
10:56:41.068 [main] DEBUG net.thucydides.core.steps.StepInterceptor - STEP DONE: I set GET api endpoints for get all transaction
10:56:41.072 [main] DEBUG org.apache.http.impl.conn.BasicClientConnectionManager - Get connection for route {s}->https://be-qa.alta.id:443
10:56:41.072 [main] DEBUG org.apache.http.impl.conn.DefaultClientConnectionOperator - Connecting to be-qa.alta.id:443
10:56:41.268 [main] DEBUG org.apache.http.client.protocol.RequestAddCookies - CookieSpec selected: ignoreCookies
10:56:41.269 [main] DEBUG org.apache.http.client.protocol.RequestAuthCache - Auth cache not set in the context
10:56:41.269 [main] DEBUG org.apache.http.client.protocol.RequestProxyAuthentication - Proxy auth state: UNCHALLENGED
10:56:41.269 [main] DEBUG org.apache.http.impl.client.DefaultHttpClient - Attempt 1 to execute request
10:56:41.269 [main] DEBUG org.apache.http.impl.conn.DefaultClientConnection - Sending request: GET /api/orders/407 HTTP/1.1
10:56:41.269 [main] DEBUG org.apache.http.wire -  >> "GET /api/orders/407 HTTP/1.1[\r][\n]"
10:56:41.269 [main] DEBUG org.apache.http.wire -  >> "Authorization: Bearer .eyJGdWxsbmFtZSI6IkFsZXggVW5kZXIiLCJFbWFpbCI6ImFuaXRhbGFzbWFyaWFAZ21haWwuY29tIn0.hBBhAuPzWCW9alS5kZSou2p-O1TtPz0W1CmGlUwXz_4[\r][\n]"
10:56:41.269 [main] DEBUG org.apache.http.wire -  >> "Accept: */*[\r][\n]"
10:56:41.269 [main] DEBUG org.apache.http.wire -  >> "Host: be-qa.alta.id[\r][\n]"
10:56:41.269 [main] DEBUG org.apache.http.wire -  >> "Connection: Keep-Alive[\r][\n]"
10:56:41.269 [main] DEBUG org.apache.http.wire -  >> "User-Agent: Apache-HttpClient/4.5.13 (Java/1.8.0_241)[\r][\n]"
10:56:41.269 [main] DEBUG org.apache.http.wire -  >> "Accept-Encoding: gzip,deflate[\r][\n]"
10:56:41.269 [main] DEBUG org.apache.http.wire -  >> "[\r][\n]"
10:56:41.269 [main] DEBUG org.apache.http.headers - >> GET /api/orders/407 HTTP/1.1
10:56:41.269 [main] DEBUG org.apache.http.headers - >> Authorization: Bearer .eyJGdWxsbmFtZSI6IkFsZXggVW5kZXIiLCJFbWFpbCI6ImFuaXRhbGFzbWFyaWFAZ21haWwuY29tIn0.hBBhAuPzWCW9alS5kZSou2p-O1TtPz0W1CmGlUwXz_4
10:56:41.269 [main] DEBUG org.apache.http.headers - >> Accept: */*
10:56:41.269 [main] DEBUG org.apache.http.headers - >> Host: be-qa.alta.id
10:56:41.269 [main] DEBUG org.apache.http.headers - >> Connection: Keep-Alive
10:56:41.269 [main] DEBUG org.apache.http.headers - >> User-Agent: Apache-HttpClient/4.5.13 (Java/1.8.0_241)
10:56:41.269 [main] DEBUG org.apache.http.headers - >> Accept-Encoding: gzip,deflate
10:56:41.305 [main] DEBUG org.apache.http.wire -  << "HTTP/1.1 401 Unauthorized[\r][\n]"
10:56:41.305 [main] DEBUG org.apache.http.wire -  << "Server: nginx/1.14.2[\r][\n]"
10:56:41.305 [main] DEBUG org.apache.http.wire -  << "Date: Sat, 14 May 2022 03:56:40 GMT[\r][\n]"
10:56:41.305 [main] DEBUG org.apache.http.wire -  << "Content-Type: application/json[\r][\n]"
10:56:41.305 [main] DEBUG org.apache.http.wire -  << "Content-Length: 41[\r][\n]"
10:56:41.305 [main] DEBUG org.apache.http.wire -  << "Connection: keep-alive[\r][\n]"
10:56:41.305 [main] DEBUG org.apache.http.wire -  << "[\r][\n]"
10:56:41.305 [main] DEBUG org.apache.http.impl.conn.DefaultClientConnection - Receiving response: HTTP/1.1 401 Unauthorized
10:56:41.305 [main] DEBUG org.apache.http.headers - << HTTP/1.1 401 Unauthorized
10:56:41.305 [main] DEBUG org.apache.http.headers - << Server: nginx/1.14.2
10:56:41.305 [main] DEBUG org.apache.http.headers - << Date: Sat, 14 May 2022 03:56:40 GMT
10:56:41.305 [main] DEBUG org.apache.http.headers - << Content-Type: application/json
10:56:41.305 [main] DEBUG org.apache.http.headers - << Content-Length: 41
10:56:41.305 [main] DEBUG org.apache.http.headers - << Connection: keep-alive
10:56:41.305 [main] DEBUG org.apache.http.impl.client.DefaultHttpClient - Connection can be kept alive indefinitely
10:56:41.305 [main] DEBUG org.apache.http.impl.client.DefaultHttpClient - Authentication required
10:56:41.305 [main] DEBUG org.apache.http.impl.client.DefaultHttpClient - be-qa.alta.id:443 requested authentication
10:56:41.305 [main] DEBUG org.apache.http.impl.client.DefaultHttpClient - Response contains no authentication challenges
10:56:41.306 [main] DEBUG io.restassured.internal.RequestSpecificationImpl$RestAssuredHttpBuilder - Parsing response as: application/json
10:56:41.306 [main] DEBUG io.restassured.internal.RequestSpecificationImpl$RestAssuredHttpBuilder - Parsed data to instance of: class org.apache.http.conn.EofSensorInputStream
10:56:41.306 [main] DEBUG org.apache.http.wire -  << "{"error":"unexpected end of JSON input"}[\n]"
10:56:41.306 [main] DEBUG org.apache.http.impl.conn.BasicClientConnectionManager - Releasing connection org.apache.http.impl.conn.ManagedClientConnectionImpl@1325f967
10:56:41.306 [main] DEBUG org.apache.http.impl.conn.BasicClientConnectionManager - Connection can be kept alive indefinitely
10:56:41.306 [main] DEBUG net.thucydides.core.steps.StepInterceptor - STEP DONE: I send Wrong GET HTTP Request for for get all transaction
  &amp#27;[32mWhen &amp#27;[0m&amp#27;[32mI send Wrong GET HTTP Request for for get all transaction&amp#27;[0m &amp#27;[90m# starter.stepdefinitions.GetTransactions.getWrongAllTransaction()&amp#27;[0m
10:56:41.308 [main] DEBUG net.thucydides.core.steps.StepInterceptor - STARTING STEP: GetTransactions.getInvalidHTTPCategory401 - I receive valid HTTP response code 401
10:56:41.308 [main] DEBUG net.thucydides.core.steps.StepInterceptor - STEP DONE: I receive valid HTTP response code 401
  &amp#27;[32mThen &amp#27;[0m&amp#27;[32mI receive valid HTTP response code 401&amp#27;[0m                    &amp#27;[90m# starter.stepdefinitions.GetTransactions.getInvalidHTTPCategory401()&amp#27;[0m
10:56:41.309 [main] INFO  - 
  _____   ___   ___   _____     ___     _     ___   ___   ___   ___  
 |_   _| | __| / __| |_   _|   | _ \   /_\   / __| / __| | __| |   \ 
   | |   | _|  \__ \   | |     |  _/  / _ \  \__ \ \__ \ | _|  | |) |
   |_|   |___| |___/   |_|     |_|   /_/ \_\ |___/ |___/ |___| |___/ 

Get All Transaction With Invalid Transaction
----------------------------------------------------------------------
]]></system-out>
  </testcase>
  <testcase name="Successfully Login #1" classname="Login" time="0.256">
    <system-out><![CDATA[10:56:41.310 [main] INFO io.cucumber.core.plugin.SerenityReporter - Running feature from file:///D:/PERKULIAHAN/SEMESTER%206/KAMPUS%20MERDEKA/PROYEK_ALTERRA/TestingAPIALTA/src/test/resources/api/Login.feature
10:56:41.310 [main] WARN io.cucumber.core.plugin.SerenityReporter - Feature from file:///D:/PERKULIAHAN/SEMESTER%206/KAMPUS%20MERDEKA/PROYEK_ALTERRA/TestingAPIALTA/src/test/resources/api/Login.feature is not under the 'features' directory. Requirements report will not be correctly generated!
10:56:41.311 [main] DEBUG net.thucydides.core.steps.StepEventBus - Test suite started for story net.thucydides.core.model.Story@5d422f72
10:56:41.311 [main] INFO  - Test Suite Started: Login

@Valid-login
Scenario: Successfully Login                  &amp#27;[90m# src/test/resources/api/Login.feature:3&amp#27;[0m
10:56:41.315 [main] INFO io.cucumber.core.plugin.SerenityReporter - Running feature from file:///D:/PERKULIAHAN/SEMESTER%206/KAMPUS%20MERDEKA/PROYEK_ALTERRA/TestingAPIALTA/src/test/resources/api/Login.feature
10:56:41.315 [main] WARN io.cucumber.core.plugin.SerenityReporter - Feature from file:///D:/PERKULIAHAN/SEMESTER%206/KAMPUS%20MERDEKA/PROYEK_ALTERRA/TestingAPIALTA/src/test/resources/api/Login.feature is not under the 'features' directory. Requirements report will not be correctly generated!
10:56:41.316 [main] INFO  - 
  _____   ___   ___   _____     ___   _____     _     ___   _____   ___   ___  
 |_   _| | __| / __| |_   _|   / __| |_   _|   /_\   | _ \ |_   _| | __| |   \ 
   | |   | _|  \__ \   | |     \__ \   | |    / _ \  |   /   | |   | _|  | |) |
   |_|   |___| |___/   |_|     |___/   |_|   /_/ \_\ |_|_\   |_|   |___| |___/ 

Successfully Login(login;successfully-login)
--------------------------------------------------------------------------------
10:56:41.324 [main] DEBUG net.thucydides.core.steps.StepInterceptor - STARTING STEP: LoginSteps.setPostApiForLogin - I set POST api endpoints for login
10:56:41.324 [main] DEBUG net.thucydides.core.steps.StepInterceptor - STEP DONE: I set POST api endpoints for login
  &amp#27;[32mGiven &amp#27;[0m&amp#27;[32mI set POST api endpoints for login&amp#27;[0m    &amp#27;[90m# starter.stepdefinitions.LoginSteps.setPostApiForLogin()&amp#27;[0m
10:56:41.326 [main] DEBUG net.thucydides.core.steps.StepInterceptor - STARTING STEP: LoginSteps.sendPostHttpForLogin - I send POST HTTP Request for login
10:56:41.327 [main] DEBUG net.thucydides.core.steps.StepInterceptor - STARTING STEP: Login.sendPostHttpForLogin - I set POST api endpoints for login
10:56:41.327 [main] DEBUG net.thucydides.core.steps.StepInterceptor - STEP DONE: I set POST api endpoints for login
10:56:41.332 [main] DEBUG org.apache.http.impl.conn.BasicClientConnectionManager - Get connection for route {s}->https://be-qa.alta.id:443
10:56:41.332 [main] DEBUG org.apache.http.impl.conn.DefaultClientConnectionOperator - Connecting to be-qa.alta.id:443
10:56:41.524 [main] DEBUG org.apache.http.client.protocol.RequestAddCookies - CookieSpec selected: ignoreCookies
10:56:41.524 [main] DEBUG org.apache.http.client.protocol.RequestAuthCache - Auth cache not set in the context
10:56:41.524 [main] DEBUG org.apache.http.client.protocol.RequestTargetAuthentication - Target auth state: UNCHALLENGED
10:56:41.524 [main] DEBUG org.apache.http.client.protocol.RequestProxyAuthentication - Proxy auth state: UNCHALLENGED
10:56:41.524 [main] DEBUG org.apache.http.impl.client.DefaultHttpClient - Attempt 1 to execute request
10:56:41.524 [main] DEBUG org.apache.http.impl.conn.DefaultClientConnection - Sending request: POST /api/auth/login HTTP/1.1
10:56:41.524 [main] DEBUG org.apache.http.wire -  >> "POST /api/auth/login HTTP/1.1[\r][\n]"
10:56:41.524 [main] DEBUG org.apache.http.wire -  >> "Accept: */*[\r][\n]"
10:56:41.524 [main] DEBUG org.apache.http.wire -  >> "Content-Type: application/json[\r][\n]"
10:56:41.524 [main] DEBUG org.apache.http.wire -  >> "Content-Length: 70[\r][\n]"
10:56:41.524 [main] DEBUG org.apache.http.wire -  >> "Host: be-qa.alta.id[\r][\n]"
10:56:41.524 [main] DEBUG org.apache.http.wire -  >> "Connection: Keep-Alive[\r][\n]"
10:56:41.524 [main] DEBUG org.apache.http.wire -  >> "User-Agent: Apache-HttpClient/4.5.13 (Java/1.8.0_241)[\r][\n]"
10:56:41.524 [main] DEBUG org.apache.http.wire -  >> "Accept-Encoding: gzip,deflate[\r][\n]"
10:56:41.524 [main] DEBUG org.apache.http.wire -  >> "[\r][\n]"
10:56:41.524 [main] DEBUG org.apache.http.headers - >> POST /api/auth/login HTTP/1.1
10:56:41.524 [main] DEBUG org.apache.http.headers - >> Accept: */*
10:56:41.524 [main] DEBUG org.apache.http.headers - >> Content-Type: application/json
10:56:41.524 [main] DEBUG org.apache.http.headers - >> Content-Length: 70
10:56:41.524 [main] DEBUG org.apache.http.headers - >> Host: be-qa.alta.id
10:56:41.524 [main] DEBUG org.apache.http.headers - >> Connection: Keep-Alive
10:56:41.524 [main] DEBUG org.apache.http.headers - >> User-Agent: Apache-HttpClient/4.5.13 (Java/1.8.0_241)
10:56:41.524 [main] DEBUG org.apache.http.headers - >> Accept-Encoding: gzip,deflate
10:56:41.524 [main] DEBUG org.apache.http.wire -  >> "{"password":"AnitaLasmariaSiagian","email":"anitasiagian11@gmail.com"}"
10:56:41.561 [main] DEBUG org.apache.http.wire -  << "HTTP/1.1 200 OK[\r][\n]"
10:56:41.561 [main] DEBUG org.apache.http.wire -  << "Server: nginx/1.14.2[\r][\n]"
10:56:41.561 [main] DEBUG org.apache.http.wire -  << "Date: Sat, 14 May 2022 03:56:40 GMT[\r][\n]"
10:56:41.561 [main] DEBUG org.apache.http.wire -  << "Content-Type: application/json[\r][\n]"
10:56:41.561 [main] DEBUG org.apache.http.wire -  << "Content-Length: 177[\r][\n]"
10:56:41.561 [main] DEBUG org.apache.http.wire -  << "Connection: keep-alive[\r][\n]"
10:56:41.561 [main] DEBUG org.apache.http.wire -  << "[\r][\n]"
10:56:41.561 [main] DEBUG org.apache.http.impl.conn.DefaultClientConnection - Receiving response: HTTP/1.1 200 OK
10:56:41.561 [main] DEBUG org.apache.http.headers - << HTTP/1.1 200 OK
10:56:41.561 [main] DEBUG org.apache.http.headers - << Server: nginx/1.14.2
10:56:41.561 [main] DEBUG org.apache.http.headers - << Date: Sat, 14 May 2022 03:56:40 GMT
10:56:41.561 [main] DEBUG org.apache.http.headers - << Content-Type: application/json
10:56:41.561 [main] DEBUG org.apache.http.headers - << Content-Length: 177
10:56:41.561 [main] DEBUG org.apache.http.headers - << Connection: keep-alive
10:56:41.561 [main] DEBUG org.apache.http.impl.client.DefaultHttpClient - Connection can be kept alive indefinitely
10:56:41.561 [main] DEBUG io.restassured.internal.RequestSpecificationImpl$RestAssuredHttpBuilder - Parsing response as: application/json
10:56:41.561 [main] DEBUG io.restassured.internal.RequestSpecificationImpl$RestAssuredHttpBuilder - Parsed data to instance of: class org.apache.http.conn.EofSensorInputStream
10:56:41.562 [main] DEBUG org.apache.http.wire -  << "{"data":"eyJhbGciOiJIUzI1NiIsInR5cCI6IkpXVCJ9.eyJGdWxsbmFtZSI6IkFuaXRhIFNpYWdpYW4iLCJFbWFpbCI6ImFuaXRhc2lhZ2lhbjExQGdtYWlsLmNvbSJ9.fIBwtjJbMv0lBE3J1N75zueFdyzOtrOIaEFRkVRfLvQ"}[\n]"
10:56:41.562 [main] DEBUG org.apache.http.impl.conn.BasicClientConnectionManager - Releasing connection org.apache.http.impl.conn.ManagedClientConnectionImpl@16cb6f51
10:56:41.562 [main] DEBUG org.apache.http.impl.conn.BasicClientConnectionManager - Connection can be kept alive indefinitely
10:56:41.563 [main] DEBUG net.thucydides.core.steps.StepInterceptor - STEP DONE: I send POST HTTP Request for login
  &amp#27;[32mWhen &amp#27;[0m&amp#27;[32mI send POST HTTP Request for login&amp#27;[0m     &amp#27;[90m# starter.stepdefinitions.LoginSteps.sendPostHttpForLogin()&amp#27;[0m
10:56:41.566 [main] DEBUG net.thucydides.core.steps.StepInterceptor - STARTING STEP: GetSteps.getValidHTTP - I receive valid HTTP response code 200
10:56:41.566 [main] DEBUG net.thucydides.core.steps.StepInterceptor - STEP DONE: I receive valid HTTP response code 200
  &amp#27;[32mThen &amp#27;[0m&amp#27;[32mI receive valid HTTP response code 200&amp#27;[0m &amp#27;[90m# starter.stepdefinitions.GetSteps.getValidHTTP()&amp#27;[0m
10:56:41.567 [main] INFO  - 
  _____   ___   ___   _____     ___     _     ___   ___   ___   ___  
 |_   _| | __| / __| |_   _|   | _ \   /_\   / __| / __| | __| |   \ 
   | |   | _|  \__ \   | |     |  _/  / _ \  \__ \ \__ \ | _|  | |) |
   |_|   |___| |___/   |_|     |_|   /_/ \_\ |___/ |___/ |___| |___/ 

Successfully Login
----------------------------------------------------------------------
]]></system-out>
  </testcase>
  <testcase name="Successfully Login #2" classname="Login" time="0.231">
    <system-out><![CDATA[
@Invalid-login
Scenario: Successfully Login                     &amp#27;[90m# src/test/resources/api/Login.feature:9&amp#27;[0m
10:56:41.571 [main] INFO io.cucumber.core.plugin.SerenityReporter - Running feature from file:///D:/PERKULIAHAN/SEMESTER%206/KAMPUS%20MERDEKA/PROYEK_ALTERRA/TestingAPIALTA/src/test/resources/api/Login.feature
10:56:41.571 [main] WARN io.cucumber.core.plugin.SerenityReporter - Feature from file:///D:/PERKULIAHAN/SEMESTER%206/KAMPUS%20MERDEKA/PROYEK_ALTERRA/TestingAPIALTA/src/test/resources/api/Login.feature is not under the 'features' directory. Requirements report will not be correctly generated!
10:56:41.574 [main] DEBUG net.thucydides.core.steps.StepInterceptor - STARTING STEP: LoginSteps.setWrongPostApiForLogin - I set Wrong POST api endpoints for login
10:56:41.574 [main] DEBUG net.thucydides.core.steps.StepInterceptor - STEP DONE: I set Wrong POST api endpoints for login
  &amp#27;[32mGiven &amp#27;[0m&amp#27;[32mI set Wrong POST api endpoints for login&amp#27;[0m &amp#27;[90m# starter.stepdefinitions.LoginSteps.setWrongPostApiForLogin()&amp#27;[0m
10:56:41.576 [main] DEBUG net.thucydides.core.steps.StepInterceptor - STARTING STEP: LoginSteps.sendWrongPostHttpForLogin - I send Wrong POST HTTP Request for login
10:56:41.577 [main] DEBUG net.thucydides.core.steps.StepInterceptor - STARTING STEP: Login.sendWrongPostHttpForLogin - I set POST api endpoints for login
10:56:41.577 [main] DEBUG net.thucydides.core.steps.StepInterceptor - STEP DONE: I set POST api endpoints for login
10:56:41.581 [main] DEBUG org.apache.http.impl.conn.BasicClientConnectionManager - Get connection for route {s}->https://be-qa.alta.id:443
10:56:41.581 [main] DEBUG org.apache.http.impl.conn.DefaultClientConnectionOperator - Connecting to be-qa.alta.id:443
10:56:41.757 [main] DEBUG org.apache.http.client.protocol.RequestAddCookies - CookieSpec selected: ignoreCookies
10:56:41.757 [main] DEBUG org.apache.http.client.protocol.RequestAuthCache - Auth cache not set in the context
10:56:41.757 [main] DEBUG org.apache.http.client.protocol.RequestTargetAuthentication - Target auth state: UNCHALLENGED
10:56:41.757 [main] DEBUG org.apache.http.client.protocol.RequestProxyAuthentication - Proxy auth state: UNCHALLENGED
10:56:41.757 [main] DEBUG org.apache.http.impl.client.DefaultHttpClient - Attempt 1 to execute request
10:56:41.757 [main] DEBUG org.apache.http.impl.conn.DefaultClientConnection - Sending request: POST /api/auth/login HTTP/1.1
10:56:41.757 [main] DEBUG org.apache.http.wire -  >> "POST /api/auth/login HTTP/1.1[\r][\n]"
10:56:41.757 [main] DEBUG org.apache.http.wire -  >> "Accept: */*[\r][\n]"
10:56:41.757 [main] DEBUG org.apache.http.wire -  >> "Content-Type: application/json[\r][\n]"
10:56:41.757 [main] DEBUG org.apache.http.wire -  >> "Content-Length: 54[\r][\n]"
10:56:41.757 [main] DEBUG org.apache.http.wire -  >> "Host: be-qa.alta.id[\r][\n]"
10:56:41.757 [main] DEBUG org.apache.http.wire -  >> "Connection: Keep-Alive[\r][\n]"
10:56:41.757 [main] DEBUG org.apache.http.wire -  >> "User-Agent: Apache-HttpClient/4.5.13 (Java/1.8.0_241)[\r][\n]"
10:56:41.757 [main] DEBUG org.apache.http.wire -  >> "Accept-Encoding: gzip,deflate[\r][\n]"
10:56:41.757 [main] DEBUG org.apache.http.wire -  >> "[\r][\n]"
10:56:41.757 [main] DEBUG org.apache.http.headers - >> POST /api/auth/login HTTP/1.1
10:56:41.757 [main] DEBUG org.apache.http.headers - >> Accept: */*
10:56:41.757 [main] DEBUG org.apache.http.headers - >> Content-Type: application/json
10:56:41.757 [main] DEBUG org.apache.http.headers - >> Content-Length: 54
10:56:41.757 [main] DEBUG org.apache.http.headers - >> Host: be-qa.alta.id
10:56:41.757 [main] DEBUG org.apache.http.headers - >> Connection: Keep-Alive
10:56:41.757 [main] DEBUG org.apache.http.headers - >> User-Agent: Apache-HttpClient/4.5.13 (Java/1.8.0_241)
10:56:41.757 [main] DEBUG org.apache.http.headers - >> Accept-Encoding: gzip,deflate
10:56:41.757 [main] DEBUG org.apache.http.wire -  >> "{"password":222222,"email":"anitasiagian11@gmail.com"}"
10:56:41.791 [main] DEBUG org.apache.http.wire -  << "HTTP/1.1 400 Bad Request[\r][\n]"
10:56:41.791 [main] DEBUG org.apache.http.wire -  << "Server: nginx/1.14.2[\r][\n]"
10:56:41.791 [main] DEBUG org.apache.http.wire -  << "Date: Sat, 14 May 2022 03:56:41 GMT[\r][\n]"
10:56:41.791 [main] DEBUG org.apache.http.wire -  << "Content-Type: application/json[\r][\n]"
10:56:41.791 [main] DEBUG org.apache.http.wire -  << "Content-Length: 104[\r][\n]"
10:56:41.791 [main] DEBUG org.apache.http.wire -  << "Connection: keep-alive[\r][\n]"
10:56:41.791 [main] DEBUG org.apache.http.wire -  << "[\r][\n]"
10:56:41.791 [main] DEBUG org.apache.http.impl.conn.DefaultClientConnection - Receiving response: HTTP/1.1 400 Bad Request
10:56:41.791 [main] DEBUG org.apache.http.headers - << HTTP/1.1 400 Bad Request
10:56:41.791 [main] DEBUG org.apache.http.headers - << Server: nginx/1.14.2
10:56:41.791 [main] DEBUG org.apache.http.headers - << Date: Sat, 14 May 2022 03:56:41 GMT
10:56:41.791 [main] DEBUG org.apache.http.headers - << Content-Type: application/json
10:56:41.791 [main] DEBUG org.apache.http.headers - << Content-Length: 104
10:56:41.791 [main] DEBUG org.apache.http.headers - << Connection: keep-alive
10:56:41.791 [main] DEBUG org.apache.http.impl.client.DefaultHttpClient - Connection can be kept alive indefinitely
10:56:41.791 [main] DEBUG io.restassured.internal.RequestSpecificationImpl$RestAssuredHttpBuilder - Parsing response as: application/json
10:56:41.791 [main] DEBUG io.restassured.internal.RequestSpecificationImpl$RestAssuredHttpBuilder - Parsed data to instance of: class org.apache.http.conn.EofSensorInputStream
10:56:41.792 [main] DEBUG org.apache.http.wire -  << "{"error":"json: cannot unmarshal number into Go struct field AuthLoginRequest.password of type string"}[\n]"
10:56:41.792 [main] DEBUG org.apache.http.impl.conn.BasicClientConnectionManager - Releasing connection org.apache.http.impl.conn.ManagedClientConnectionImpl@744fb110
10:56:41.792 [main] DEBUG org.apache.http.impl.conn.BasicClientConnectionManager - Connection can be kept alive indefinitely
10:56:41.792 [main] DEBUG net.thucydides.core.steps.StepInterceptor - STEP DONE: I send Wrong POST HTTP Request for login
  &amp#27;[32mWhen &amp#27;[0m&amp#27;[32mI send Wrong POST HTTP Request for login&amp#27;[0m  &amp#27;[90m# starter.stepdefinitions.LoginSteps.sendWrongPostHttpForLogin()&amp#27;[0m
10:56:41.796 [main] DEBUG net.thucydides.core.steps.StepInterceptor - STARTING STEP: CreateSteps.receiveValidData400 - I receive valid HTTP response code 400
10:56:41.796 [main] DEBUG net.thucydides.core.steps.StepInterceptor - STEP DONE: I receive valid HTTP response code 400
  &amp#27;[32mThen &amp#27;[0m&amp#27;[32mI receive valid HTTP response code 400&amp#27;[0m    &amp#27;[90m# starter.stepdefinitions.CreateSteps.receiveValidData400()&amp#27;[0m
10:56:41.797 [main] INFO  - 
  _____   ___   ___   _____     ___     _     ___   ___   ___   ___  
 |_   _| | __| / __| |_   _|   | _ \   /_\   / __| / __| | __| |   \ 
   | |   | _|  \__ \   | |     |  _/  / _ \  \__ \ \__ \ | _|  | |) |
   |_|   |___| |___/   |_|     |_|   /_/ \_\ |___/ |___/ |___| |___/ 

Successfully Login
----------------------------------------------------------------------
]]></system-out>
  </testcase>
  <testcase name="Get Product&apos;s Rating In AltaShop" classname="Get Ratings" time="0.263">
    <system-out><![CDATA[10:56:41.798 [main] INFO io.cucumber.core.plugin.SerenityReporter - Running feature from file:///D:/PERKULIAHAN/SEMESTER%206/KAMPUS%20MERDEKA/PROYEK_ALTERRA/TestingAPIALTA/src/test/resources/api/Rating.feature
10:56:41.798 [main] WARN io.cucumber.core.plugin.SerenityReporter - Feature from file:///D:/PERKULIAHAN/SEMESTER%206/KAMPUS%20MERDEKA/PROYEK_ALTERRA/TestingAPIALTA/src/test/resources/api/Rating.feature is not under the 'features' directory. Requirements report will not be correctly generated!
10:56:41.799 [main] DEBUG net.thucydides.core.steps.StepEventBus - Test suite started for story net.thucydides.core.model.Story@10c4c97c
10:56:41.799 [main] INFO  - Test Suite Started: Get Ratings

@get-ratings
Scenario: Get Product's Rating In AltaShop     &amp#27;[90m# src/test/resources/api/Rating.feature:4&amp#27;[0m
10:56:41.805 [main] INFO io.cucumber.core.plugin.SerenityReporter - Running feature from file:///D:/PERKULIAHAN/SEMESTER%206/KAMPUS%20MERDEKA/PROYEK_ALTERRA/TestingAPIALTA/src/test/resources/api/Rating.feature
10:56:41.805 [main] WARN io.cucumber.core.plugin.SerenityReporter - Feature from file:///D:/PERKULIAHAN/SEMESTER%206/KAMPUS%20MERDEKA/PROYEK_ALTERRA/TestingAPIALTA/src/test/resources/api/Rating.feature is not under the 'features' directory. Requirements report will not be correctly generated!
10:56:41.807 [main] INFO  - 
  _____   ___   ___   _____     ___   _____     _     ___   _____   ___   ___  
 |_   _| | __| / __| |_   _|   / __| |_   _|   /_\   | _ \ |_   _| | __| |   \ 
   | |   | _|  \__ \   | |     \__ \   | |    / _ \  |   /   | |   | _|  | |) |
   |_|   |___| |___/   |_|     |___/   |_|   /_/ \_\ |_|_\   |_|   |___| |___/ 

Get Product's Rating In AltaShop(get-ratings;get-product-s-rating-in-altashop)
--------------------------------------------------------------------------------
10:56:41.822 [main] DEBUG net.thucydides.core.steps.StepInterceptor - STARTING STEP: GetRatingStep.setGetAPIEnpoints - I set GET api endpoints for get rating
10:56:41.823 [main] DEBUG net.thucydides.core.steps.StepInterceptor - STEP DONE: I set GET api endpoints for get rating
  &amp#27;[32mGiven &amp#27;[0m&amp#27;[32mI set GET api endpoints for get rating&amp#27;[0m &amp#27;[90m# starter.stepdefinitions.GetRatingStep.setGetAPIEnpoints()&amp#27;[0m
10:56:41.826 [main] DEBUG net.thucydides.core.steps.StepInterceptor - STARTING STEP: GetRatingStep.sendHTTPRatings - I send GET HTTP Request for get rating
10:56:41.827 [main] DEBUG net.thucydides.core.steps.StepInterceptor - STARTING STEP: Ratings.getHTTPRequestforRatings - I set GET api endpoints for get rating
10:56:41.827 [main] DEBUG net.thucydides.core.steps.StepInterceptor - STEP DONE: I set GET api endpoints for get rating
10:56:41.833 [main] DEBUG org.apache.http.impl.conn.BasicClientConnectionManager - Get connection for route {s}->https://be-qa.alta.id:443
10:56:41.834 [main] DEBUG org.apache.http.impl.conn.DefaultClientConnectionOperator - Connecting to be-qa.alta.id:443
10:56:42.018 [main] DEBUG org.apache.http.client.protocol.RequestAddCookies - CookieSpec selected: ignoreCookies
10:56:42.018 [main] DEBUG org.apache.http.client.protocol.RequestAuthCache - Auth cache not set in the context
10:56:42.018 [main] DEBUG org.apache.http.client.protocol.RequestTargetAuthentication - Target auth state: UNCHALLENGED
10:56:42.018 [main] DEBUG org.apache.http.client.protocol.RequestProxyAuthentication - Proxy auth state: UNCHALLENGED
10:56:42.018 [main] DEBUG org.apache.http.impl.client.DefaultHttpClient - Attempt 1 to execute request
10:56:42.018 [main] DEBUG org.apache.http.impl.conn.DefaultClientConnection - Sending request: GET /api/products/407/ratings HTTP/1.1
10:56:42.018 [main] DEBUG org.apache.http.wire -  >> "GET /api/products/407/ratings HTTP/1.1[\r][\n]"
10:56:42.018 [main] DEBUG org.apache.http.wire -  >> "Accept: */*[\r][\n]"
10:56:42.018 [main] DEBUG org.apache.http.wire -  >> "Host: be-qa.alta.id[\r][\n]"
10:56:42.018 [main] DEBUG org.apache.http.wire -  >> "Connection: Keep-Alive[\r][\n]"
10:56:42.018 [main] DEBUG org.apache.http.wire -  >> "User-Agent: Apache-HttpClient/4.5.13 (Java/1.8.0_241)[\r][\n]"
10:56:42.018 [main] DEBUG org.apache.http.wire -  >> "Accept-Encoding: gzip,deflate[\r][\n]"
10:56:42.018 [main] DEBUG org.apache.http.wire -  >> "[\r][\n]"
10:56:42.018 [main] DEBUG org.apache.http.headers - >> GET /api/products/407/ratings HTTP/1.1
10:56:42.018 [main] DEBUG org.apache.http.headers - >> Accept: */*
10:56:42.018 [main] DEBUG org.apache.http.headers - >> Host: be-qa.alta.id
10:56:42.018 [main] DEBUG org.apache.http.headers - >> Connection: Keep-Alive
10:56:42.018 [main] DEBUG org.apache.http.headers - >> User-Agent: Apache-HttpClient/4.5.13 (Java/1.8.0_241)
10:56:42.018 [main] DEBUG org.apache.http.headers - >> Accept-Encoding: gzip,deflate
10:56:42.056 [main] DEBUG org.apache.http.wire -  << "HTTP/1.1 200 OK[\r][\n]"
10:56:42.056 [main] DEBUG org.apache.http.wire -  << "Server: nginx/1.14.2[\r][\n]"
10:56:42.056 [main] DEBUG org.apache.http.wire -  << "Date: Sat, 14 May 2022 03:56:41 GMT[\r][\n]"
10:56:42.056 [main] DEBUG org.apache.http.wire -  << "Content-Type: application/json[\r][\n]"
10:56:42.056 [main] DEBUG org.apache.http.wire -  << "Content-Length: 11[\r][\n]"
10:56:42.056 [main] DEBUG org.apache.http.wire -  << "Connection: keep-alive[\r][\n]"
10:56:42.056 [main] DEBUG org.apache.http.wire -  << "[\r][\n]"
10:56:42.056 [main] DEBUG org.apache.http.impl.conn.DefaultClientConnection - Receiving response: HTTP/1.1 200 OK
10:56:42.056 [main] DEBUG org.apache.http.headers - << HTTP/1.1 200 OK
10:56:42.056 [main] DEBUG org.apache.http.headers - << Server: nginx/1.14.2
10:56:42.056 [main] DEBUG org.apache.http.headers - << Date: Sat, 14 May 2022 03:56:41 GMT
10:56:42.056 [main] DEBUG org.apache.http.headers - << Content-Type: application/json
10:56:42.056 [main] DEBUG org.apache.http.headers - << Content-Length: 11
10:56:42.056 [main] DEBUG org.apache.http.headers - << Connection: keep-alive
10:56:42.056 [main] DEBUG org.apache.http.impl.client.DefaultHttpClient - Connection can be kept alive indefinitely
10:56:42.056 [main] DEBUG io.restassured.internal.RequestSpecificationImpl$RestAssuredHttpBuilder - Parsing response as: application/json
10:56:42.056 [main] DEBUG io.restassured.internal.RequestSpecificationImpl$RestAssuredHttpBuilder - Parsed data to instance of: class org.apache.http.conn.EofSensorInputStream
10:56:42.057 [main] DEBUG org.apache.http.wire -  << "{"data":2}[\n]"
10:56:42.057 [main] DEBUG org.apache.http.impl.conn.BasicClientConnectionManager - Releasing connection org.apache.http.impl.conn.ManagedClientConnectionImpl@f9de1fd
10:56:42.057 [main] DEBUG org.apache.http.impl.conn.BasicClientConnectionManager - Connection can be kept alive indefinitely
10:56:42.057 [main] DEBUG net.thucydides.core.steps.StepInterceptor - STEP DONE: I send GET HTTP Request for get rating
  &amp#27;[32mAnd &amp#27;[0m&amp#27;[32mI send GET HTTP Request for get rating&amp#27;[0m   &amp#27;[90m# starter.stepdefinitions.GetRatingStep.sendHTTPRatings()&amp#27;[0m
10:56:42.061 [main] DEBUG net.thucydides.core.steps.StepInterceptor - STARTING STEP: GetSteps.getValidHTTP - I receive valid HTTP response code 200
10:56:42.061 [main] DEBUG net.thucydides.core.steps.StepInterceptor - STEP DONE: I receive valid HTTP response code 200
  &amp#27;[32mAnd &amp#27;[0m&amp#27;[32mI receive valid HTTP response code 200&amp#27;[0m   &amp#27;[90m# starter.stepdefinitions.GetSteps.getValidHTTP()&amp#27;[0m
10:56:42.062 [main] INFO  - 
  _____   ___   ___   _____     ___     _     ___   ___   ___   ___  
 |_   _| | __| / __| |_   _|   | _ \   /_\   / __| / __| | __| |   \ 
   | |   | _|  \__ \   | |     |  _/  / _ \  \__ \ \__ \ | _|  | |) |
   |_|   |___| |___/   |_|     |_|   /_/ \_\ |___/ |___/ |___| |___/ 

Get Product's Rating In AltaShop
----------------------------------------------------------------------
]]></system-out>
  </testcase>
  <testcase name="Get Wrong Product&apos;s Rating In AltaShop" classname="Get Ratings" time="0.253">
    <system-out><![CDATA[
@get-wrong-ratings
Scenario: Get Wrong Product's Rating In AltaShop     &amp#27;[90m# src/test/resources/api/Rating.feature:10&amp#27;[0m
10:56:42.066 [main] INFO io.cucumber.core.plugin.SerenityReporter - Running feature from file:///D:/PERKULIAHAN/SEMESTER%206/KAMPUS%20MERDEKA/PROYEK_ALTERRA/TestingAPIALTA/src/test/resources/api/Rating.feature
10:56:42.066 [main] WARN io.cucumber.core.plugin.SerenityReporter - Feature from file:///D:/PERKULIAHAN/SEMESTER%206/KAMPUS%20MERDEKA/PROYEK_ALTERRA/TestingAPIALTA/src/test/resources/api/Rating.feature is not under the 'features' directory. Requirements report will not be correctly generated!
10:56:42.066 [main] INFO  - 
  _____   ___   ___   _____     ___   _____     _     ___   _____   ___   ___  
 |_   _| | __| / __| |_   _|   / __| |_   _|   /_\   | _ \ |_   _| | __| |   \ 
   | |   | _|  \__ \   | |     \__ \   | |    / _ \  |   /   | |   | _|  | |) |
   |_|   |___| |___/   |_|     |___/   |_|   /_/ \_\ |_|_\   |_|   |___| |___/ 

Get Wrong Product's Rating In AltaShop(get-ratings;get-wrong-product-s-rating-in-altashop)
--------------------------------------------------------------------------------
10:56:42.071 [main] DEBUG net.thucydides.core.steps.StepInterceptor - STARTING STEP: GetRatingStep.setWrongGetApi - I set Wrong GET api endpoints for get rating
10:56:42.071 [main] DEBUG net.thucydides.core.steps.StepInterceptor - STEP DONE: I set Wrong GET api endpoints for get rating
  &amp#27;[32mGiven &amp#27;[0m&amp#27;[32mI set Wrong GET api endpoints for get rating&amp#27;[0m &amp#27;[90m# starter.stepdefinitions.GetRatingStep.setWrongGetApi()&amp#27;[0m
10:56:42.073 [main] DEBUG net.thucydides.core.steps.StepInterceptor - STARTING STEP: GetRatingStep.getWrongHTTPRequestforRatings - I send Wrong GET HTTP Request for get rating
10:56:42.073 [main] DEBUG net.thucydides.core.steps.StepInterceptor - STARTING STEP: Ratings.getWrongHTTPRequestforRatings - I set Wrong GET api endpoints for get rating
10:56:42.074 [main] DEBUG net.thucydides.core.steps.StepInterceptor - STEP DONE: I set Wrong GET api endpoints for get rating
10:56:42.077 [main] DEBUG org.apache.http.impl.conn.BasicClientConnectionManager - Get connection for route {s}->https://be-qa.alta.id:443
10:56:42.077 [main] DEBUG org.apache.http.impl.conn.DefaultClientConnectionOperator - Connecting to be-qa.alta.id:443
10:56:42.270 [main] DEBUG org.apache.http.client.protocol.RequestAddCookies - CookieSpec selected: ignoreCookies
10:56:42.271 [main] DEBUG org.apache.http.client.protocol.RequestAuthCache - Auth cache not set in the context
10:56:42.271 [main] DEBUG org.apache.http.client.protocol.RequestTargetAuthentication - Target auth state: UNCHALLENGED
10:56:42.271 [main] DEBUG org.apache.http.client.protocol.RequestProxyAuthentication - Proxy auth state: UNCHALLENGED
10:56:42.271 [main] DEBUG org.apache.http.impl.client.DefaultHttpClient - Attempt 1 to execute request
10:56:42.271 [main] DEBUG org.apache.http.impl.conn.DefaultClientConnection - Sending request: GET /api/products____/407/ratings HTTP/1.1
10:56:42.271 [main] DEBUG org.apache.http.wire -  >> "GET /api/products____/407/ratings HTTP/1.1[\r][\n]"
10:56:42.271 [main] DEBUG org.apache.http.wire -  >> "Accept: */*[\r][\n]"
10:56:42.271 [main] DEBUG org.apache.http.wire -  >> "Host: be-qa.alta.id[\r][\n]"
10:56:42.271 [main] DEBUG org.apache.http.wire -  >> "Connection: Keep-Alive[\r][\n]"
10:56:42.271 [main] DEBUG org.apache.http.wire -  >> "User-Agent: Apache-HttpClient/4.5.13 (Java/1.8.0_241)[\r][\n]"
10:56:42.271 [main] DEBUG org.apache.http.wire -  >> "Accept-Encoding: gzip,deflate[\r][\n]"
10:56:42.271 [main] DEBUG org.apache.http.wire -  >> "[\r][\n]"
10:56:42.271 [main] DEBUG org.apache.http.headers - >> GET /api/products____/407/ratings HTTP/1.1
10:56:42.271 [main] DEBUG org.apache.http.headers - >> Accept: */*
10:56:42.271 [main] DEBUG org.apache.http.headers - >> Host: be-qa.alta.id
10:56:42.271 [main] DEBUG org.apache.http.headers - >> Connection: Keep-Alive
10:56:42.271 [main] DEBUG org.apache.http.headers - >> User-Agent: Apache-HttpClient/4.5.13 (Java/1.8.0_241)
10:56:42.271 [main] DEBUG org.apache.http.headers - >> Accept-Encoding: gzip,deflate
10:56:42.309 [main] DEBUG org.apache.http.wire -  << "HTTP/1.1 404 Not Found[\r][\n]"
10:56:42.309 [main] DEBUG org.apache.http.wire -  << "Server: nginx/1.14.2[\r][\n]"
10:56:42.309 [main] DEBUG org.apache.http.wire -  << "Date: Sat, 14 May 2022 03:56:41 GMT[\r][\n]"
10:56:42.309 [main] DEBUG org.apache.http.wire -  << "Content-Type: text/plain; charset=utf-8[\r][\n]"
10:56:42.309 [main] DEBUG org.apache.http.wire -  << "Content-Length: 10[\r][\n]"
10:56:42.309 [main] DEBUG org.apache.http.wire -  << "Connection: keep-alive[\r][\n]"
10:56:42.309 [main] DEBUG org.apache.http.wire -  << "[\r][\n]"
10:56:42.309 [main] DEBUG org.apache.http.impl.conn.DefaultClientConnection - Receiving response: HTTP/1.1 404 Not Found
10:56:42.309 [main] DEBUG org.apache.http.headers - << HTTP/1.1 404 Not Found
10:56:42.309 [main] DEBUG org.apache.http.headers - << Server: nginx/1.14.2
10:56:42.309 [main] DEBUG org.apache.http.headers - << Date: Sat, 14 May 2022 03:56:41 GMT
10:56:42.309 [main] DEBUG org.apache.http.headers - << Content-Type: text/plain; charset=utf-8
10:56:42.309 [main] DEBUG org.apache.http.headers - << Content-Length: 10
10:56:42.309 [main] DEBUG org.apache.http.headers - << Connection: keep-alive
10:56:42.309 [main] DEBUG org.apache.http.impl.client.DefaultHttpClient - Connection can be kept alive indefinitely
10:56:42.309 [main] DEBUG io.restassured.internal.RequestSpecificationImpl$RestAssuredHttpBuilder - Parsing response as: text/plain; charset=utf-8
10:56:42.309 [main] DEBUG io.restassured.internal.RequestSpecificationImpl$RestAssuredHttpBuilder - Parsed data to instance of: class org.apache.http.conn.EofSensorInputStream
10:56:42.310 [main] DEBUG org.apache.http.wire -  << "not found[\n]"
10:56:42.310 [main] DEBUG org.apache.http.impl.conn.BasicClientConnectionManager - Releasing connection org.apache.http.impl.conn.ManagedClientConnectionImpl@5444f1c3
10:56:42.310 [main] DEBUG org.apache.http.impl.conn.BasicClientConnectionManager - Connection can be kept alive indefinitely
10:56:42.310 [main] DEBUG net.thucydides.core.steps.StepInterceptor - STEP DONE: I send Wrong GET HTTP Request for get rating
  &amp#27;[32mWhen &amp#27;[0m&amp#27;[32mI send Wrong GET HTTP Request for get rating&amp#27;[0m  &amp#27;[90m# starter.stepdefinitions.GetRatingStep.getWrongHTTPRequestforRatings()&amp#27;[0m
10:56:42.313 [main] DEBUG net.thucydides.core.steps.StepInterceptor - STARTING STEP: GetSteps.validHTTPResponse - I receive valid HTTP response code 404
10:56:42.314 [main] DEBUG net.thucydides.core.steps.StepInterceptor - STEP DONE: I receive valid HTTP response code 404
  &amp#27;[32mThen &amp#27;[0m&amp#27;[32mI receive valid HTTP response code 404&amp#27;[0m        &amp#27;[90m# starter.stepdefinitions.GetSteps.validHTTPResponse()&amp#27;[0m
10:56:42.315 [main] INFO  - 
  _____   ___   ___   _____     ___     _     ___   ___   ___   ___  
 |_   _| | __| / __| |_   _|   | _ \   /_\   / __| / __| | __| |   \ 
   | |   | _|  \__ \   | |     |  _/  / _ \  \__ \ \__ \ | _|  | |) |
   |_|   |___| |___/   |_|     |_|   /_/ \_\ |___/ |___/ |___| |___/ 

Get Wrong Product's Rating In AltaShop
----------------------------------------------------------------------
]]></system-out>
  </testcase>
  <testcase name="Successful Create Account" classname="Register" time="0.264">
    <system-out><![CDATA[10:56:42.316 [main] INFO io.cucumber.core.plugin.SerenityReporter - Running feature from file:///D:/PERKULIAHAN/SEMESTER%206/KAMPUS%20MERDEKA/PROYEK_ALTERRA/TestingAPIALTA/src/test/resources/api/Register.feature
10:56:42.316 [main] WARN io.cucumber.core.plugin.SerenityReporter - Feature from file:///D:/PERKULIAHAN/SEMESTER%206/KAMPUS%20MERDEKA/PROYEK_ALTERRA/TestingAPIALTA/src/test/resources/api/Register.feature is not under the 'features' directory. Requirements report will not be correctly generated!
10:56:42.317 [main] DEBUG net.thucydides.core.steps.StepEventBus - Test suite started for story net.thucydides.core.model.Story@88bd7fde
10:56:42.317 [main] INFO  - Test Suite Started: Register

@create-new-account
Scenario: Successful Create Account               &amp#27;[90m# src/test/resources/api/Register.feature:3&amp#27;[0m
10:56:42.321 [main] INFO io.cucumber.core.plugin.SerenityReporter - Running feature from file:///D:/PERKULIAHAN/SEMESTER%206/KAMPUS%20MERDEKA/PROYEK_ALTERRA/TestingAPIALTA/src/test/resources/api/Register.feature
10:56:42.321 [main] WARN io.cucumber.core.plugin.SerenityReporter - Feature from file:///D:/PERKULIAHAN/SEMESTER%206/KAMPUS%20MERDEKA/PROYEK_ALTERRA/TestingAPIALTA/src/test/resources/api/Register.feature is not under the 'features' directory. Requirements report will not be correctly generated!
10:56:42.322 [main] INFO  - 
  _____   ___   ___   _____     ___   _____     _     ___   _____   ___   ___  
 |_   _| | __| / __| |_   _|   / __| |_   _|   /_\   | _ \ |_   _| | __| |   \ 
   | |   | _|  \__ \   | |     \__ \   | |    / _ \  |   /   | |   | _|  | |) |
   |_|   |___| |___/   |_|     |___/   |_|   /_/ \_\ |_|_\   |_|   |___| |___/ 

Successful Create Account(register;successful-create-account)
--------------------------------------------------------------------------------
10:56:42.330 [main] DEBUG net.thucydides.core.steps.StepInterceptor - STARTING STEP: RegisterStep.setRegister - I set POST api endpoints for make account
10:56:42.330 [main] DEBUG net.thucydides.core.steps.StepInterceptor - STEP DONE: I set POST api endpoints for make account
  &amp#27;[32mGiven &amp#27;[0m&amp#27;[32mI set POST api endpoints for make account&amp#27;[0m &amp#27;[90m# starter.stepdefinitions.RegisterStep.setRegister()&amp#27;[0m
10:56:42.333 [main] DEBUG net.thucydides.core.steps.StepInterceptor - STARTING STEP: RegisterStep.createNewAccount - I create new account
10:56:42.333 [main] DEBUG net.thucydides.core.steps.StepInterceptor - STARTING STEP: Register.createNewAccount - I set POST api endpoints for make account
10:56:42.333 [main] DEBUG net.thucydides.core.steps.StepInterceptor - STEP DONE: I set POST api endpoints for make account
10:56:42.338 [main] DEBUG org.apache.http.impl.conn.BasicClientConnectionManager - Get connection for route {s}->https://be-qa.alta.id:443
10:56:42.338 [main] DEBUG org.apache.http.impl.conn.DefaultClientConnectionOperator - Connecting to be-qa.alta.id:443
10:56:42.521 [main] DEBUG org.apache.http.client.protocol.RequestAddCookies - CookieSpec selected: ignoreCookies
10:56:42.521 [main] DEBUG org.apache.http.client.protocol.RequestAuthCache - Auth cache not set in the context
10:56:42.521 [main] DEBUG org.apache.http.client.protocol.RequestTargetAuthentication - Target auth state: UNCHALLENGED
10:56:42.521 [main] DEBUG org.apache.http.client.protocol.RequestProxyAuthentication - Proxy auth state: UNCHALLENGED
10:56:42.521 [main] DEBUG org.apache.http.impl.client.DefaultHttpClient - Attempt 1 to execute request
10:56:42.521 [main] DEBUG org.apache.http.impl.conn.DefaultClientConnection - Sending request: POST /api/auth/register HTTP/1.1
10:56:42.521 [main] DEBUG org.apache.http.wire -  >> "POST /api/auth/register HTTP/1.1[\r][\n]"
10:56:42.521 [main] DEBUG org.apache.http.wire -  >> "Accept: */*[\r][\n]"
10:56:42.521 [main] DEBUG org.apache.http.wire -  >> "Content-Type: application/json[\r][\n]"
10:56:42.521 [main] DEBUG org.apache.http.wire -  >> "Content-Length: 93[\r][\n]"
10:56:42.521 [main] DEBUG org.apache.http.wire -  >> "Host: be-qa.alta.id[\r][\n]"
10:56:42.521 [main] DEBUG org.apache.http.wire -  >> "Connection: Keep-Alive[\r][\n]"
10:56:42.521 [main] DEBUG org.apache.http.wire -  >> "User-Agent: Apache-HttpClient/4.5.13 (Java/1.8.0_241)[\r][\n]"
10:56:42.521 [main] DEBUG org.apache.http.wire -  >> "Accept-Encoding: gzip,deflate[\r][\n]"
10:56:42.521 [main] DEBUG org.apache.http.wire -  >> "[\r][\n]"
10:56:42.521 [main] DEBUG org.apache.http.headers - >> POST /api/auth/register HTTP/1.1
10:56:42.521 [main] DEBUG org.apache.http.headers - >> Accept: */*
10:56:42.521 [main] DEBUG org.apache.http.headers - >> Content-Type: application/json
10:56:42.521 [main] DEBUG org.apache.http.headers - >> Content-Length: 93
10:56:42.521 [main] DEBUG org.apache.http.headers - >> Host: be-qa.alta.id
10:56:42.521 [main] DEBUG org.apache.http.headers - >> Connection: Keep-Alive
10:56:42.521 [main] DEBUG org.apache.http.headers - >> User-Agent: Apache-HttpClient/4.5.13 (Java/1.8.0_241)
10:56:42.521 [main] DEBUG org.apache.http.headers - >> Accept-Encoding: gzip,deflate
10:56:42.521 [main] DEBUG org.apache.http.wire -  >> "{"password":"anitasiagian123","fullname":"Anita Siagian","email":"anitabless!121!@gmail.com"}"
10:56:42.559 [main] DEBUG org.apache.http.wire -  << "HTTP/1.1 200 OK[\r][\n]"
10:56:42.559 [main] DEBUG org.apache.http.wire -  << "Server: nginx/1.14.2[\r][\n]"
10:56:42.559 [main] DEBUG org.apache.http.wire -  << "Date: Sat, 14 May 2022 03:56:41 GMT[\r][\n]"
10:56:42.559 [main] DEBUG org.apache.http.wire -  << "Content-Type: application/json[\r][\n]"
10:56:42.559 [main] DEBUG org.apache.http.wire -  << "Content-Length: 113[\r][\n]"
10:56:42.559 [main] DEBUG org.apache.http.wire -  << "Connection: keep-alive[\r][\n]"
10:56:42.559 [main] DEBUG org.apache.http.wire -  << "[\r][\n]"
10:56:42.560 [main] DEBUG org.apache.http.impl.conn.DefaultClientConnection - Receiving response: HTTP/1.1 200 OK
10:56:42.560 [main] DEBUG org.apache.http.headers - << HTTP/1.1 200 OK
10:56:42.560 [main] DEBUG org.apache.http.headers - << Server: nginx/1.14.2
10:56:42.560 [main] DEBUG org.apache.http.headers - << Date: Sat, 14 May 2022 03:56:41 GMT
10:56:42.560 [main] DEBUG org.apache.http.headers - << Content-Type: application/json
10:56:42.560 [main] DEBUG org.apache.http.headers - << Content-Length: 113
10:56:42.560 [main] DEBUG org.apache.http.headers - << Connection: keep-alive
10:56:42.560 [main] DEBUG org.apache.http.impl.client.DefaultHttpClient - Connection can be kept alive indefinitely
10:56:42.560 [main] DEBUG io.restassured.internal.RequestSpecificationImpl$RestAssuredHttpBuilder - Parsing response as: application/json
10:56:42.560 [main] DEBUG io.restassured.internal.RequestSpecificationImpl$RestAssuredHttpBuilder - Parsed data to instance of: class org.apache.http.conn.EofSensorInputStream
10:56:42.560 [main] DEBUG org.apache.http.wire -  << "{"data":{"ID":4175,"Fullname":"Anita Siagian","Email":"anitabless!121!@gmail.com","Password":"anitasiagian123"}}[\n]"
10:56:42.560 [main] DEBUG org.apache.http.impl.conn.BasicClientConnectionManager - Releasing connection org.apache.http.impl.conn.ManagedClientConnectionImpl@42474b18
10:56:42.560 [main] DEBUG org.apache.http.impl.conn.BasicClientConnectionManager - Connection can be kept alive indefinitely
10:56:42.561 [main] DEBUG net.thucydides.core.steps.StepInterceptor - STEP DONE: I create new account
  &amp#27;[32mWhen &amp#27;[0m&amp#27;[32mI create new account&amp#27;[0m                       &amp#27;[90m# starter.stepdefinitions.RegisterStep.createNewAccount()&amp#27;[0m
10:56:42.564 [main] DEBUG net.thucydides.core.steps.StepInterceptor - STARTING STEP: GetSteps.getValidHTTP - I receive valid HTTP response code 200
10:56:42.565 [main] DEBUG net.thucydides.core.steps.StepInterceptor - STEP DONE: I receive valid HTTP response code 200
  &amp#27;[32mAnd &amp#27;[0m&amp#27;[32mI receive valid HTTP response code 200&amp#27;[0m      &amp#27;[90m# starter.stepdefinitions.GetSteps.getValidHTTP()&amp#27;[0m
10:56:42.566 [main] DEBUG net.thucydides.core.steps.StepInterceptor - STARTING STEP: RegisterStep.validRegister - I receive valid data for new account
10:56:42.580 [main] DEBUG net.thucydides.core.steps.StepInterceptor - STEP DONE: I receive valid data for new account
  &amp#27;[32mThen &amp#27;[0m&amp#27;[32mI receive valid data for new account&amp#27;[0m       &amp#27;[90m# starter.stepdefinitions.RegisterStep.validRegister()&amp#27;[0m
10:56:42.581 [main] INFO  - 
  _____   ___   ___   _____     ___     _     ___   ___   ___   ___  
 |_   _| | __| / __| |_   _|   | _ \   /_\   / __| / __| | __| |   \ 
   | |   | _|  \__ \   | |     |  _/  / _ \  \__ \ \__ \ | _|  | |) |
   |_|   |___| |___/   |_|     |_|   /_/ \_\ |___/ |___/ |___| |___/ 

Successful Create Account
----------------------------------------------------------------------
]]></system-out>
  </testcase>
  <testcase name="Failed to Create Account" classname="Register" time="0.274">
    <system-out><![CDATA[
@failed-create-account
Scenario: Failed to Create Account                &amp#27;[90m# src/test/resources/api/Register.feature:10&amp#27;[0m
10:56:42.585 [main] INFO io.cucumber.core.plugin.SerenityReporter - Running feature from file:///D:/PERKULIAHAN/SEMESTER%206/KAMPUS%20MERDEKA/PROYEK_ALTERRA/TestingAPIALTA/src/test/resources/api/Register.feature
10:56:42.585 [main] WARN io.cucumber.core.plugin.SerenityReporter - Feature from file:///D:/PERKULIAHAN/SEMESTER%206/KAMPUS%20MERDEKA/PROYEK_ALTERRA/TestingAPIALTA/src/test/resources/api/Register.feature is not under the 'features' directory. Requirements report will not be correctly generated!
10:56:42.586 [main] INFO  - 
  _____   ___   ___   _____     ___   _____     _     ___   _____   ___   ___  
 |_   _| | __| / __| |_   _|   / __| |_   _|   /_\   | _ \ |_   _| | __| |   \ 
   | |   | _|  \__ \   | |     \__ \   | |    / _ \  |   /   | |   | _|  | |) |
   |_|   |___| |___/   |_|     |___/   |_|   /_/ \_\ |_|_\   |_|   |___| |___/ 

Failed to Create Account(register;failed-to-create-account)
--------------------------------------------------------------------------------
10:56:42.589 [main] DEBUG net.thucydides.core.steps.StepInterceptor - STARTING STEP: RegisterStep.setRegister - I set POST api endpoints for make account
10:56:42.589 [main] DEBUG net.thucydides.core.steps.StepInterceptor - STEP DONE: I set POST api endpoints for make account
  &amp#27;[32mGiven &amp#27;[0m&amp#27;[32mI set POST api endpoints for make account&amp#27;[0m &amp#27;[90m# starter.stepdefinitions.RegisterStep.setRegister()&amp#27;[0m
10:56:42.591 [main] DEBUG net.thucydides.core.steps.StepInterceptor - STARTING STEP: RegisterStep.createinvalidNewAccount - I create invalid new account
10:56:42.592 [main] DEBUG net.thucydides.core.steps.StepInterceptor - STARTING STEP: Register.createinvalidNewAccount - I set POST api endpoints for make account
10:56:42.592 [main] DEBUG net.thucydides.core.steps.StepInterceptor - STEP DONE: I set POST api endpoints for make account
10:56:42.596 [main] DEBUG org.apache.http.impl.conn.BasicClientConnectionManager - Get connection for route {s}->https://be-qa.alta.id:443
10:56:42.596 [main] DEBUG org.apache.http.impl.conn.DefaultClientConnectionOperator - Connecting to be-qa.alta.id:443
10:56:42.815 [main] DEBUG org.apache.http.client.protocol.RequestAddCookies - CookieSpec selected: ignoreCookies
10:56:42.815 [main] DEBUG org.apache.http.client.protocol.RequestAuthCache - Auth cache not set in the context
10:56:42.815 [main] DEBUG org.apache.http.client.protocol.RequestTargetAuthentication - Target auth state: UNCHALLENGED
10:56:42.815 [main] DEBUG org.apache.http.client.protocol.RequestProxyAuthentication - Proxy auth state: UNCHALLENGED
10:56:42.815 [main] DEBUG org.apache.http.impl.client.DefaultHttpClient - Attempt 1 to execute request
10:56:42.815 [main] DEBUG org.apache.http.impl.conn.DefaultClientConnection - Sending request: POST /api/auth/register HTTP/1.1
10:56:42.815 [main] DEBUG org.apache.http.wire -  >> "POST /api/auth/register HTTP/1.1[\r][\n]"
10:56:42.815 [main] DEBUG org.apache.http.wire -  >> "Accept: */*[\r][\n]"
10:56:42.815 [main] DEBUG org.apache.http.wire -  >> "Content-Type: application/json[\r][\n]"
10:56:42.815 [main] DEBUG org.apache.http.wire -  >> "Content-Length: 85[\r][\n]"
10:56:42.815 [main] DEBUG org.apache.http.wire -  >> "Host: be-qa.alta.id[\r][\n]"
10:56:42.815 [main] DEBUG org.apache.http.wire -  >> "Connection: Keep-Alive[\r][\n]"
10:56:42.815 [main] DEBUG org.apache.http.wire -  >> "User-Agent: Apache-HttpClient/4.5.13 (Java/1.8.0_241)[\r][\n]"
10:56:42.815 [main] DEBUG org.apache.http.wire -  >> "Accept-Encoding: gzip,deflate[\r][\n]"
10:56:42.815 [main] DEBUG org.apache.http.wire -  >> "[\r][\n]"
10:56:42.815 [main] DEBUG org.apache.http.headers - >> POST /api/auth/register HTTP/1.1
10:56:42.815 [main] DEBUG org.apache.http.headers - >> Accept: */*
10:56:42.815 [main] DEBUG org.apache.http.headers - >> Content-Type: application/json
10:56:42.815 [main] DEBUG org.apache.http.headers - >> Content-Length: 85
10:56:42.815 [main] DEBUG org.apache.http.headers - >> Host: be-qa.alta.id
10:56:42.815 [main] DEBUG org.apache.http.headers - >> Connection: Keep-Alive
10:56:42.815 [main] DEBUG org.apache.http.headers - >> User-Agent: Apache-HttpClient/4.5.13 (Java/1.8.0_241)
10:56:42.815 [main] DEBUG org.apache.http.headers - >> Accept-Encoding: gzip,deflate
10:56:42.815 [main] DEBUG org.apache.http.wire -  >> "{"password":"anitasiagian123","fullname":2300,"email":"anitabless12464_23@gmail.com"}"
10:56:42.850 [main] DEBUG org.apache.http.wire -  << "HTTP/1.1 400 Bad Request[\r][\n]"
10:56:42.850 [main] DEBUG org.apache.http.wire -  << "Server: nginx/1.14.2[\r][\n]"
10:56:42.850 [main] DEBUG org.apache.http.wire -  << "Date: Sat, 14 May 2022 03:56:42 GMT[\r][\n]"
10:56:42.850 [main] DEBUG org.apache.http.wire -  << "Content-Type: application/json[\r][\n]"
10:56:42.850 [main] DEBUG org.apache.http.wire -  << "Content-Length: 107[\r][\n]"
10:56:42.850 [main] DEBUG org.apache.http.wire -  << "Connection: keep-alive[\r][\n]"
10:56:42.850 [main] DEBUG org.apache.http.wire -  << "[\r][\n]"
10:56:42.850 [main] DEBUG org.apache.http.impl.conn.DefaultClientConnection - Receiving response: HTTP/1.1 400 Bad Request
10:56:42.850 [main] DEBUG org.apache.http.headers - << HTTP/1.1 400 Bad Request
10:56:42.850 [main] DEBUG org.apache.http.headers - << Server: nginx/1.14.2
10:56:42.850 [main] DEBUG org.apache.http.headers - << Date: Sat, 14 May 2022 03:56:42 GMT
10:56:42.850 [main] DEBUG org.apache.http.headers - << Content-Type: application/json
10:56:42.850 [main] DEBUG org.apache.http.headers - << Content-Length: 107
10:56:42.850 [main] DEBUG org.apache.http.headers - << Connection: keep-alive
10:56:42.850 [main] DEBUG org.apache.http.impl.client.DefaultHttpClient - Connection can be kept alive indefinitely
10:56:42.850 [main] DEBUG io.restassured.internal.RequestSpecificationImpl$RestAssuredHttpBuilder - Parsing response as: application/json
10:56:42.850 [main] DEBUG io.restassured.internal.RequestSpecificationImpl$RestAssuredHttpBuilder - Parsed data to instance of: class org.apache.http.conn.EofSensorInputStream
10:56:42.851 [main] DEBUG org.apache.http.wire -  << "{"error":"json: cannot unmarshal number into Go struct field AuthRegisterRequest.fullname of type string"}[\n]"
10:56:42.851 [main] DEBUG org.apache.http.impl.conn.BasicClientConnectionManager - Releasing connection org.apache.http.impl.conn.ManagedClientConnectionImpl@6074d638
10:56:42.851 [main] DEBUG org.apache.http.impl.conn.BasicClientConnectionManager - Connection can be kept alive indefinitely
10:56:42.851 [main] DEBUG net.thucydides.core.steps.StepInterceptor - STEP DONE: I create invalid new account
  &amp#27;[32mWhen &amp#27;[0m&amp#27;[32mI create invalid new account&amp#27;[0m               &amp#27;[90m# starter.stepdefinitions.RegisterStep.createinvalidNewAccount()&amp#27;[0m
10:56:42.854 [main] DEBUG net.thucydides.core.steps.StepInterceptor - STARTING STEP: CreateSteps.receiveValidData400 - I receive valid HTTP response code 400
10:56:42.854 [main] DEBUG net.thucydides.core.steps.StepInterceptor - STEP DONE: I receive valid HTTP response code 400
  &amp#27;[32mAnd &amp#27;[0m&amp#27;[32mI receive valid HTTP response code 400&amp#27;[0m      &amp#27;[90m# starter.stepdefinitions.CreateSteps.receiveValidData400()&amp#27;[0m
10:56:42.855 [main] INFO  - 
  _____   ___   ___   _____     ___     _     ___   ___   ___   ___  
 |_   _| | __| / __| |_   _|   | _ \   /_\   / __| / __| | __| |   \ 
   | |   | _|  \__ \   | |     |  _/  / _ \  \__ \ \__ \ | _|  | |) |
   |_|   |___| |___/   |_|     |_|   /_/ \_\ |___/ |___/ |___| |___/ 

Failed to Create Account
----------------------------------------------------------------------
]]></system-out>
  </testcase>
</testsuite>